[1.565s] DEBUG:colcon:Command line arguments: ['/usr/bin/colcon', 'build', '--symlink-install']
[1.565s] DEBUG:colcon:Parsed command line arguments: Namespace(log_base=None, log_level=None, verb_name='build', build_base='build', install_base='install', merge_install=False, symlink_install=True, test_result_base=None, continue_on_error=False, executor='parallel', parallel_workers=4, event_handlers=None, ignore_user_meta=False, metas=['./colcon.meta'], base_paths=['.'], packages_ignore=None, packages_ignore_regex=None, paths=None, packages_up_to=None, packages_up_to_regex=None, packages_above=None, packages_above_and_dependencies=None, packages_above_depth=None, packages_select_by_dep=None, packages_skip_by_dep=None, packages_skip_up_to=None, packages_select_build_failed=False, packages_skip_build_finished=False, packages_select_test_failures=False, packages_skip_test_passed=False, packages_select=None, packages_skip=None, packages_select_regex=None, packages_skip_regex=None, packages_start=None, packages_end=None, allow_overriding=[], cmake_args=None, cmake_target=None, cmake_target_skip_unavailable=False, cmake_clean_cache=False, cmake_clean_first=False, cmake_force_configure=False, ament_cmake_args=None, catkin_cmake_args=None, catkin_skip_building_tests=False, verb_parser=<colcon_defaults.argument_parser.defaults.DefaultArgumentsDecorator object at 0x7f94015607f0>, verb_extension=<colcon_core.verb.build.BuildVerb object at 0x7f94015612d0>, main=<bound method BuildVerb.main of <colcon_core.verb.build.BuildVerb object at 0x7f94015612d0>>)
[1.633s] Level 1:colcon.colcon_core.package_discovery:discover_packages(colcon_meta) check parameters
[1.634s] Level 1:colcon.colcon_core.package_discovery:discover_packages(recursive) check parameters
[1.634s] Level 1:colcon.colcon_core.package_discovery:discover_packages(ignore) check parameters
[1.634s] Level 1:colcon.colcon_core.package_discovery:discover_packages(path) check parameters
[1.634s] Level 1:colcon.colcon_core.package_discovery:discover_packages(colcon_meta) discover
[1.634s] Level 1:colcon.colcon_core.package_discovery:discover_packages(recursive) discover
[1.634s] INFO:colcon.colcon_core.package_discovery:Crawling recursively for packages in '/home/tan/Documents/workspace/ROS2_py_ws'
[1.634s] Level 1:colcon.colcon_core.package_identification:_identify(.) by extensions ['ignore', 'ignore_ament_install']
[1.635s] Level 1:colcon.colcon_core.package_identification:_identify(.) by extension 'ignore'
[1.635s] Level 1:colcon.colcon_core.package_identification:_identify(.) by extension 'ignore_ament_install'
[1.635s] Level 1:colcon.colcon_core.package_identification:_identify(.) by extensions ['colcon_pkg']
[1.635s] Level 1:colcon.colcon_core.package_identification:_identify(.) by extension 'colcon_pkg'
[1.635s] Level 1:colcon.colcon_core.package_identification:_identify(.) by extensions ['colcon_meta']
[1.635s] Level 1:colcon.colcon_core.package_identification:_identify(.) by extension 'colcon_meta'
[1.635s] Level 1:colcon.colcon_core.package_identification:_identify(.) by extensions ['ros']
[1.635s] Level 1:colcon.colcon_core.package_identification:_identify(.) by extension 'ros'
[1.651s] Level 1:colcon.colcon_core.package_identification:_identify(.) by extensions ['cmake', 'python']
[1.651s] Level 1:colcon.colcon_core.package_identification:_identify(.) by extension 'cmake'
[1.651s] Level 1:colcon.colcon_core.package_identification:_identify(.) by extension 'python'
[1.651s] Level 1:colcon.colcon_core.package_identification:_identify(.) by extensions ['python_setup_py']
[1.651s] Level 1:colcon.colcon_core.package_identification:_identify(.) by extension 'python_setup_py'
[1.652s] Level 1:colcon.colcon_core.package_identification:_identify(build) by extensions ['ignore', 'ignore_ament_install']
[1.652s] Level 1:colcon.colcon_core.package_identification:_identify(build) by extension 'ignore'
[1.652s] Level 1:colcon.colcon_core.package_identification:_identify(build) ignored
[1.652s] Level 1:colcon.colcon_core.package_identification:_identify(install) by extensions ['ignore', 'ignore_ament_install']
[1.652s] Level 1:colcon.colcon_core.package_identification:_identify(install) by extension 'ignore'
[1.652s] Level 1:colcon.colcon_core.package_identification:_identify(install) ignored
[1.653s] Level 1:colcon.colcon_core.package_identification:_identify(log) by extensions ['ignore', 'ignore_ament_install']
[1.653s] Level 1:colcon.colcon_core.package_identification:_identify(log) by extension 'ignore'
[1.653s] Level 1:colcon.colcon_core.package_identification:_identify(log) ignored
[1.653s] Level 1:colcon.colcon_core.package_identification:_identify(src) by extensions ['ignore', 'ignore_ament_install']
[1.653s] Level 1:colcon.colcon_core.package_identification:_identify(src) by extension 'ignore'
[1.653s] Level 1:colcon.colcon_core.package_identification:_identify(src) by extension 'ignore_ament_install'
[1.653s] Level 1:colcon.colcon_core.package_identification:_identify(src) by extensions ['colcon_pkg']
[1.653s] Level 1:colcon.colcon_core.package_identification:_identify(src) by extension 'colcon_pkg'
[1.653s] Level 1:colcon.colcon_core.package_identification:_identify(src) by extensions ['colcon_meta']
[1.654s] Level 1:colcon.colcon_core.package_identification:_identify(src) by extension 'colcon_meta'
[1.654s] Level 1:colcon.colcon_core.package_identification:_identify(src) by extensions ['ros']
[1.654s] Level 1:colcon.colcon_core.package_identification:_identify(src) by extension 'ros'
[1.654s] Level 1:colcon.colcon_core.package_identification:_identify(src) by extensions ['cmake', 'python']
[1.654s] Level 1:colcon.colcon_core.package_identification:_identify(src) by extension 'cmake'
[1.654s] Level 1:colcon.colcon_core.package_identification:_identify(src) by extension 'python'
[1.654s] Level 1:colcon.colcon_core.package_identification:_identify(src) by extensions ['python_setup_py']
[1.654s] Level 1:colcon.colcon_core.package_identification:_identify(src) by extension 'python_setup_py'
[1.654s] Level 1:colcon.colcon_core.package_identification:_identify(src/my_robot_description) by extensions ['ignore', 'ignore_ament_install']
[1.654s] Level 1:colcon.colcon_core.package_identification:_identify(src/my_robot_description) by extension 'ignore'
[1.654s] Level 1:colcon.colcon_core.package_identification:_identify(src/my_robot_description) by extension 'ignore_ament_install'
[1.654s] Level 1:colcon.colcon_core.package_identification:_identify(src/my_robot_description) by extensions ['colcon_pkg']
[1.654s] Level 1:colcon.colcon_core.package_identification:_identify(src/my_robot_description) by extension 'colcon_pkg'
[1.655s] Level 1:colcon.colcon_core.package_identification:_identify(src/my_robot_description) by extensions ['colcon_meta']
[1.655s] Level 1:colcon.colcon_core.package_identification:_identify(src/my_robot_description) by extension 'colcon_meta'
[1.655s] Level 1:colcon.colcon_core.package_identification:_identify(src/my_robot_description) by extensions ['ros']
[1.655s] Level 1:colcon.colcon_core.package_identification:_identify(src/my_robot_description) by extension 'ros'
[1.658s] DEBUG:colcon.colcon_core.package_identification:Package 'src/my_robot_description' with type 'ros.ament_cmake' and name 'my_robot_description'
[1.658s] Level 1:colcon.colcon_core.package_identification:_identify(src/ros2_user_pkg) by extensions ['ignore', 'ignore_ament_install']
[1.658s] Level 1:colcon.colcon_core.package_identification:_identify(src/ros2_user_pkg) by extension 'ignore'
[1.658s] Level 1:colcon.colcon_core.package_identification:_identify(src/ros2_user_pkg) by extension 'ignore_ament_install'
[1.658s] Level 1:colcon.colcon_core.package_identification:_identify(src/ros2_user_pkg) by extensions ['colcon_pkg']
[1.658s] Level 1:colcon.colcon_core.package_identification:_identify(src/ros2_user_pkg) by extension 'colcon_pkg'
[1.658s] Level 1:colcon.colcon_core.package_identification:_identify(src/ros2_user_pkg) by extensions ['colcon_meta']
[1.659s] Level 1:colcon.colcon_core.package_identification:_identify(src/ros2_user_pkg) by extension 'colcon_meta'
[1.659s] Level 1:colcon.colcon_core.package_identification:_identify(src/ros2_user_pkg) by extensions ['ros']
[1.659s] Level 1:colcon.colcon_core.package_identification:_identify(src/ros2_user_pkg) by extension 'ros'
[1.660s] DEBUG:colcon.colcon_core.package_identification:Package 'src/ros2_user_pkg' with type 'ros.ament_cmake' and name 'ros2_user_pkg'
[1.660s] Level 1:colcon.colcon_core.package_discovery:discover_packages(recursive) using defaults
[1.660s] Level 1:colcon.colcon_core.package_discovery:discover_packages(ignore) discover
[1.660s] Level 1:colcon.colcon_core.package_discovery:discover_packages(ignore) using defaults
[1.660s] Level 1:colcon.colcon_core.package_discovery:discover_packages(path) discover
[1.660s] Level 1:colcon.colcon_core.package_discovery:discover_packages(path) using defaults
[1.778s] Level 1:colcon.colcon_core.package_discovery:discover_packages(prefix_path) check parameters
[1.778s] Level 1:colcon.colcon_core.package_discovery:discover_packages(prefix_path) discover
[1.817s] DEBUG:colcon.colcon_installed_package_information.package_discovery:Found 2 installed packages in /home/tan/Documents/workspace/ROS2_py_ws/install
[1.838s] DEBUG:colcon.colcon_installed_package_information.package_discovery:Found 312 installed packages in /opt/ros/humble
[1.840s] Level 1:colcon.colcon_core.package_discovery:discover_packages(prefix_path) using defaults
[1.965s] Level 5:colcon.colcon_core.verb:set package 'my_robot_description' build argument 'cmake_args' from command line to 'None'
[1.965s] Level 5:colcon.colcon_core.verb:set package 'my_robot_description' build argument 'cmake_target' from command line to 'None'
[1.966s] Level 5:colcon.colcon_core.verb:set package 'my_robot_description' build argument 'cmake_target_skip_unavailable' from command line to 'False'
[1.966s] Level 5:colcon.colcon_core.verb:set package 'my_robot_description' build argument 'cmake_clean_cache' from command line to 'False'
[1.966s] Level 5:colcon.colcon_core.verb:set package 'my_robot_description' build argument 'cmake_clean_first' from command line to 'False'
[1.966s] Level 5:colcon.colcon_core.verb:set package 'my_robot_description' build argument 'cmake_force_configure' from command line to 'False'
[1.966s] Level 5:colcon.colcon_core.verb:set package 'my_robot_description' build argument 'ament_cmake_args' from command line to 'None'
[1.966s] Level 5:colcon.colcon_core.verb:set package 'my_robot_description' build argument 'catkin_cmake_args' from command line to 'None'
[1.966s] Level 5:colcon.colcon_core.verb:set package 'my_robot_description' build argument 'catkin_skip_building_tests' from command line to 'False'
[1.966s] DEBUG:colcon.colcon_core.verb:Building package 'my_robot_description' with the following arguments: {'ament_cmake_args': None, 'build_base': '/home/tan/Documents/workspace/ROS2_py_ws/build/my_robot_description', 'catkin_cmake_args': None, 'catkin_skip_building_tests': False, 'cmake_args': None, 'cmake_clean_cache': False, 'cmake_clean_first': False, 'cmake_force_configure': False, 'cmake_target': None, 'cmake_target_skip_unavailable': False, 'install_base': '/home/tan/Documents/workspace/ROS2_py_ws/install/my_robot_description', 'merge_install': False, 'path': '/home/tan/Documents/workspace/ROS2_py_ws/src/my_robot_description', 'symlink_install': True, 'test_result_base': None}
[1.985s] Level 5:colcon.colcon_core.verb:set package 'ros2_user_pkg' build argument 'cmake_args' from command line to 'None'
[1.985s] Level 5:colcon.colcon_core.verb:set package 'ros2_user_pkg' build argument 'cmake_target' from command line to 'None'
[1.985s] Level 5:colcon.colcon_core.verb:set package 'ros2_user_pkg' build argument 'cmake_target_skip_unavailable' from command line to 'False'
[1.985s] Level 5:colcon.colcon_core.verb:set package 'ros2_user_pkg' build argument 'cmake_clean_cache' from command line to 'False'
[1.985s] Level 5:colcon.colcon_core.verb:set package 'ros2_user_pkg' build argument 'cmake_clean_first' from command line to 'False'
[1.985s] Level 5:colcon.colcon_core.verb:set package 'ros2_user_pkg' build argument 'cmake_force_configure' from command line to 'False'
[1.985s] Level 5:colcon.colcon_core.verb:set package 'ros2_user_pkg' build argument 'ament_cmake_args' from command line to 'None'
[1.985s] Level 5:colcon.colcon_core.verb:set package 'ros2_user_pkg' build argument 'catkin_cmake_args' from command line to 'None'
[1.985s] Level 5:colcon.colcon_core.verb:set package 'ros2_user_pkg' build argument 'catkin_skip_building_tests' from command line to 'False'
[1.985s] DEBUG:colcon.colcon_core.verb:Building package 'ros2_user_pkg' with the following arguments: {'ament_cmake_args': None, 'build_base': '/home/tan/Documents/workspace/ROS2_py_ws/build/ros2_user_pkg', 'catkin_cmake_args': None, 'catkin_skip_building_tests': False, 'cmake_args': None, 'cmake_clean_cache': False, 'cmake_clean_first': False, 'cmake_force_configure': False, 'cmake_target': None, 'cmake_target_skip_unavailable': False, 'install_base': '/home/tan/Documents/workspace/ROS2_py_ws/install/ros2_user_pkg', 'merge_install': False, 'path': '/home/tan/Documents/workspace/ROS2_py_ws/src/ros2_user_pkg', 'symlink_install': True, 'test_result_base': None}
[2.003s] INFO:colcon.colcon_core.executor:Executing jobs using 'parallel' executor
[2.023s] DEBUG:colcon.colcon_parallel_executor.executor.parallel:run_until_complete
[2.023s] INFO:colcon.colcon_ros.task.ament_cmake.build:Building ROS package in '/home/tan/Documents/workspace/ROS2_py_ws/src/my_robot_description' with build type 'ament_cmake'
[2.024s] INFO:colcon.colcon_cmake.task.cmake.build:Building CMake package in '/home/tan/Documents/workspace/ROS2_py_ws/src/my_robot_description'
[2.049s] INFO:colcon.colcon_core.plugin_system:Skipping extension 'colcon_core.shell.bat': Not used on non-Windows systems
[2.049s] INFO:colcon.colcon_core.shell:Skip shell extension 'powershell' for command environment: Not usable outside of PowerShell
[2.049s] DEBUG:colcon.colcon_core.shell:Skip shell extension 'dsv' for command environment
[2.125s] INFO:colcon.colcon_ros.task.ament_cmake.build:Building ROS package in '/home/tan/Documents/workspace/ROS2_py_ws/src/ros2_user_pkg' with build type 'ament_cmake'
[2.125s] INFO:colcon.colcon_cmake.task.cmake.build:Building CMake package in '/home/tan/Documents/workspace/ROS2_py_ws/src/ros2_user_pkg'
[2.150s] INFO:colcon.colcon_core.shell:Skip shell extension 'powershell' for command environment: Not usable outside of PowerShell
[2.150s] DEBUG:colcon.colcon_core.shell:Skip shell extension 'dsv' for command environment
[2.241s] DEBUG:colcon.colcon_core.event_handler.log_command:Invoking command in '/home/tan/Documents/workspace/ROS2_py_ws/build/my_robot_description': CMAKE_PREFIX_PATH=${CMAKE_PREFIX_PATH}:/opt/ros/humble /usr/bin/cmake --build /home/tan/Documents/workspace/ROS2_py_ws/build/my_robot_description -- -j4 -l4
[2.256s] DEBUG:colcon.colcon_core.event_handler.log_command:Invoking command in '/home/tan/Documents/workspace/ROS2_py_ws/build/ros2_user_pkg': CMAKE_PREFIX_PATH=${CMAKE_PREFIX_PATH}:/opt/ros/humble /usr/bin/cmake --build /home/tan/Documents/workspace/ROS2_py_ws/build/ros2_user_pkg -- -j4 -l4
[2.349s] DEBUG:colcon.colcon_core.event_handler.log_command:Invoked command in '/home/tan/Documents/workspace/ROS2_py_ws/build/my_robot_description' returned '0': CMAKE_PREFIX_PATH=${CMAKE_PREFIX_PATH}:/opt/ros/humble /usr/bin/cmake --build /home/tan/Documents/workspace/ROS2_py_ws/build/my_robot_description -- -j4 -l4
[2.422s] DEBUG:colcon.colcon_core.event_handler.log_command:Invoking command in '/home/tan/Documents/workspace/ROS2_py_ws/build/my_robot_description': CMAKE_PREFIX_PATH=${CMAKE_PREFIX_PATH}:/opt/ros/humble /usr/bin/cmake --install /home/tan/Documents/workspace/ROS2_py_ws/build/my_robot_description
[2.469s] Level 1:colcon.colcon_core.environment:create_environment_scripts_only(my_robot_description)
[2.472s] DEBUG:colcon.colcon_core.event_handler.log_command:Invoked command in '/home/tan/Documents/workspace/ROS2_py_ws/build/my_robot_description' returned '0': CMAKE_PREFIX_PATH=${CMAKE_PREFIX_PATH}:/opt/ros/humble /usr/bin/cmake --install /home/tan/Documents/workspace/ROS2_py_ws/build/my_robot_description
[2.496s] Level 1:colcon.colcon_core.environment:checking '/home/tan/Documents/workspace/ROS2_py_ws/install/my_robot_description' for CMake module files
[2.497s] Level 1:colcon.colcon_core.environment:checking '/home/tan/Documents/workspace/ROS2_py_ws/install/my_robot_description' for CMake config files
[2.498s] Level 1:colcon.colcon_core.shell:create_environment_hook('my_robot_description', 'cmake_prefix_path')
[2.519s] INFO:colcon.colcon_core.shell:Creating environment hook '/home/tan/Documents/workspace/ROS2_py_ws/install/my_robot_description/share/my_robot_description/hook/cmake_prefix_path.ps1'
[2.520s] INFO:colcon.colcon_core.shell:Creating environment descriptor '/home/tan/Documents/workspace/ROS2_py_ws/install/my_robot_description/share/my_robot_description/hook/cmake_prefix_path.dsv'
[2.521s] INFO:colcon.colcon_core.shell:Creating environment hook '/home/tan/Documents/workspace/ROS2_py_ws/install/my_robot_description/share/my_robot_description/hook/cmake_prefix_path.sh'
[2.522s] Level 1:colcon.colcon_core.environment:checking '/home/tan/Documents/workspace/ROS2_py_ws/install/my_robot_description/bin'
[2.522s] Level 1:colcon.colcon_core.environment:checking '/home/tan/Documents/workspace/ROS2_py_ws/install/my_robot_description/lib/pkgconfig/my_robot_description.pc'
[2.523s] Level 1:colcon.colcon_core.environment:checking '/home/tan/Documents/workspace/ROS2_py_ws/install/my_robot_description/lib/python3.10/site-packages'
[2.523s] Level 1:colcon.colcon_core.environment:checking '/home/tan/Documents/workspace/ROS2_py_ws/install/my_robot_description/bin'
[2.564s] INFO:colcon.colcon_core.shell:Creating package script '/home/tan/Documents/workspace/ROS2_py_ws/install/my_robot_description/share/my_robot_description/package.ps1'
[2.566s] INFO:colcon.colcon_core.shell:Creating package descriptor '/home/tan/Documents/workspace/ROS2_py_ws/install/my_robot_description/share/my_robot_description/package.dsv'
[2.568s] INFO:colcon.colcon_core.shell:Creating package script '/home/tan/Documents/workspace/ROS2_py_ws/install/my_robot_description/share/my_robot_description/package.sh'
[2.569s] INFO:colcon.colcon_core.shell:Creating package script '/home/tan/Documents/workspace/ROS2_py_ws/install/my_robot_description/share/my_robot_description/package.bash'
[2.572s] INFO:colcon.colcon_core.shell:Creating package script '/home/tan/Documents/workspace/ROS2_py_ws/install/my_robot_description/share/my_robot_description/package.zsh'
[2.573s] Level 1:colcon.colcon_core.environment:create_file_with_runtime_dependencies(/home/tan/Documents/workspace/ROS2_py_ws/install/my_robot_description/share/colcon-core/packages/my_robot_description)
[2.642s] Level 1:colcon.colcon_core.environment:create_environment_scripts_only(my_robot_description)
[2.672s] Level 1:colcon.colcon_core.environment:checking '/home/tan/Documents/workspace/ROS2_py_ws/install/my_robot_description' for CMake module files
[2.672s] Level 1:colcon.colcon_core.environment:checking '/home/tan/Documents/workspace/ROS2_py_ws/install/my_robot_description' for CMake config files
[2.673s] Level 1:colcon.colcon_core.shell:create_environment_hook('my_robot_description', 'cmake_prefix_path')
[2.697s] INFO:colcon.colcon_core.shell:Creating environment hook '/home/tan/Documents/workspace/ROS2_py_ws/install/my_robot_description/share/my_robot_description/hook/cmake_prefix_path.ps1'
[2.697s] INFO:colcon.colcon_core.shell:Creating environment descriptor '/home/tan/Documents/workspace/ROS2_py_ws/install/my_robot_description/share/my_robot_description/hook/cmake_prefix_path.dsv'
[2.698s] INFO:colcon.colcon_core.shell:Creating environment hook '/home/tan/Documents/workspace/ROS2_py_ws/install/my_robot_description/share/my_robot_description/hook/cmake_prefix_path.sh'
[2.699s] Level 1:colcon.colcon_core.environment:checking '/home/tan/Documents/workspace/ROS2_py_ws/install/my_robot_description/bin'
[2.700s] Level 1:colcon.colcon_core.environment:checking '/home/tan/Documents/workspace/ROS2_py_ws/install/my_robot_description/lib/pkgconfig/my_robot_description.pc'
[2.700s] Level 1:colcon.colcon_core.environment:checking '/home/tan/Documents/workspace/ROS2_py_ws/install/my_robot_description/lib/python3.10/site-packages'
[2.700s] Level 1:colcon.colcon_core.environment:checking '/home/tan/Documents/workspace/ROS2_py_ws/install/my_robot_description/bin'
[2.725s] INFO:colcon.colcon_core.shell:Creating package script '/home/tan/Documents/workspace/ROS2_py_ws/install/my_robot_description/share/my_robot_description/package.ps1'
[2.735s] INFO:colcon.colcon_core.shell:Creating package descriptor '/home/tan/Documents/workspace/ROS2_py_ws/install/my_robot_description/share/my_robot_description/package.dsv'
[2.736s] INFO:colcon.colcon_core.shell:Creating package script '/home/tan/Documents/workspace/ROS2_py_ws/install/my_robot_description/share/my_robot_description/package.sh'
[2.738s] INFO:colcon.colcon_core.shell:Creating package script '/home/tan/Documents/workspace/ROS2_py_ws/install/my_robot_description/share/my_robot_description/package.bash'
[2.739s] INFO:colcon.colcon_core.shell:Creating package script '/home/tan/Documents/workspace/ROS2_py_ws/install/my_robot_description/share/my_robot_description/package.zsh'
[2.740s] Level 1:colcon.colcon_core.environment:create_file_with_runtime_dependencies(/home/tan/Documents/workspace/ROS2_py_ws/install/my_robot_description/share/colcon-core/packages/my_robot_description)
[5.909s] DEBUG:colcon.colcon_core.event_handler.log_command:Invoked command in '/home/tan/Documents/workspace/ROS2_py_ws/build/ros2_user_pkg' returned '0': CMAKE_PREFIX_PATH=${CMAKE_PREFIX_PATH}:/opt/ros/humble /usr/bin/cmake --build /home/tan/Documents/workspace/ROS2_py_ws/build/ros2_user_pkg -- -j4 -l4
[6.161s] DEBUG:colcon.colcon_core.event_handler.log_command:Invoking command in '/home/tan/Documents/workspace/ROS2_py_ws/build/ros2_user_pkg': CMAKE_PREFIX_PATH=${CMAKE_PREFIX_PATH}:/opt/ros/humble /usr/bin/cmake --install /home/tan/Documents/workspace/ROS2_py_ws/build/ros2_user_pkg
[6.787s] Level 1:colcon.colcon_core.environment:create_environment_scripts_only(ros2_user_pkg)
[6.788s] DEBUG:colcon.colcon_core.event_handler.log_command:Invoked command in '/home/tan/Documents/workspace/ROS2_py_ws/build/ros2_user_pkg' returned '0': CMAKE_PREFIX_PATH=${CMAKE_PREFIX_PATH}:/opt/ros/humble /usr/bin/cmake --install /home/tan/Documents/workspace/ROS2_py_ws/build/ros2_user_pkg
[6.811s] Level 1:colcon.colcon_core.environment:checking '/home/tan/Documents/workspace/ROS2_py_ws/install/ros2_user_pkg' for CMake module files
[6.813s] Level 1:colcon.colcon_core.environment:checking '/home/tan/Documents/workspace/ROS2_py_ws/install/ros2_user_pkg' for CMake config files
[6.814s] Level 1:colcon.colcon_core.shell:create_environment_hook('ros2_user_pkg', 'cmake_prefix_path')
[6.833s] INFO:colcon.colcon_core.shell:Creating environment hook '/home/tan/Documents/workspace/ROS2_py_ws/install/ros2_user_pkg/share/ros2_user_pkg/hook/cmake_prefix_path.ps1'
[6.834s] INFO:colcon.colcon_core.shell:Creating environment descriptor '/home/tan/Documents/workspace/ROS2_py_ws/install/ros2_user_pkg/share/ros2_user_pkg/hook/cmake_prefix_path.dsv'
[6.835s] INFO:colcon.colcon_core.shell:Creating environment hook '/home/tan/Documents/workspace/ROS2_py_ws/install/ros2_user_pkg/share/ros2_user_pkg/hook/cmake_prefix_path.sh'
[6.836s] Level 1:colcon.colcon_core.environment:checking '/home/tan/Documents/workspace/ROS2_py_ws/install/ros2_user_pkg/lib'
[6.836s] Level 1:colcon.colcon_core.shell:create_environment_hook('ros2_user_pkg', 'ld_library_path_lib')
[6.855s] INFO:colcon.colcon_core.shell:Creating environment hook '/home/tan/Documents/workspace/ROS2_py_ws/install/ros2_user_pkg/share/ros2_user_pkg/hook/ld_library_path_lib.ps1'
[6.856s] INFO:colcon.colcon_core.shell:Creating environment descriptor '/home/tan/Documents/workspace/ROS2_py_ws/install/ros2_user_pkg/share/ros2_user_pkg/hook/ld_library_path_lib.dsv'
[6.856s] INFO:colcon.colcon_core.shell:Creating environment hook '/home/tan/Documents/workspace/ROS2_py_ws/install/ros2_user_pkg/share/ros2_user_pkg/hook/ld_library_path_lib.sh'
[6.857s] Level 1:colcon.colcon_core.environment:checking '/home/tan/Documents/workspace/ROS2_py_ws/install/ros2_user_pkg/bin'
[6.857s] Level 1:colcon.colcon_core.environment:checking '/home/tan/Documents/workspace/ROS2_py_ws/install/ros2_user_pkg/lib/pkgconfig/ros2_user_pkg.pc'
[6.858s] Level 1:colcon.colcon_core.environment:checking '/home/tan/Documents/workspace/ROS2_py_ws/install/ros2_user_pkg/lib/python3.10/site-packages'
[6.858s] Level 1:colcon.colcon_core.environment:checking '/home/tan/Documents/workspace/ROS2_py_ws/install/ros2_user_pkg/bin'
[6.883s] INFO:colcon.colcon_core.shell:Creating package script '/home/tan/Documents/workspace/ROS2_py_ws/install/ros2_user_pkg/share/ros2_user_pkg/package.ps1'
[6.886s] INFO:colcon.colcon_core.shell:Creating package descriptor '/home/tan/Documents/workspace/ROS2_py_ws/install/ros2_user_pkg/share/ros2_user_pkg/package.dsv'
[6.887s] INFO:colcon.colcon_core.shell:Creating package script '/home/tan/Documents/workspace/ROS2_py_ws/install/ros2_user_pkg/share/ros2_user_pkg/package.sh'
[6.888s] INFO:colcon.colcon_core.shell:Creating package script '/home/tan/Documents/workspace/ROS2_py_ws/install/ros2_user_pkg/share/ros2_user_pkg/package.bash'
[6.889s] INFO:colcon.colcon_core.shell:Creating package script '/home/tan/Documents/workspace/ROS2_py_ws/install/ros2_user_pkg/share/ros2_user_pkg/package.zsh'
[6.890s] Level 1:colcon.colcon_core.environment:create_file_with_runtime_dependencies(/home/tan/Documents/workspace/ROS2_py_ws/install/ros2_user_pkg/share/colcon-core/packages/ros2_user_pkg)
[7.137s] Level 1:colcon.colcon_core.environment:create_environment_scripts_only(ros2_user_pkg)
[7.157s] Level 1:colcon.colcon_core.environment:checking '/home/tan/Documents/workspace/ROS2_py_ws/install/ros2_user_pkg' for CMake module files
[7.158s] Level 1:colcon.colcon_core.environment:checking '/home/tan/Documents/workspace/ROS2_py_ws/install/ros2_user_pkg' for CMake config files
[7.158s] Level 1:colcon.colcon_core.shell:create_environment_hook('ros2_user_pkg', 'cmake_prefix_path')
[7.181s] INFO:colcon.colcon_core.shell:Creating environment hook '/home/tan/Documents/workspace/ROS2_py_ws/install/ros2_user_pkg/share/ros2_user_pkg/hook/cmake_prefix_path.ps1'
[7.182s] INFO:colcon.colcon_core.shell:Creating environment descriptor '/home/tan/Documents/workspace/ROS2_py_ws/install/ros2_user_pkg/share/ros2_user_pkg/hook/cmake_prefix_path.dsv'
[7.183s] INFO:colcon.colcon_core.shell:Creating environment hook '/home/tan/Documents/workspace/ROS2_py_ws/install/ros2_user_pkg/share/ros2_user_pkg/hook/cmake_prefix_path.sh'
[7.184s] Level 1:colcon.colcon_core.environment:checking '/home/tan/Documents/workspace/ROS2_py_ws/install/ros2_user_pkg/lib'
[7.184s] Level 1:colcon.colcon_core.shell:create_environment_hook('ros2_user_pkg', 'ld_library_path_lib')
[7.207s] INFO:colcon.colcon_core.shell:Creating environment hook '/home/tan/Documents/workspace/ROS2_py_ws/install/ros2_user_pkg/share/ros2_user_pkg/hook/ld_library_path_lib.ps1'
[7.207s] INFO:colcon.colcon_core.shell:Creating environment descriptor '/home/tan/Documents/workspace/ROS2_py_ws/install/ros2_user_pkg/share/ros2_user_pkg/hook/ld_library_path_lib.dsv'
[7.208s] INFO:colcon.colcon_core.shell:Creating environment hook '/home/tan/Documents/workspace/ROS2_py_ws/install/ros2_user_pkg/share/ros2_user_pkg/hook/ld_library_path_lib.sh'
[7.209s] Level 1:colcon.colcon_core.environment:checking '/home/tan/Documents/workspace/ROS2_py_ws/install/ros2_user_pkg/bin'
[7.209s] Level 1:colcon.colcon_core.environment:checking '/home/tan/Documents/workspace/ROS2_py_ws/install/ros2_user_pkg/lib/pkgconfig/ros2_user_pkg.pc'
[7.210s] Level 1:colcon.colcon_core.environment:checking '/home/tan/Documents/workspace/ROS2_py_ws/install/ros2_user_pkg/lib/python3.10/site-packages'
[7.210s] Level 1:colcon.colcon_core.environment:checking '/home/tan/Documents/workspace/ROS2_py_ws/install/ros2_user_pkg/bin'
[7.247s] INFO:colcon.colcon_core.shell:Creating package script '/home/tan/Documents/workspace/ROS2_py_ws/install/ros2_user_pkg/share/ros2_user_pkg/package.ps1'
[7.248s] INFO:colcon.colcon_core.shell:Creating package descriptor '/home/tan/Documents/workspace/ROS2_py_ws/install/ros2_user_pkg/share/ros2_user_pkg/package.dsv'
[7.249s] INFO:colcon.colcon_core.shell:Creating package script '/home/tan/Documents/workspace/ROS2_py_ws/install/ros2_user_pkg/share/ros2_user_pkg/package.sh'
[7.250s] INFO:colcon.colcon_core.shell:Creating package script '/home/tan/Documents/workspace/ROS2_py_ws/install/ros2_user_pkg/share/ros2_user_pkg/package.bash'
[7.250s] INFO:colcon.colcon_core.shell:Creating package script '/home/tan/Documents/workspace/ROS2_py_ws/install/ros2_user_pkg/share/ros2_user_pkg/package.zsh'
[7.251s] Level 1:colcon.colcon_core.environment:create_file_with_runtime_dependencies(/home/tan/Documents/workspace/ROS2_py_ws/install/ros2_user_pkg/share/colcon-core/packages/ros2_user_pkg)
[7.251s] DEBUG:colcon.colcon_parallel_executor.executor.parallel:closing loop
[7.252s] DEBUG:colcon.colcon_parallel_executor.executor.parallel:loop closed
[7.253s] DEBUG:colcon.colcon_parallel_executor.executor.parallel:run_until_complete finished with '0'
[7.253s] DEBUG:colcon.colcon_core.event_reactor:joining thread
[7.287s] INFO:colcon.colcon_core.plugin_system:Skipping extension 'colcon_notification.desktop_notification.terminal_notifier': Not used on non-Darwin systems
[7.287s] INFO:colcon.colcon_core.plugin_system:Skipping extension 'colcon_notification.desktop_notification.win32': Not used on non-Windows systems
[7.287s] INFO:colcon.colcon_notification.desktop_notification:Sending desktop notification using 'notify2'
[7.312s] DEBUG:colcon.colcon_core.event_reactor:joined thread
[7.349s] INFO:colcon.colcon_core.shell:Creating prefix script '/home/tan/Documents/workspace/ROS2_py_ws/install/local_setup.ps1'
[7.350s] INFO:colcon.colcon_core.shell:Creating prefix util module '/home/tan/Documents/workspace/ROS2_py_ws/install/_local_setup_util_ps1.py'
[7.352s] INFO:colcon.colcon_core.shell:Creating prefix chain script '/home/tan/Documents/workspace/ROS2_py_ws/install/setup.ps1'
[7.382s] INFO:colcon.colcon_core.shell:Creating prefix script '/home/tan/Documents/workspace/ROS2_py_ws/install/local_setup.sh'
[7.383s] INFO:colcon.colcon_core.shell:Creating prefix util module '/home/tan/Documents/workspace/ROS2_py_ws/install/_local_setup_util_sh.py'
[7.384s] INFO:colcon.colcon_core.shell:Creating prefix chain script '/home/tan/Documents/workspace/ROS2_py_ws/install/setup.sh'
[7.408s] INFO:colcon.colcon_core.shell:Creating prefix script '/home/tan/Documents/workspace/ROS2_py_ws/install/local_setup.bash'
[7.410s] INFO:colcon.colcon_core.shell:Creating prefix chain script '/home/tan/Documents/workspace/ROS2_py_ws/install/setup.bash'
[7.446s] INFO:colcon.colcon_core.shell:Creating prefix script '/home/tan/Documents/workspace/ROS2_py_ws/install/local_setup.zsh'
[7.448s] INFO:colcon.colcon_core.shell:Creating prefix chain script '/home/tan/Documents/workspace/ROS2_py_ws/install/setup.zsh'
