[1.697s] DEBUG:colcon:Command line arguments: ['/usr/bin/colcon', 'build', '--symlink-install']
[1.698s] DEBUG:colcon:Parsed command line arguments: Namespace(log_base=None, log_level=None, verb_name='build', build_base='build', install_base='install', merge_install=False, symlink_install=True, test_result_base=None, continue_on_error=False, executor='parallel', parallel_workers=4, event_handlers=None, ignore_user_meta=False, metas=['./colcon.meta'], base_paths=['.'], packages_ignore=None, packages_ignore_regex=None, paths=None, packages_up_to=None, packages_up_to_regex=None, packages_above=None, packages_above_and_dependencies=None, packages_above_depth=None, packages_select_by_dep=None, packages_skip_by_dep=None, packages_skip_up_to=None, packages_select_build_failed=False, packages_skip_build_finished=False, packages_select_test_failures=False, packages_skip_test_passed=False, packages_select=None, packages_skip=None, packages_select_regex=None, packages_skip_regex=None, packages_start=None, packages_end=None, allow_overriding=[], cmake_args=None, cmake_target=None, cmake_target_skip_unavailable=False, cmake_clean_cache=False, cmake_clean_first=False, cmake_force_configure=False, ament_cmake_args=None, catkin_cmake_args=None, catkin_skip_building_tests=False, verb_parser=<colcon_defaults.argument_parser.defaults.DefaultArgumentsDecorator object at 0x7f88474f4370>, verb_extension=<colcon_core.verb.build.BuildVerb object at 0x7f88474e5030>, main=<bound method BuildVerb.main of <colcon_core.verb.build.BuildVerb object at 0x7f88474e5030>>)
[1.774s] Level 1:colcon.colcon_core.package_discovery:discover_packages(colcon_meta) check parameters
[1.774s] Level 1:colcon.colcon_core.package_discovery:discover_packages(recursive) check parameters
[1.774s] Level 1:colcon.colcon_core.package_discovery:discover_packages(ignore) check parameters
[1.775s] Level 1:colcon.colcon_core.package_discovery:discover_packages(path) check parameters
[1.775s] Level 1:colcon.colcon_core.package_discovery:discover_packages(colcon_meta) discover
[1.775s] Level 1:colcon.colcon_core.package_discovery:discover_packages(recursive) discover
[1.775s] INFO:colcon.colcon_core.package_discovery:Crawling recursively for packages in '/home/tan/Documents/workspace/ROS2_py_ws'
[1.776s] Level 1:colcon.colcon_core.package_identification:_identify(.) by extensions ['ignore', 'ignore_ament_install']
[1.776s] Level 1:colcon.colcon_core.package_identification:_identify(.) by extension 'ignore'
[1.776s] Level 1:colcon.colcon_core.package_identification:_identify(.) by extension 'ignore_ament_install'
[1.777s] Level 1:colcon.colcon_core.package_identification:_identify(.) by extensions ['colcon_pkg']
[1.777s] Level 1:colcon.colcon_core.package_identification:_identify(.) by extension 'colcon_pkg'
[1.777s] Level 1:colcon.colcon_core.package_identification:_identify(.) by extensions ['colcon_meta']
[1.777s] Level 1:colcon.colcon_core.package_identification:_identify(.) by extension 'colcon_meta'
[1.778s] Level 1:colcon.colcon_core.package_identification:_identify(.) by extensions ['ros']
[1.778s] Level 1:colcon.colcon_core.package_identification:_identify(.) by extension 'ros'
[1.803s] Level 1:colcon.colcon_core.package_identification:_identify(.) by extensions ['cmake', 'python']
[1.804s] Level 1:colcon.colcon_core.package_identification:_identify(.) by extension 'cmake'
[1.804s] Level 1:colcon.colcon_core.package_identification:_identify(.) by extension 'python'
[1.804s] Level 1:colcon.colcon_core.package_identification:_identify(.) by extensions ['python_setup_py']
[1.804s] Level 1:colcon.colcon_core.package_identification:_identify(.) by extension 'python_setup_py'
[1.805s] Level 1:colcon.colcon_core.package_identification:_identify(build) by extensions ['ignore', 'ignore_ament_install']
[1.805s] Level 1:colcon.colcon_core.package_identification:_identify(build) by extension 'ignore'
[1.805s] Level 1:colcon.colcon_core.package_identification:_identify(build) ignored
[1.805s] Level 1:colcon.colcon_core.package_identification:_identify(install) by extensions ['ignore', 'ignore_ament_install']
[1.806s] Level 1:colcon.colcon_core.package_identification:_identify(install) by extension 'ignore'
[1.806s] Level 1:colcon.colcon_core.package_identification:_identify(install) ignored
[1.806s] Level 1:colcon.colcon_core.package_identification:_identify(log) by extensions ['ignore', 'ignore_ament_install']
[1.806s] Level 1:colcon.colcon_core.package_identification:_identify(log) by extension 'ignore'
[1.807s] Level 1:colcon.colcon_core.package_identification:_identify(log) ignored
[1.807s] Level 1:colcon.colcon_core.package_identification:_identify(src) by extensions ['ignore', 'ignore_ament_install']
[1.807s] Level 1:colcon.colcon_core.package_identification:_identify(src) by extension 'ignore'
[1.807s] Level 1:colcon.colcon_core.package_identification:_identify(src) by extension 'ignore_ament_install'
[1.807s] Level 1:colcon.colcon_core.package_identification:_identify(src) by extensions ['colcon_pkg']
[1.808s] Level 1:colcon.colcon_core.package_identification:_identify(src) by extension 'colcon_pkg'
[1.808s] Level 1:colcon.colcon_core.package_identification:_identify(src) by extensions ['colcon_meta']
[1.808s] Level 1:colcon.colcon_core.package_identification:_identify(src) by extension 'colcon_meta'
[1.808s] Level 1:colcon.colcon_core.package_identification:_identify(src) by extensions ['ros']
[1.808s] Level 1:colcon.colcon_core.package_identification:_identify(src) by extension 'ros'
[1.808s] Level 1:colcon.colcon_core.package_identification:_identify(src) by extensions ['cmake', 'python']
[1.809s] Level 1:colcon.colcon_core.package_identification:_identify(src) by extension 'cmake'
[1.809s] Level 1:colcon.colcon_core.package_identification:_identify(src) by extension 'python'
[1.809s] Level 1:colcon.colcon_core.package_identification:_identify(src) by extensions ['python_setup_py']
[1.809s] Level 1:colcon.colcon_core.package_identification:_identify(src) by extension 'python_setup_py'
[1.810s] Level 1:colcon.colcon_core.package_identification:_identify(src/my_robot_description) by extensions ['ignore', 'ignore_ament_install']
[1.810s] Level 1:colcon.colcon_core.package_identification:_identify(src/my_robot_description) by extension 'ignore'
[1.810s] Level 1:colcon.colcon_core.package_identification:_identify(src/my_robot_description) by extension 'ignore_ament_install'
[1.811s] Level 1:colcon.colcon_core.package_identification:_identify(src/my_robot_description) by extensions ['colcon_pkg']
[1.811s] Level 1:colcon.colcon_core.package_identification:_identify(src/my_robot_description) by extension 'colcon_pkg'
[1.811s] Level 1:colcon.colcon_core.package_identification:_identify(src/my_robot_description) by extensions ['colcon_meta']
[1.811s] Level 1:colcon.colcon_core.package_identification:_identify(src/my_robot_description) by extension 'colcon_meta'
[1.811s] Level 1:colcon.colcon_core.package_identification:_identify(src/my_robot_description) by extensions ['ros']
[1.812s] Level 1:colcon.colcon_core.package_identification:_identify(src/my_robot_description) by extension 'ros'
[1.816s] DEBUG:colcon.colcon_core.package_identification:Package 'src/my_robot_description' with type 'ros.ament_cmake' and name 'my_robot_description'
[1.818s] Level 1:colcon.colcon_core.package_identification:_identify(src/ros2_user_pkg) by extensions ['ignore', 'ignore_ament_install']
[1.819s] Level 1:colcon.colcon_core.package_identification:_identify(src/ros2_user_pkg) by extension 'ignore'
[1.819s] Level 1:colcon.colcon_core.package_identification:_identify(src/ros2_user_pkg) by extension 'ignore_ament_install'
[1.819s] Level 1:colcon.colcon_core.package_identification:_identify(src/ros2_user_pkg) by extensions ['colcon_pkg']
[1.820s] Level 1:colcon.colcon_core.package_identification:_identify(src/ros2_user_pkg) by extension 'colcon_pkg'
[1.820s] Level 1:colcon.colcon_core.package_identification:_identify(src/ros2_user_pkg) by extensions ['colcon_meta']
[1.820s] Level 1:colcon.colcon_core.package_identification:_identify(src/ros2_user_pkg) by extension 'colcon_meta'
[1.820s] Level 1:colcon.colcon_core.package_identification:_identify(src/ros2_user_pkg) by extensions ['ros']
[1.820s] Level 1:colcon.colcon_core.package_identification:_identify(src/ros2_user_pkg) by extension 'ros'
[1.821s] DEBUG:colcon.colcon_core.package_identification:Package 'src/ros2_user_pkg' with type 'ros.ament_cmake' and name 'ros2_user_pkg'
[1.822s] Level 1:colcon.colcon_core.package_discovery:discover_packages(recursive) using defaults
[1.822s] Level 1:colcon.colcon_core.package_discovery:discover_packages(ignore) discover
[1.822s] Level 1:colcon.colcon_core.package_discovery:discover_packages(ignore) using defaults
[1.822s] Level 1:colcon.colcon_core.package_discovery:discover_packages(path) discover
[1.822s] Level 1:colcon.colcon_core.package_discovery:discover_packages(path) using defaults
[1.973s] Level 1:colcon.colcon_core.package_discovery:discover_packages(prefix_path) check parameters
[1.974s] Level 1:colcon.colcon_core.package_discovery:discover_packages(prefix_path) discover
[2.021s] DEBUG:colcon.colcon_installed_package_information.package_discovery:Found 2 installed packages in /home/tan/Documents/workspace/ROS2_py_ws/install
[2.042s] DEBUG:colcon.colcon_installed_package_information.package_discovery:Found 275 installed packages in /opt/ros/humble
[2.044s] Level 1:colcon.colcon_core.package_discovery:discover_packages(prefix_path) using defaults
[2.185s] Level 5:colcon.colcon_core.verb:set package 'my_robot_description' build argument 'cmake_args' from command line to 'None'
[2.186s] Level 5:colcon.colcon_core.verb:set package 'my_robot_description' build argument 'cmake_target' from command line to 'None'
[2.186s] Level 5:colcon.colcon_core.verb:set package 'my_robot_description' build argument 'cmake_target_skip_unavailable' from command line to 'False'
[2.187s] Level 5:colcon.colcon_core.verb:set package 'my_robot_description' build argument 'cmake_clean_cache' from command line to 'False'
[2.187s] Level 5:colcon.colcon_core.verb:set package 'my_robot_description' build argument 'cmake_clean_first' from command line to 'False'
[2.187s] Level 5:colcon.colcon_core.verb:set package 'my_robot_description' build argument 'cmake_force_configure' from command line to 'False'
[2.187s] Level 5:colcon.colcon_core.verb:set package 'my_robot_description' build argument 'ament_cmake_args' from command line to 'None'
[2.187s] Level 5:colcon.colcon_core.verb:set package 'my_robot_description' build argument 'catkin_cmake_args' from command line to 'None'
[2.187s] Level 5:colcon.colcon_core.verb:set package 'my_robot_description' build argument 'catkin_skip_building_tests' from command line to 'False'
[2.188s] DEBUG:colcon.colcon_core.verb:Building package 'my_robot_description' with the following arguments: {'ament_cmake_args': None, 'build_base': '/home/tan/Documents/workspace/ROS2_py_ws/build/my_robot_description', 'catkin_cmake_args': None, 'catkin_skip_building_tests': False, 'cmake_args': None, 'cmake_clean_cache': False, 'cmake_clean_first': False, 'cmake_force_configure': False, 'cmake_target': None, 'cmake_target_skip_unavailable': False, 'install_base': '/home/tan/Documents/workspace/ROS2_py_ws/install/my_robot_description', 'merge_install': False, 'path': '/home/tan/Documents/workspace/ROS2_py_ws/src/my_robot_description', 'symlink_install': True, 'test_result_base': None}
[2.207s] Level 5:colcon.colcon_core.verb:set package 'ros2_user_pkg' build argument 'cmake_args' from command line to 'None'
[2.207s] Level 5:colcon.colcon_core.verb:set package 'ros2_user_pkg' build argument 'cmake_target' from command line to 'None'
[2.208s] Level 5:colcon.colcon_core.verb:set package 'ros2_user_pkg' build argument 'cmake_target_skip_unavailable' from command line to 'False'
[2.208s] Level 5:colcon.colcon_core.verb:set package 'ros2_user_pkg' build argument 'cmake_clean_cache' from command line to 'False'
[2.208s] Level 5:colcon.colcon_core.verb:set package 'ros2_user_pkg' build argument 'cmake_clean_first' from command line to 'False'
[2.208s] Level 5:colcon.colcon_core.verb:set package 'ros2_user_pkg' build argument 'cmake_force_configure' from command line to 'False'
[2.208s] Level 5:colcon.colcon_core.verb:set package 'ros2_user_pkg' build argument 'ament_cmake_args' from command line to 'None'
[2.208s] Level 5:colcon.colcon_core.verb:set package 'ros2_user_pkg' build argument 'catkin_cmake_args' from command line to 'None'
[2.209s] Level 5:colcon.colcon_core.verb:set package 'ros2_user_pkg' build argument 'catkin_skip_building_tests' from command line to 'False'
[2.209s] DEBUG:colcon.colcon_core.verb:Building package 'ros2_user_pkg' with the following arguments: {'ament_cmake_args': None, 'build_base': '/home/tan/Documents/workspace/ROS2_py_ws/build/ros2_user_pkg', 'catkin_cmake_args': None, 'catkin_skip_building_tests': False, 'cmake_args': None, 'cmake_clean_cache': False, 'cmake_clean_first': False, 'cmake_force_configure': False, 'cmake_target': None, 'cmake_target_skip_unavailable': False, 'install_base': '/home/tan/Documents/workspace/ROS2_py_ws/install/ros2_user_pkg', 'merge_install': False, 'path': '/home/tan/Documents/workspace/ROS2_py_ws/src/ros2_user_pkg', 'symlink_install': True, 'test_result_base': None}
[2.230s] INFO:colcon.colcon_core.executor:Executing jobs using 'parallel' executor
[2.254s] DEBUG:colcon.colcon_parallel_executor.executor.parallel:run_until_complete
[2.255s] INFO:colcon.colcon_ros.task.ament_cmake.build:Building ROS package in '/home/tan/Documents/workspace/ROS2_py_ws/src/my_robot_description' with build type 'ament_cmake'
[2.255s] INFO:colcon.colcon_cmake.task.cmake.build:Building CMake package in '/home/tan/Documents/workspace/ROS2_py_ws/src/my_robot_description'
[2.278s] INFO:colcon.colcon_core.plugin_system:Skipping extension 'colcon_core.shell.bat': Not used on non-Windows systems
[2.279s] INFO:colcon.colcon_core.shell:Skip shell extension 'powershell' for command environment: Not usable outside of PowerShell
[2.279s] DEBUG:colcon.colcon_core.shell:Skip shell extension 'dsv' for command environment
[2.375s] INFO:colcon.colcon_ros.task.ament_cmake.build:Building ROS package in '/home/tan/Documents/workspace/ROS2_py_ws/src/ros2_user_pkg' with build type 'ament_cmake'
[2.376s] INFO:colcon.colcon_cmake.task.cmake.build:Building CMake package in '/home/tan/Documents/workspace/ROS2_py_ws/src/ros2_user_pkg'
[2.404s] INFO:colcon.colcon_core.shell:Skip shell extension 'powershell' for command environment: Not usable outside of PowerShell
[2.404s] DEBUG:colcon.colcon_core.shell:Skip shell extension 'dsv' for command environment
[2.506s] DEBUG:colcon.colcon_core.event_handler.log_command:Invoking command in '/home/tan/Documents/workspace/ROS2_py_ws/build/my_robot_description': CMAKE_PREFIX_PATH=${CMAKE_PREFIX_PATH}:/opt/ros/humble /usr/bin/cmake --build /home/tan/Documents/workspace/ROS2_py_ws/build/my_robot_description -- -j4 -l4
[2.521s] DEBUG:colcon.colcon_core.event_handler.log_command:Invoking command in '/home/tan/Documents/workspace/ROS2_py_ws/build/ros2_user_pkg': CMAKE_PREFIX_PATH=${CMAKE_PREFIX_PATH}:/opt/ros/humble /usr/bin/cmake --build /home/tan/Documents/workspace/ROS2_py_ws/build/ros2_user_pkg -- -j4 -l4
[2.627s] DEBUG:colcon.colcon_core.event_handler.log_command:Invoked command in '/home/tan/Documents/workspace/ROS2_py_ws/build/my_robot_description' returned '0': CMAKE_PREFIX_PATH=${CMAKE_PREFIX_PATH}:/opt/ros/humble /usr/bin/cmake --build /home/tan/Documents/workspace/ROS2_py_ws/build/my_robot_description -- -j4 -l4
[2.744s] DEBUG:colcon.colcon_core.event_handler.log_command:Invoking command in '/home/tan/Documents/workspace/ROS2_py_ws/build/my_robot_description': CMAKE_PREFIX_PATH=${CMAKE_PREFIX_PATH}:/opt/ros/humble /usr/bin/cmake --install /home/tan/Documents/workspace/ROS2_py_ws/build/my_robot_description
[2.842s] Level 1:colcon.colcon_core.environment:create_environment_scripts_only(my_robot_description)
[2.844s] DEBUG:colcon.colcon_core.event_handler.log_command:Invoked command in '/home/tan/Documents/workspace/ROS2_py_ws/build/my_robot_description' returned '0': CMAKE_PREFIX_PATH=${CMAKE_PREFIX_PATH}:/opt/ros/humble /usr/bin/cmake --install /home/tan/Documents/workspace/ROS2_py_ws/build/my_robot_description
[2.892s] Level 1:colcon.colcon_core.environment:checking '/home/tan/Documents/workspace/ROS2_py_ws/install/my_robot_description' for CMake module files
[2.893s] Level 1:colcon.colcon_core.environment:checking '/home/tan/Documents/workspace/ROS2_py_ws/install/my_robot_description' for CMake config files
[2.896s] Level 1:colcon.colcon_core.shell:create_environment_hook('my_robot_description', 'cmake_prefix_path')
[2.946s] INFO:colcon.colcon_core.shell:Creating environment hook '/home/tan/Documents/workspace/ROS2_py_ws/install/my_robot_description/share/my_robot_description/hook/cmake_prefix_path.ps1'
[2.947s] INFO:colcon.colcon_core.shell:Creating environment descriptor '/home/tan/Documents/workspace/ROS2_py_ws/install/my_robot_description/share/my_robot_description/hook/cmake_prefix_path.dsv'
[2.954s] INFO:colcon.colcon_core.shell:Creating environment hook '/home/tan/Documents/workspace/ROS2_py_ws/install/my_robot_description/share/my_robot_description/hook/cmake_prefix_path.sh'
[2.957s] Level 1:colcon.colcon_core.environment:checking '/home/tan/Documents/workspace/ROS2_py_ws/install/my_robot_description/bin'
[2.958s] Level 1:colcon.colcon_core.environment:checking '/home/tan/Documents/workspace/ROS2_py_ws/install/my_robot_description/lib/pkgconfig/my_robot_description.pc'
[2.958s] Level 1:colcon.colcon_core.environment:checking '/home/tan/Documents/workspace/ROS2_py_ws/install/my_robot_description/lib/python3.10/site-packages'
[2.958s] Level 1:colcon.colcon_core.environment:checking '/home/tan/Documents/workspace/ROS2_py_ws/install/my_robot_description/bin'
[3.045s] INFO:colcon.colcon_core.shell:Creating package script '/home/tan/Documents/workspace/ROS2_py_ws/install/my_robot_description/share/my_robot_description/package.ps1'
[3.053s] INFO:colcon.colcon_core.shell:Creating package descriptor '/home/tan/Documents/workspace/ROS2_py_ws/install/my_robot_description/share/my_robot_description/package.dsv'
[3.055s] INFO:colcon.colcon_core.shell:Creating package script '/home/tan/Documents/workspace/ROS2_py_ws/install/my_robot_description/share/my_robot_description/package.sh'
[3.059s] INFO:colcon.colcon_core.shell:Creating package script '/home/tan/Documents/workspace/ROS2_py_ws/install/my_robot_description/share/my_robot_description/package.bash'
[3.066s] INFO:colcon.colcon_core.shell:Creating package script '/home/tan/Documents/workspace/ROS2_py_ws/install/my_robot_description/share/my_robot_description/package.zsh'
[3.069s] Level 1:colcon.colcon_core.environment:create_file_with_runtime_dependencies(/home/tan/Documents/workspace/ROS2_py_ws/install/my_robot_description/share/colcon-core/packages/my_robot_description)
[3.342s] Level 1:colcon.colcon_core.environment:create_environment_scripts_only(my_robot_description)
[3.376s] Level 1:colcon.colcon_core.environment:checking '/home/tan/Documents/workspace/ROS2_py_ws/install/my_robot_description' for CMake module files
[3.378s] Level 1:colcon.colcon_core.environment:checking '/home/tan/Documents/workspace/ROS2_py_ws/install/my_robot_description' for CMake config files
[3.378s] Level 1:colcon.colcon_core.shell:create_environment_hook('my_robot_description', 'cmake_prefix_path')
[3.429s] INFO:colcon.colcon_core.shell:Creating environment hook '/home/tan/Documents/workspace/ROS2_py_ws/install/my_robot_description/share/my_robot_description/hook/cmake_prefix_path.ps1'
[3.431s] INFO:colcon.colcon_core.shell:Creating environment descriptor '/home/tan/Documents/workspace/ROS2_py_ws/install/my_robot_description/share/my_robot_description/hook/cmake_prefix_path.dsv'
[3.432s] INFO:colcon.colcon_core.shell:Creating environment hook '/home/tan/Documents/workspace/ROS2_py_ws/install/my_robot_description/share/my_robot_description/hook/cmake_prefix_path.sh'
[3.433s] Level 1:colcon.colcon_core.environment:checking '/home/tan/Documents/workspace/ROS2_py_ws/install/my_robot_description/bin'
[3.433s] Level 1:colcon.colcon_core.environment:checking '/home/tan/Documents/workspace/ROS2_py_ws/install/my_robot_description/lib/pkgconfig/my_robot_description.pc'
[3.434s] Level 1:colcon.colcon_core.environment:checking '/home/tan/Documents/workspace/ROS2_py_ws/install/my_robot_description/lib/python3.10/site-packages'
[3.434s] Level 1:colcon.colcon_core.environment:checking '/home/tan/Documents/workspace/ROS2_py_ws/install/my_robot_description/bin'
[3.476s] INFO:colcon.colcon_core.shell:Creating package script '/home/tan/Documents/workspace/ROS2_py_ws/install/my_robot_description/share/my_robot_description/package.ps1'
[3.477s] INFO:colcon.colcon_core.shell:Creating package descriptor '/home/tan/Documents/workspace/ROS2_py_ws/install/my_robot_description/share/my_robot_description/package.dsv'
[3.478s] INFO:colcon.colcon_core.shell:Creating package script '/home/tan/Documents/workspace/ROS2_py_ws/install/my_robot_description/share/my_robot_description/package.sh'
[3.479s] INFO:colcon.colcon_core.shell:Creating package script '/home/tan/Documents/workspace/ROS2_py_ws/install/my_robot_description/share/my_robot_description/package.bash'
[3.480s] INFO:colcon.colcon_core.shell:Creating package script '/home/tan/Documents/workspace/ROS2_py_ws/install/my_robot_description/share/my_robot_description/package.zsh'
[3.481s] Level 1:colcon.colcon_core.environment:create_file_with_runtime_dependencies(/home/tan/Documents/workspace/ROS2_py_ws/install/my_robot_description/share/colcon-core/packages/my_robot_description)
[3.708s] DEBUG:colcon.colcon_core.event_handler.log_command:Invoked command in '/home/tan/Documents/workspace/ROS2_py_ws/build/ros2_user_pkg' returned '0': CMAKE_PREFIX_PATH=${CMAKE_PREFIX_PATH}:/opt/ros/humble /usr/bin/cmake --build /home/tan/Documents/workspace/ROS2_py_ws/build/ros2_user_pkg -- -j4 -l4
[4.000s] DEBUG:colcon.colcon_core.event_handler.log_command:Invoking command in '/home/tan/Documents/workspace/ROS2_py_ws/build/ros2_user_pkg': CMAKE_PREFIX_PATH=${CMAKE_PREFIX_PATH}:/opt/ros/humble /usr/bin/cmake --install /home/tan/Documents/workspace/ROS2_py_ws/build/ros2_user_pkg
[4.243s] Level 1:colcon.colcon_core.environment:create_environment_scripts_only(ros2_user_pkg)
[4.244s] DEBUG:colcon.colcon_core.event_handler.log_command:Invoked command in '/home/tan/Documents/workspace/ROS2_py_ws/build/ros2_user_pkg' returned '0': CMAKE_PREFIX_PATH=${CMAKE_PREFIX_PATH}:/opt/ros/humble /usr/bin/cmake --install /home/tan/Documents/workspace/ROS2_py_ws/build/ros2_user_pkg
[4.266s] Level 1:colcon.colcon_core.environment:checking '/home/tan/Documents/workspace/ROS2_py_ws/install/ros2_user_pkg' for CMake module files
[4.268s] Level 1:colcon.colcon_core.environment:checking '/home/tan/Documents/workspace/ROS2_py_ws/install/ros2_user_pkg' for CMake config files
[4.269s] Level 1:colcon.colcon_core.shell:create_environment_hook('ros2_user_pkg', 'cmake_prefix_path')
[4.290s] INFO:colcon.colcon_core.shell:Creating environment hook '/home/tan/Documents/workspace/ROS2_py_ws/install/ros2_user_pkg/share/ros2_user_pkg/hook/cmake_prefix_path.ps1'
[4.292s] INFO:colcon.colcon_core.shell:Creating environment descriptor '/home/tan/Documents/workspace/ROS2_py_ws/install/ros2_user_pkg/share/ros2_user_pkg/hook/cmake_prefix_path.dsv'
[4.293s] INFO:colcon.colcon_core.shell:Creating environment hook '/home/tan/Documents/workspace/ROS2_py_ws/install/ros2_user_pkg/share/ros2_user_pkg/hook/cmake_prefix_path.sh'
[4.295s] Level 1:colcon.colcon_core.environment:checking '/home/tan/Documents/workspace/ROS2_py_ws/install/ros2_user_pkg/lib'
[4.295s] Level 1:colcon.colcon_core.shell:create_environment_hook('ros2_user_pkg', 'ld_library_path_lib')
[4.323s] INFO:colcon.colcon_core.shell:Creating environment hook '/home/tan/Documents/workspace/ROS2_py_ws/install/ros2_user_pkg/share/ros2_user_pkg/hook/ld_library_path_lib.ps1'
[4.325s] INFO:colcon.colcon_core.shell:Creating environment descriptor '/home/tan/Documents/workspace/ROS2_py_ws/install/ros2_user_pkg/share/ros2_user_pkg/hook/ld_library_path_lib.dsv'
[4.326s] INFO:colcon.colcon_core.shell:Creating environment hook '/home/tan/Documents/workspace/ROS2_py_ws/install/ros2_user_pkg/share/ros2_user_pkg/hook/ld_library_path_lib.sh'
[4.327s] Level 1:colcon.colcon_core.environment:checking '/home/tan/Documents/workspace/ROS2_py_ws/install/ros2_user_pkg/bin'
[4.327s] Level 1:colcon.colcon_core.environment:checking '/home/tan/Documents/workspace/ROS2_py_ws/install/ros2_user_pkg/lib/pkgconfig/ros2_user_pkg.pc'
[4.327s] Level 1:colcon.colcon_core.environment:checking '/home/tan/Documents/workspace/ROS2_py_ws/install/ros2_user_pkg/lib/python3.10/site-packages'
[4.328s] Level 1:colcon.colcon_core.environment:checking '/home/tan/Documents/workspace/ROS2_py_ws/install/ros2_user_pkg/bin'
[4.353s] INFO:colcon.colcon_core.shell:Creating package script '/home/tan/Documents/workspace/ROS2_py_ws/install/ros2_user_pkg/share/ros2_user_pkg/package.ps1'
[4.354s] INFO:colcon.colcon_core.shell:Creating package descriptor '/home/tan/Documents/workspace/ROS2_py_ws/install/ros2_user_pkg/share/ros2_user_pkg/package.dsv'
[4.356s] INFO:colcon.colcon_core.shell:Creating package script '/home/tan/Documents/workspace/ROS2_py_ws/install/ros2_user_pkg/share/ros2_user_pkg/package.sh'
[4.357s] INFO:colcon.colcon_core.shell:Creating package script '/home/tan/Documents/workspace/ROS2_py_ws/install/ros2_user_pkg/share/ros2_user_pkg/package.bash'
[4.358s] INFO:colcon.colcon_core.shell:Creating package script '/home/tan/Documents/workspace/ROS2_py_ws/install/ros2_user_pkg/share/ros2_user_pkg/package.zsh'
[4.359s] Level 1:colcon.colcon_core.environment:create_file_with_runtime_dependencies(/home/tan/Documents/workspace/ROS2_py_ws/install/ros2_user_pkg/share/colcon-core/packages/ros2_user_pkg)
[4.649s] Level 1:colcon.colcon_core.environment:create_environment_scripts_only(ros2_user_pkg)
[4.674s] Level 1:colcon.colcon_core.environment:checking '/home/tan/Documents/workspace/ROS2_py_ws/install/ros2_user_pkg' for CMake module files
[4.675s] Level 1:colcon.colcon_core.environment:checking '/home/tan/Documents/workspace/ROS2_py_ws/install/ros2_user_pkg' for CMake config files
[4.676s] Level 1:colcon.colcon_core.shell:create_environment_hook('ros2_user_pkg', 'cmake_prefix_path')
[4.701s] INFO:colcon.colcon_core.shell:Creating environment hook '/home/tan/Documents/workspace/ROS2_py_ws/install/ros2_user_pkg/share/ros2_user_pkg/hook/cmake_prefix_path.ps1'
[4.702s] INFO:colcon.colcon_core.shell:Creating environment descriptor '/home/tan/Documents/workspace/ROS2_py_ws/install/ros2_user_pkg/share/ros2_user_pkg/hook/cmake_prefix_path.dsv'
[4.703s] INFO:colcon.colcon_core.shell:Creating environment hook '/home/tan/Documents/workspace/ROS2_py_ws/install/ros2_user_pkg/share/ros2_user_pkg/hook/cmake_prefix_path.sh'
[4.704s] Level 1:colcon.colcon_core.environment:checking '/home/tan/Documents/workspace/ROS2_py_ws/install/ros2_user_pkg/lib'
[4.704s] Level 1:colcon.colcon_core.shell:create_environment_hook('ros2_user_pkg', 'ld_library_path_lib')
[4.737s] INFO:colcon.colcon_core.shell:Creating environment hook '/home/tan/Documents/workspace/ROS2_py_ws/install/ros2_user_pkg/share/ros2_user_pkg/hook/ld_library_path_lib.ps1'
[4.738s] INFO:colcon.colcon_core.shell:Creating environment descriptor '/home/tan/Documents/workspace/ROS2_py_ws/install/ros2_user_pkg/share/ros2_user_pkg/hook/ld_library_path_lib.dsv'
[4.739s] INFO:colcon.colcon_core.shell:Creating environment hook '/home/tan/Documents/workspace/ROS2_py_ws/install/ros2_user_pkg/share/ros2_user_pkg/hook/ld_library_path_lib.sh'
[4.740s] Level 1:colcon.colcon_core.environment:checking '/home/tan/Documents/workspace/ROS2_py_ws/install/ros2_user_pkg/bin'
[4.740s] Level 1:colcon.colcon_core.environment:checking '/home/tan/Documents/workspace/ROS2_py_ws/install/ros2_user_pkg/lib/pkgconfig/ros2_user_pkg.pc'
[4.740s] Level 1:colcon.colcon_core.environment:checking '/home/tan/Documents/workspace/ROS2_py_ws/install/ros2_user_pkg/lib/python3.10/site-packages'
[4.740s] Level 1:colcon.colcon_core.environment:checking '/home/tan/Documents/workspace/ROS2_py_ws/install/ros2_user_pkg/bin'
[4.769s] INFO:colcon.colcon_core.shell:Creating package script '/home/tan/Documents/workspace/ROS2_py_ws/install/ros2_user_pkg/share/ros2_user_pkg/package.ps1'
[4.770s] INFO:colcon.colcon_core.shell:Creating package descriptor '/home/tan/Documents/workspace/ROS2_py_ws/install/ros2_user_pkg/share/ros2_user_pkg/package.dsv'
[4.771s] INFO:colcon.colcon_core.shell:Creating package script '/home/tan/Documents/workspace/ROS2_py_ws/install/ros2_user_pkg/share/ros2_user_pkg/package.sh'
[4.773s] INFO:colcon.colcon_core.shell:Creating package script '/home/tan/Documents/workspace/ROS2_py_ws/install/ros2_user_pkg/share/ros2_user_pkg/package.bash'
[4.774s] INFO:colcon.colcon_core.shell:Creating package script '/home/tan/Documents/workspace/ROS2_py_ws/install/ros2_user_pkg/share/ros2_user_pkg/package.zsh'
[4.775s] Level 1:colcon.colcon_core.environment:create_file_with_runtime_dependencies(/home/tan/Documents/workspace/ROS2_py_ws/install/ros2_user_pkg/share/colcon-core/packages/ros2_user_pkg)
[4.776s] DEBUG:colcon.colcon_parallel_executor.executor.parallel:closing loop
[4.777s] DEBUG:colcon.colcon_parallel_executor.executor.parallel:loop closed
[4.777s] DEBUG:colcon.colcon_parallel_executor.executor.parallel:run_until_complete finished with '0'
[4.777s] DEBUG:colcon.colcon_core.event_reactor:joining thread
[4.821s] INFO:colcon.colcon_core.plugin_system:Skipping extension 'colcon_notification.desktop_notification.terminal_notifier': Not used on non-Darwin systems
[4.822s] INFO:colcon.colcon_core.plugin_system:Skipping extension 'colcon_notification.desktop_notification.win32': Not used on non-Windows systems
[4.822s] INFO:colcon.colcon_notification.desktop_notification:Sending desktop notification using 'notify2'
[4.855s] DEBUG:colcon.colcon_core.event_reactor:joined thread
[4.927s] INFO:colcon.colcon_core.shell:Creating prefix script '/home/tan/Documents/workspace/ROS2_py_ws/install/local_setup.ps1'
[4.929s] INFO:colcon.colcon_core.shell:Creating prefix util module '/home/tan/Documents/workspace/ROS2_py_ws/install/_local_setup_util_ps1.py'
[4.933s] INFO:colcon.colcon_core.shell:Creating prefix chain script '/home/tan/Documents/workspace/ROS2_py_ws/install/setup.ps1'
[4.961s] INFO:colcon.colcon_core.shell:Creating prefix script '/home/tan/Documents/workspace/ROS2_py_ws/install/local_setup.sh'
[4.962s] INFO:colcon.colcon_core.shell:Creating prefix util module '/home/tan/Documents/workspace/ROS2_py_ws/install/_local_setup_util_sh.py'
[4.963s] INFO:colcon.colcon_core.shell:Creating prefix chain script '/home/tan/Documents/workspace/ROS2_py_ws/install/setup.sh'
[5.005s] INFO:colcon.colcon_core.shell:Creating prefix script '/home/tan/Documents/workspace/ROS2_py_ws/install/local_setup.bash'
[5.006s] INFO:colcon.colcon_core.shell:Creating prefix chain script '/home/tan/Documents/workspace/ROS2_py_ws/install/setup.bash'
[5.044s] INFO:colcon.colcon_core.shell:Creating prefix script '/home/tan/Documents/workspace/ROS2_py_ws/install/local_setup.zsh'
[5.045s] INFO:colcon.colcon_core.shell:Creating prefix chain script '/home/tan/Documents/workspace/ROS2_py_ws/install/setup.zsh'
