[1.566s] DEBUG:colcon:Command line arguments: ['/usr/bin/colcon', 'build', '--symlink-install']
[1.567s] DEBUG:colcon:Parsed command line arguments: Namespace(log_base=None, log_level=None, verb_name='build', build_base='build', install_base='install', merge_install=False, symlink_install=True, test_result_base=None, continue_on_error=False, executor='parallel', parallel_workers=4, event_handlers=None, ignore_user_meta=False, metas=['./colcon.meta'], base_paths=['.'], packages_ignore=None, packages_ignore_regex=None, paths=None, packages_up_to=None, packages_up_to_regex=None, packages_above=None, packages_above_and_dependencies=None, packages_above_depth=None, packages_select_by_dep=None, packages_skip_by_dep=None, packages_skip_up_to=None, packages_select_build_failed=False, packages_skip_build_finished=False, packages_select_test_failures=False, packages_skip_test_passed=False, packages_select=None, packages_skip=None, packages_select_regex=None, packages_skip_regex=None, packages_start=None, packages_end=None, allow_overriding=[], cmake_args=None, cmake_target=None, cmake_target_skip_unavailable=False, cmake_clean_cache=False, cmake_clean_first=False, cmake_force_configure=False, ament_cmake_args=None, catkin_cmake_args=None, catkin_skip_building_tests=False, verb_parser=<colcon_defaults.argument_parser.defaults.DefaultArgumentsDecorator object at 0x7f3733893ee0>, verb_extension=<colcon_core.verb.build.BuildVerb object at 0x7f3733890f40>, main=<bound method BuildVerb.main of <colcon_core.verb.build.BuildVerb object at 0x7f3733890f40>>)
[1.646s] Level 1:colcon.colcon_core.package_discovery:discover_packages(colcon_meta) check parameters
[1.646s] Level 1:colcon.colcon_core.package_discovery:discover_packages(recursive) check parameters
[1.647s] Level 1:colcon.colcon_core.package_discovery:discover_packages(ignore) check parameters
[1.647s] Level 1:colcon.colcon_core.package_discovery:discover_packages(path) check parameters
[1.647s] Level 1:colcon.colcon_core.package_discovery:discover_packages(colcon_meta) discover
[1.647s] Level 1:colcon.colcon_core.package_discovery:discover_packages(recursive) discover
[1.647s] INFO:colcon.colcon_core.package_discovery:Crawling recursively for packages in '/home/tan/Documents/workspace/ROS2_py_ws'
[1.647s] Level 1:colcon.colcon_core.package_identification:_identify(.) by extensions ['ignore', 'ignore_ament_install']
[1.647s] Level 1:colcon.colcon_core.package_identification:_identify(.) by extension 'ignore'
[1.647s] Level 1:colcon.colcon_core.package_identification:_identify(.) by extension 'ignore_ament_install'
[1.647s] Level 1:colcon.colcon_core.package_identification:_identify(.) by extensions ['colcon_pkg']
[1.647s] Level 1:colcon.colcon_core.package_identification:_identify(.) by extension 'colcon_pkg'
[1.647s] Level 1:colcon.colcon_core.package_identification:_identify(.) by extensions ['colcon_meta']
[1.647s] Level 1:colcon.colcon_core.package_identification:_identify(.) by extension 'colcon_meta'
[1.647s] Level 1:colcon.colcon_core.package_identification:_identify(.) by extensions ['ros']
[1.648s] Level 1:colcon.colcon_core.package_identification:_identify(.) by extension 'ros'
[1.665s] Level 1:colcon.colcon_core.package_identification:_identify(.) by extensions ['cmake', 'python']
[1.665s] Level 1:colcon.colcon_core.package_identification:_identify(.) by extension 'cmake'
[1.665s] Level 1:colcon.colcon_core.package_identification:_identify(.) by extension 'python'
[1.666s] Level 1:colcon.colcon_core.package_identification:_identify(.) by extensions ['python_setup_py']
[1.666s] Level 1:colcon.colcon_core.package_identification:_identify(.) by extension 'python_setup_py'
[1.666s] Level 1:colcon.colcon_core.package_identification:_identify(build) by extensions ['ignore', 'ignore_ament_install']
[1.666s] Level 1:colcon.colcon_core.package_identification:_identify(build) by extension 'ignore'
[1.666s] Level 1:colcon.colcon_core.package_identification:_identify(build) ignored
[1.666s] Level 1:colcon.colcon_core.package_identification:_identify(install) by extensions ['ignore', 'ignore_ament_install']
[1.666s] Level 1:colcon.colcon_core.package_identification:_identify(install) by extension 'ignore'
[1.666s] Level 1:colcon.colcon_core.package_identification:_identify(install) ignored
[1.667s] Level 1:colcon.colcon_core.package_identification:_identify(log) by extensions ['ignore', 'ignore_ament_install']
[1.667s] Level 1:colcon.colcon_core.package_identification:_identify(log) by extension 'ignore'
[1.667s] Level 1:colcon.colcon_core.package_identification:_identify(log) ignored
[1.667s] Level 1:colcon.colcon_core.package_identification:_identify(src) by extensions ['ignore', 'ignore_ament_install']
[1.667s] Level 1:colcon.colcon_core.package_identification:_identify(src) by extension 'ignore'
[1.667s] Level 1:colcon.colcon_core.package_identification:_identify(src) by extension 'ignore_ament_install'
[1.667s] Level 1:colcon.colcon_core.package_identification:_identify(src) by extensions ['colcon_pkg']
[1.667s] Level 1:colcon.colcon_core.package_identification:_identify(src) by extension 'colcon_pkg'
[1.667s] Level 1:colcon.colcon_core.package_identification:_identify(src) by extensions ['colcon_meta']
[1.667s] Level 1:colcon.colcon_core.package_identification:_identify(src) by extension 'colcon_meta'
[1.668s] Level 1:colcon.colcon_core.package_identification:_identify(src) by extensions ['ros']
[1.668s] Level 1:colcon.colcon_core.package_identification:_identify(src) by extension 'ros'
[1.668s] Level 1:colcon.colcon_core.package_identification:_identify(src) by extensions ['cmake', 'python']
[1.668s] Level 1:colcon.colcon_core.package_identification:_identify(src) by extension 'cmake'
[1.668s] Level 1:colcon.colcon_core.package_identification:_identify(src) by extension 'python'
[1.668s] Level 1:colcon.colcon_core.package_identification:_identify(src) by extensions ['python_setup_py']
[1.668s] Level 1:colcon.colcon_core.package_identification:_identify(src) by extension 'python_setup_py'
[1.668s] Level 1:colcon.colcon_core.package_identification:_identify(src/my_robot_bringup) by extensions ['ignore', 'ignore_ament_install']
[1.668s] Level 1:colcon.colcon_core.package_identification:_identify(src/my_robot_bringup) by extension 'ignore'
[1.668s] Level 1:colcon.colcon_core.package_identification:_identify(src/my_robot_bringup) by extension 'ignore_ament_install'
[1.668s] Level 1:colcon.colcon_core.package_identification:_identify(src/my_robot_bringup) by extensions ['colcon_pkg']
[1.668s] Level 1:colcon.colcon_core.package_identification:_identify(src/my_robot_bringup) by extension 'colcon_pkg'
[1.669s] Level 1:colcon.colcon_core.package_identification:_identify(src/my_robot_bringup) by extensions ['colcon_meta']
[1.669s] Level 1:colcon.colcon_core.package_identification:_identify(src/my_robot_bringup) by extension 'colcon_meta'
[1.669s] Level 1:colcon.colcon_core.package_identification:_identify(src/my_robot_bringup) by extensions ['ros']
[1.669s] Level 1:colcon.colcon_core.package_identification:_identify(src/my_robot_bringup) by extension 'ros'
[1.672s] DEBUG:colcon.colcon_core.package_identification:Package 'src/my_robot_bringup' with type 'ros.ament_cmake' and name 'my_robot_bringup'
[1.672s] Level 1:colcon.colcon_core.package_identification:_identify(src/my_robot_description) by extensions ['ignore', 'ignore_ament_install']
[1.672s] Level 1:colcon.colcon_core.package_identification:_identify(src/my_robot_description) by extension 'ignore'
[1.672s] Level 1:colcon.colcon_core.package_identification:_identify(src/my_robot_description) by extension 'ignore_ament_install'
[1.672s] Level 1:colcon.colcon_core.package_identification:_identify(src/my_robot_description) by extensions ['colcon_pkg']
[1.672s] Level 1:colcon.colcon_core.package_identification:_identify(src/my_robot_description) by extension 'colcon_pkg'
[1.672s] Level 1:colcon.colcon_core.package_identification:_identify(src/my_robot_description) by extensions ['colcon_meta']
[1.672s] Level 1:colcon.colcon_core.package_identification:_identify(src/my_robot_description) by extension 'colcon_meta'
[1.672s] Level 1:colcon.colcon_core.package_identification:_identify(src/my_robot_description) by extensions ['ros']
[1.673s] Level 1:colcon.colcon_core.package_identification:_identify(src/my_robot_description) by extension 'ros'
[1.673s] DEBUG:colcon.colcon_core.package_identification:Package 'src/my_robot_description' with type 'ros.ament_cmake' and name 'my_robot_description'
[1.674s] Level 1:colcon.colcon_core.package_identification:_identify(src/ros2_user_pkg) by extensions ['ignore', 'ignore_ament_install']
[1.674s] Level 1:colcon.colcon_core.package_identification:_identify(src/ros2_user_pkg) by extension 'ignore'
[1.674s] Level 1:colcon.colcon_core.package_identification:_identify(src/ros2_user_pkg) by extension 'ignore_ament_install'
[1.674s] Level 1:colcon.colcon_core.package_identification:_identify(src/ros2_user_pkg) by extensions ['colcon_pkg']
[1.674s] Level 1:colcon.colcon_core.package_identification:_identify(src/ros2_user_pkg) by extension 'colcon_pkg'
[1.674s] Level 1:colcon.colcon_core.package_identification:_identify(src/ros2_user_pkg) by extensions ['colcon_meta']
[1.674s] Level 1:colcon.colcon_core.package_identification:_identify(src/ros2_user_pkg) by extension 'colcon_meta'
[1.674s] Level 1:colcon.colcon_core.package_identification:_identify(src/ros2_user_pkg) by extensions ['ros']
[1.674s] Level 1:colcon.colcon_core.package_identification:_identify(src/ros2_user_pkg) by extension 'ros'
[1.675s] DEBUG:colcon.colcon_core.package_identification:Package 'src/ros2_user_pkg' with type 'ros.ament_cmake' and name 'ros2_user_pkg'
[1.675s] Level 1:colcon.colcon_core.package_discovery:discover_packages(recursive) using defaults
[1.675s] Level 1:colcon.colcon_core.package_discovery:discover_packages(ignore) discover
[1.675s] Level 1:colcon.colcon_core.package_discovery:discover_packages(ignore) using defaults
[1.675s] Level 1:colcon.colcon_core.package_discovery:discover_packages(path) discover
[1.675s] Level 1:colcon.colcon_core.package_discovery:discover_packages(path) using defaults
[1.805s] Level 1:colcon.colcon_core.package_discovery:discover_packages(prefix_path) check parameters
[1.805s] Level 1:colcon.colcon_core.package_discovery:discover_packages(prefix_path) discover
[1.851s] DEBUG:colcon.colcon_installed_package_information.package_discovery:Found 3 installed packages in /home/tan/Documents/workspace/ROS2_py_ws/install
[1.874s] DEBUG:colcon.colcon_installed_package_information.package_discovery:Found 316 installed packages in /opt/ros/humble
[1.875s] Level 1:colcon.colcon_core.package_discovery:discover_packages(prefix_path) using defaults
[2.018s] Level 5:colcon.colcon_core.verb:set package 'my_robot_description' build argument 'cmake_args' from command line to 'None'
[2.019s] Level 5:colcon.colcon_core.verb:set package 'my_robot_description' build argument 'cmake_target' from command line to 'None'
[2.019s] Level 5:colcon.colcon_core.verb:set package 'my_robot_description' build argument 'cmake_target_skip_unavailable' from command line to 'False'
[2.019s] Level 5:colcon.colcon_core.verb:set package 'my_robot_description' build argument 'cmake_clean_cache' from command line to 'False'
[2.019s] Level 5:colcon.colcon_core.verb:set package 'my_robot_description' build argument 'cmake_clean_first' from command line to 'False'
[2.019s] Level 5:colcon.colcon_core.verb:set package 'my_robot_description' build argument 'cmake_force_configure' from command line to 'False'
[2.019s] Level 5:colcon.colcon_core.verb:set package 'my_robot_description' build argument 'ament_cmake_args' from command line to 'None'
[2.019s] Level 5:colcon.colcon_core.verb:set package 'my_robot_description' build argument 'catkin_cmake_args' from command line to 'None'
[2.019s] Level 5:colcon.colcon_core.verb:set package 'my_robot_description' build argument 'catkin_skip_building_tests' from command line to 'False'
[2.019s] DEBUG:colcon.colcon_core.verb:Building package 'my_robot_description' with the following arguments: {'ament_cmake_args': None, 'build_base': '/home/tan/Documents/workspace/ROS2_py_ws/build/my_robot_description', 'catkin_cmake_args': None, 'catkin_skip_building_tests': False, 'cmake_args': None, 'cmake_clean_cache': False, 'cmake_clean_first': False, 'cmake_force_configure': False, 'cmake_target': None, 'cmake_target_skip_unavailable': False, 'install_base': '/home/tan/Documents/workspace/ROS2_py_ws/install/my_robot_description', 'merge_install': False, 'path': '/home/tan/Documents/workspace/ROS2_py_ws/src/my_robot_description', 'symlink_install': True, 'test_result_base': None}
[2.040s] Level 5:colcon.colcon_core.verb:set package 'ros2_user_pkg' build argument 'cmake_args' from command line to 'None'
[2.041s] Level 5:colcon.colcon_core.verb:set package 'ros2_user_pkg' build argument 'cmake_target' from command line to 'None'
[2.041s] Level 5:colcon.colcon_core.verb:set package 'ros2_user_pkg' build argument 'cmake_target_skip_unavailable' from command line to 'False'
[2.041s] Level 5:colcon.colcon_core.verb:set package 'ros2_user_pkg' build argument 'cmake_clean_cache' from command line to 'False'
[2.041s] Level 5:colcon.colcon_core.verb:set package 'ros2_user_pkg' build argument 'cmake_clean_first' from command line to 'False'
[2.041s] Level 5:colcon.colcon_core.verb:set package 'ros2_user_pkg' build argument 'cmake_force_configure' from command line to 'False'
[2.041s] Level 5:colcon.colcon_core.verb:set package 'ros2_user_pkg' build argument 'ament_cmake_args' from command line to 'None'
[2.041s] Level 5:colcon.colcon_core.verb:set package 'ros2_user_pkg' build argument 'catkin_cmake_args' from command line to 'None'
[2.041s] Level 5:colcon.colcon_core.verb:set package 'ros2_user_pkg' build argument 'catkin_skip_building_tests' from command line to 'False'
[2.041s] DEBUG:colcon.colcon_core.verb:Building package 'ros2_user_pkg' with the following arguments: {'ament_cmake_args': None, 'build_base': '/home/tan/Documents/workspace/ROS2_py_ws/build/ros2_user_pkg', 'catkin_cmake_args': None, 'catkin_skip_building_tests': False, 'cmake_args': None, 'cmake_clean_cache': False, 'cmake_clean_first': False, 'cmake_force_configure': False, 'cmake_target': None, 'cmake_target_skip_unavailable': False, 'install_base': '/home/tan/Documents/workspace/ROS2_py_ws/install/ros2_user_pkg', 'merge_install': False, 'path': '/home/tan/Documents/workspace/ROS2_py_ws/src/ros2_user_pkg', 'symlink_install': True, 'test_result_base': None}
[2.062s] Level 5:colcon.colcon_core.verb:set package 'my_robot_bringup' build argument 'cmake_args' from command line to 'None'
[2.062s] Level 5:colcon.colcon_core.verb:set package 'my_robot_bringup' build argument 'cmake_target' from command line to 'None'
[2.062s] Level 5:colcon.colcon_core.verb:set package 'my_robot_bringup' build argument 'cmake_target_skip_unavailable' from command line to 'False'
[2.062s] Level 5:colcon.colcon_core.verb:set package 'my_robot_bringup' build argument 'cmake_clean_cache' from command line to 'False'
[2.062s] Level 5:colcon.colcon_core.verb:set package 'my_robot_bringup' build argument 'cmake_clean_first' from command line to 'False'
[2.062s] Level 5:colcon.colcon_core.verb:set package 'my_robot_bringup' build argument 'cmake_force_configure' from command line to 'False'
[2.062s] Level 5:colcon.colcon_core.verb:set package 'my_robot_bringup' build argument 'ament_cmake_args' from command line to 'None'
[2.063s] Level 5:colcon.colcon_core.verb:set package 'my_robot_bringup' build argument 'catkin_cmake_args' from command line to 'None'
[2.063s] Level 5:colcon.colcon_core.verb:set package 'my_robot_bringup' build argument 'catkin_skip_building_tests' from command line to 'False'
[2.063s] DEBUG:colcon.colcon_core.verb:Building package 'my_robot_bringup' with the following arguments: {'ament_cmake_args': None, 'build_base': '/home/tan/Documents/workspace/ROS2_py_ws/build/my_robot_bringup', 'catkin_cmake_args': None, 'catkin_skip_building_tests': False, 'cmake_args': None, 'cmake_clean_cache': False, 'cmake_clean_first': False, 'cmake_force_configure': False, 'cmake_target': None, 'cmake_target_skip_unavailable': False, 'install_base': '/home/tan/Documents/workspace/ROS2_py_ws/install/my_robot_bringup', 'merge_install': False, 'path': '/home/tan/Documents/workspace/ROS2_py_ws/src/my_robot_bringup', 'symlink_install': True, 'test_result_base': None}
[2.082s] INFO:colcon.colcon_core.executor:Executing jobs using 'parallel' executor
[2.104s] DEBUG:colcon.colcon_parallel_executor.executor.parallel:run_until_complete
[2.105s] INFO:colcon.colcon_ros.task.ament_cmake.build:Building ROS package in '/home/tan/Documents/workspace/ROS2_py_ws/src/my_robot_description' with build type 'ament_cmake'
[2.106s] INFO:colcon.colcon_cmake.task.cmake.build:Building CMake package in '/home/tan/Documents/workspace/ROS2_py_ws/src/my_robot_description'
[2.131s] INFO:colcon.colcon_core.plugin_system:Skipping extension 'colcon_core.shell.bat': Not used on non-Windows systems
[2.132s] INFO:colcon.colcon_core.shell:Skip shell extension 'powershell' for command environment: Not usable outside of PowerShell
[2.132s] DEBUG:colcon.colcon_core.shell:Skip shell extension 'dsv' for command environment
[2.216s] INFO:colcon.colcon_ros.task.ament_cmake.build:Building ROS package in '/home/tan/Documents/workspace/ROS2_py_ws/src/ros2_user_pkg' with build type 'ament_cmake'
[2.216s] INFO:colcon.colcon_cmake.task.cmake.build:Building CMake package in '/home/tan/Documents/workspace/ROS2_py_ws/src/ros2_user_pkg'
[2.241s] INFO:colcon.colcon_core.shell:Skip shell extension 'powershell' for command environment: Not usable outside of PowerShell
[2.241s] DEBUG:colcon.colcon_core.shell:Skip shell extension 'dsv' for command environment
[2.344s] DEBUG:colcon.colcon_core.event_handler.log_command:Invoking command in '/home/tan/Documents/workspace/ROS2_py_ws/build/my_robot_description': CMAKE_PREFIX_PATH=${CMAKE_PREFIX_PATH}:/opt/ros/humble /usr/bin/cmake --build /home/tan/Documents/workspace/ROS2_py_ws/build/my_robot_description -- -j4 -l4
[2.358s] DEBUG:colcon.colcon_core.event_handler.log_command:Invoking command in '/home/tan/Documents/workspace/ROS2_py_ws/build/ros2_user_pkg': CMAKE_PREFIX_PATH=${CMAKE_PREFIX_PATH}:/opt/ros/humble /usr/bin/cmake --build /home/tan/Documents/workspace/ROS2_py_ws/build/ros2_user_pkg -- -j4 -l4
[2.432s] DEBUG:colcon.colcon_core.event_handler.log_command:Invoked command in '/home/tan/Documents/workspace/ROS2_py_ws/build/my_robot_description' returned '0': CMAKE_PREFIX_PATH=${CMAKE_PREFIX_PATH}:/opt/ros/humble /usr/bin/cmake --build /home/tan/Documents/workspace/ROS2_py_ws/build/my_robot_description -- -j4 -l4
[2.571s] DEBUG:colcon.colcon_core.event_handler.log_command:Invoking command in '/home/tan/Documents/workspace/ROS2_py_ws/build/my_robot_description': CMAKE_PREFIX_PATH=${CMAKE_PREFIX_PATH}:/opt/ros/humble /usr/bin/cmake --install /home/tan/Documents/workspace/ROS2_py_ws/build/my_robot_description
[2.671s] Level 1:colcon.colcon_core.environment:create_environment_scripts_only(my_robot_description)
[2.673s] DEBUG:colcon.colcon_core.event_handler.log_command:Invoked command in '/home/tan/Documents/workspace/ROS2_py_ws/build/my_robot_description' returned '0': CMAKE_PREFIX_PATH=${CMAKE_PREFIX_PATH}:/opt/ros/humble /usr/bin/cmake --install /home/tan/Documents/workspace/ROS2_py_ws/build/my_robot_description
[2.700s] Level 1:colcon.colcon_core.environment:checking '/home/tan/Documents/workspace/ROS2_py_ws/install/my_robot_description' for CMake module files
[2.701s] Level 1:colcon.colcon_core.environment:checking '/home/tan/Documents/workspace/ROS2_py_ws/install/my_robot_description' for CMake config files
[2.702s] Level 1:colcon.colcon_core.shell:create_environment_hook('my_robot_description', 'cmake_prefix_path')
[2.740s] INFO:colcon.colcon_core.shell:Creating environment hook '/home/tan/Documents/workspace/ROS2_py_ws/install/my_robot_description/share/my_robot_description/hook/cmake_prefix_path.ps1'
[2.741s] INFO:colcon.colcon_core.shell:Creating environment descriptor '/home/tan/Documents/workspace/ROS2_py_ws/install/my_robot_description/share/my_robot_description/hook/cmake_prefix_path.dsv'
[2.744s] INFO:colcon.colcon_core.shell:Creating environment hook '/home/tan/Documents/workspace/ROS2_py_ws/install/my_robot_description/share/my_robot_description/hook/cmake_prefix_path.sh'
[2.747s] Level 1:colcon.colcon_core.environment:checking '/home/tan/Documents/workspace/ROS2_py_ws/install/my_robot_description/bin'
[2.747s] Level 1:colcon.colcon_core.environment:checking '/home/tan/Documents/workspace/ROS2_py_ws/install/my_robot_description/lib/pkgconfig/my_robot_description.pc'
[2.747s] Level 1:colcon.colcon_core.environment:checking '/home/tan/Documents/workspace/ROS2_py_ws/install/my_robot_description/lib/python3.10/site-packages'
[2.748s] Level 1:colcon.colcon_core.environment:checking '/home/tan/Documents/workspace/ROS2_py_ws/install/my_robot_description/bin'
[2.774s] INFO:colcon.colcon_core.shell:Creating package script '/home/tan/Documents/workspace/ROS2_py_ws/install/my_robot_description/share/my_robot_description/package.ps1'
[2.776s] INFO:colcon.colcon_core.shell:Creating package descriptor '/home/tan/Documents/workspace/ROS2_py_ws/install/my_robot_description/share/my_robot_description/package.dsv'
[2.777s] INFO:colcon.colcon_core.shell:Creating package script '/home/tan/Documents/workspace/ROS2_py_ws/install/my_robot_description/share/my_robot_description/package.sh'
[2.778s] INFO:colcon.colcon_core.shell:Creating package script '/home/tan/Documents/workspace/ROS2_py_ws/install/my_robot_description/share/my_robot_description/package.bash'
[2.779s] INFO:colcon.colcon_core.shell:Creating package script '/home/tan/Documents/workspace/ROS2_py_ws/install/my_robot_description/share/my_robot_description/package.zsh'
[2.781s] Level 1:colcon.colcon_core.environment:create_file_with_runtime_dependencies(/home/tan/Documents/workspace/ROS2_py_ws/install/my_robot_description/share/colcon-core/packages/my_robot_description)
[2.920s] Level 1:colcon.colcon_core.environment:create_environment_scripts_only(my_robot_description)
[2.962s] Level 1:colcon.colcon_core.environment:checking '/home/tan/Documents/workspace/ROS2_py_ws/install/my_robot_description' for CMake module files
[2.963s] Level 1:colcon.colcon_core.environment:checking '/home/tan/Documents/workspace/ROS2_py_ws/install/my_robot_description' for CMake config files
[2.964s] Level 1:colcon.colcon_core.shell:create_environment_hook('my_robot_description', 'cmake_prefix_path')
[3.006s] INFO:colcon.colcon_core.shell:Creating environment hook '/home/tan/Documents/workspace/ROS2_py_ws/install/my_robot_description/share/my_robot_description/hook/cmake_prefix_path.ps1'
[3.007s] INFO:colcon.colcon_core.shell:Creating environment descriptor '/home/tan/Documents/workspace/ROS2_py_ws/install/my_robot_description/share/my_robot_description/hook/cmake_prefix_path.dsv'
[3.007s] INFO:colcon.colcon_core.shell:Creating environment hook '/home/tan/Documents/workspace/ROS2_py_ws/install/my_robot_description/share/my_robot_description/hook/cmake_prefix_path.sh'
[3.008s] Level 1:colcon.colcon_core.environment:checking '/home/tan/Documents/workspace/ROS2_py_ws/install/my_robot_description/bin'
[3.008s] Level 1:colcon.colcon_core.environment:checking '/home/tan/Documents/workspace/ROS2_py_ws/install/my_robot_description/lib/pkgconfig/my_robot_description.pc'
[3.009s] Level 1:colcon.colcon_core.environment:checking '/home/tan/Documents/workspace/ROS2_py_ws/install/my_robot_description/lib/python3.10/site-packages'
[3.009s] Level 1:colcon.colcon_core.environment:checking '/home/tan/Documents/workspace/ROS2_py_ws/install/my_robot_description/bin'
[3.045s] INFO:colcon.colcon_core.shell:Creating package script '/home/tan/Documents/workspace/ROS2_py_ws/install/my_robot_description/share/my_robot_description/package.ps1'
[3.047s] INFO:colcon.colcon_core.shell:Creating package descriptor '/home/tan/Documents/workspace/ROS2_py_ws/install/my_robot_description/share/my_robot_description/package.dsv'
[3.049s] INFO:colcon.colcon_core.shell:Creating package script '/home/tan/Documents/workspace/ROS2_py_ws/install/my_robot_description/share/my_robot_description/package.sh'
[3.050s] INFO:colcon.colcon_core.shell:Creating package script '/home/tan/Documents/workspace/ROS2_py_ws/install/my_robot_description/share/my_robot_description/package.bash'
[3.051s] INFO:colcon.colcon_core.shell:Creating package script '/home/tan/Documents/workspace/ROS2_py_ws/install/my_robot_description/share/my_robot_description/package.zsh'
[3.054s] Level 1:colcon.colcon_core.environment:create_file_with_runtime_dependencies(/home/tan/Documents/workspace/ROS2_py_ws/install/my_robot_description/share/colcon-core/packages/my_robot_description)
[3.057s] INFO:colcon.colcon_ros.task.ament_cmake.build:Building ROS package in '/home/tan/Documents/workspace/ROS2_py_ws/src/my_robot_bringup' with build type 'ament_cmake'
[3.058s] INFO:colcon.colcon_cmake.task.cmake.build:Building CMake package in '/home/tan/Documents/workspace/ROS2_py_ws/src/my_robot_bringup'
[3.125s] INFO:colcon.colcon_core.shell:Skip shell extension 'powershell' for command environment: Not usable outside of PowerShell
[3.126s] DEBUG:colcon.colcon_core.shell:Skip shell extension 'dsv' for command environment
[3.294s] DEBUG:colcon.colcon_core.event_handler.log_command:Invoking command in '/home/tan/Documents/workspace/ROS2_py_ws/build/my_robot_bringup': CMAKE_PREFIX_PATH=/home/tan/Documents/workspace/ROS2_py_ws/install/my_robot_description:/home/tan/Documents/workspace/ROS2_py_ws/install/ros2_user_pkg:/opt/ros/humble /usr/bin/cmake --build /home/tan/Documents/workspace/ROS2_py_ws/build/my_robot_bringup -- -j4 -l4
[3.432s] DEBUG:colcon.colcon_core.event_handler.log_command:Invoked command in '/home/tan/Documents/workspace/ROS2_py_ws/build/ros2_user_pkg' returned '0': CMAKE_PREFIX_PATH=${CMAKE_PREFIX_PATH}:/opt/ros/humble /usr/bin/cmake --build /home/tan/Documents/workspace/ROS2_py_ws/build/ros2_user_pkg -- -j4 -l4
[3.830s] DEBUG:colcon.colcon_core.event_handler.log_command:Invoking command in '/home/tan/Documents/workspace/ROS2_py_ws/build/ros2_user_pkg': CMAKE_PREFIX_PATH=${CMAKE_PREFIX_PATH}:/opt/ros/humble /usr/bin/cmake --install /home/tan/Documents/workspace/ROS2_py_ws/build/ros2_user_pkg
[4.002s] DEBUG:colcon.colcon_core.event_handler.log_command:Invoked command in '/home/tan/Documents/workspace/ROS2_py_ws/build/my_robot_bringup' returned '0': CMAKE_PREFIX_PATH=/home/tan/Documents/workspace/ROS2_py_ws/install/my_robot_description:/home/tan/Documents/workspace/ROS2_py_ws/install/ros2_user_pkg:/opt/ros/humble /usr/bin/cmake --build /home/tan/Documents/workspace/ROS2_py_ws/build/my_robot_bringup -- -j4 -l4
[4.115s] DEBUG:colcon.colcon_core.event_handler.log_command:Invoking command in '/home/tan/Documents/workspace/ROS2_py_ws/build/my_robot_bringup': CMAKE_PREFIX_PATH=/home/tan/Documents/workspace/ROS2_py_ws/install/my_robot_description:/home/tan/Documents/workspace/ROS2_py_ws/install/ros2_user_pkg:/opt/ros/humble /usr/bin/cmake --install /home/tan/Documents/workspace/ROS2_py_ws/build/my_robot_bringup
[4.135s] Level 1:colcon.colcon_core.environment:create_environment_scripts_only(ros2_user_pkg)
[4.141s] DEBUG:colcon.colcon_core.event_handler.log_command:Invoked command in '/home/tan/Documents/workspace/ROS2_py_ws/build/ros2_user_pkg' returned '0': CMAKE_PREFIX_PATH=${CMAKE_PREFIX_PATH}:/opt/ros/humble /usr/bin/cmake --install /home/tan/Documents/workspace/ROS2_py_ws/build/ros2_user_pkg
[4.193s] Level 1:colcon.colcon_core.environment:checking '/home/tan/Documents/workspace/ROS2_py_ws/install/ros2_user_pkg' for CMake module files
[4.196s] Level 1:colcon.colcon_core.environment:checking '/home/tan/Documents/workspace/ROS2_py_ws/install/ros2_user_pkg' for CMake config files
[4.197s] Level 1:colcon.colcon_core.shell:create_environment_hook('ros2_user_pkg', 'cmake_prefix_path')
[4.229s] INFO:colcon.colcon_core.shell:Creating environment hook '/home/tan/Documents/workspace/ROS2_py_ws/install/ros2_user_pkg/share/ros2_user_pkg/hook/cmake_prefix_path.ps1'
[4.230s] INFO:colcon.colcon_core.shell:Creating environment descriptor '/home/tan/Documents/workspace/ROS2_py_ws/install/ros2_user_pkg/share/ros2_user_pkg/hook/cmake_prefix_path.dsv'
[4.231s] INFO:colcon.colcon_core.shell:Creating environment hook '/home/tan/Documents/workspace/ROS2_py_ws/install/ros2_user_pkg/share/ros2_user_pkg/hook/cmake_prefix_path.sh'
[4.234s] Level 1:colcon.colcon_core.environment:checking '/home/tan/Documents/workspace/ROS2_py_ws/install/ros2_user_pkg/lib'
[4.235s] Level 1:colcon.colcon_core.shell:create_environment_hook('ros2_user_pkg', 'ld_library_path_lib')
[4.301s] INFO:colcon.colcon_core.shell:Creating environment hook '/home/tan/Documents/workspace/ROS2_py_ws/install/ros2_user_pkg/share/ros2_user_pkg/hook/ld_library_path_lib.ps1'
[4.302s] INFO:colcon.colcon_core.shell:Creating environment descriptor '/home/tan/Documents/workspace/ROS2_py_ws/install/ros2_user_pkg/share/ros2_user_pkg/hook/ld_library_path_lib.dsv'
[4.303s] INFO:colcon.colcon_core.shell:Creating environment hook '/home/tan/Documents/workspace/ROS2_py_ws/install/ros2_user_pkg/share/ros2_user_pkg/hook/ld_library_path_lib.sh'
[4.304s] Level 1:colcon.colcon_core.environment:checking '/home/tan/Documents/workspace/ROS2_py_ws/install/ros2_user_pkg/bin'
[4.304s] Level 1:colcon.colcon_core.environment:checking '/home/tan/Documents/workspace/ROS2_py_ws/install/ros2_user_pkg/lib/pkgconfig/ros2_user_pkg.pc'
[4.304s] Level 1:colcon.colcon_core.environment:checking '/home/tan/Documents/workspace/ROS2_py_ws/install/ros2_user_pkg/lib/python3.10/site-packages'
[4.305s] Level 1:colcon.colcon_core.environment:checking '/home/tan/Documents/workspace/ROS2_py_ws/install/ros2_user_pkg/bin'
[4.327s] INFO:colcon.colcon_core.shell:Creating package script '/home/tan/Documents/workspace/ROS2_py_ws/install/ros2_user_pkg/share/ros2_user_pkg/package.ps1'
[4.328s] INFO:colcon.colcon_core.shell:Creating package descriptor '/home/tan/Documents/workspace/ROS2_py_ws/install/ros2_user_pkg/share/ros2_user_pkg/package.dsv'
[4.329s] INFO:colcon.colcon_core.shell:Creating package script '/home/tan/Documents/workspace/ROS2_py_ws/install/ros2_user_pkg/share/ros2_user_pkg/package.sh'
[4.329s] INFO:colcon.colcon_core.shell:Creating package script '/home/tan/Documents/workspace/ROS2_py_ws/install/ros2_user_pkg/share/ros2_user_pkg/package.bash'
[4.330s] INFO:colcon.colcon_core.shell:Creating package script '/home/tan/Documents/workspace/ROS2_py_ws/install/ros2_user_pkg/share/ros2_user_pkg/package.zsh'
[4.331s] Level 1:colcon.colcon_core.environment:create_file_with_runtime_dependencies(/home/tan/Documents/workspace/ROS2_py_ws/install/ros2_user_pkg/share/colcon-core/packages/ros2_user_pkg)
[4.339s] Level 1:colcon.colcon_core.environment:create_environment_scripts_only(my_robot_bringup)
[4.346s] DEBUG:colcon.colcon_core.event_handler.log_command:Invoked command in '/home/tan/Documents/workspace/ROS2_py_ws/build/my_robot_bringup' returned '0': CMAKE_PREFIX_PATH=/home/tan/Documents/workspace/ROS2_py_ws/install/my_robot_description:/home/tan/Documents/workspace/ROS2_py_ws/install/ros2_user_pkg:/opt/ros/humble /usr/bin/cmake --install /home/tan/Documents/workspace/ROS2_py_ws/build/my_robot_bringup
[4.391s] Level 1:colcon.colcon_core.environment:checking '/home/tan/Documents/workspace/ROS2_py_ws/install/my_robot_bringup' for CMake module files
[4.393s] Level 1:colcon.colcon_core.environment:checking '/home/tan/Documents/workspace/ROS2_py_ws/install/my_robot_bringup' for CMake config files
[4.393s] Level 1:colcon.colcon_core.shell:create_environment_hook('my_robot_bringup', 'cmake_prefix_path')
[4.437s] INFO:colcon.colcon_core.shell:Creating environment hook '/home/tan/Documents/workspace/ROS2_py_ws/install/my_robot_bringup/share/my_robot_bringup/hook/cmake_prefix_path.ps1'
[4.438s] INFO:colcon.colcon_core.shell:Creating environment descriptor '/home/tan/Documents/workspace/ROS2_py_ws/install/my_robot_bringup/share/my_robot_bringup/hook/cmake_prefix_path.dsv'
[4.439s] INFO:colcon.colcon_core.shell:Creating environment hook '/home/tan/Documents/workspace/ROS2_py_ws/install/my_robot_bringup/share/my_robot_bringup/hook/cmake_prefix_path.sh'
[4.440s] Level 1:colcon.colcon_core.environment:checking '/home/tan/Documents/workspace/ROS2_py_ws/install/my_robot_bringup/bin'
[4.440s] Level 1:colcon.colcon_core.environment:checking '/home/tan/Documents/workspace/ROS2_py_ws/install/my_robot_bringup/lib/pkgconfig/my_robot_bringup.pc'
[4.441s] Level 1:colcon.colcon_core.environment:checking '/home/tan/Documents/workspace/ROS2_py_ws/install/my_robot_bringup/lib/python3.10/site-packages'
[4.441s] Level 1:colcon.colcon_core.environment:checking '/home/tan/Documents/workspace/ROS2_py_ws/install/my_robot_bringup/bin'
[4.474s] INFO:colcon.colcon_core.shell:Creating package script '/home/tan/Documents/workspace/ROS2_py_ws/install/my_robot_bringup/share/my_robot_bringup/package.ps1'
[4.475s] INFO:colcon.colcon_core.shell:Creating package descriptor '/home/tan/Documents/workspace/ROS2_py_ws/install/my_robot_bringup/share/my_robot_bringup/package.dsv'
[4.475s] INFO:colcon.colcon_core.shell:Creating package script '/home/tan/Documents/workspace/ROS2_py_ws/install/my_robot_bringup/share/my_robot_bringup/package.sh'
[4.480s] INFO:colcon.colcon_core.shell:Creating package script '/home/tan/Documents/workspace/ROS2_py_ws/install/my_robot_bringup/share/my_robot_bringup/package.bash'
[4.481s] INFO:colcon.colcon_core.shell:Creating package script '/home/tan/Documents/workspace/ROS2_py_ws/install/my_robot_bringup/share/my_robot_bringup/package.zsh'
[4.482s] Level 1:colcon.colcon_core.environment:create_file_with_runtime_dependencies(/home/tan/Documents/workspace/ROS2_py_ws/install/my_robot_bringup/share/colcon-core/packages/my_robot_bringup)
[4.561s] Level 1:colcon.colcon_core.environment:create_environment_scripts_only(my_robot_bringup)
[4.587s] Level 1:colcon.colcon_core.environment:checking '/home/tan/Documents/workspace/ROS2_py_ws/install/my_robot_bringup' for CMake module files
[4.590s] Level 1:colcon.colcon_core.environment:checking '/home/tan/Documents/workspace/ROS2_py_ws/install/my_robot_bringup' for CMake config files
[4.591s] Level 1:colcon.colcon_core.shell:create_environment_hook('my_robot_bringup', 'cmake_prefix_path')
[4.622s] INFO:colcon.colcon_core.shell:Creating environment hook '/home/tan/Documents/workspace/ROS2_py_ws/install/my_robot_bringup/share/my_robot_bringup/hook/cmake_prefix_path.ps1'
[4.623s] INFO:colcon.colcon_core.shell:Creating environment descriptor '/home/tan/Documents/workspace/ROS2_py_ws/install/my_robot_bringup/share/my_robot_bringup/hook/cmake_prefix_path.dsv'
[4.625s] INFO:colcon.colcon_core.shell:Creating environment hook '/home/tan/Documents/workspace/ROS2_py_ws/install/my_robot_bringup/share/my_robot_bringup/hook/cmake_prefix_path.sh'
[4.626s] Level 1:colcon.colcon_core.environment:checking '/home/tan/Documents/workspace/ROS2_py_ws/install/my_robot_bringup/bin'
[4.627s] Level 1:colcon.colcon_core.environment:checking '/home/tan/Documents/workspace/ROS2_py_ws/install/my_robot_bringup/lib/pkgconfig/my_robot_bringup.pc'
[4.627s] Level 1:colcon.colcon_core.environment:checking '/home/tan/Documents/workspace/ROS2_py_ws/install/my_robot_bringup/lib/python3.10/site-packages'
[4.627s] Level 1:colcon.colcon_core.environment:checking '/home/tan/Documents/workspace/ROS2_py_ws/install/my_robot_bringup/bin'
[4.652s] INFO:colcon.colcon_core.shell:Creating package script '/home/tan/Documents/workspace/ROS2_py_ws/install/my_robot_bringup/share/my_robot_bringup/package.ps1'
[4.653s] INFO:colcon.colcon_core.shell:Creating package descriptor '/home/tan/Documents/workspace/ROS2_py_ws/install/my_robot_bringup/share/my_robot_bringup/package.dsv'
[4.655s] INFO:colcon.colcon_core.shell:Creating package script '/home/tan/Documents/workspace/ROS2_py_ws/install/my_robot_bringup/share/my_robot_bringup/package.sh'
[4.658s] INFO:colcon.colcon_core.shell:Creating package script '/home/tan/Documents/workspace/ROS2_py_ws/install/my_robot_bringup/share/my_robot_bringup/package.bash'
[4.658s] INFO:colcon.colcon_core.shell:Creating package script '/home/tan/Documents/workspace/ROS2_py_ws/install/my_robot_bringup/share/my_robot_bringup/package.zsh'
[4.659s] Level 1:colcon.colcon_core.environment:create_file_with_runtime_dependencies(/home/tan/Documents/workspace/ROS2_py_ws/install/my_robot_bringup/share/colcon-core/packages/my_robot_bringup)
[4.784s] Level 1:colcon.colcon_core.environment:create_environment_scripts_only(ros2_user_pkg)
[4.823s] Level 1:colcon.colcon_core.environment:checking '/home/tan/Documents/workspace/ROS2_py_ws/install/ros2_user_pkg' for CMake module files
[4.824s] Level 1:colcon.colcon_core.environment:checking '/home/tan/Documents/workspace/ROS2_py_ws/install/ros2_user_pkg' for CMake config files
[4.825s] Level 1:colcon.colcon_core.shell:create_environment_hook('ros2_user_pkg', 'cmake_prefix_path')
[4.851s] INFO:colcon.colcon_core.shell:Creating environment hook '/home/tan/Documents/workspace/ROS2_py_ws/install/ros2_user_pkg/share/ros2_user_pkg/hook/cmake_prefix_path.ps1'
[4.853s] INFO:colcon.colcon_core.shell:Creating environment descriptor '/home/tan/Documents/workspace/ROS2_py_ws/install/ros2_user_pkg/share/ros2_user_pkg/hook/cmake_prefix_path.dsv'
[4.854s] INFO:colcon.colcon_core.shell:Creating environment hook '/home/tan/Documents/workspace/ROS2_py_ws/install/ros2_user_pkg/share/ros2_user_pkg/hook/cmake_prefix_path.sh'
[4.855s] Level 1:colcon.colcon_core.environment:checking '/home/tan/Documents/workspace/ROS2_py_ws/install/ros2_user_pkg/lib'
[4.855s] Level 1:colcon.colcon_core.shell:create_environment_hook('ros2_user_pkg', 'ld_library_path_lib')
[4.879s] INFO:colcon.colcon_core.shell:Creating environment hook '/home/tan/Documents/workspace/ROS2_py_ws/install/ros2_user_pkg/share/ros2_user_pkg/hook/ld_library_path_lib.ps1'
[4.881s] INFO:colcon.colcon_core.shell:Creating environment descriptor '/home/tan/Documents/workspace/ROS2_py_ws/install/ros2_user_pkg/share/ros2_user_pkg/hook/ld_library_path_lib.dsv'
[4.882s] INFO:colcon.colcon_core.shell:Creating environment hook '/home/tan/Documents/workspace/ROS2_py_ws/install/ros2_user_pkg/share/ros2_user_pkg/hook/ld_library_path_lib.sh'
[4.883s] Level 1:colcon.colcon_core.environment:checking '/home/tan/Documents/workspace/ROS2_py_ws/install/ros2_user_pkg/bin'
[4.883s] Level 1:colcon.colcon_core.environment:checking '/home/tan/Documents/workspace/ROS2_py_ws/install/ros2_user_pkg/lib/pkgconfig/ros2_user_pkg.pc'
[4.883s] Level 1:colcon.colcon_core.environment:checking '/home/tan/Documents/workspace/ROS2_py_ws/install/ros2_user_pkg/lib/python3.10/site-packages'
[4.884s] Level 1:colcon.colcon_core.environment:checking '/home/tan/Documents/workspace/ROS2_py_ws/install/ros2_user_pkg/bin'
[4.916s] INFO:colcon.colcon_core.shell:Creating package script '/home/tan/Documents/workspace/ROS2_py_ws/install/ros2_user_pkg/share/ros2_user_pkg/package.ps1'
[4.917s] INFO:colcon.colcon_core.shell:Creating package descriptor '/home/tan/Documents/workspace/ROS2_py_ws/install/ros2_user_pkg/share/ros2_user_pkg/package.dsv'
[4.919s] INFO:colcon.colcon_core.shell:Creating package script '/home/tan/Documents/workspace/ROS2_py_ws/install/ros2_user_pkg/share/ros2_user_pkg/package.sh'
[4.920s] INFO:colcon.colcon_core.shell:Creating package script '/home/tan/Documents/workspace/ROS2_py_ws/install/ros2_user_pkg/share/ros2_user_pkg/package.bash'
[4.921s] INFO:colcon.colcon_core.shell:Creating package script '/home/tan/Documents/workspace/ROS2_py_ws/install/ros2_user_pkg/share/ros2_user_pkg/package.zsh'
[4.922s] Level 1:colcon.colcon_core.environment:create_file_with_runtime_dependencies(/home/tan/Documents/workspace/ROS2_py_ws/install/ros2_user_pkg/share/colcon-core/packages/ros2_user_pkg)
[4.922s] DEBUG:colcon.colcon_parallel_executor.executor.parallel:closing loop
[4.923s] DEBUG:colcon.colcon_parallel_executor.executor.parallel:loop closed
[4.923s] DEBUG:colcon.colcon_parallel_executor.executor.parallel:run_until_complete finished with '0'
[4.923s] DEBUG:colcon.colcon_core.event_reactor:joining thread
[4.971s] INFO:colcon.colcon_core.plugin_system:Skipping extension 'colcon_notification.desktop_notification.terminal_notifier': Not used on non-Darwin systems
[4.971s] INFO:colcon.colcon_core.plugin_system:Skipping extension 'colcon_notification.desktop_notification.win32': Not used on non-Windows systems
[4.971s] INFO:colcon.colcon_notification.desktop_notification:Sending desktop notification using 'notify2'
[5.007s] DEBUG:colcon.colcon_core.event_reactor:joined thread
[5.038s] INFO:colcon.colcon_core.shell:Creating prefix script '/home/tan/Documents/workspace/ROS2_py_ws/install/local_setup.ps1'
[5.039s] INFO:colcon.colcon_core.shell:Creating prefix util module '/home/tan/Documents/workspace/ROS2_py_ws/install/_local_setup_util_ps1.py'
[5.041s] INFO:colcon.colcon_core.shell:Creating prefix chain script '/home/tan/Documents/workspace/ROS2_py_ws/install/setup.ps1'
[5.074s] INFO:colcon.colcon_core.shell:Creating prefix script '/home/tan/Documents/workspace/ROS2_py_ws/install/local_setup.sh'
[5.075s] INFO:colcon.colcon_core.shell:Creating prefix util module '/home/tan/Documents/workspace/ROS2_py_ws/install/_local_setup_util_sh.py'
[5.077s] INFO:colcon.colcon_core.shell:Creating prefix chain script '/home/tan/Documents/workspace/ROS2_py_ws/install/setup.sh'
[5.104s] INFO:colcon.colcon_core.shell:Creating prefix script '/home/tan/Documents/workspace/ROS2_py_ws/install/local_setup.bash'
[5.105s] INFO:colcon.colcon_core.shell:Creating prefix chain script '/home/tan/Documents/workspace/ROS2_py_ws/install/setup.bash'
[5.131s] INFO:colcon.colcon_core.shell:Creating prefix script '/home/tan/Documents/workspace/ROS2_py_ws/install/local_setup.zsh'
[5.131s] INFO:colcon.colcon_core.shell:Creating prefix chain script '/home/tan/Documents/workspace/ROS2_py_ws/install/setup.zsh'
