[0.000000] (-) TimerEvent: {}
[0.000914] (my_robot_description) JobQueued: {'identifier': 'my_robot_description', 'dependencies': OrderedDict()}
[0.000995] (ros2_user_pkg) JobQueued: {'identifier': 'ros2_user_pkg', 'dependencies': OrderedDict()}
[0.001103] (my_robot_description) JobStarted: {'identifier': 'my_robot_description'}
[0.097830] (-) TimerEvent: {}
[0.099972] (ros2_user_pkg) JobStarted: {'identifier': 'ros2_user_pkg'}
[0.198212] (-) TimerEvent: {}
[0.207763] (my_robot_description) JobProgress: {'identifier': 'my_robot_description', 'progress': 'cmake'}
[0.208749] (my_robot_description) Command: {'cmd': ['/usr/bin/cmake', '/home/tan/Documents/workspace/ROS2_py_ws/src/my_robot_description', '-DAMENT_CMAKE_SYMLINK_INSTALL=1', '-DCMAKE_INSTALL_PREFIX=/home/tan/Documents/workspace/ROS2_py_ws/install/my_robot_description'], 'cwd': '/home/tan/Documents/workspace/ROS2_py_ws/build/my_robot_description', 'env': OrderedDict([('GJS_DEBUG_TOPICS', 'JS ERROR;JS LOG'), ('LESSOPEN', '| /usr/bin/lesspipe %s'), ('LANGUAGE', 'en_US:'), ('USER', 'tan'), ('LC_TIME', 'vi_VN'), ('GIO_MODULE_DIR', '/home/tan/snap/code/common/.cache/gio-modules'), ('XDG_SESSION_TYPE', 'wayland'), ('GTK_EXE_PREFIX_VSCODE_SNAP_ORIG', ''), ('GDK_BACKEND_VSCODE_SNAP_ORIG', ''), ('SHLVL', '1'), ('LD_LIBRARY_PATH', '/home/tan/Documents/workspace/ROS2_py_ws/install/ros2_user_pkg/lib:/opt/ros/humble/opt/rviz_ogre_vendor/lib:/opt/ros/humble/lib/x86_64-linux-gnu:/opt/ros/humble/lib'), ('HOME', '/home/tan'), ('CHROME_DESKTOP', 'code-url-handler.desktop'), ('LOCPATH_VSCODE_SNAP_ORIG', ''), ('TERM_PROGRAM_VERSION', '1.83.1'), ('DESKTOP_SESSION', 'ubuntu'), ('GTK_PATH', '/snap/code/143/usr/lib/x86_64-linux-gnu/gtk-3.0'), ('GTK_IM_MODULE_FILE', '/home/tan/snap/code/common/.cache/immodules/immodules.cache'), ('GIO_LAUNCHED_DESKTOP_FILE', '/var/lib/snapd/desktop/applications/code_code.desktop'), ('ROS_PYTHON_VERSION', '3'), ('GNOME_SHELL_SESSION_MODE', 'ubuntu'), ('GTK_MODULES', 'gail:atk-bridge'), ('GSETTINGS_SCHEMA_DIR_VSCODE_SNAP_ORIG', ''), ('LC_MONETARY', 'vi_VN'), ('MANAGERPID', '1012'), ('SYSTEMD_EXEC_PID', '1195'), ('IM_CONFIG_CHECK_ENV', '1'), ('DBUS_SESSION_BUS_ADDRESS', 'unix:path=/run/user/1000/bus'), ('COLORTERM', 'truecolor'), ('GIO_LAUNCHED_DESKTOP_FILE_PID', '2247'), ('IM_CONFIG_PHASE', '1'), ('WAYLAND_DISPLAY', 'wayland-0'), ('COLCON_PREFIX_PATH', '/home/tan/Documents/workspace/ROS2_py_ws/install'), ('ROS_DISTRO', 'humble'), ('LOGNAME', 'tan'), ('JOURNAL_STREAM', '8:30344'), ('_', '/usr/bin/colcon'), ('ROS_VERSION', '2'), ('XDG_CONFIG_DIRS_VSCODE_SNAP_ORIG', '/etc/xdg/xdg-ubuntu:/etc/xdg'), ('XDG_SESSION_CLASS', 'user'), ('XDG_DATA_DIRS_VSCODE_SNAP_ORIG', '/usr/share/ubuntu:/usr/local/share/:/usr/share/:/var/lib/snapd/desktop'), ('USERNAME', 'tan'), ('TERM', 'xterm-256color'), ('GNOME_DESKTOP_SESSION_ID', 'this-is-deprecated'), ('ROS_LOCALHOST_ONLY', '0'), ('PATH', '/opt/ros/humble/bin:/usr/local/sbin:/usr/local/bin:/usr/sbin:/usr/bin:/sbin:/bin:/usr/games:/usr/local/games:/snap/bin:/snap/bin'), ('SESSION_MANAGER', 'local/tan-virtual-machine:@/tmp/.ICE-unix/1176,unix/tan-virtual-machine:/tmp/.ICE-unix/1176'), ('GTK_EXE_PREFIX', '/snap/code/143/usr'), ('INVOCATION_ID', '9770b2aa3e4a4b9db006186fb775401c'), ('XDG_MENU_PREFIX', 'gnome-'), ('LC_ADDRESS', 'vi_VN'), ('BAMF_DESKTOP_FILE_HINT', '/var/lib/snapd/desktop/applications/code_code.desktop'), ('GNOME_SETUP_DISPLAY', ':1'), ('XDG_RUNTIME_DIR', '/run/user/1000'), ('GDK_BACKEND', 'x11'), ('DISPLAY', ':0'), ('LOCPATH', '/snap/code/143/usr/lib/locale'), ('LANG', 'en_US.UTF-8'), ('XDG_CURRENT_DESKTOP', 'Unity'), ('LC_TELEPHONE', 'vi_VN'), ('GIO_MODULE_DIR_VSCODE_SNAP_ORIG', ''), ('XMODIFIERS', '@im=ibus'), ('XDG_SESSION_DESKTOP', 'ubuntu'), ('XAUTHORITY', '/run/user/1000/.mutter-Xwaylandauth.ZOAKC2'), ('LS_COLORS', ''), ('TERM_PROGRAM', 'vscode'), ('SSH_AGENT_LAUNCHER', 'gnome-keyring'), ('SSH_AUTH_SOCK', '/run/user/1000/keyring/ssh'), ('GSETTINGS_SCHEMA_DIR', '/home/tan/snap/code/143/.local/share/glib-2.0/schemas'), ('AMENT_PREFIX_PATH', '/home/tan/Documents/workspace/ROS2_py_ws/install/ros2_user_pkg:/home/tan/Documents/workspace/ROS2_py_ws/install/my_robot_description:/opt/ros/humble'), ('ORIGINAL_XDG_CURRENT_DESKTOP', 'ubuntu:GNOME'), ('SHELL', '/bin/bash'), ('LC_NAME', 'vi_VN'), ('QT_ACCESSIBILITY', '1'), ('GDMSESSION', 'ubuntu'), ('LESSCLOSE', '/usr/bin/lesspipe %s %s'), ('GTK_PATH_VSCODE_SNAP_ORIG', ''), ('GTK_IM_MODULE_FILE_VSCODE_SNAP_ORIG', ''), ('LC_MEASUREMENT', 'vi_VN'), ('GJS_DEBUG_OUTPUT', 'stderr'), ('LC_IDENTIFICATION', 'vi_VN'), ('QT_IM_MODULE', 'ibus'), ('PWD', '/home/tan/Documents/workspace/ROS2_py_ws/build/my_robot_description'), ('LC_ALL', 'en_US.UTF-8'), ('XDG_CONFIG_DIRS', '/etc/xdg/xdg-ubuntu:/etc/xdg'), ('XDG_DATA_DIRS', '/home/tan/snap/code/143/.local/share:/home/tan/snap/code/143:/snap/code/143/usr/share:/usr/share/ubuntu:/usr/local/share/:/usr/share/:/var/lib/snapd/desktop'), ('PYTHONPATH', '/home/tan/Documents/workspace/ROS2_py_ws/install/ros2_user_pkg/local/lib/python3.10/dist-packages:/opt/ros/humble/lib/python3.10/site-packages:/opt/ros/humble/local/lib/python3.10/dist-packages'), ('LC_NUMERIC', 'vi_VN'), ('LC_PAPER', 'vi_VN'), ('COLCON', '1'), ('CMAKE_PREFIX_PATH', '/home/tan/Documents/workspace/ROS2_py_ws/install/ros2_user_pkg:/home/tan/Documents/workspace/ROS2_py_ws/install/my_robot_description:/opt/ros/humble')]), 'shell': False}
[0.217546] (ros2_user_pkg) JobProgress: {'identifier': 'ros2_user_pkg', 'progress': 'cmake'}
[0.219490] (ros2_user_pkg) Command: {'cmd': ['/usr/bin/cmake', '/home/tan/Documents/workspace/ROS2_py_ws/src/ros2_user_pkg', '-DAMENT_CMAKE_SYMLINK_INSTALL=1', '-DCMAKE_INSTALL_PREFIX=/home/tan/Documents/workspace/ROS2_py_ws/install/ros2_user_pkg'], 'cwd': '/home/tan/Documents/workspace/ROS2_py_ws/build/ros2_user_pkg', 'env': OrderedDict([('GJS_DEBUG_TOPICS', 'JS ERROR;JS LOG'), ('LESSOPEN', '| /usr/bin/lesspipe %s'), ('LANGUAGE', 'en_US:'), ('USER', 'tan'), ('LC_TIME', 'vi_VN'), ('GIO_MODULE_DIR', '/home/tan/snap/code/common/.cache/gio-modules'), ('XDG_SESSION_TYPE', 'wayland'), ('GTK_EXE_PREFIX_VSCODE_SNAP_ORIG', ''), ('GDK_BACKEND_VSCODE_SNAP_ORIG', ''), ('SHLVL', '1'), ('LD_LIBRARY_PATH', '/home/tan/Documents/workspace/ROS2_py_ws/install/ros2_user_pkg/lib:/opt/ros/humble/opt/rviz_ogre_vendor/lib:/opt/ros/humble/lib/x86_64-linux-gnu:/opt/ros/humble/lib'), ('HOME', '/home/tan'), ('CHROME_DESKTOP', 'code-url-handler.desktop'), ('LOCPATH_VSCODE_SNAP_ORIG', ''), ('TERM_PROGRAM_VERSION', '1.83.1'), ('DESKTOP_SESSION', 'ubuntu'), ('GTK_PATH', '/snap/code/143/usr/lib/x86_64-linux-gnu/gtk-3.0'), ('GTK_IM_MODULE_FILE', '/home/tan/snap/code/common/.cache/immodules/immodules.cache'), ('GIO_LAUNCHED_DESKTOP_FILE', '/var/lib/snapd/desktop/applications/code_code.desktop'), ('ROS_PYTHON_VERSION', '3'), ('GNOME_SHELL_SESSION_MODE', 'ubuntu'), ('GTK_MODULES', 'gail:atk-bridge'), ('GSETTINGS_SCHEMA_DIR_VSCODE_SNAP_ORIG', ''), ('LC_MONETARY', 'vi_VN'), ('MANAGERPID', '1012'), ('SYSTEMD_EXEC_PID', '1195'), ('IM_CONFIG_CHECK_ENV', '1'), ('DBUS_SESSION_BUS_ADDRESS', 'unix:path=/run/user/1000/bus'), ('COLORTERM', 'truecolor'), ('GIO_LAUNCHED_DESKTOP_FILE_PID', '2247'), ('IM_CONFIG_PHASE', '1'), ('WAYLAND_DISPLAY', 'wayland-0'), ('COLCON_PREFIX_PATH', '/home/tan/Documents/workspace/ROS2_py_ws/install'), ('ROS_DISTRO', 'humble'), ('LOGNAME', 'tan'), ('JOURNAL_STREAM', '8:30344'), ('_', '/usr/bin/colcon'), ('ROS_VERSION', '2'), ('XDG_CONFIG_DIRS_VSCODE_SNAP_ORIG', '/etc/xdg/xdg-ubuntu:/etc/xdg'), ('XDG_SESSION_CLASS', 'user'), ('XDG_DATA_DIRS_VSCODE_SNAP_ORIG', '/usr/share/ubuntu:/usr/local/share/:/usr/share/:/var/lib/snapd/desktop'), ('USERNAME', 'tan'), ('TERM', 'xterm-256color'), ('GNOME_DESKTOP_SESSION_ID', 'this-is-deprecated'), ('ROS_LOCALHOST_ONLY', '0'), ('PATH', '/opt/ros/humble/bin:/usr/local/sbin:/usr/local/bin:/usr/sbin:/usr/bin:/sbin:/bin:/usr/games:/usr/local/games:/snap/bin:/snap/bin'), ('SESSION_MANAGER', 'local/tan-virtual-machine:@/tmp/.ICE-unix/1176,unix/tan-virtual-machine:/tmp/.ICE-unix/1176'), ('GTK_EXE_PREFIX', '/snap/code/143/usr'), ('INVOCATION_ID', '9770b2aa3e4a4b9db006186fb775401c'), ('XDG_MENU_PREFIX', 'gnome-'), ('LC_ADDRESS', 'vi_VN'), ('BAMF_DESKTOP_FILE_HINT', '/var/lib/snapd/desktop/applications/code_code.desktop'), ('GNOME_SETUP_DISPLAY', ':1'), ('XDG_RUNTIME_DIR', '/run/user/1000'), ('GDK_BACKEND', 'x11'), ('DISPLAY', ':0'), ('LOCPATH', '/snap/code/143/usr/lib/locale'), ('LANG', 'en_US.UTF-8'), ('XDG_CURRENT_DESKTOP', 'Unity'), ('LC_TELEPHONE', 'vi_VN'), ('GIO_MODULE_DIR_VSCODE_SNAP_ORIG', ''), ('XMODIFIERS', '@im=ibus'), ('XDG_SESSION_DESKTOP', 'ubuntu'), ('XAUTHORITY', '/run/user/1000/.mutter-Xwaylandauth.ZOAKC2'), ('LS_COLORS', ''), ('TERM_PROGRAM', 'vscode'), ('SSH_AGENT_LAUNCHER', 'gnome-keyring'), ('SSH_AUTH_SOCK', '/run/user/1000/keyring/ssh'), ('GSETTINGS_SCHEMA_DIR', '/home/tan/snap/code/143/.local/share/glib-2.0/schemas'), ('AMENT_PREFIX_PATH', '/home/tan/Documents/workspace/ROS2_py_ws/install/ros2_user_pkg:/home/tan/Documents/workspace/ROS2_py_ws/install/my_robot_description:/opt/ros/humble'), ('ORIGINAL_XDG_CURRENT_DESKTOP', 'ubuntu:GNOME'), ('SHELL', '/bin/bash'), ('LC_NAME', 'vi_VN'), ('QT_ACCESSIBILITY', '1'), ('GDMSESSION', 'ubuntu'), ('LESSCLOSE', '/usr/bin/lesspipe %s %s'), ('GTK_PATH_VSCODE_SNAP_ORIG', ''), ('GTK_IM_MODULE_FILE_VSCODE_SNAP_ORIG', ''), ('LC_MEASUREMENT', 'vi_VN'), ('GJS_DEBUG_OUTPUT', 'stderr'), ('LC_IDENTIFICATION', 'vi_VN'), ('QT_IM_MODULE', 'ibus'), ('PWD', '/home/tan/Documents/workspace/ROS2_py_ws/build/ros2_user_pkg'), ('LC_ALL', 'en_US.UTF-8'), ('XDG_CONFIG_DIRS', '/etc/xdg/xdg-ubuntu:/etc/xdg'), ('XDG_DATA_DIRS', '/home/tan/snap/code/143/.local/share:/home/tan/snap/code/143:/snap/code/143/usr/share:/usr/share/ubuntu:/usr/local/share/:/usr/share/:/var/lib/snapd/desktop'), ('PYTHONPATH', '/home/tan/Documents/workspace/ROS2_py_ws/install/ros2_user_pkg/local/lib/python3.10/dist-packages:/opt/ros/humble/lib/python3.10/site-packages:/opt/ros/humble/local/lib/python3.10/dist-packages'), ('LC_NUMERIC', 'vi_VN'), ('LC_PAPER', 'vi_VN'), ('COLCON', '1'), ('CMAKE_PREFIX_PATH', '/home/tan/Documents/workspace/ROS2_py_ws/install/ros2_user_pkg:/home/tan/Documents/workspace/ROS2_py_ws/install/my_robot_description:/opt/ros/humble')]), 'shell': False}
[0.298821] (-) TimerEvent: {}
[0.320178] (my_robot_description) StdoutLine: {'line': b'-- The C compiler identification is GNU 11.4.0\n'}
[0.323896] (ros2_user_pkg) StdoutLine: {'line': b'-- The C compiler identification is GNU 11.4.0\n'}
[0.399080] (-) TimerEvent: {}
[0.428844] (ros2_user_pkg) StdoutLine: {'line': b'-- The CXX compiler identification is GNU 11.4.0\n'}
[0.438294] (my_robot_description) StdoutLine: {'line': b'-- The CXX compiler identification is GNU 11.4.0\n'}
[0.447556] (ros2_user_pkg) StdoutLine: {'line': b'-- Detecting C compiler ABI info\n'}
[0.450968] (my_robot_description) StdoutLine: {'line': b'-- Detecting C compiler ABI info\n'}
[0.499442] (-) TimerEvent: {}
[0.588423] (ros2_user_pkg) StdoutLine: {'line': b'-- Detecting C compiler ABI info - done\n'}
[0.596541] (my_robot_description) StdoutLine: {'line': b'-- Detecting C compiler ABI info - done\n'}
[0.598854] (ros2_user_pkg) StdoutLine: {'line': b'-- Check for working C compiler: /usr/bin/cc - skipped\n'}
[0.599563] (ros2_user_pkg) StdoutLine: {'line': b'-- Detecting C compile features\n'}
[0.599724] (-) TimerEvent: {}
[0.603333] (ros2_user_pkg) StdoutLine: {'line': b'-- Detecting C compile features - done\n'}
[0.605886] (ros2_user_pkg) StdoutLine: {'line': b'-- Detecting CXX compiler ABI info\n'}
[0.610964] (my_robot_description) StdoutLine: {'line': b'-- Check for working C compiler: /usr/bin/cc - skipped\n'}
[0.611240] (my_robot_description) StdoutLine: {'line': b'-- Detecting C compile features\n'}
[0.613013] (my_robot_description) StdoutLine: {'line': b'-- Detecting C compile features - done\n'}
[0.619695] (my_robot_description) StdoutLine: {'line': b'-- Detecting CXX compiler ABI info\n'}
[0.700514] (-) TimerEvent: {}
[0.781406] (ros2_user_pkg) StdoutLine: {'line': b'-- Detecting CXX compiler ABI info - done\n'}
[0.797000] (ros2_user_pkg) StdoutLine: {'line': b'-- Check for working CXX compiler: /usr/bin/c++ - skipped\n'}
[0.800166] (ros2_user_pkg) StdoutLine: {'line': b'-- Detecting CXX compile features\n'}
[0.800826] (ros2_user_pkg) StdoutLine: {'line': b'-- Detecting CXX compile features - done\n'}
[0.800961] (-) TimerEvent: {}
[0.810591] (ros2_user_pkg) StdoutLine: {'line': b'-- Found ament_cmake: 1.3.5 (/opt/ros/humble/share/ament_cmake/cmake)\n'}
[0.875389] (my_robot_description) StdoutLine: {'line': b'-- Detecting CXX compiler ABI info - done\n'}
[0.895881] (my_robot_description) StdoutLine: {'line': b'-- Check for working CXX compiler: /usr/bin/c++ - skipped\n'}
[0.896268] (my_robot_description) StdoutLine: {'line': b'-- Detecting CXX compile features\n'}
[0.896846] (my_robot_description) StdoutLine: {'line': b'-- Detecting CXX compile features - done\n'}
[0.899807] (my_robot_description) StdoutLine: {'line': b'-- Found ament_cmake: 1.3.5 (/opt/ros/humble/share/ament_cmake/cmake)\n'}
[0.901089] (-) TimerEvent: {}
[1.001403] (-) TimerEvent: {}
[1.103277] (-) TimerEvent: {}
[1.165284] (ros2_user_pkg) StdoutLine: {'line': b'-- Found Python3: /usr/bin/python3.10 (found version "3.10.12") found components: Interpreter \n'}
[1.203994] (-) TimerEvent: {}
[1.241256] (my_robot_description) StdoutLine: {'line': b'-- Found Python3: /usr/bin/python3.10 (found version "3.10.12") found components: Interpreter \n'}
[1.272519] (ros2_user_pkg) StdoutLine: {'line': b'-- Override CMake install command with custom implementation using symlinks instead of copying resources\n'}
[1.308223] (-) TimerEvent: {}
[1.309282] (ros2_user_pkg) StdoutLine: {'line': b'-- Found rclpy: 3.3.10 (/opt/ros/humble/share/rclpy/cmake)\n'}
[1.321045] (ros2_user_pkg) StdoutLine: {'line': b'-- Found OpenCV: /usr (found version "4.5.4") \n'}
[1.323042] (ros2_user_pkg) StdoutLine: {'line': b'-- Found cv_bridge: 3.2.1 (/opt/ros/humble/share/cv_bridge/cmake)\n'}
[1.361734] (my_robot_description) StdoutLine: {'line': b'-- Override CMake install command with custom implementation using symlinks instead of copying resources\n'}
[1.391041] (ros2_user_pkg) StdoutLine: {'line': b'-- Found rosidl_generator_c: 3.1.5 (/opt/ros/humble/share/rosidl_generator_c/cmake)\n'}
[1.398001] (ros2_user_pkg) StdoutLine: {'line': b'-- Found rosidl_adapter: 3.1.5 (/opt/ros/humble/share/rosidl_adapter/cmake)\n'}
[1.408983] (-) TimerEvent: {}
[1.409916] (ros2_user_pkg) StdoutLine: {'line': b'-- Found rosidl_generator_cpp: 3.1.5 (/opt/ros/humble/share/rosidl_generator_cpp/cmake)\n'}
[1.430840] (ros2_user_pkg) StdoutLine: {'line': b'-- Using all available rosidl_typesupport_c: rosidl_typesupport_fastrtps_c;rosidl_typesupport_introspection_c\n'}
[1.463307] (ros2_user_pkg) StdoutLine: {'line': b'-- Using all available rosidl_typesupport_cpp: rosidl_typesupport_fastrtps_cpp;rosidl_typesupport_introspection_cpp\n'}
[1.509288] (-) TimerEvent: {}
[1.530871] (my_robot_description) StdoutLine: {'line': b'-- Configuring done\n'}
[1.538466] (my_robot_description) StdoutLine: {'line': b'-- Generating done\n'}
[1.541037] (my_robot_description) StdoutLine: {'line': b'-- Build files have been written to: /home/tan/Documents/workspace/ROS2_py_ws/build/my_robot_description\n'}
[1.549059] (my_robot_description) CommandEnded: {'returncode': 0}
[1.554069] (my_robot_description) JobProgress: {'identifier': 'my_robot_description', 'progress': 'build'}
[1.554179] (my_robot_description) Command: {'cmd': ['/usr/bin/cmake', '--build', '/home/tan/Documents/workspace/ROS2_py_ws/build/my_robot_description', '--', '-j4', '-l4'], 'cwd': '/home/tan/Documents/workspace/ROS2_py_ws/build/my_robot_description', 'env': OrderedDict([('GJS_DEBUG_TOPICS', 'JS ERROR;JS LOG'), ('LESSOPEN', '| /usr/bin/lesspipe %s'), ('LANGUAGE', 'en_US:'), ('USER', 'tan'), ('LC_TIME', 'vi_VN'), ('GIO_MODULE_DIR', '/home/tan/snap/code/common/.cache/gio-modules'), ('XDG_SESSION_TYPE', 'wayland'), ('GTK_EXE_PREFIX_VSCODE_SNAP_ORIG', ''), ('GDK_BACKEND_VSCODE_SNAP_ORIG', ''), ('SHLVL', '1'), ('LD_LIBRARY_PATH', '/home/tan/Documents/workspace/ROS2_py_ws/install/ros2_user_pkg/lib:/opt/ros/humble/opt/rviz_ogre_vendor/lib:/opt/ros/humble/lib/x86_64-linux-gnu:/opt/ros/humble/lib'), ('HOME', '/home/tan'), ('CHROME_DESKTOP', 'code-url-handler.desktop'), ('LOCPATH_VSCODE_SNAP_ORIG', ''), ('TERM_PROGRAM_VERSION', '1.83.1'), ('DESKTOP_SESSION', 'ubuntu'), ('GTK_PATH', '/snap/code/143/usr/lib/x86_64-linux-gnu/gtk-3.0'), ('GTK_IM_MODULE_FILE', '/home/tan/snap/code/common/.cache/immodules/immodules.cache'), ('GIO_LAUNCHED_DESKTOP_FILE', '/var/lib/snapd/desktop/applications/code_code.desktop'), ('ROS_PYTHON_VERSION', '3'), ('GNOME_SHELL_SESSION_MODE', 'ubuntu'), ('GTK_MODULES', 'gail:atk-bridge'), ('GSETTINGS_SCHEMA_DIR_VSCODE_SNAP_ORIG', ''), ('LC_MONETARY', 'vi_VN'), ('MANAGERPID', '1012'), ('SYSTEMD_EXEC_PID', '1195'), ('IM_CONFIG_CHECK_ENV', '1'), ('DBUS_SESSION_BUS_ADDRESS', 'unix:path=/run/user/1000/bus'), ('COLORTERM', 'truecolor'), ('GIO_LAUNCHED_DESKTOP_FILE_PID', '2247'), ('IM_CONFIG_PHASE', '1'), ('WAYLAND_DISPLAY', 'wayland-0'), ('COLCON_PREFIX_PATH', '/home/tan/Documents/workspace/ROS2_py_ws/install'), ('ROS_DISTRO', 'humble'), ('LOGNAME', 'tan'), ('JOURNAL_STREAM', '8:30344'), ('_', '/usr/bin/colcon'), ('ROS_VERSION', '2'), ('XDG_CONFIG_DIRS_VSCODE_SNAP_ORIG', '/etc/xdg/xdg-ubuntu:/etc/xdg'), ('XDG_SESSION_CLASS', 'user'), ('XDG_DATA_DIRS_VSCODE_SNAP_ORIG', '/usr/share/ubuntu:/usr/local/share/:/usr/share/:/var/lib/snapd/desktop'), ('USERNAME', 'tan'), ('TERM', 'xterm-256color'), ('GNOME_DESKTOP_SESSION_ID', 'this-is-deprecated'), ('ROS_LOCALHOST_ONLY', '0'), ('PATH', '/opt/ros/humble/bin:/usr/local/sbin:/usr/local/bin:/usr/sbin:/usr/bin:/sbin:/bin:/usr/games:/usr/local/games:/snap/bin:/snap/bin'), ('SESSION_MANAGER', 'local/tan-virtual-machine:@/tmp/.ICE-unix/1176,unix/tan-virtual-machine:/tmp/.ICE-unix/1176'), ('GTK_EXE_PREFIX', '/snap/code/143/usr'), ('INVOCATION_ID', '9770b2aa3e4a4b9db006186fb775401c'), ('XDG_MENU_PREFIX', 'gnome-'), ('LC_ADDRESS', 'vi_VN'), ('BAMF_DESKTOP_FILE_HINT', '/var/lib/snapd/desktop/applications/code_code.desktop'), ('GNOME_SETUP_DISPLAY', ':1'), ('XDG_RUNTIME_DIR', '/run/user/1000'), ('GDK_BACKEND', 'x11'), ('DISPLAY', ':0'), ('LOCPATH', '/snap/code/143/usr/lib/locale'), ('LANG', 'en_US.UTF-8'), ('XDG_CURRENT_DESKTOP', 'Unity'), ('LC_TELEPHONE', 'vi_VN'), ('GIO_MODULE_DIR_VSCODE_SNAP_ORIG', ''), ('XMODIFIERS', '@im=ibus'), ('XDG_SESSION_DESKTOP', 'ubuntu'), ('XAUTHORITY', '/run/user/1000/.mutter-Xwaylandauth.ZOAKC2'), ('LS_COLORS', ''), ('TERM_PROGRAM', 'vscode'), ('SSH_AGENT_LAUNCHER', 'gnome-keyring'), ('SSH_AUTH_SOCK', '/run/user/1000/keyring/ssh'), ('GSETTINGS_SCHEMA_DIR', '/home/tan/snap/code/143/.local/share/glib-2.0/schemas'), ('AMENT_PREFIX_PATH', '/home/tan/Documents/workspace/ROS2_py_ws/install/ros2_user_pkg:/home/tan/Documents/workspace/ROS2_py_ws/install/my_robot_description:/opt/ros/humble'), ('ORIGINAL_XDG_CURRENT_DESKTOP', 'ubuntu:GNOME'), ('SHELL', '/bin/bash'), ('LC_NAME', 'vi_VN'), ('QT_ACCESSIBILITY', '1'), ('GDMSESSION', 'ubuntu'), ('LESSCLOSE', '/usr/bin/lesspipe %s %s'), ('GTK_PATH_VSCODE_SNAP_ORIG', ''), ('GTK_IM_MODULE_FILE_VSCODE_SNAP_ORIG', ''), ('LC_MEASUREMENT', 'vi_VN'), ('GJS_DEBUG_OUTPUT', 'stderr'), ('LC_IDENTIFICATION', 'vi_VN'), ('QT_IM_MODULE', 'ibus'), ('PWD', '/home/tan/Documents/workspace/ROS2_py_ws/build/my_robot_description'), ('LC_ALL', 'en_US.UTF-8'), ('XDG_CONFIG_DIRS', '/etc/xdg/xdg-ubuntu:/etc/xdg'), ('XDG_DATA_DIRS', '/home/tan/snap/code/143/.local/share:/home/tan/snap/code/143:/snap/code/143/usr/share:/usr/share/ubuntu:/usr/local/share/:/usr/share/:/var/lib/snapd/desktop'), ('PYTHONPATH', '/home/tan/Documents/workspace/ROS2_py_ws/install/ros2_user_pkg/local/lib/python3.10/dist-packages:/opt/ros/humble/lib/python3.10/site-packages:/opt/ros/humble/local/lib/python3.10/dist-packages'), ('LC_NUMERIC', 'vi_VN'), ('LC_PAPER', 'vi_VN'), ('COLCON', '1'), ('CMAKE_PREFIX_PATH', '/home/tan/Documents/workspace/ROS2_py_ws/install/ros2_user_pkg:/home/tan/Documents/workspace/ROS2_py_ws/install/my_robot_description:/opt/ros/humble')]), 'shell': False}
[1.609415] (-) TimerEvent: {}
[1.629751] (my_robot_description) CommandEnded: {'returncode': 0}
[1.700572] (my_robot_description) JobProgress: {'identifier': 'my_robot_description', 'progress': 'install'}
[1.709848] (-) TimerEvent: {}
[1.718250] (my_robot_description) Command: {'cmd': ['/usr/bin/cmake', '--install', '/home/tan/Documents/workspace/ROS2_py_ws/build/my_robot_description'], 'cwd': '/home/tan/Documents/workspace/ROS2_py_ws/build/my_robot_description', 'env': OrderedDict([('GJS_DEBUG_TOPICS', 'JS ERROR;JS LOG'), ('LESSOPEN', '| /usr/bin/lesspipe %s'), ('LANGUAGE', 'en_US:'), ('USER', 'tan'), ('LC_TIME', 'vi_VN'), ('GIO_MODULE_DIR', '/home/tan/snap/code/common/.cache/gio-modules'), ('XDG_SESSION_TYPE', 'wayland'), ('GTK_EXE_PREFIX_VSCODE_SNAP_ORIG', ''), ('GDK_BACKEND_VSCODE_SNAP_ORIG', ''), ('SHLVL', '1'), ('LD_LIBRARY_PATH', '/home/tan/Documents/workspace/ROS2_py_ws/install/ros2_user_pkg/lib:/opt/ros/humble/opt/rviz_ogre_vendor/lib:/opt/ros/humble/lib/x86_64-linux-gnu:/opt/ros/humble/lib'), ('HOME', '/home/tan'), ('CHROME_DESKTOP', 'code-url-handler.desktop'), ('LOCPATH_VSCODE_SNAP_ORIG', ''), ('TERM_PROGRAM_VERSION', '1.83.1'), ('DESKTOP_SESSION', 'ubuntu'), ('GTK_PATH', '/snap/code/143/usr/lib/x86_64-linux-gnu/gtk-3.0'), ('GTK_IM_MODULE_FILE', '/home/tan/snap/code/common/.cache/immodules/immodules.cache'), ('GIO_LAUNCHED_DESKTOP_FILE', '/var/lib/snapd/desktop/applications/code_code.desktop'), ('ROS_PYTHON_VERSION', '3'), ('GNOME_SHELL_SESSION_MODE', 'ubuntu'), ('GTK_MODULES', 'gail:atk-bridge'), ('GSETTINGS_SCHEMA_DIR_VSCODE_SNAP_ORIG', ''), ('LC_MONETARY', 'vi_VN'), ('MANAGERPID', '1012'), ('SYSTEMD_EXEC_PID', '1195'), ('IM_CONFIG_CHECK_ENV', '1'), ('DBUS_SESSION_BUS_ADDRESS', 'unix:path=/run/user/1000/bus'), ('COLORTERM', 'truecolor'), ('GIO_LAUNCHED_DESKTOP_FILE_PID', '2247'), ('IM_CONFIG_PHASE', '1'), ('WAYLAND_DISPLAY', 'wayland-0'), ('COLCON_PREFIX_PATH', '/home/tan/Documents/workspace/ROS2_py_ws/install'), ('ROS_DISTRO', 'humble'), ('LOGNAME', 'tan'), ('JOURNAL_STREAM', '8:30344'), ('_', '/usr/bin/colcon'), ('ROS_VERSION', '2'), ('XDG_CONFIG_DIRS_VSCODE_SNAP_ORIG', '/etc/xdg/xdg-ubuntu:/etc/xdg'), ('XDG_SESSION_CLASS', 'user'), ('XDG_DATA_DIRS_VSCODE_SNAP_ORIG', '/usr/share/ubuntu:/usr/local/share/:/usr/share/:/var/lib/snapd/desktop'), ('USERNAME', 'tan'), ('TERM', 'xterm-256color'), ('GNOME_DESKTOP_SESSION_ID', 'this-is-deprecated'), ('ROS_LOCALHOST_ONLY', '0'), ('PATH', '/opt/ros/humble/bin:/usr/local/sbin:/usr/local/bin:/usr/sbin:/usr/bin:/sbin:/bin:/usr/games:/usr/local/games:/snap/bin:/snap/bin'), ('SESSION_MANAGER', 'local/tan-virtual-machine:@/tmp/.ICE-unix/1176,unix/tan-virtual-machine:/tmp/.ICE-unix/1176'), ('GTK_EXE_PREFIX', '/snap/code/143/usr'), ('INVOCATION_ID', '9770b2aa3e4a4b9db006186fb775401c'), ('XDG_MENU_PREFIX', 'gnome-'), ('LC_ADDRESS', 'vi_VN'), ('BAMF_DESKTOP_FILE_HINT', '/var/lib/snapd/desktop/applications/code_code.desktop'), ('GNOME_SETUP_DISPLAY', ':1'), ('XDG_RUNTIME_DIR', '/run/user/1000'), ('GDK_BACKEND', 'x11'), ('DISPLAY', ':0'), ('LOCPATH', '/snap/code/143/usr/lib/locale'), ('LANG', 'en_US.UTF-8'), ('XDG_CURRENT_DESKTOP', 'Unity'), ('LC_TELEPHONE', 'vi_VN'), ('GIO_MODULE_DIR_VSCODE_SNAP_ORIG', ''), ('XMODIFIERS', '@im=ibus'), ('XDG_SESSION_DESKTOP', 'ubuntu'), ('XAUTHORITY', '/run/user/1000/.mutter-Xwaylandauth.ZOAKC2'), ('LS_COLORS', ''), ('TERM_PROGRAM', 'vscode'), ('SSH_AGENT_LAUNCHER', 'gnome-keyring'), ('SSH_AUTH_SOCK', '/run/user/1000/keyring/ssh'), ('GSETTINGS_SCHEMA_DIR', '/home/tan/snap/code/143/.local/share/glib-2.0/schemas'), ('AMENT_PREFIX_PATH', '/home/tan/Documents/workspace/ROS2_py_ws/install/ros2_user_pkg:/home/tan/Documents/workspace/ROS2_py_ws/install/my_robot_description:/opt/ros/humble'), ('ORIGINAL_XDG_CURRENT_DESKTOP', 'ubuntu:GNOME'), ('SHELL', '/bin/bash'), ('LC_NAME', 'vi_VN'), ('QT_ACCESSIBILITY', '1'), ('GDMSESSION', 'ubuntu'), ('LESSCLOSE', '/usr/bin/lesspipe %s %s'), ('GTK_PATH_VSCODE_SNAP_ORIG', ''), ('GTK_IM_MODULE_FILE_VSCODE_SNAP_ORIG', ''), ('LC_MEASUREMENT', 'vi_VN'), ('GJS_DEBUG_OUTPUT', 'stderr'), ('LC_IDENTIFICATION', 'vi_VN'), ('QT_IM_MODULE', 'ibus'), ('PWD', '/home/tan/Documents/workspace/ROS2_py_ws/build/my_robot_description'), ('LC_ALL', 'en_US.UTF-8'), ('XDG_CONFIG_DIRS', '/etc/xdg/xdg-ubuntu:/etc/xdg'), ('XDG_DATA_DIRS', '/home/tan/snap/code/143/.local/share:/home/tan/snap/code/143:/snap/code/143/usr/share:/usr/share/ubuntu:/usr/local/share/:/usr/share/:/var/lib/snapd/desktop'), ('PYTHONPATH', '/home/tan/Documents/workspace/ROS2_py_ws/install/ros2_user_pkg/local/lib/python3.10/dist-packages:/opt/ros/humble/lib/python3.10/site-packages:/opt/ros/humble/local/lib/python3.10/dist-packages'), ('LC_NUMERIC', 'vi_VN'), ('LC_PAPER', 'vi_VN'), ('COLCON', '1'), ('CMAKE_PREFIX_PATH', '/home/tan/Documents/workspace/ROS2_py_ws/install/ros2_user_pkg:/home/tan/Documents/workspace/ROS2_py_ws/install/my_robot_description:/opt/ros/humble')]), 'shell': False}
[1.748092] (my_robot_description) StdoutLine: {'line': b'-- Install configuration: ""\n'}
[1.750966] (my_robot_description) StdoutLine: {'line': b'-- Execute custom install script\n'}
[1.753065] (my_robot_description) StdoutLine: {'line': b'-- Symlinking: /home/tan/Documents/workspace/ROS2_py_ws/install/my_robot_description/share//urdf/my_robot.urdf\n'}
[1.777353] (my_robot_description) StdoutLine: {'line': b'-- Symlinking: /home/tan/Documents/workspace/ROS2_py_ws/install/my_robot_description/share//launch/display.launch.py\n'}
[1.798434] (my_robot_description) StdoutLine: {'line': b'-- Symlinking: /home/tan/Documents/workspace/ROS2_py_ws/install/my_robot_description/share//launch/display.launch.xml\n'}
[1.810830] (-) TimerEvent: {}
[1.822265] (my_robot_description) StdoutLine: {'line': b'-- Symlinking: /home/tan/Documents/workspace/ROS2_py_ws/install/my_robot_description/share/ament_index/resource_index/package_run_dependencies/my_robot_description\n'}
[1.837569] (my_robot_description) StdoutLine: {'line': b'-- Symlinking: /home/tan/Documents/workspace/ROS2_py_ws/install/my_robot_description/share/ament_index/resource_index/parent_prefix_path/my_robot_description\n'}
[1.845720] (ros2_user_pkg) StdoutLine: {'line': b'-- Found rosidl_default_generators: 1.2.0 (/opt/ros/humble/share/rosidl_default_generators/cmake)\n'}
[1.857949] (my_robot_description) StdoutLine: {'line': b'-- Symlinking: /home/tan/Documents/workspace/ROS2_py_ws/install/my_robot_description/share/my_robot_description/environment/ament_prefix_path.sh\n'}
[1.892814] (my_robot_description) StdoutLine: {'line': b'-- Symlinking: /home/tan/Documents/workspace/ROS2_py_ws/install/my_robot_description/share/my_robot_description/environment/ament_prefix_path.dsv\n'}
[1.908521] (my_robot_description) StdoutLine: {'line': b'-- Symlinking: /home/tan/Documents/workspace/ROS2_py_ws/install/my_robot_description/share/my_robot_description/environment/path.sh\n'}
[1.911275] (-) TimerEvent: {}
[1.925309] (my_robot_description) StdoutLine: {'line': b'-- Symlinking: /home/tan/Documents/workspace/ROS2_py_ws/install/my_robot_description/share/my_robot_description/environment/path.dsv\n'}
[1.954381] (my_robot_description) StdoutLine: {'line': b'-- Symlinking: /home/tan/Documents/workspace/ROS2_py_ws/install/my_robot_description/share/my_robot_description/local_setup.bash\n'}
[1.982757] (my_robot_description) StdoutLine: {'line': b'-- Symlinking: /home/tan/Documents/workspace/ROS2_py_ws/install/my_robot_description/share/my_robot_description/local_setup.sh\n'}
[2.002671] (my_robot_description) StdoutLine: {'line': b'-- Symlinking: /home/tan/Documents/workspace/ROS2_py_ws/install/my_robot_description/share/my_robot_description/local_setup.zsh\n'}
[2.011600] (-) TimerEvent: {}
[2.029205] (my_robot_description) StdoutLine: {'line': b'-- Symlinking: /home/tan/Documents/workspace/ROS2_py_ws/install/my_robot_description/share/my_robot_description/local_setup.dsv\n'}
[2.055194] (my_robot_description) StdoutLine: {'line': b'-- Symlinking: /home/tan/Documents/workspace/ROS2_py_ws/install/my_robot_description/share/my_robot_description/package.dsv\n'}
[2.079949] (my_robot_description) StdoutLine: {'line': b'-- Symlinking: /home/tan/Documents/workspace/ROS2_py_ws/install/my_robot_description/share/ament_index/resource_index/packages/my_robot_description\n'}
[2.099892] (my_robot_description) StdoutLine: {'line': b'-- Symlinking: /home/tan/Documents/workspace/ROS2_py_ws/install/my_robot_description/share/my_robot_description/cmake/my_robot_descriptionConfig.cmake\n'}
[2.112290] (-) TimerEvent: {}
[2.117691] (my_robot_description) StdoutLine: {'line': b'-- Symlinking: /home/tan/Documents/workspace/ROS2_py_ws/install/my_robot_description/share/my_robot_description/cmake/my_robot_descriptionConfig-version.cmake\n'}
[2.138178] (my_robot_description) StdoutLine: {'line': b'-- Symlinking: /home/tan/Documents/workspace/ROS2_py_ws/install/my_robot_description/share/my_robot_description/package.xml\n'}
[2.161697] (my_robot_description) CommandEnded: {'returncode': 0}
[2.213128] (-) TimerEvent: {}
[2.314317] (-) TimerEvent: {}
[2.415268] (-) TimerEvent: {}
[2.449395] (my_robot_description) JobEnded: {'identifier': 'my_robot_description', 'rc': 0}
[2.515649] (-) TimerEvent: {}
[2.554250] (ros2_user_pkg) StdoutLine: {'line': b'-- Found ament_cmake_ros: 0.10.0 (/opt/ros/humble/share/ament_cmake_ros/cmake)\n'}
[2.615921] (-) TimerEvent: {}
[2.716618] (-) TimerEvent: {}
[2.817374] (-) TimerEvent: {}
[2.917995] (-) TimerEvent: {}
[3.018407] (-) TimerEvent: {}
[3.118985] (-) TimerEvent: {}
[3.220623] (-) TimerEvent: {}
[3.321752] (-) TimerEvent: {}
[3.422695] (-) TimerEvent: {}
[3.447637] (ros2_user_pkg) StdoutLine: {'line': b'-- Using all available rosidl_typesupport_c: rosidl_typesupport_fastrtps_c;rosidl_typesupport_introspection_c\n'}
[3.523521] (-) TimerEvent: {}
[3.624533] (-) TimerEvent: {}
[3.725092] (-) TimerEvent: {}
[3.811758] (ros2_user_pkg) StdoutLine: {'line': b'-- Using all available rosidl_typesupport_cpp: rosidl_typesupport_fastrtps_cpp;rosidl_typesupport_introspection_cpp\n'}
[3.825532] (-) TimerEvent: {}
[3.851952] (ros2_user_pkg) StdoutLine: {'line': b'-- Found PythonInterp: /usr/bin/python3 (found suitable version "3.10.12", minimum required is "3.6") \n'}
[3.855261] (ros2_user_pkg) StdoutLine: {'line': b'-- Found python_cmake_module: 0.10.0 (/opt/ros/humble/share/python_cmake_module/cmake)\n'}
[3.911166] (ros2_user_pkg) StdoutLine: {'line': b'-- Found PythonLibs: /usr/lib/x86_64-linux-gnu/libpython3.10.so (found suitable version "3.10.12", minimum required is "3.5") \n'}
[3.911932] (ros2_user_pkg) StdoutLine: {'line': b'-- Using PYTHON_EXECUTABLE: /usr/bin/python3\n'}
[3.912056] (ros2_user_pkg) StdoutLine: {'line': b'-- Using PYTHON_INCLUDE_DIRS: /usr/include/python3.10\n'}
[3.912143] (ros2_user_pkg) StdoutLine: {'line': b'-- Using PYTHON_LIBRARIES: /usr/lib/x86_64-linux-gnu/libpython3.10.so\n'}
[3.925892] (-) TimerEvent: {}
[3.953399] (ros2_user_pkg) StdoutLine: {'line': b'-- Found PythonExtra: .so  \n'}
[4.026472] (-) TimerEvent: {}
[4.115765] (ros2_user_pkg) StdoutLine: {'line': b'-- Found ament_lint_auto: 0.12.8 (/opt/ros/humble/share/ament_lint_auto/cmake)\n'}
[4.126640] (-) TimerEvent: {}
[4.161177] (ros2_user_pkg) StdoutLine: {'line': b"-- Added test 'flake8' to check Python code syntax and style conventions\n"}
[4.162253] (ros2_user_pkg) StdoutLine: {'line': b"-- Added test 'lint_cmake' to check CMake code style\n"}
[4.164428] (ros2_user_pkg) StdoutLine: {'line': b"-- Added test 'pep257' to check Python code against some of the docstring style conventions in PEP 257\n"}
[4.169311] (ros2_user_pkg) StdoutLine: {'line': b"-- Added test 'xmllint' to check XML markup files\n"}
[4.180290] (ros2_user_pkg) StdoutLine: {'line': b'-- Configuring done\n'}
[4.226879] (-) TimerEvent: {}
[4.264037] (ros2_user_pkg) StdoutLine: {'line': b'-- Generating done\n'}
[4.269983] (ros2_user_pkg) StdoutLine: {'line': b'-- Build files have been written to: /home/tan/Documents/workspace/ROS2_py_ws/build/ros2_user_pkg\n'}
[4.291417] (ros2_user_pkg) CommandEnded: {'returncode': 0}
[4.292382] (ros2_user_pkg) JobProgress: {'identifier': 'ros2_user_pkg', 'progress': 'build'}
[4.293850] (ros2_user_pkg) Command: {'cmd': ['/usr/bin/cmake', '--build', '/home/tan/Documents/workspace/ROS2_py_ws/build/ros2_user_pkg', '--', '-j4', '-l4'], 'cwd': '/home/tan/Documents/workspace/ROS2_py_ws/build/ros2_user_pkg', 'env': OrderedDict([('GJS_DEBUG_TOPICS', 'JS ERROR;JS LOG'), ('LESSOPEN', '| /usr/bin/lesspipe %s'), ('LANGUAGE', 'en_US:'), ('USER', 'tan'), ('LC_TIME', 'vi_VN'), ('GIO_MODULE_DIR', '/home/tan/snap/code/common/.cache/gio-modules'), ('XDG_SESSION_TYPE', 'wayland'), ('GTK_EXE_PREFIX_VSCODE_SNAP_ORIG', ''), ('GDK_BACKEND_VSCODE_SNAP_ORIG', ''), ('SHLVL', '1'), ('LD_LIBRARY_PATH', '/home/tan/Documents/workspace/ROS2_py_ws/install/ros2_user_pkg/lib:/opt/ros/humble/opt/rviz_ogre_vendor/lib:/opt/ros/humble/lib/x86_64-linux-gnu:/opt/ros/humble/lib'), ('HOME', '/home/tan'), ('CHROME_DESKTOP', 'code-url-handler.desktop'), ('LOCPATH_VSCODE_SNAP_ORIG', ''), ('TERM_PROGRAM_VERSION', '1.83.1'), ('DESKTOP_SESSION', 'ubuntu'), ('GTK_PATH', '/snap/code/143/usr/lib/x86_64-linux-gnu/gtk-3.0'), ('GTK_IM_MODULE_FILE', '/home/tan/snap/code/common/.cache/immodules/immodules.cache'), ('GIO_LAUNCHED_DESKTOP_FILE', '/var/lib/snapd/desktop/applications/code_code.desktop'), ('ROS_PYTHON_VERSION', '3'), ('GNOME_SHELL_SESSION_MODE', 'ubuntu'), ('GTK_MODULES', 'gail:atk-bridge'), ('GSETTINGS_SCHEMA_DIR_VSCODE_SNAP_ORIG', ''), ('LC_MONETARY', 'vi_VN'), ('MANAGERPID', '1012'), ('SYSTEMD_EXEC_PID', '1195'), ('IM_CONFIG_CHECK_ENV', '1'), ('DBUS_SESSION_BUS_ADDRESS', 'unix:path=/run/user/1000/bus'), ('COLORTERM', 'truecolor'), ('GIO_LAUNCHED_DESKTOP_FILE_PID', '2247'), ('IM_CONFIG_PHASE', '1'), ('WAYLAND_DISPLAY', 'wayland-0'), ('COLCON_PREFIX_PATH', '/home/tan/Documents/workspace/ROS2_py_ws/install'), ('ROS_DISTRO', 'humble'), ('LOGNAME', 'tan'), ('JOURNAL_STREAM', '8:30344'), ('_', '/usr/bin/colcon'), ('ROS_VERSION', '2'), ('XDG_CONFIG_DIRS_VSCODE_SNAP_ORIG', '/etc/xdg/xdg-ubuntu:/etc/xdg'), ('XDG_SESSION_CLASS', 'user'), ('XDG_DATA_DIRS_VSCODE_SNAP_ORIG', '/usr/share/ubuntu:/usr/local/share/:/usr/share/:/var/lib/snapd/desktop'), ('USERNAME', 'tan'), ('TERM', 'xterm-256color'), ('GNOME_DESKTOP_SESSION_ID', 'this-is-deprecated'), ('ROS_LOCALHOST_ONLY', '0'), ('PATH', '/opt/ros/humble/bin:/usr/local/sbin:/usr/local/bin:/usr/sbin:/usr/bin:/sbin:/bin:/usr/games:/usr/local/games:/snap/bin:/snap/bin'), ('SESSION_MANAGER', 'local/tan-virtual-machine:@/tmp/.ICE-unix/1176,unix/tan-virtual-machine:/tmp/.ICE-unix/1176'), ('GTK_EXE_PREFIX', '/snap/code/143/usr'), ('INVOCATION_ID', '9770b2aa3e4a4b9db006186fb775401c'), ('XDG_MENU_PREFIX', 'gnome-'), ('LC_ADDRESS', 'vi_VN'), ('BAMF_DESKTOP_FILE_HINT', '/var/lib/snapd/desktop/applications/code_code.desktop'), ('GNOME_SETUP_DISPLAY', ':1'), ('XDG_RUNTIME_DIR', '/run/user/1000'), ('GDK_BACKEND', 'x11'), ('DISPLAY', ':0'), ('LOCPATH', '/snap/code/143/usr/lib/locale'), ('LANG', 'en_US.UTF-8'), ('XDG_CURRENT_DESKTOP', 'Unity'), ('LC_TELEPHONE', 'vi_VN'), ('GIO_MODULE_DIR_VSCODE_SNAP_ORIG', ''), ('XMODIFIERS', '@im=ibus'), ('XDG_SESSION_DESKTOP', 'ubuntu'), ('XAUTHORITY', '/run/user/1000/.mutter-Xwaylandauth.ZOAKC2'), ('LS_COLORS', ''), ('TERM_PROGRAM', 'vscode'), ('SSH_AGENT_LAUNCHER', 'gnome-keyring'), ('SSH_AUTH_SOCK', '/run/user/1000/keyring/ssh'), ('GSETTINGS_SCHEMA_DIR', '/home/tan/snap/code/143/.local/share/glib-2.0/schemas'), ('AMENT_PREFIX_PATH', '/home/tan/Documents/workspace/ROS2_py_ws/install/ros2_user_pkg:/home/tan/Documents/workspace/ROS2_py_ws/install/my_robot_description:/opt/ros/humble'), ('ORIGINAL_XDG_CURRENT_DESKTOP', 'ubuntu:GNOME'), ('SHELL', '/bin/bash'), ('LC_NAME', 'vi_VN'), ('QT_ACCESSIBILITY', '1'), ('GDMSESSION', 'ubuntu'), ('LESSCLOSE', '/usr/bin/lesspipe %s %s'), ('GTK_PATH_VSCODE_SNAP_ORIG', ''), ('GTK_IM_MODULE_FILE_VSCODE_SNAP_ORIG', ''), ('LC_MEASUREMENT', 'vi_VN'), ('GJS_DEBUG_OUTPUT', 'stderr'), ('LC_IDENTIFICATION', 'vi_VN'), ('QT_IM_MODULE', 'ibus'), ('PWD', '/home/tan/Documents/workspace/ROS2_py_ws/build/ros2_user_pkg'), ('LC_ALL', 'en_US.UTF-8'), ('XDG_CONFIG_DIRS', '/etc/xdg/xdg-ubuntu:/etc/xdg'), ('XDG_DATA_DIRS', '/home/tan/snap/code/143/.local/share:/home/tan/snap/code/143:/snap/code/143/usr/share:/usr/share/ubuntu:/usr/local/share/:/usr/share/:/var/lib/snapd/desktop'), ('PYTHONPATH', '/home/tan/Documents/workspace/ROS2_py_ws/install/ros2_user_pkg/local/lib/python3.10/dist-packages:/opt/ros/humble/lib/python3.10/site-packages:/opt/ros/humble/local/lib/python3.10/dist-packages'), ('LC_NUMERIC', 'vi_VN'), ('LC_PAPER', 'vi_VN'), ('COLCON', '1'), ('CMAKE_PREFIX_PATH', '/home/tan/Documents/workspace/ROS2_py_ws/install/ros2_user_pkg:/home/tan/Documents/workspace/ROS2_py_ws/install/my_robot_description:/opt/ros/humble')]), 'shell': False}
[4.327036] (-) TimerEvent: {}
[4.403088] (ros2_user_pkg) StdoutLine: {'line': b'[  2%] \x1b[34m\x1b[1mGenerating C code for ROS interfaces\x1b[0m\n'}
[4.419305] (ros2_user_pkg) StdoutLine: {'line': b'[  4%] \x1b[34m\x1b[1mGenerating C++ code for ROS interfaces\x1b[0m\n'}
[4.427335] (-) TimerEvent: {}
[4.444738] (ros2_user_pkg) StdoutLine: {'line': b'[  4%] Built target ament_cmake_python_symlink_scripts\n'}
[4.485543] (ros2_user_pkg) StdoutLine: {'line': b'[  4%] Built target ament_cmake_python_symlink_ros2_user_pkg\n'}
[4.527523] (-) TimerEvent: {}
[4.637152] (-) TimerEvent: {}
[4.737917] (-) TimerEvent: {}
[4.841211] (-) TimerEvent: {}
[4.942137] (-) TimerEvent: {}
[5.043041] (-) TimerEvent: {}
[5.143733] (-) TimerEvent: {}
[5.244412] (-) TimerEvent: {}
[5.316182] (ros2_user_pkg) StdoutLine: {'line': b'running egg_info\n'}
[5.319615] (ros2_user_pkg) StdoutLine: {'line': b'creating ros2_user_pkg.egg-info\n'}
[5.325490] (ros2_user_pkg) StdoutLine: {'line': b'writing ros2_user_pkg.egg-info/PKG-INFO\n'}
[5.325879] (ros2_user_pkg) StdoutLine: {'line': b'writing dependency_links to ros2_user_pkg.egg-info/dependency_links.txt\n'}
[5.326001] (ros2_user_pkg) StdoutLine: {'line': b'writing top-level names to ros2_user_pkg.egg-info/top_level.txt\n'}
[5.326090] (ros2_user_pkg) StdoutLine: {'line': b"writing manifest file 'ros2_user_pkg.egg-info/SOURCES.txt'\n"}
[5.332347] (ros2_user_pkg) StdoutLine: {'line': b"reading manifest file 'ros2_user_pkg.egg-info/SOURCES.txt'\n"}
[5.333137] (ros2_user_pkg) StdoutLine: {'line': b"writing manifest file 'ros2_user_pkg.egg-info/SOURCES.txt'\n"}
[5.345141] (-) TimerEvent: {}
[5.383957] (ros2_user_pkg) StdoutLine: {'line': b'running egg_info\n'}
[5.384430] (ros2_user_pkg) StdoutLine: {'line': b'creating scripts.egg-info\n'}
[5.384546] (ros2_user_pkg) StdoutLine: {'line': b'writing scripts.egg-info/PKG-INFO\n'}
[5.385823] (ros2_user_pkg) StdoutLine: {'line': b'writing dependency_links to scripts.egg-info/dependency_links.txt\n'}
[5.387327] (ros2_user_pkg) StdoutLine: {'line': b'writing top-level names to scripts.egg-info/top_level.txt\n'}
[5.390560] (ros2_user_pkg) StdoutLine: {'line': b"writing manifest file 'scripts.egg-info/SOURCES.txt'\n"}
[5.392937] (ros2_user_pkg) StdoutLine: {'line': b"reading manifest file 'scripts.egg-info/SOURCES.txt'\n"}
[5.393323] (ros2_user_pkg) StdoutLine: {'line': b"writing manifest file 'scripts.egg-info/SOURCES.txt'\n"}
[5.433084] (ros2_user_pkg) StdoutLine: {'line': b'[  4%] Built target ament_cmake_python_build_scripts_egg\n'}
[5.437172] (ros2_user_pkg) StdoutLine: {'line': b'[  4%] Built target ament_cmake_python_build_ros2_user_pkg_egg\n'}
[5.449122] (-) TimerEvent: {}
[5.549912] (-) TimerEvent: {}
[5.650346] (-) TimerEvent: {}
[5.750979] (-) TimerEvent: {}
[5.851753] (-) TimerEvent: {}
[5.894699] (ros2_user_pkg) StdoutLine: {'line': b'[  6%] \x1b[32mBuilding C object CMakeFiles/ros2_user_pkg__rosidl_generator_c.dir/rosidl_generator_c/ros2_user_pkg/srv/detail/odd_even_check__functions.c.o\x1b[0m\n'}
[5.895818] (ros2_user_pkg) StdoutLine: {'line': b'[  8%] \x1b[32mBuilding C object CMakeFiles/ros2_user_pkg__rosidl_generator_c.dir/rosidl_generator_c/ros2_user_pkg/srv/detail/image_service__functions.c.o\x1b[0m\n'}
[5.899345] (ros2_user_pkg) StdoutLine: {'line': b'[ 10%] \x1b[32mBuilding C object CMakeFiles/ros2_user_pkg__rosidl_generator_c.dir/rosidl_generator_c/ros2_user_pkg/action/detail/navigate__functions.c.o\x1b[0m\n'}
[5.917422] (ros2_user_pkg) StdoutLine: {'line': b'[ 10%] Built target ros2_user_pkg__cpp\n'}
[5.951923] (-) TimerEvent: {}
[5.956705] (ros2_user_pkg) StdoutLine: {'line': b'[ 12%] \x1b[34m\x1b[1mGenerating C++ type support dispatch for ROS interfaces\x1b[0m\n'}
[6.038088] (ros2_user_pkg) StdoutLine: {'line': b'[ 14%] \x1b[34m\x1b[1mGenerating C++ type support for eProsima Fast-RTPS\x1b[0m\n'}
[6.045991] (ros2_user_pkg) StdoutLine: {'line': b'[ 17%] \x1b[34m\x1b[1mGenerating C++ introspection for ROS interfaces\x1b[0m\n'}
[6.052155] (-) TimerEvent: {}
[6.153433] (-) TimerEvent: {}
[6.237988] (ros2_user_pkg) StdoutLine: {'line': b'[ 19%] \x1b[32m\x1b[1mLinking C shared library libros2_user_pkg__rosidl_generator_c.so\x1b[0m\n'}
[6.253737] (-) TimerEvent: {}
[6.355371] (-) TimerEvent: {}
[6.394520] (ros2_user_pkg) StdoutLine: {'line': b'[ 19%] Built target ros2_user_pkg__rosidl_generator_c\n'}
[6.447363] (ros2_user_pkg) StdoutLine: {'line': b'[ 21%] \x1b[34m\x1b[1mGenerating C type support for eProsima Fast-RTPS\x1b[0m\n'}
[6.455569] (-) TimerEvent: {}
[6.562391] (-) TimerEvent: {}
[6.663409] (-) TimerEvent: {}
[6.764197] (-) TimerEvent: {}
[6.841244] (ros2_user_pkg) StdoutLine: {'line': b'[ 23%] \x1b[32mBuilding CXX object CMakeFiles/ros2_user_pkg__rosidl_typesupport_cpp.dir/rosidl_typesupport_cpp/ros2_user_pkg/srv/odd_even_check__type_support.cpp.o\x1b[0m\n'}
[6.864355] (-) TimerEvent: {}
[6.965116] (-) TimerEvent: {}
[7.066213] (-) TimerEvent: {}
[7.115847] (ros2_user_pkg) StdoutLine: {'line': b'[ 25%] \x1b[32mBuilding CXX object CMakeFiles/ros2_user_pkg__rosidl_typesupport_introspection_cpp.dir/rosidl_typesupport_introspection_cpp/ros2_user_pkg/srv/detail/odd_even_check__type_support.cpp.o\x1b[0m\n'}
[7.166989] (-) TimerEvent: {}
[7.268234] (-) TimerEvent: {}
[7.281611] (ros2_user_pkg) StdoutLine: {'line': b'[ 27%] \x1b[32mBuilding CXX object CMakeFiles/ros2_user_pkg__rosidl_typesupport_fastrtps_cpp.dir/rosidl_typesupport_fastrtps_cpp/ros2_user_pkg/srv/detail/dds_fastrtps/odd_even_check__type_support.cpp.o\x1b[0m\n'}
[7.368453] (-) TimerEvent: {}
[7.447630] (ros2_user_pkg) StdoutLine: {'line': b'[ 29%] \x1b[32mBuilding CXX object CMakeFiles/ros2_user_pkg__rosidl_typesupport_cpp.dir/rosidl_typesupport_cpp/ros2_user_pkg/srv/image_service__type_support.cpp.o\x1b[0m\n'}
[7.469360] (-) TimerEvent: {}
[7.554357] (ros2_user_pkg) StdoutLine: {'line': b'[ 31%] \x1b[32mBuilding CXX object CMakeFiles/ros2_user_pkg__rosidl_typesupport_fastrtps_c.dir/rosidl_typesupport_fastrtps_c/ros2_user_pkg/srv/detail/odd_even_check__type_support_c.cpp.o\x1b[0m\n'}
[7.569452] (-) TimerEvent: {}
[7.670609] (-) TimerEvent: {}
[7.771954] (-) TimerEvent: {}
[7.873104] (-) TimerEvent: {}
[7.954197] (ros2_user_pkg) StdoutLine: {'line': b'[ 34%] \x1b[32mBuilding CXX object CMakeFiles/ros2_user_pkg__rosidl_typesupport_introspection_cpp.dir/rosidl_typesupport_introspection_cpp/ros2_user_pkg/srv/detail/image_service__type_support.cpp.o\x1b[0m\n'}
[7.973351] (-) TimerEvent: {}
[8.074563] (-) TimerEvent: {}
[8.175724] (-) TimerEvent: {}
[8.193093] (ros2_user_pkg) StdoutLine: {'line': b'[ 36%] \x1b[32mBuilding CXX object CMakeFiles/ros2_user_pkg__rosidl_typesupport_cpp.dir/rosidl_typesupport_cpp/ros2_user_pkg/action/navigate__type_support.cpp.o\x1b[0m\n'}
[8.237059] (ros2_user_pkg) StdoutLine: {'line': b'[ 38%] \x1b[32mBuilding CXX object CMakeFiles/ros2_user_pkg__rosidl_typesupport_fastrtps_c.dir/rosidl_typesupport_fastrtps_c/ros2_user_pkg/srv/detail/image_service__type_support_c.cpp.o\x1b[0m\n'}
[8.275908] (-) TimerEvent: {}
[8.376637] (-) TimerEvent: {}
[8.426717] (ros2_user_pkg) StdoutLine: {'line': b'[ 40%] \x1b[32mBuilding CXX object CMakeFiles/ros2_user_pkg__rosidl_typesupport_fastrtps_cpp.dir/rosidl_typesupport_fastrtps_cpp/ros2_user_pkg/srv/detail/dds_fastrtps/image_service__type_support.cpp.o\x1b[0m\n'}
[8.476856] (-) TimerEvent: {}
[8.578046] (-) TimerEvent: {}
[8.679313] (-) TimerEvent: {}
[8.754020] (ros2_user_pkg) StdoutLine: {'line': b'[ 42%] \x1b[32mBuilding CXX object CMakeFiles/ros2_user_pkg__rosidl_typesupport_introspection_cpp.dir/rosidl_typesupport_introspection_cpp/ros2_user_pkg/action/detail/navigate__type_support.cpp.o\x1b[0m\n'}
[8.779539] (-) TimerEvent: {}
[8.881041] (-) TimerEvent: {}
[8.982435] (-) TimerEvent: {}
[8.994408] (ros2_user_pkg) StdoutLine: {'line': b'[ 44%] \x1b[32mBuilding CXX object CMakeFiles/ros2_user_pkg__rosidl_typesupport_fastrtps_c.dir/rosidl_typesupport_fastrtps_c/ros2_user_pkg/action/detail/navigate__type_support_c.cpp.o\x1b[0m\n'}
[9.082644] (-) TimerEvent: {}
[9.184336] (-) TimerEvent: {}
[9.212376] (ros2_user_pkg) StdoutLine: {'line': b'[ 46%] \x1b[32m\x1b[1mLinking CXX shared library libros2_user_pkg__rosidl_typesupport_cpp.so\x1b[0m\n'}
[9.284555] (-) TimerEvent: {}
[9.314325] (ros2_user_pkg) StdoutLine: {'line': b'[ 46%] Built target ros2_user_pkg__rosidl_typesupport_cpp\n'}
[9.332322] (ros2_user_pkg) StdoutLine: {'line': b'[ 48%] \x1b[32mBuilding CXX object CMakeFiles/ros2_user_pkg__rosidl_typesupport_fastrtps_cpp.dir/rosidl_typesupport_fastrtps_cpp/ros2_user_pkg/action/detail/dds_fastrtps/navigate__type_support.cpp.o\x1b[0m\n'}
[9.344651] (ros2_user_pkg) StdoutLine: {'line': b'[ 51%] \x1b[34m\x1b[1mGenerating C introspection for ROS interfaces\x1b[0m\n'}
[9.384772] (-) TimerEvent: {}
[9.486224] (-) TimerEvent: {}
[9.589223] (-) TimerEvent: {}
[9.689959] (-) TimerEvent: {}
[9.791172] (-) TimerEvent: {}
[9.810336] (ros2_user_pkg) StdoutLine: {'line': b'[ 53%] \x1b[32m\x1b[1mLinking CXX shared library libros2_user_pkg__rosidl_typesupport_fastrtps_c.so\x1b[0m\n'}
[9.891383] (-) TimerEvent: {}
[9.992620] (-) TimerEvent: {}
[10.043157] (ros2_user_pkg) StdoutLine: {'line': b'[ 55%] \x1b[32m\x1b[1mLinking CXX shared library libros2_user_pkg__rosidl_typesupport_introspection_cpp.so\x1b[0m\n'}
[10.049474] (ros2_user_pkg) StdoutLine: {'line': b'[ 55%] Built target ros2_user_pkg__rosidl_typesupport_fastrtps_c\n'}
[10.074305] (ros2_user_pkg) StdoutLine: {'line': b'[ 57%] \x1b[34m\x1b[1mGenerating C type support dispatch for ROS interfaces\x1b[0m\n'}
[10.092775] (-) TimerEvent: {}
[10.193535] (-) TimerEvent: {}
[10.261332] (ros2_user_pkg) StdoutLine: {'line': b'[ 57%] Built target ros2_user_pkg__rosidl_typesupport_introspection_cpp\n'}
[10.293762] (-) TimerEvent: {}
[10.371284] (ros2_user_pkg) StdoutLine: {'line': b'[ 59%] \x1b[32mBuilding C object CMakeFiles/ros2_user_pkg__rosidl_typesupport_introspection_c.dir/rosidl_typesupport_introspection_c/ros2_user_pkg/srv/detail/odd_even_check__type_support.c.o\x1b[0m\n'}
[10.379304] (ros2_user_pkg) StdoutLine: {'line': b'[ 61%] \x1b[32mBuilding C object CMakeFiles/ros2_user_pkg__rosidl_typesupport_introspection_c.dir/rosidl_typesupport_introspection_c/ros2_user_pkg/srv/detail/image_service__type_support.c.o\x1b[0m\n'}
[10.394034] (-) TimerEvent: {}
[10.498994] (-) TimerEvent: {}
[10.506176] (ros2_user_pkg) StdoutLine: {'line': b'[ 63%] \x1b[32mBuilding C object CMakeFiles/ros2_user_pkg__rosidl_typesupport_introspection_c.dir/rosidl_typesupport_introspection_c/ros2_user_pkg/action/detail/navigate__type_support.c.o\x1b[0m\n'}
[10.541515] (ros2_user_pkg) StdoutLine: {'line': b'[ 65%] \x1b[32m\x1b[1mLinking CXX shared library libros2_user_pkg__rosidl_typesupport_fastrtps_cpp.so\x1b[0m\n'}
[10.599655] (-) TimerEvent: {}
[10.600093] (ros2_user_pkg) StdoutLine: {'line': b'[ 68%] \x1b[32m\x1b[1mLinking C shared library libros2_user_pkg__rosidl_typesupport_introspection_c.so\x1b[0m\n'}
[10.692281] (ros2_user_pkg) StdoutLine: {'line': b'[ 68%] Built target ros2_user_pkg__rosidl_typesupport_introspection_c\n'}
[10.700558] (-) TimerEvent: {}
[10.723653] (ros2_user_pkg) StdoutLine: {'line': b'[ 68%] Built target ros2_user_pkg__rosidl_typesupport_fastrtps_cpp\n'}
[10.800869] (-) TimerEvent: {}
[10.849953] (ros2_user_pkg) StdoutLine: {'line': b'[ 70%] \x1b[32mBuilding CXX object CMakeFiles/ros2_user_pkg__rosidl_typesupport_c.dir/rosidl_typesupport_c/ros2_user_pkg/srv/odd_even_check__type_support.cpp.o\x1b[0m\n'}
[10.853841] (ros2_user_pkg) StdoutLine: {'line': b'[ 72%] \x1b[32mBuilding CXX object CMakeFiles/ros2_user_pkg__rosidl_typesupport_c.dir/rosidl_typesupport_c/ros2_user_pkg/srv/image_service__type_support.cpp.o\x1b[0m\n'}
[10.861781] (ros2_user_pkg) StdoutLine: {'line': b'[ 74%] \x1b[32mBuilding CXX object CMakeFiles/ros2_user_pkg__rosidl_typesupport_c.dir/rosidl_typesupport_c/ros2_user_pkg/action/navigate__type_support.cpp.o\x1b[0m\n'}
[10.901038] (-) TimerEvent: {}
[10.960728] (ros2_user_pkg) StdoutLine: {'line': b'[ 76%] \x1b[32m\x1b[1mLinking CXX shared library libros2_user_pkg__rosidl_typesupport_c.so\x1b[0m\n'}
[11.001323] (-) TimerEvent: {}
[11.034362] (ros2_user_pkg) StdoutLine: {'line': b'[ 76%] Built target ros2_user_pkg__rosidl_typesupport_c\n'}
[11.073247] (ros2_user_pkg) StdoutLine: {'line': b'[ 76%] Built target ros2_user_pkg\n'}
[11.101658] (-) TimerEvent: {}
[11.109766] (ros2_user_pkg) StdoutLine: {'line': b'[ 78%] \x1b[34m\x1b[1mGenerating Python code for ROS interfaces\x1b[0m\n'}
[11.202218] (-) TimerEvent: {}
[11.302936] (-) TimerEvent: {}
[11.403684] (-) TimerEvent: {}
[11.504367] (-) TimerEvent: {}
[11.605076] (-) TimerEvent: {}
[11.705828] (-) TimerEvent: {}
[11.806556] (-) TimerEvent: {}
[11.907658] (-) TimerEvent: {}
[12.008410] (-) TimerEvent: {}
[12.109203] (-) TimerEvent: {}
[12.209872] (-) TimerEvent: {}
[12.310656] (-) TimerEvent: {}
[12.412432] (-) TimerEvent: {}
[12.513522] (-) TimerEvent: {}
[12.614247] (-) TimerEvent: {}
[12.714902] (-) TimerEvent: {}
[12.779614] (ros2_user_pkg) StdoutLine: {'line': b'[ 78%] Built target ros2_user_pkg__py\n'}
[12.815122] (-) TimerEvent: {}
[12.826395] (ros2_user_pkg) StdoutLine: {'line': b'[ 80%] \x1b[32mBuilding C object CMakeFiles/ros2_user_pkg__rosidl_generator_py.dir/rosidl_generator_py/ros2_user_pkg/srv/_odd_even_check_s.c.o\x1b[0m\n'}
[12.828084] (ros2_user_pkg) StdoutLine: {'line': b'[ 82%] \x1b[32mBuilding C object CMakeFiles/ros2_user_pkg__rosidl_generator_py.dir/rosidl_generator_py/ros2_user_pkg/srv/_image_service_s.c.o\x1b[0m\n'}
[12.834336] (ros2_user_pkg) StdoutLine: {'line': b'[ 85%] \x1b[32mBuilding C object CMakeFiles/ros2_user_pkg__rosidl_generator_py.dir/rosidl_generator_py/ros2_user_pkg/action/_navigate_s.c.o\x1b[0m\n'}
[12.915336] (-) TimerEvent: {}
[13.016247] (-) TimerEvent: {}
[13.105877] (ros2_user_pkg) StdoutLine: {'line': b'[ 87%] \x1b[32m\x1b[1mLinking C shared library rosidl_generator_py/ros2_user_pkg/libros2_user_pkg__rosidl_generator_py.so\x1b[0m\n'}
[13.116465] (-) TimerEvent: {}
[13.190884] (ros2_user_pkg) StdoutLine: {'line': b'[ 87%] Built target ros2_user_pkg__rosidl_generator_py\n'}
[13.217044] (-) TimerEvent: {}
[13.234361] (ros2_user_pkg) StdoutLine: {'line': b'[ 89%] \x1b[32mBuilding C object CMakeFiles/ros2_user_pkg__rosidl_typesupport_introspection_c__pyext.dir/rosidl_generator_py/ros2_user_pkg/_ros2_user_pkg_s.ep.rosidl_typesupport_introspection_c.c.o\x1b[0m\n'}
[13.236067] (ros2_user_pkg) StdoutLine: {'line': b'[ 91%] \x1b[32mBuilding C object CMakeFiles/ros2_user_pkg__rosidl_typesupport_c__pyext.dir/rosidl_generator_py/ros2_user_pkg/_ros2_user_pkg_s.ep.rosidl_typesupport_c.c.o\x1b[0m\n'}
[13.237380] (ros2_user_pkg) StdoutLine: {'line': b'[ 93%] \x1b[32mBuilding C object CMakeFiles/ros2_user_pkg__rosidl_typesupport_fastrtps_c__pyext.dir/rosidl_generator_py/ros2_user_pkg/_ros2_user_pkg_s.ep.rosidl_typesupport_fastrtps_c.c.o\x1b[0m\n'}
[13.317321] (-) TimerEvent: {}
[13.417988] (-) TimerEvent: {}
[13.525843] (-) TimerEvent: {}
[13.526417] (ros2_user_pkg) StdoutLine: {'line': b'[ 95%] \x1b[32m\x1b[1mLinking C shared library rosidl_generator_py/ros2_user_pkg/ros2_user_pkg_s__rosidl_typesupport_fastrtps_c.cpython-310-x86_64-linux-gnu.so\x1b[0m\n'}
[13.537371] (ros2_user_pkg) StdoutLine: {'line': b'[ 97%] \x1b[32m\x1b[1mLinking C shared library rosidl_generator_py/ros2_user_pkg/ros2_user_pkg_s__rosidl_typesupport_introspection_c.cpython-310-x86_64-linux-gnu.so\x1b[0m\n'}
[13.591365] (ros2_user_pkg) StdoutLine: {'line': b'[100%] \x1b[32m\x1b[1mLinking C shared library rosidl_generator_py/ros2_user_pkg/ros2_user_pkg_s__rosidl_typesupport_c.cpython-310-x86_64-linux-gnu.so\x1b[0m\n'}
[13.626416] (-) TimerEvent: {}
[13.652936] (ros2_user_pkg) StdoutLine: {'line': b'[100%] Built target ros2_user_pkg__rosidl_typesupport_fastrtps_c__pyext\n'}
[13.677232] (ros2_user_pkg) StdoutLine: {'line': b'[100%] Built target ros2_user_pkg__rosidl_typesupport_introspection_c__pyext\n'}
[13.720928] (ros2_user_pkg) StdoutLine: {'line': b'[100%] Built target ros2_user_pkg__rosidl_typesupport_c__pyext\n'}
[13.726564] (-) TimerEvent: {}
[13.746667] (ros2_user_pkg) CommandEnded: {'returncode': 0}
[13.828330] (-) TimerEvent: {}
[13.928963] (-) TimerEvent: {}
[14.016905] (ros2_user_pkg) JobProgress: {'identifier': 'ros2_user_pkg', 'progress': 'install'}
[14.018885] (ros2_user_pkg) Command: {'cmd': ['/usr/bin/cmake', '--install', '/home/tan/Documents/workspace/ROS2_py_ws/build/ros2_user_pkg'], 'cwd': '/home/tan/Documents/workspace/ROS2_py_ws/build/ros2_user_pkg', 'env': OrderedDict([('GJS_DEBUG_TOPICS', 'JS ERROR;JS LOG'), ('LESSOPEN', '| /usr/bin/lesspipe %s'), ('LANGUAGE', 'en_US:'), ('USER', 'tan'), ('LC_TIME', 'vi_VN'), ('GIO_MODULE_DIR', '/home/tan/snap/code/common/.cache/gio-modules'), ('XDG_SESSION_TYPE', 'wayland'), ('GTK_EXE_PREFIX_VSCODE_SNAP_ORIG', ''), ('GDK_BACKEND_VSCODE_SNAP_ORIG', ''), ('SHLVL', '1'), ('LD_LIBRARY_PATH', '/home/tan/Documents/workspace/ROS2_py_ws/install/ros2_user_pkg/lib:/opt/ros/humble/opt/rviz_ogre_vendor/lib:/opt/ros/humble/lib/x86_64-linux-gnu:/opt/ros/humble/lib'), ('HOME', '/home/tan'), ('CHROME_DESKTOP', 'code-url-handler.desktop'), ('LOCPATH_VSCODE_SNAP_ORIG', ''), ('TERM_PROGRAM_VERSION', '1.83.1'), ('DESKTOP_SESSION', 'ubuntu'), ('GTK_PATH', '/snap/code/143/usr/lib/x86_64-linux-gnu/gtk-3.0'), ('GTK_IM_MODULE_FILE', '/home/tan/snap/code/common/.cache/immodules/immodules.cache'), ('GIO_LAUNCHED_DESKTOP_FILE', '/var/lib/snapd/desktop/applications/code_code.desktop'), ('ROS_PYTHON_VERSION', '3'), ('GNOME_SHELL_SESSION_MODE', 'ubuntu'), ('GTK_MODULES', 'gail:atk-bridge'), ('GSETTINGS_SCHEMA_DIR_VSCODE_SNAP_ORIG', ''), ('LC_MONETARY', 'vi_VN'), ('MANAGERPID', '1012'), ('SYSTEMD_EXEC_PID', '1195'), ('IM_CONFIG_CHECK_ENV', '1'), ('DBUS_SESSION_BUS_ADDRESS', 'unix:path=/run/user/1000/bus'), ('COLORTERM', 'truecolor'), ('GIO_LAUNCHED_DESKTOP_FILE_PID', '2247'), ('IM_CONFIG_PHASE', '1'), ('WAYLAND_DISPLAY', 'wayland-0'), ('COLCON_PREFIX_PATH', '/home/tan/Documents/workspace/ROS2_py_ws/install'), ('ROS_DISTRO', 'humble'), ('LOGNAME', 'tan'), ('JOURNAL_STREAM', '8:30344'), ('_', '/usr/bin/colcon'), ('ROS_VERSION', '2'), ('XDG_CONFIG_DIRS_VSCODE_SNAP_ORIG', '/etc/xdg/xdg-ubuntu:/etc/xdg'), ('XDG_SESSION_CLASS', 'user'), ('XDG_DATA_DIRS_VSCODE_SNAP_ORIG', '/usr/share/ubuntu:/usr/local/share/:/usr/share/:/var/lib/snapd/desktop'), ('USERNAME', 'tan'), ('TERM', 'xterm-256color'), ('GNOME_DESKTOP_SESSION_ID', 'this-is-deprecated'), ('ROS_LOCALHOST_ONLY', '0'), ('PATH', '/opt/ros/humble/bin:/usr/local/sbin:/usr/local/bin:/usr/sbin:/usr/bin:/sbin:/bin:/usr/games:/usr/local/games:/snap/bin:/snap/bin'), ('SESSION_MANAGER', 'local/tan-virtual-machine:@/tmp/.ICE-unix/1176,unix/tan-virtual-machine:/tmp/.ICE-unix/1176'), ('GTK_EXE_PREFIX', '/snap/code/143/usr'), ('INVOCATION_ID', '9770b2aa3e4a4b9db006186fb775401c'), ('XDG_MENU_PREFIX', 'gnome-'), ('LC_ADDRESS', 'vi_VN'), ('BAMF_DESKTOP_FILE_HINT', '/var/lib/snapd/desktop/applications/code_code.desktop'), ('GNOME_SETUP_DISPLAY', ':1'), ('XDG_RUNTIME_DIR', '/run/user/1000'), ('GDK_BACKEND', 'x11'), ('DISPLAY', ':0'), ('LOCPATH', '/snap/code/143/usr/lib/locale'), ('LANG', 'en_US.UTF-8'), ('XDG_CURRENT_DESKTOP', 'Unity'), ('LC_TELEPHONE', 'vi_VN'), ('GIO_MODULE_DIR_VSCODE_SNAP_ORIG', ''), ('XMODIFIERS', '@im=ibus'), ('XDG_SESSION_DESKTOP', 'ubuntu'), ('XAUTHORITY', '/run/user/1000/.mutter-Xwaylandauth.ZOAKC2'), ('LS_COLORS', ''), ('TERM_PROGRAM', 'vscode'), ('SSH_AGENT_LAUNCHER', 'gnome-keyring'), ('SSH_AUTH_SOCK', '/run/user/1000/keyring/ssh'), ('GSETTINGS_SCHEMA_DIR', '/home/tan/snap/code/143/.local/share/glib-2.0/schemas'), ('AMENT_PREFIX_PATH', '/home/tan/Documents/workspace/ROS2_py_ws/install/ros2_user_pkg:/home/tan/Documents/workspace/ROS2_py_ws/install/my_robot_description:/opt/ros/humble'), ('ORIGINAL_XDG_CURRENT_DESKTOP', 'ubuntu:GNOME'), ('SHELL', '/bin/bash'), ('LC_NAME', 'vi_VN'), ('QT_ACCESSIBILITY', '1'), ('GDMSESSION', 'ubuntu'), ('LESSCLOSE', '/usr/bin/lesspipe %s %s'), ('GTK_PATH_VSCODE_SNAP_ORIG', ''), ('GTK_IM_MODULE_FILE_VSCODE_SNAP_ORIG', ''), ('LC_MEASUREMENT', 'vi_VN'), ('GJS_DEBUG_OUTPUT', 'stderr'), ('LC_IDENTIFICATION', 'vi_VN'), ('QT_IM_MODULE', 'ibus'), ('PWD', '/home/tan/Documents/workspace/ROS2_py_ws/build/ros2_user_pkg'), ('LC_ALL', 'en_US.UTF-8'), ('XDG_CONFIG_DIRS', '/etc/xdg/xdg-ubuntu:/etc/xdg'), ('XDG_DATA_DIRS', '/home/tan/snap/code/143/.local/share:/home/tan/snap/code/143:/snap/code/143/usr/share:/usr/share/ubuntu:/usr/local/share/:/usr/share/:/var/lib/snapd/desktop'), ('PYTHONPATH', '/home/tan/Documents/workspace/ROS2_py_ws/install/ros2_user_pkg/local/lib/python3.10/dist-packages:/opt/ros/humble/lib/python3.10/site-packages:/opt/ros/humble/local/lib/python3.10/dist-packages'), ('LC_NUMERIC', 'vi_VN'), ('LC_PAPER', 'vi_VN'), ('COLCON', '1'), ('CMAKE_PREFIX_PATH', '/home/tan/Documents/workspace/ROS2_py_ws/install/ros2_user_pkg:/home/tan/Documents/workspace/ROS2_py_ws/install/my_robot_description:/opt/ros/humble')]), 'shell': False}
[14.029248] (-) TimerEvent: {}
[14.032471] (ros2_user_pkg) StdoutLine: {'line': b'-- Install configuration: ""\n'}
[14.034534] (ros2_user_pkg) StdoutLine: {'line': b'-- Execute custom install script\n'}
[14.036035] (ros2_user_pkg) StdoutLine: {'line': b'-- Symlinking: /home/tan/Documents/workspace/ROS2_py_ws/install/ros2_user_pkg/share/ament_index/resource_index/rosidl_interfaces/ros2_user_pkg\n'}
[14.056340] (ros2_user_pkg) StdoutLine: {'line': b'-- Symlinking: /home/tan/Documents/workspace/ROS2_py_ws/install/ros2_user_pkg/include/ros2_user_pkg/ros2_user_pkg/action/detail/navigate__functions.h\n'}
[14.070362] (ros2_user_pkg) StdoutLine: {'line': b'-- Symlinking: /home/tan/Documents/workspace/ROS2_py_ws/install/ros2_user_pkg/include/ros2_user_pkg/ros2_user_pkg/action/detail/navigate__struct.h\n'}
[14.084770] (ros2_user_pkg) StdoutLine: {'line': b'-- Symlinking: /home/tan/Documents/workspace/ROS2_py_ws/install/ros2_user_pkg/include/ros2_user_pkg/ros2_user_pkg/action/detail/navigate__type_support.h\n'}
[14.101252] (ros2_user_pkg) StdoutLine: {'line': b'-- Symlinking: /home/tan/Documents/workspace/ROS2_py_ws/install/ros2_user_pkg/include/ros2_user_pkg/ros2_user_pkg/action/navigate.h\n'}
[14.117548] (ros2_user_pkg) StdoutLine: {'line': b'-- Symlinking: /home/tan/Documents/workspace/ROS2_py_ws/install/ros2_user_pkg/include/ros2_user_pkg/ros2_user_pkg/msg/rosidl_generator_c__visibility_control.h\n'}
[14.129403] (-) TimerEvent: {}
[14.133509] (ros2_user_pkg) StdoutLine: {'line': b'-- Symlinking: /home/tan/Documents/workspace/ROS2_py_ws/install/ros2_user_pkg/include/ros2_user_pkg/ros2_user_pkg/srv/detail/image_service__functions.h\n'}
[14.152558] (ros2_user_pkg) StdoutLine: {'line': b'-- Symlinking: /home/tan/Documents/workspace/ROS2_py_ws/install/ros2_user_pkg/include/ros2_user_pkg/ros2_user_pkg/srv/detail/image_service__struct.h\n'}
[14.170728] (ros2_user_pkg) StdoutLine: {'line': b'-- Symlinking: /home/tan/Documents/workspace/ROS2_py_ws/install/ros2_user_pkg/include/ros2_user_pkg/ros2_user_pkg/srv/detail/image_service__type_support.h\n'}
[14.185323] (ros2_user_pkg) StdoutLine: {'line': b'-- Symlinking: /home/tan/Documents/workspace/ROS2_py_ws/install/ros2_user_pkg/include/ros2_user_pkg/ros2_user_pkg/srv/detail/odd_even_check__functions.h\n'}
[14.199330] (ros2_user_pkg) StdoutLine: {'line': b'-- Symlinking: /home/tan/Documents/workspace/ROS2_py_ws/install/ros2_user_pkg/include/ros2_user_pkg/ros2_user_pkg/srv/detail/odd_even_check__struct.h\n'}
[14.212983] (ros2_user_pkg) StdoutLine: {'line': b'-- Symlinking: /home/tan/Documents/workspace/ROS2_py_ws/install/ros2_user_pkg/include/ros2_user_pkg/ros2_user_pkg/srv/detail/odd_even_check__type_support.h\n'}
[14.229131] (ros2_user_pkg) StdoutLine: {'line': b'-- Symlinking: /home/tan/Documents/workspace/ROS2_py_ws/install/ros2_user_pkg/include/ros2_user_pkg/ros2_user_pkg/srv/image_service.h\n'}
[14.229503] (-) TimerEvent: {}
[14.243896] (ros2_user_pkg) StdoutLine: {'line': b'-- Symlinking: /home/tan/Documents/workspace/ROS2_py_ws/install/ros2_user_pkg/include/ros2_user_pkg/ros2_user_pkg/srv/odd_even_check.h\n'}
[14.258172] (ros2_user_pkg) StdoutLine: {'line': b'-- Symlinking: /home/tan/Documents/workspace/ROS2_py_ws/install/ros2_user_pkg/share/ros2_user_pkg/environment/library_path.sh\n'}
[14.278693] (ros2_user_pkg) StdoutLine: {'line': b'-- Symlinking: /home/tan/Documents/workspace/ROS2_py_ws/install/ros2_user_pkg/share/ros2_user_pkg/environment/library_path.dsv\n'}
[14.298195] (ros2_user_pkg) StdoutLine: {'line': b'-- Symlinking: /home/tan/Documents/workspace/ROS2_py_ws/install/ros2_user_pkg/include/ros2_user_pkg/ros2_user_pkg/action/detail/navigate__rosidl_typesupport_fastrtps_c.h\n'}
[14.316694] (ros2_user_pkg) StdoutLine: {'line': b'-- Symlinking: /home/tan/Documents/workspace/ROS2_py_ws/install/ros2_user_pkg/include/ros2_user_pkg/ros2_user_pkg/msg/rosidl_typesupport_fastrtps_c__visibility_control.h\n'}
[14.329953] (-) TimerEvent: {}
[14.335053] (ros2_user_pkg) StdoutLine: {'line': b'-- Symlinking: /home/tan/Documents/workspace/ROS2_py_ws/install/ros2_user_pkg/include/ros2_user_pkg/ros2_user_pkg/srv/detail/image_service__rosidl_typesupport_fastrtps_c.h\n'}
[14.354886] (ros2_user_pkg) StdoutLine: {'line': b'-- Symlinking: /home/tan/Documents/workspace/ROS2_py_ws/install/ros2_user_pkg/include/ros2_user_pkg/ros2_user_pkg/srv/detail/odd_even_check__rosidl_typesupport_fastrtps_c.h\n'}
[14.374618] (ros2_user_pkg) StdoutLine: {'line': b'-- Symlinking: /home/tan/Documents/workspace/ROS2_py_ws/install/ros2_user_pkg/include/ros2_user_pkg/ros2_user_pkg/action/detail/navigate__builder.hpp\n'}
[14.397830] (ros2_user_pkg) StdoutLine: {'line': b'-- Symlinking: /home/tan/Documents/workspace/ROS2_py_ws/install/ros2_user_pkg/include/ros2_user_pkg/ros2_user_pkg/action/detail/navigate__struct.hpp\n'}
[14.415334] (ros2_user_pkg) StdoutLine: {'line': b'-- Symlinking: /home/tan/Documents/workspace/ROS2_py_ws/install/ros2_user_pkg/include/ros2_user_pkg/ros2_user_pkg/action/detail/navigate__traits.hpp\n'}
[14.430036] (ros2_user_pkg) StdoutLine: {'line': b'-- Symlinking: /home/tan/Documents/workspace/ROS2_py_ws/install/ros2_user_pkg/include/ros2_user_pkg/ros2_user_pkg/action/navigate.hpp\n'}
[14.430323] (-) TimerEvent: {}
[14.446083] (ros2_user_pkg) StdoutLine: {'line': b'-- Symlinking: /home/tan/Documents/workspace/ROS2_py_ws/install/ros2_user_pkg/include/ros2_user_pkg/ros2_user_pkg/srv/detail/image_service__builder.hpp\n'}
[14.459729] (ros2_user_pkg) StdoutLine: {'line': b'-- Symlinking: /home/tan/Documents/workspace/ROS2_py_ws/install/ros2_user_pkg/include/ros2_user_pkg/ros2_user_pkg/srv/detail/image_service__struct.hpp\n'}
[14.475001] (ros2_user_pkg) StdoutLine: {'line': b'-- Symlinking: /home/tan/Documents/workspace/ROS2_py_ws/install/ros2_user_pkg/include/ros2_user_pkg/ros2_user_pkg/srv/detail/image_service__traits.hpp\n'}
[14.496130] (ros2_user_pkg) StdoutLine: {'line': b'-- Symlinking: /home/tan/Documents/workspace/ROS2_py_ws/install/ros2_user_pkg/include/ros2_user_pkg/ros2_user_pkg/srv/detail/odd_even_check__builder.hpp\n'}
[14.514562] (ros2_user_pkg) StdoutLine: {'line': b'-- Symlinking: /home/tan/Documents/workspace/ROS2_py_ws/install/ros2_user_pkg/include/ros2_user_pkg/ros2_user_pkg/srv/detail/odd_even_check__struct.hpp\n'}
[14.530897] (-) TimerEvent: {}
[14.531981] (ros2_user_pkg) StdoutLine: {'line': b'-- Symlinking: /home/tan/Documents/workspace/ROS2_py_ws/install/ros2_user_pkg/include/ros2_user_pkg/ros2_user_pkg/srv/detail/odd_even_check__traits.hpp\n'}
[14.549266] (ros2_user_pkg) StdoutLine: {'line': b'-- Symlinking: /home/tan/Documents/workspace/ROS2_py_ws/install/ros2_user_pkg/include/ros2_user_pkg/ros2_user_pkg/srv/image_service.hpp\n'}
[14.565717] (ros2_user_pkg) StdoutLine: {'line': b'-- Symlinking: /home/tan/Documents/workspace/ROS2_py_ws/install/ros2_user_pkg/include/ros2_user_pkg/ros2_user_pkg/srv/odd_even_check.hpp\n'}
[14.583214] (ros2_user_pkg) StdoutLine: {'line': b'-- Symlinking: /home/tan/Documents/workspace/ROS2_py_ws/install/ros2_user_pkg/include/ros2_user_pkg/ros2_user_pkg/action/detail/navigate__rosidl_typesupport_fastrtps_cpp.hpp\n'}
[14.599028] (ros2_user_pkg) StdoutLine: {'line': b'-- Symlinking: /home/tan/Documents/workspace/ROS2_py_ws/install/ros2_user_pkg/include/ros2_user_pkg/ros2_user_pkg/msg/rosidl_typesupport_fastrtps_cpp__visibility_control.h\n'}
[14.617917] (ros2_user_pkg) StdoutLine: {'line': b'-- Symlinking: /home/tan/Documents/workspace/ROS2_py_ws/install/ros2_user_pkg/include/ros2_user_pkg/ros2_user_pkg/srv/detail/image_service__rosidl_typesupport_fastrtps_cpp.hpp\n'}
[14.631043] (-) TimerEvent: {}
[14.635027] (ros2_user_pkg) StdoutLine: {'line': b'-- Symlinking: /home/tan/Documents/workspace/ROS2_py_ws/install/ros2_user_pkg/include/ros2_user_pkg/ros2_user_pkg/srv/detail/odd_even_check__rosidl_typesupport_fastrtps_cpp.hpp\n'}
[14.654079] (ros2_user_pkg) StdoutLine: {'line': b'-- Symlinking: /home/tan/Documents/workspace/ROS2_py_ws/install/ros2_user_pkg/include/ros2_user_pkg/ros2_user_pkg/action/detail/navigate__rosidl_typesupport_introspection_c.h\n'}
[14.673460] (ros2_user_pkg) StdoutLine: {'line': b'-- Symlinking: /home/tan/Documents/workspace/ROS2_py_ws/install/ros2_user_pkg/include/ros2_user_pkg/ros2_user_pkg/msg/rosidl_typesupport_introspection_c__visibility_control.h\n'}
[14.692804] (ros2_user_pkg) StdoutLine: {'line': b'-- Symlinking: /home/tan/Documents/workspace/ROS2_py_ws/install/ros2_user_pkg/include/ros2_user_pkg/ros2_user_pkg/srv/detail/image_service__rosidl_typesupport_introspection_c.h\n'}
[14.715690] (ros2_user_pkg) StdoutLine: {'line': b'-- Symlinking: /home/tan/Documents/workspace/ROS2_py_ws/install/ros2_user_pkg/include/ros2_user_pkg/ros2_user_pkg/srv/detail/odd_even_check__rosidl_typesupport_introspection_c.h\n'}
[14.731274] (-) TimerEvent: {}
[14.731790] (ros2_user_pkg) StdoutLine: {'line': b'-- Symlinking: /home/tan/Documents/workspace/ROS2_py_ws/install/ros2_user_pkg/include/ros2_user_pkg/ros2_user_pkg/action/detail/navigate__rosidl_typesupport_introspection_cpp.hpp\n'}
[14.749802] (ros2_user_pkg) StdoutLine: {'line': b'-- Symlinking: /home/tan/Documents/workspace/ROS2_py_ws/install/ros2_user_pkg/include/ros2_user_pkg/ros2_user_pkg/srv/detail/image_service__rosidl_typesupport_introspection_cpp.hpp\n'}
[14.769684] (ros2_user_pkg) StdoutLine: {'line': b'-- Symlinking: /home/tan/Documents/workspace/ROS2_py_ws/install/ros2_user_pkg/include/ros2_user_pkg/ros2_user_pkg/srv/detail/odd_even_check__rosidl_typesupport_introspection_cpp.hpp\n'}
[14.785535] (ros2_user_pkg) StdoutLine: {'line': b'-- Symlinking: /home/tan/Documents/workspace/ROS2_py_ws/install/ros2_user_pkg/share/ros2_user_pkg/environment/pythonpath.sh\n'}
[14.803104] (ros2_user_pkg) StdoutLine: {'line': b'-- Symlinking: /home/tan/Documents/workspace/ROS2_py_ws/install/ros2_user_pkg/share/ros2_user_pkg/environment/pythonpath.dsv\n'}
[14.819085] (ros2_user_pkg) StdoutLine: {'line': b'-- Symlinking: /home/tan/Documents/workspace/ROS2_py_ws/install/ros2_user_pkg/local/lib/python3.10/dist-packages/ros2_user_pkg-0.0.0-py3.10.egg-info/PKG-INFO\n'}
[14.831517] (-) TimerEvent: {}
[14.838072] (ros2_user_pkg) StdoutLine: {'line': b'-- Symlinking: /home/tan/Documents/workspace/ROS2_py_ws/install/ros2_user_pkg/local/lib/python3.10/dist-packages/ros2_user_pkg-0.0.0-py3.10.egg-info/SOURCES.txt\n'}
[14.859335] (ros2_user_pkg) StdoutLine: {'line': b'-- Symlinking: /home/tan/Documents/workspace/ROS2_py_ws/install/ros2_user_pkg/local/lib/python3.10/dist-packages/ros2_user_pkg-0.0.0-py3.10.egg-info/dependency_links.txt\n'}
[14.880447] (ros2_user_pkg) StdoutLine: {'line': b'-- Symlinking: /home/tan/Documents/workspace/ROS2_py_ws/install/ros2_user_pkg/local/lib/python3.10/dist-packages/ros2_user_pkg-0.0.0-py3.10.egg-info/top_level.txt\n'}
[14.898894] (ros2_user_pkg) StdoutLine: {'line': b'-- Symlinking: /home/tan/Documents/workspace/ROS2_py_ws/install/ros2_user_pkg/local/lib/python3.10/dist-packages/ros2_user_pkg/__init__.py\n'}
[14.913144] (ros2_user_pkg) StdoutLine: {'line': b'-- Symlinking: /home/tan/Documents/workspace/ROS2_py_ws/install/ros2_user_pkg/local/lib/python3.10/dist-packages/ros2_user_pkg/_ros2_user_pkg_s.ep.rosidl_typesupport_c.c\n'}
[14.927313] (ros2_user_pkg) StdoutLine: {'line': b'-- Symlinking: /home/tan/Documents/workspace/ROS2_py_ws/install/ros2_user_pkg/local/lib/python3.10/dist-packages/ros2_user_pkg/_ros2_user_pkg_s.ep.rosidl_typesupport_fastrtps_c.c\n'}
[14.931671] (-) TimerEvent: {}
[14.952247] (ros2_user_pkg) StdoutLine: {'line': b'-- Symlinking: /home/tan/Documents/workspace/ROS2_py_ws/install/ros2_user_pkg/local/lib/python3.10/dist-packages/ros2_user_pkg/_ros2_user_pkg_s.ep.rosidl_typesupport_introspection_c.c\n'}
[14.977627] (ros2_user_pkg) StdoutLine: {'line': b'-- Symlinking: /home/tan/Documents/workspace/ROS2_py_ws/install/ros2_user_pkg/local/lib/python3.10/dist-packages/ros2_user_pkg/action/__init__.py\n'}
[15.006556] (ros2_user_pkg) StdoutLine: {'line': b'-- Symlinking: /home/tan/Documents/workspace/ROS2_py_ws/install/ros2_user_pkg/local/lib/python3.10/dist-packages/ros2_user_pkg/action/_navigate.py\n'}
[15.030008] (ros2_user_pkg) StdoutLine: {'line': b'-- Symlinking: /home/tan/Documents/workspace/ROS2_py_ws/install/ros2_user_pkg/local/lib/python3.10/dist-packages/ros2_user_pkg/action/_navigate_s.c\n'}
[15.031885] (-) TimerEvent: {}
[15.046298] (ros2_user_pkg) StdoutLine: {'line': b'-- Symlinking: /home/tan/Documents/workspace/ROS2_py_ws/install/ros2_user_pkg/local/lib/python3.10/dist-packages/ros2_user_pkg/libros2_user_pkg__rosidl_generator_py.so\n'}
[15.071824] (ros2_user_pkg) StdoutLine: {'line': b'-- Symlinking: /home/tan/Documents/workspace/ROS2_py_ws/install/ros2_user_pkg/local/lib/python3.10/dist-packages/ros2_user_pkg/ros2_user_pkg_s__rosidl_typesupport_c.cpython-310-x86_64-linux-gnu.so\n'}
[15.090666] (ros2_user_pkg) StdoutLine: {'line': b'-- Symlinking: /home/tan/Documents/workspace/ROS2_py_ws/install/ros2_user_pkg/local/lib/python3.10/dist-packages/ros2_user_pkg/ros2_user_pkg_s__rosidl_typesupport_fastrtps_c.cpython-310-x86_64-linux-gnu.so\n'}
[15.109650] (ros2_user_pkg) StdoutLine: {'line': b'-- Symlinking: /home/tan/Documents/workspace/ROS2_py_ws/install/ros2_user_pkg/local/lib/python3.10/dist-packages/ros2_user_pkg/ros2_user_pkg_s__rosidl_typesupport_introspection_c.cpython-310-x86_64-linux-gnu.so\n'}
[15.129667] (ros2_user_pkg) StdoutLine: {'line': b'-- Symlinking: /home/tan/Documents/workspace/ROS2_py_ws/install/ros2_user_pkg/local/lib/python3.10/dist-packages/ros2_user_pkg/srv/__init__.py\n'}
[15.132162] (-) TimerEvent: {}
[15.145397] (ros2_user_pkg) StdoutLine: {'line': b'-- Symlinking: /home/tan/Documents/workspace/ROS2_py_ws/install/ros2_user_pkg/local/lib/python3.10/dist-packages/ros2_user_pkg/srv/_image_service.py\n'}
[15.162560] (ros2_user_pkg) StdoutLine: {'line': b'-- Symlinking: /home/tan/Documents/workspace/ROS2_py_ws/install/ros2_user_pkg/local/lib/python3.10/dist-packages/ros2_user_pkg/srv/_image_service_s.c\n'}
[15.181321] (ros2_user_pkg) StdoutLine: {'line': b'-- Symlinking: /home/tan/Documents/workspace/ROS2_py_ws/install/ros2_user_pkg/local/lib/python3.10/dist-packages/ros2_user_pkg/srv/_odd_even_check.py\n'}
[15.200305] (ros2_user_pkg) StdoutLine: {'line': b'-- Symlinking: /home/tan/Documents/workspace/ROS2_py_ws/install/ros2_user_pkg/local/lib/python3.10/dist-packages/ros2_user_pkg/srv/_odd_even_check_s.c\n'}
[15.220530] (ros2_user_pkg) StdoutLine: {'line': b'-- Up-to-date symlink: /home/tan/Documents/workspace/ROS2_py_ws/install/ros2_user_pkg/local/lib/python3.10/dist-packages/ros2_user_pkg/ros2_user_pkg_s__rosidl_typesupport_fastrtps_c.cpython-310-x86_64-linux-gnu.so\n'}
[15.220796] (ros2_user_pkg) StdoutLine: {'line': b'-- Up-to-date symlink: /home/tan/Documents/workspace/ROS2_py_ws/install/ros2_user_pkg/local/lib/python3.10/dist-packages/ros2_user_pkg/ros2_user_pkg_s__rosidl_typesupport_introspection_c.cpython-310-x86_64-linux-gnu.so\n'}
[15.220961] (ros2_user_pkg) StdoutLine: {'line': b'-- Up-to-date symlink: /home/tan/Documents/workspace/ROS2_py_ws/install/ros2_user_pkg/local/lib/python3.10/dist-packages/ros2_user_pkg/ros2_user_pkg_s__rosidl_typesupport_c.cpython-310-x86_64-linux-gnu.so\n'}
[15.221049] (ros2_user_pkg) StdoutLine: {'line': b'-- Symlinking: /home/tan/Documents/workspace/ROS2_py_ws/install/ros2_user_pkg/share/ros2_user_pkg/srv/OddEvenCheck.idl\n'}
[15.232451] (-) TimerEvent: {}
[15.237314] (ros2_user_pkg) StdoutLine: {'line': b'-- Symlinking: /home/tan/Documents/workspace/ROS2_py_ws/install/ros2_user_pkg/share/ros2_user_pkg/srv/ImageService.idl\n'}
[15.256456] (ros2_user_pkg) StdoutLine: {'line': b'-- Symlinking: /home/tan/Documents/workspace/ROS2_py_ws/install/ros2_user_pkg/share/ros2_user_pkg/action/Navigate.idl\n'}
[15.280993] (ros2_user_pkg) StdoutLine: {'line': b'-- Symlinking: /home/tan/Documents/workspace/ROS2_py_ws/install/ros2_user_pkg/share/ros2_user_pkg/srv/OddEvenCheck.srv\n'}
[15.305080] (ros2_user_pkg) StdoutLine: {'line': b'-- Symlinking: /home/tan/Documents/workspace/ROS2_py_ws/install/ros2_user_pkg/share/ros2_user_pkg/srv/OddEvenCheck_Request.msg\n'}
[15.330624] (ros2_user_pkg) StdoutLine: {'line': b'-- Symlinking: /home/tan/Documents/workspace/ROS2_py_ws/install/ros2_user_pkg/share/ros2_user_pkg/srv/OddEvenCheck_Response.msg\n'}
[15.332688] (-) TimerEvent: {}
[15.348278] (ros2_user_pkg) StdoutLine: {'line': b'-- Symlinking: /home/tan/Documents/workspace/ROS2_py_ws/install/ros2_user_pkg/share/ros2_user_pkg/srv/ImageService.srv\n'}
[15.368647] (ros2_user_pkg) StdoutLine: {'line': b'-- Symlinking: /home/tan/Documents/workspace/ROS2_py_ws/install/ros2_user_pkg/share/ros2_user_pkg/srv/ImageService_Request.msg\n'}
[15.385639] (ros2_user_pkg) StdoutLine: {'line': b'-- Symlinking: /home/tan/Documents/workspace/ROS2_py_ws/install/ros2_user_pkg/share/ros2_user_pkg/srv/ImageService_Response.msg\n'}
[15.402511] (ros2_user_pkg) StdoutLine: {'line': b'-- Symlinking: /home/tan/Documents/workspace/ROS2_py_ws/install/ros2_user_pkg/share/ros2_user_pkg/action/Navigate.action\n'}
[15.426048] (ros2_user_pkg) StdoutLine: {'line': b'-- Symlinking: /home/tan/Documents/workspace/ROS2_py_ws/install/ros2_user_pkg/local/lib/python3.10/dist-packages/scripts-0.0.0-py3.10.egg-info/PKG-INFO\n'}
[15.433337] (-) TimerEvent: {}
[15.453630] (ros2_user_pkg) StdoutLine: {'line': b'-- Symlinking: /home/tan/Documents/workspace/ROS2_py_ws/install/ros2_user_pkg/local/lib/python3.10/dist-packages/scripts-0.0.0-py3.10.egg-info/SOURCES.txt\n'}
[15.476986] (ros2_user_pkg) StdoutLine: {'line': b'-- Symlinking: /home/tan/Documents/workspace/ROS2_py_ws/install/ros2_user_pkg/local/lib/python3.10/dist-packages/scripts-0.0.0-py3.10.egg-info/dependency_links.txt\n'}
[15.491336] (ros2_user_pkg) StdoutLine: {'line': b'-- Symlinking: /home/tan/Documents/workspace/ROS2_py_ws/install/ros2_user_pkg/local/lib/python3.10/dist-packages/scripts-0.0.0-py3.10.egg-info/top_level.txt\n'}
[15.506137] (ros2_user_pkg) StdoutLine: {'line': b'-- Symlinking: /home/tan/Documents/workspace/ROS2_py_ws/install/ros2_user_pkg/local/lib/python3.10/dist-packages/scripts/__init__.py\n'}
[15.520214] (ros2_user_pkg) StdoutLine: {'line': b'-- Symlinking: /home/tan/Documents/workspace/ROS2_py_ws/install/ros2_user_pkg/local/lib/python3.10/dist-packages/scripts/action_client.py\n'}
[15.534877] (ros2_user_pkg) StdoutLine: {'line': b'-- Symlinking: /home/tan/Documents/workspace/ROS2_py_ws/install/ros2_user_pkg/local/lib/python3.10/dist-packages/scripts/action_server.py\n'}
[15.535140] (-) TimerEvent: {}
[15.557491] (ros2_user_pkg) StdoutLine: {'line': b'-- Symlinking: /home/tan/Documents/workspace/ROS2_py_ws/install/ros2_user_pkg/local/lib/python3.10/dist-packages/scripts/publisher.py\n'}
[15.578846] (ros2_user_pkg) StdoutLine: {'line': b'-- Symlinking: /home/tan/Documents/workspace/ROS2_py_ws/install/ros2_user_pkg/local/lib/python3.10/dist-packages/scripts/rpm_publisher.py\n'}
[15.597873] (ros2_user_pkg) StdoutLine: {'line': b'-- Symlinking: /home/tan/Documents/workspace/ROS2_py_ws/install/ros2_user_pkg/local/lib/python3.10/dist-packages/scripts/service_client.py\n'}
[15.611739] (ros2_user_pkg) StdoutLine: {'line': b'-- Symlinking: /home/tan/Documents/workspace/ROS2_py_ws/install/ros2_user_pkg/local/lib/python3.10/dist-packages/scripts/service_server.py\n'}
[15.630431] (ros2_user_pkg) StdoutLine: {'line': b'-- Symlinking: /home/tan/Documents/workspace/ROS2_py_ws/install/ros2_user_pkg/local/lib/python3.10/dist-packages/scripts/speed_publisher.py\n'}
[15.635650] (-) TimerEvent: {}
[15.645824] (ros2_user_pkg) StdoutLine: {'line': b'-- Symlinking: /home/tan/Documents/workspace/ROS2_py_ws/install/ros2_user_pkg/local/lib/python3.10/dist-packages/scripts/subcriber.py\n'}
[15.662402] (ros2_user_pkg) StdoutLine: {'line': b'-- Symlinking: /home/tan/Documents/workspace/ROS2_py_ws/install/ros2_user_pkg/local/lib/python3.10/dist-packages/scripts/turn_camera_client.py\n'}
[15.681830] (ros2_user_pkg) StdoutLine: {'line': b'-- Symlinking: /home/tan/Documents/workspace/ROS2_py_ws/install/ros2_user_pkg/local/lib/python3.10/dist-packages/scripts/turn_camera_server.py\n'}
[15.700051] (ros2_user_pkg) StdoutLine: {'line': b'-- Symlinking: /home/tan/Documents/workspace/ROS2_py_ws/install/ros2_user_pkg/lib/ros2_user_pkg/publisher.py\n'}
[15.718769] (ros2_user_pkg) StdoutLine: {'line': b'-- Symlinking: /home/tan/Documents/workspace/ROS2_py_ws/install/ros2_user_pkg/lib/ros2_user_pkg/subcriber.py\n'}
[15.733440] (ros2_user_pkg) StdoutLine: {'line': b'-- Symlinking: /home/tan/Documents/workspace/ROS2_py_ws/install/ros2_user_pkg/lib/ros2_user_pkg/rpm_publisher.py\n'}
[15.735768] (-) TimerEvent: {}
[15.747018] (ros2_user_pkg) StdoutLine: {'line': b'-- Symlinking: /home/tan/Documents/workspace/ROS2_py_ws/install/ros2_user_pkg/lib/ros2_user_pkg/speed_publisher.py\n'}
[15.761489] (ros2_user_pkg) StdoutLine: {'line': b'-- Symlinking: /home/tan/Documents/workspace/ROS2_py_ws/install/ros2_user_pkg/lib/ros2_user_pkg/turn_camera_client.py\n'}
[15.783867] (ros2_user_pkg) StdoutLine: {'line': b'-- Symlinking: /home/tan/Documents/workspace/ROS2_py_ws/install/ros2_user_pkg/lib/ros2_user_pkg/turn_camera_server.py\n'}
[15.801407] (ros2_user_pkg) StdoutLine: {'line': b'-- Symlinking: /home/tan/Documents/workspace/ROS2_py_ws/install/ros2_user_pkg/lib/ros2_user_pkg/action_server.py\n'}
[15.818939] (ros2_user_pkg) StdoutLine: {'line': b'-- Symlinking: /home/tan/Documents/workspace/ROS2_py_ws/install/ros2_user_pkg/lib/ros2_user_pkg/action_client.py\n'}
[15.834908] (ros2_user_pkg) StdoutLine: {'line': b'-- Symlinking: /home/tan/Documents/workspace/ROS2_py_ws/install/ros2_user_pkg/share/ros2_user_pkg/launch/rpm_node.launch.py\n'}
[15.836124] (-) TimerEvent: {}
[15.850586] (ros2_user_pkg) StdoutLine: {'line': b'-- Symlinking: /home/tan/Documents/workspace/ROS2_py_ws/install/ros2_user_pkg/share/ament_index/resource_index/package_run_dependencies/ros2_user_pkg\n'}
[15.867529] (ros2_user_pkg) StdoutLine: {'line': b'-- Symlinking: /home/tan/Documents/workspace/ROS2_py_ws/install/ros2_user_pkg/share/ament_index/resource_index/parent_prefix_path/ros2_user_pkg\n'}
[15.893197] (ros2_user_pkg) StdoutLine: {'line': b'-- Symlinking: /home/tan/Documents/workspace/ROS2_py_ws/install/ros2_user_pkg/share/ros2_user_pkg/environment/ament_prefix_path.sh\n'}
[15.910242] (ros2_user_pkg) StdoutLine: {'line': b'-- Symlinking: /home/tan/Documents/workspace/ROS2_py_ws/install/ros2_user_pkg/share/ros2_user_pkg/environment/ament_prefix_path.dsv\n'}
[15.928699] (ros2_user_pkg) StdoutLine: {'line': b'-- Symlinking: /home/tan/Documents/workspace/ROS2_py_ws/install/ros2_user_pkg/share/ros2_user_pkg/environment/path.sh\n'}
[15.936386] (-) TimerEvent: {}
[15.943343] (ros2_user_pkg) StdoutLine: {'line': b'-- Symlinking: /home/tan/Documents/workspace/ROS2_py_ws/install/ros2_user_pkg/share/ros2_user_pkg/environment/path.dsv\n'}
[15.958251] (ros2_user_pkg) StdoutLine: {'line': b'-- Symlinking: /home/tan/Documents/workspace/ROS2_py_ws/install/ros2_user_pkg/share/ros2_user_pkg/local_setup.bash\n'}
[15.975694] (ros2_user_pkg) StdoutLine: {'line': b'-- Symlinking: /home/tan/Documents/workspace/ROS2_py_ws/install/ros2_user_pkg/share/ros2_user_pkg/local_setup.sh\n'}
[15.993158] (ros2_user_pkg) StdoutLine: {'line': b'-- Symlinking: /home/tan/Documents/workspace/ROS2_py_ws/install/ros2_user_pkg/share/ros2_user_pkg/local_setup.zsh\n'}
[16.010113] (ros2_user_pkg) StdoutLine: {'line': b'-- Symlinking: /home/tan/Documents/workspace/ROS2_py_ws/install/ros2_user_pkg/share/ros2_user_pkg/local_setup.dsv\n'}
[16.028436] (ros2_user_pkg) StdoutLine: {'line': b'-- Symlinking: /home/tan/Documents/workspace/ROS2_py_ws/install/ros2_user_pkg/share/ros2_user_pkg/package.dsv\n'}
[16.036576] (-) TimerEvent: {}
[16.044225] (ros2_user_pkg) StdoutLine: {'line': b'-- Symlinking: /home/tan/Documents/workspace/ROS2_py_ws/install/ros2_user_pkg/share/ament_index/resource_index/packages/ros2_user_pkg\n'}
[16.059672] (ros2_user_pkg) StdoutLine: {'line': b'-- Symlinking: /home/tan/Documents/workspace/ROS2_py_ws/install/ros2_user_pkg/share/ros2_user_pkg/cmake/rosidl_cmake-extras.cmake\n'}
[16.079829] (ros2_user_pkg) StdoutLine: {'line': b'-- Symlinking: /home/tan/Documents/workspace/ROS2_py_ws/install/ros2_user_pkg/share/ros2_user_pkg/cmake/ament_cmake_export_dependencies-extras.cmake\n'}
[16.096308] (ros2_user_pkg) StdoutLine: {'line': b'-- Symlinking: /home/tan/Documents/workspace/ROS2_py_ws/install/ros2_user_pkg/share/ros2_user_pkg/cmake/ament_cmake_export_include_directories-extras.cmake\n'}
[16.111779] (ros2_user_pkg) StdoutLine: {'line': b'-- Symlinking: /home/tan/Documents/workspace/ROS2_py_ws/install/ros2_user_pkg/share/ros2_user_pkg/cmake/ament_cmake_export_libraries-extras.cmake\n'}
[16.130580] (ros2_user_pkg) StdoutLine: {'line': b'-- Symlinking: /home/tan/Documents/workspace/ROS2_py_ws/install/ros2_user_pkg/share/ros2_user_pkg/cmake/ament_cmake_export_targets-extras.cmake\n'}
[16.136787] (-) TimerEvent: {}
[16.152114] (ros2_user_pkg) StdoutLine: {'line': b'-- Symlinking: /home/tan/Documents/workspace/ROS2_py_ws/install/ros2_user_pkg/share/ros2_user_pkg/cmake/rosidl_cmake_export_typesupport_targets-extras.cmake\n'}
[16.169355] (ros2_user_pkg) StdoutLine: {'line': b'-- Symlinking: /home/tan/Documents/workspace/ROS2_py_ws/install/ros2_user_pkg/share/ros2_user_pkg/cmake/rosidl_cmake_export_typesupport_libraries-extras.cmake\n'}
[16.192886] (ros2_user_pkg) StdoutLine: {'line': b'-- Symlinking: /home/tan/Documents/workspace/ROS2_py_ws/install/ros2_user_pkg/share/ros2_user_pkg/cmake/ros2_user_pkgConfig.cmake\n'}
[16.211931] (ros2_user_pkg) StdoutLine: {'line': b'-- Symlinking: /home/tan/Documents/workspace/ROS2_py_ws/install/ros2_user_pkg/share/ros2_user_pkg/cmake/ros2_user_pkgConfig-version.cmake\n'}
[16.230260] (ros2_user_pkg) StdoutLine: {'line': b'-- Symlinking: /home/tan/Documents/workspace/ROS2_py_ws/install/ros2_user_pkg/share/ros2_user_pkg/package.xml\n'}
[16.237042] (-) TimerEvent: {}
[16.248137] (ros2_user_pkg) StdoutLine: {'line': b'-- Installing: /home/tan/Documents/workspace/ROS2_py_ws/install/ros2_user_pkg/lib/libros2_user_pkg__rosidl_generator_c.so\n'}
[16.249710] (ros2_user_pkg) StdoutLine: {'line': b'-- Set runtime path of "/home/tan/Documents/workspace/ROS2_py_ws/install/ros2_user_pkg/lib/libros2_user_pkg__rosidl_generator_c.so" to ""\n'}
[16.250212] (ros2_user_pkg) StdoutLine: {'line': b'-- Installing: /home/tan/Documents/workspace/ROS2_py_ws/install/ros2_user_pkg/lib/libros2_user_pkg__rosidl_typesupport_fastrtps_c.so\n'}
[16.251330] (ros2_user_pkg) StdoutLine: {'line': b'-- Set runtime path of "/home/tan/Documents/workspace/ROS2_py_ws/install/ros2_user_pkg/lib/libros2_user_pkg__rosidl_typesupport_fastrtps_c.so" to ""\n'}
[16.251948] (ros2_user_pkg) StdoutLine: {'line': b'-- Installing: /home/tan/Documents/workspace/ROS2_py_ws/install/ros2_user_pkg/lib/libros2_user_pkg__rosidl_typesupport_fastrtps_cpp.so\n'}
[16.252843] (ros2_user_pkg) StdoutLine: {'line': b'-- Set runtime path of "/home/tan/Documents/workspace/ROS2_py_ws/install/ros2_user_pkg/lib/libros2_user_pkg__rosidl_typesupport_fastrtps_cpp.so" to ""\n'}
[16.253320] (ros2_user_pkg) StdoutLine: {'line': b'-- Installing: /home/tan/Documents/workspace/ROS2_py_ws/install/ros2_user_pkg/lib/libros2_user_pkg__rosidl_typesupport_introspection_c.so\n'}
[16.254330] (ros2_user_pkg) StdoutLine: {'line': b'-- Set runtime path of "/home/tan/Documents/workspace/ROS2_py_ws/install/ros2_user_pkg/lib/libros2_user_pkg__rosidl_typesupport_introspection_c.so" to ""\n'}
[16.254566] (ros2_user_pkg) StdoutLine: {'line': b'-- Installing: /home/tan/Documents/workspace/ROS2_py_ws/install/ros2_user_pkg/lib/libros2_user_pkg__rosidl_typesupport_c.so\n'}
[16.255752] (ros2_user_pkg) StdoutLine: {'line': b'-- Set runtime path of "/home/tan/Documents/workspace/ROS2_py_ws/install/ros2_user_pkg/lib/libros2_user_pkg__rosidl_typesupport_c.so" to ""\n'}
[16.255979] (ros2_user_pkg) StdoutLine: {'line': b'-- Installing: /home/tan/Documents/workspace/ROS2_py_ws/install/ros2_user_pkg/lib/libros2_user_pkg__rosidl_typesupport_introspection_cpp.so\n'}
[16.258121] (ros2_user_pkg) StdoutLine: {'line': b'-- Set runtime path of "/home/tan/Documents/workspace/ROS2_py_ws/install/ros2_user_pkg/lib/libros2_user_pkg__rosidl_typesupport_introspection_cpp.so" to ""\n'}
[16.258368] (ros2_user_pkg) StdoutLine: {'line': b'-- Installing: /home/tan/Documents/workspace/ROS2_py_ws/install/ros2_user_pkg/lib/libros2_user_pkg__rosidl_typesupport_cpp.so\n'}
[16.259601] (ros2_user_pkg) StdoutLine: {'line': b'-- Set runtime path of "/home/tan/Documents/workspace/ROS2_py_ws/install/ros2_user_pkg/lib/libros2_user_pkg__rosidl_typesupport_cpp.so" to ""\n'}
[16.336425] (ros2_user_pkg) StdoutLine: {'line': b"Listing '/home/tan/Documents/workspace/ROS2_py_ws/install/ros2_user_pkg/local/lib/python3.10/dist-packages/ros2_user_pkg'...\n"}
[16.336833] (ros2_user_pkg) StdoutLine: {'line': b"Compiling '/home/tan/Documents/workspace/ROS2_py_ws/install/ros2_user_pkg/local/lib/python3.10/dist-packages/ros2_user_pkg/__init__.py'...\n"}
[16.336973] (ros2_user_pkg) StdoutLine: {'line': b"Listing '/home/tan/Documents/workspace/ROS2_py_ws/install/ros2_user_pkg/local/lib/python3.10/dist-packages/ros2_user_pkg/action'...\n"}
[16.337201] (-) TimerEvent: {}
[16.337344] (ros2_user_pkg) StdoutLine: {'line': b"Compiling '/home/tan/Documents/workspace/ROS2_py_ws/install/ros2_user_pkg/local/lib/python3.10/dist-packages/ros2_user_pkg/action/__init__.py'...\n"}
[16.337455] (ros2_user_pkg) StdoutLine: {'line': b"Compiling '/home/tan/Documents/workspace/ROS2_py_ws/install/ros2_user_pkg/local/lib/python3.10/dist-packages/ros2_user_pkg/action/_navigate.py'...\n"}
[16.337541] (ros2_user_pkg) StdoutLine: {'line': b"Listing '/home/tan/Documents/workspace/ROS2_py_ws/install/ros2_user_pkg/local/lib/python3.10/dist-packages/ros2_user_pkg/srv'...\n"}
[16.337622] (ros2_user_pkg) StdoutLine: {'line': b"Compiling '/home/tan/Documents/workspace/ROS2_py_ws/install/ros2_user_pkg/local/lib/python3.10/dist-packages/ros2_user_pkg/srv/__init__.py'...\n"}
[16.337733] (ros2_user_pkg) StdoutLine: {'line': b"Compiling '/home/tan/Documents/workspace/ROS2_py_ws/install/ros2_user_pkg/local/lib/python3.10/dist-packages/ros2_user_pkg/srv/_image_service.py'...\n"}
[16.337815] (ros2_user_pkg) StdoutLine: {'line': b"Compiling '/home/tan/Documents/workspace/ROS2_py_ws/install/ros2_user_pkg/local/lib/python3.10/dist-packages/ros2_user_pkg/srv/_odd_even_check.py'...\n"}
[16.342724] (ros2_user_pkg) StdoutLine: {'line': b'-- Installing: /home/tan/Documents/workspace/ROS2_py_ws/install/ros2_user_pkg/lib/libros2_user_pkg__rosidl_generator_py.so\n'}
[16.343861] (ros2_user_pkg) StdoutLine: {'line': b'-- Set runtime path of "/home/tan/Documents/workspace/ROS2_py_ws/install/ros2_user_pkg/lib/libros2_user_pkg__rosidl_generator_py.so" to ""\n'}
[16.409251] (ros2_user_pkg) StdoutLine: {'line': b"Listing '/home/tan/Documents/workspace/ROS2_py_ws/install/ros2_user_pkg/local/lib/python3.10/dist-packages/scripts'...\n"}
[16.409539] (ros2_user_pkg) StdoutLine: {'line': b"Compiling '/home/tan/Documents/workspace/ROS2_py_ws/install/ros2_user_pkg/local/lib/python3.10/dist-packages/scripts/__init__.py'...\n"}
[16.409672] (ros2_user_pkg) StdoutLine: {'line': b"Compiling '/home/tan/Documents/workspace/ROS2_py_ws/install/ros2_user_pkg/local/lib/python3.10/dist-packages/scripts/action_client.py'...\n"}
[16.409763] (ros2_user_pkg) StdoutLine: {'line': b"Compiling '/home/tan/Documents/workspace/ROS2_py_ws/install/ros2_user_pkg/local/lib/python3.10/dist-packages/scripts/action_server.py'...\n"}
[16.409846] (ros2_user_pkg) StdoutLine: {'line': b"Compiling '/home/tan/Documents/workspace/ROS2_py_ws/install/ros2_user_pkg/local/lib/python3.10/dist-packages/scripts/publisher.py'...\n"}
[16.409928] (ros2_user_pkg) StdoutLine: {'line': b"Compiling '/home/tan/Documents/workspace/ROS2_py_ws/install/ros2_user_pkg/local/lib/python3.10/dist-packages/scripts/rpm_publisher.py'...\n"}
[16.410007] (ros2_user_pkg) StdoutLine: {'line': b"Compiling '/home/tan/Documents/workspace/ROS2_py_ws/install/ros2_user_pkg/local/lib/python3.10/dist-packages/scripts/service_client.py'...\n"}
[16.410141] (ros2_user_pkg) StdoutLine: {'line': b"Compiling '/home/tan/Documents/workspace/ROS2_py_ws/install/ros2_user_pkg/local/lib/python3.10/dist-packages/scripts/service_server.py'...\n"}
[16.410270] (ros2_user_pkg) StdoutLine: {'line': b"Compiling '/home/tan/Documents/workspace/ROS2_py_ws/install/ros2_user_pkg/local/lib/python3.10/dist-packages/scripts/speed_publisher.py'...\n"}
[16.410351] (ros2_user_pkg) StdoutLine: {'line': b"Compiling '/home/tan/Documents/workspace/ROS2_py_ws/install/ros2_user_pkg/local/lib/python3.10/dist-packages/scripts/subcriber.py'...\n"}
[16.410431] (ros2_user_pkg) StdoutLine: {'line': b"Compiling '/home/tan/Documents/workspace/ROS2_py_ws/install/ros2_user_pkg/local/lib/python3.10/dist-packages/scripts/turn_camera_client.py'...\n"}
[16.410510] (ros2_user_pkg) StdoutLine: {'line': b"Compiling '/home/tan/Documents/workspace/ROS2_py_ws/install/ros2_user_pkg/local/lib/python3.10/dist-packages/scripts/turn_camera_server.py'...\n"}
[16.415145] (ros2_user_pkg) StdoutLine: {'line': b'-- Installing: /home/tan/Documents/workspace/ROS2_py_ws/install/ros2_user_pkg/share/ros2_user_pkg/cmake/export_ros2_user_pkg__rosidl_generator_cExport.cmake\n'}
[16.415644] (ros2_user_pkg) StdoutLine: {'line': b'-- Installing: /home/tan/Documents/workspace/ROS2_py_ws/install/ros2_user_pkg/share/ros2_user_pkg/cmake/export_ros2_user_pkg__rosidl_generator_cExport-noconfig.cmake\n'}
[16.416053] (ros2_user_pkg) StdoutLine: {'line': b'-- Installing: /home/tan/Documents/workspace/ROS2_py_ws/install/ros2_user_pkg/share/ros2_user_pkg/cmake/export_ros2_user_pkg__rosidl_typesupport_fastrtps_cExport.cmake\n'}
[16.416436] (ros2_user_pkg) StdoutLine: {'line': b'-- Installing: /home/tan/Documents/workspace/ROS2_py_ws/install/ros2_user_pkg/share/ros2_user_pkg/cmake/export_ros2_user_pkg__rosidl_typesupport_fastrtps_cExport-noconfig.cmake\n'}
[16.416838] (ros2_user_pkg) StdoutLine: {'line': b'-- Installing: /home/tan/Documents/workspace/ROS2_py_ws/install/ros2_user_pkg/share/ros2_user_pkg/cmake/export_ros2_user_pkg__rosidl_generator_cppExport.cmake\n'}
[16.417354] (ros2_user_pkg) StdoutLine: {'line': b'-- Installing: /home/tan/Documents/workspace/ROS2_py_ws/install/ros2_user_pkg/share/ros2_user_pkg/cmake/export_ros2_user_pkg__rosidl_typesupport_fastrtps_cppExport.cmake\n'}
[16.417754] (ros2_user_pkg) StdoutLine: {'line': b'-- Installing: /home/tan/Documents/workspace/ROS2_py_ws/install/ros2_user_pkg/share/ros2_user_pkg/cmake/export_ros2_user_pkg__rosidl_typesupport_fastrtps_cppExport-noconfig.cmake\n'}
[16.418156] (ros2_user_pkg) StdoutLine: {'line': b'-- Installing: /home/tan/Documents/workspace/ROS2_py_ws/install/ros2_user_pkg/share/ros2_user_pkg/cmake/ros2_user_pkg__rosidl_typesupport_introspection_cExport.cmake\n'}
[16.418544] (ros2_user_pkg) StdoutLine: {'line': b'-- Installing: /home/tan/Documents/workspace/ROS2_py_ws/install/ros2_user_pkg/share/ros2_user_pkg/cmake/ros2_user_pkg__rosidl_typesupport_introspection_cExport-noconfig.cmake\n'}
[16.418927] (ros2_user_pkg) StdoutLine: {'line': b'-- Installing: /home/tan/Documents/workspace/ROS2_py_ws/install/ros2_user_pkg/share/ros2_user_pkg/cmake/ros2_user_pkg__rosidl_typesupport_cExport.cmake\n'}
[16.419414] (ros2_user_pkg) StdoutLine: {'line': b'-- Installing: /home/tan/Documents/workspace/ROS2_py_ws/install/ros2_user_pkg/share/ros2_user_pkg/cmake/ros2_user_pkg__rosidl_typesupport_cExport-noconfig.cmake\n'}
[16.420179] (ros2_user_pkg) StdoutLine: {'line': b'-- Installing: /home/tan/Documents/workspace/ROS2_py_ws/install/ros2_user_pkg/share/ros2_user_pkg/cmake/ros2_user_pkg__rosidl_typesupport_introspection_cppExport.cmake\n'}
[16.420421] (ros2_user_pkg) StdoutLine: {'line': b'-- Installing: /home/tan/Documents/workspace/ROS2_py_ws/install/ros2_user_pkg/share/ros2_user_pkg/cmake/ros2_user_pkg__rosidl_typesupport_introspection_cppExport-noconfig.cmake\n'}
[16.420841] (ros2_user_pkg) StdoutLine: {'line': b'-- Installing: /home/tan/Documents/workspace/ROS2_py_ws/install/ros2_user_pkg/share/ros2_user_pkg/cmake/ros2_user_pkg__rosidl_typesupport_cppExport.cmake\n'}
[16.421331] (ros2_user_pkg) StdoutLine: {'line': b'-- Installing: /home/tan/Documents/workspace/ROS2_py_ws/install/ros2_user_pkg/share/ros2_user_pkg/cmake/ros2_user_pkg__rosidl_typesupport_cppExport-noconfig.cmake\n'}
[16.422122] (ros2_user_pkg) StdoutLine: {'line': b'-- Installing: /home/tan/Documents/workspace/ROS2_py_ws/install/ros2_user_pkg/share/ros2_user_pkg/cmake/export_ros2_user_pkg__rosidl_generator_pyExport.cmake\n'}
[16.422782] (ros2_user_pkg) StdoutLine: {'line': b'-- Installing: /home/tan/Documents/workspace/ROS2_py_ws/install/ros2_user_pkg/share/ros2_user_pkg/cmake/export_ros2_user_pkg__rosidl_generator_pyExport-noconfig.cmake\n'}
[16.430185] (ros2_user_pkg) CommandEnded: {'returncode': 0}
[16.439632] (-) TimerEvent: {}
[16.540912] (-) TimerEvent: {}
[16.641389] (-) TimerEvent: {}
[16.742099] (-) TimerEvent: {}
[16.842819] (-) TimerEvent: {}
[16.934211] (ros2_user_pkg) JobEnded: {'identifier': 'ros2_user_pkg', 'rc': 0}
[16.935627] (-) EventReactorShutdown: {}
