[0.228s] Invoking command in '/home/tan/Documents/workspace/ROS2_py_ws/build/my_robot_description': CMAKE_PREFIX_PATH=${CMAKE_PREFIX_PATH}:/opt/ros/humble /usr/bin/cmake --build /home/tan/Documents/workspace/ROS2_py_ws/build/my_robot_description -- -j4 -l4
[0.322s] Invoked command in '/home/tan/Documents/workspace/ROS2_py_ws/build/my_robot_description' returned '0': CMAKE_PREFIX_PATH=${CMAKE_PREFIX_PATH}:/opt/ros/humble /usr/bin/cmake --build /home/tan/Documents/workspace/ROS2_py_ws/build/my_robot_description -- -j4 -l4
[0.389s] Invoking command in '/home/tan/Documents/workspace/ROS2_py_ws/build/my_robot_description': CMAKE_PREFIX_PATH=${CMAKE_PREFIX_PATH}:/opt/ros/humble /usr/bin/cmake --install /home/tan/Documents/workspace/ROS2_py_ws/build/my_robot_description
[0.401s] -- Install configuration: ""
[0.402s] -- Execute custom install script
[0.403s] -- Up-to-date symlink: /home/tan/Documents/workspace/ROS2_py_ws/install/my_robot_description/share/my_robot_description/urdf/common_properties.xacro
[0.404s] -- Up-to-date symlink: /home/tan/Documents/workspace/ROS2_py_ws/install/my_robot_description/share/my_robot_description/urdf/mobile_base.xacro
[0.406s] -- Up-to-date symlink: /home/tan/Documents/workspace/ROS2_py_ws/install/my_robot_description/share/my_robot_description/urdf/my_robot.urdf.xacro
[0.408s] -- Up-to-date symlink: /home/tan/Documents/workspace/ROS2_py_ws/install/my_robot_description/share/my_robot_description/launch/display.launch.py
[0.411s] -- Up-to-date symlink: /home/tan/Documents/workspace/ROS2_py_ws/install/my_robot_description/share/my_robot_description/launch/display.launch.xml
[0.413s] -- Up-to-date symlink: /home/tan/Documents/workspace/ROS2_py_ws/install/my_robot_description/share/my_robot_description/rviz/urdf_config.rviz
[0.414s] -- Up-to-date symlink: /home/tan/Documents/workspace/ROS2_py_ws/install/my_robot_description/share/ament_index/resource_index/package_run_dependencies/my_robot_description
[0.415s] -- Up-to-date symlink: /home/tan/Documents/workspace/ROS2_py_ws/install/my_robot_description/share/ament_index/resource_index/parent_prefix_path/my_robot_description
[0.416s] -- Up-to-date symlink: /home/tan/Documents/workspace/ROS2_py_ws/install/my_robot_description/share/my_robot_description/environment/ament_prefix_path.sh
[0.417s] -- Up-to-date symlink: /home/tan/Documents/workspace/ROS2_py_ws/install/my_robot_description/share/my_robot_description/environment/ament_prefix_path.dsv
[0.419s] -- Up-to-date symlink: /home/tan/Documents/workspace/ROS2_py_ws/install/my_robot_description/share/my_robot_description/environment/path.sh
[0.420s] -- Up-to-date symlink: /home/tan/Documents/workspace/ROS2_py_ws/install/my_robot_description/share/my_robot_description/environment/path.dsv
[0.424s] -- Up-to-date symlink: /home/tan/Documents/workspace/ROS2_py_ws/install/my_robot_description/share/my_robot_description/local_setup.bash
[0.424s] -- Up-to-date symlink: /home/tan/Documents/workspace/ROS2_py_ws/install/my_robot_description/share/my_robot_description/local_setup.sh
[0.425s] -- Up-to-date symlink: /home/tan/Documents/workspace/ROS2_py_ws/install/my_robot_description/share/my_robot_description/local_setup.zsh
[0.425s] -- Up-to-date symlink: /home/tan/Documents/workspace/ROS2_py_ws/install/my_robot_description/share/my_robot_description/local_setup.dsv
[0.425s] -- Symlinking: /home/tan/Documents/workspace/ROS2_py_ws/install/my_robot_description/share/my_robot_description/package.dsv
[0.430s] -- Up-to-date symlink: /home/tan/Documents/workspace/ROS2_py_ws/install/my_robot_description/share/ament_index/resource_index/packages/my_robot_description
[0.431s] -- Up-to-date symlink: /home/tan/Documents/workspace/ROS2_py_ws/install/my_robot_description/share/my_robot_description/cmake/my_robot_descriptionConfig.cmake
[0.431s] -- Up-to-date symlink: /home/tan/Documents/workspace/ROS2_py_ws/install/my_robot_description/share/my_robot_description/cmake/my_robot_descriptionConfig-version.cmake
[0.431s] -- Up-to-date symlink: /home/tan/Documents/workspace/ROS2_py_ws/install/my_robot_description/share/my_robot_description/package.xml
[0.436s] Invoked command in '/home/tan/Documents/workspace/ROS2_py_ws/build/my_robot_description' returned '0': CMAKE_PREFIX_PATH=${CMAKE_PREFIX_PATH}:/opt/ros/humble /usr/bin/cmake --install /home/tan/Documents/workspace/ROS2_py_ws/build/my_robot_description
