[0.167s] Invoking command in '/home/tan/Documents/workspace/ROS2_py_ws/build/my_robot_bringup': CMAKE_PREFIX_PATH=/home/tan/Documents/workspace/ROS2_py_ws/install/my_robot_description:/home/tan/Documents/workspace/ROS2_py_ws/install/ros2_user_pkg:/opt/ros/humble /usr/bin/cmake --build /home/tan/Documents/workspace/ROS2_py_ws/build/my_robot_bringup -- -j4 -l4
[0.250s] Invoked command in '/home/tan/Documents/workspace/ROS2_py_ws/build/my_robot_bringup' returned '0': CMAKE_PREFIX_PATH=/home/tan/Documents/workspace/ROS2_py_ws/install/my_robot_description:/home/tan/Documents/workspace/ROS2_py_ws/install/ros2_user_pkg:/opt/ros/humble /usr/bin/cmake --build /home/tan/Documents/workspace/ROS2_py_ws/build/my_robot_bringup -- -j4 -l4
[0.318s] Invoking command in '/home/tan/Documents/workspace/ROS2_py_ws/build/my_robot_bringup': CMAKE_PREFIX_PATH=/home/tan/Documents/workspace/ROS2_py_ws/install/my_robot_description:/home/tan/Documents/workspace/ROS2_py_ws/install/ros2_user_pkg:/opt/ros/humble /usr/bin/cmake --install /home/tan/Documents/workspace/ROS2_py_ws/build/my_robot_bringup
[0.344s] -- Install configuration: ""
[0.344s] -- Execute custom install script
[0.345s] -- Up-to-date symlink: /home/tan/Documents/workspace/ROS2_py_ws/install/my_robot_bringup/share/my_robot_bringup/launch/my_robot_gazebo.launch
[0.345s] -- Up-to-date symlink: /home/tan/Documents/workspace/ROS2_py_ws/install/my_robot_bringup/share/ament_index/resource_index/package_run_dependencies/my_robot_bringup
[0.345s] -- Up-to-date symlink: /home/tan/Documents/workspace/ROS2_py_ws/install/my_robot_bringup/share/ament_index/resource_index/parent_prefix_path/my_robot_bringup
[0.345s] -- Up-to-date symlink: /home/tan/Documents/workspace/ROS2_py_ws/install/my_robot_bringup/share/my_robot_bringup/environment/ament_prefix_path.sh
[0.345s] -- Up-to-date symlink: /home/tan/Documents/workspace/ROS2_py_ws/install/my_robot_bringup/share/my_robot_bringup/environment/ament_prefix_path.dsv
[0.345s] -- Up-to-date symlink: /home/tan/Documents/workspace/ROS2_py_ws/install/my_robot_bringup/share/my_robot_bringup/environment/path.sh
[0.345s] -- Up-to-date symlink: /home/tan/Documents/workspace/ROS2_py_ws/install/my_robot_bringup/share/my_robot_bringup/environment/path.dsv
[0.345s] -- Up-to-date symlink: /home/tan/Documents/workspace/ROS2_py_ws/install/my_robot_bringup/share/my_robot_bringup/local_setup.bash
[0.345s] -- Up-to-date symlink: /home/tan/Documents/workspace/ROS2_py_ws/install/my_robot_bringup/share/my_robot_bringup/local_setup.sh
[0.350s] -- Up-to-date symlink: /home/tan/Documents/workspace/ROS2_py_ws/install/my_robot_bringup/share/my_robot_bringup/local_setup.zsh
[0.350s] -- Up-to-date symlink: /home/tan/Documents/workspace/ROS2_py_ws/install/my_robot_bringup/share/my_robot_bringup/local_setup.dsv
[0.350s] -- Symlinking: /home/tan/Documents/workspace/ROS2_py_ws/install/my_robot_bringup/share/my_robot_bringup/package.dsv
[0.364s] -- Up-to-date symlink: /home/tan/Documents/workspace/ROS2_py_ws/install/my_robot_bringup/share/ament_index/resource_index/packages/my_robot_bringup
[0.364s] -- Up-to-date symlink: /home/tan/Documents/workspace/ROS2_py_ws/install/my_robot_bringup/share/my_robot_bringup/cmake/my_robot_bringupConfig.cmake
[0.366s] -- Up-to-date symlink: /home/tan/Documents/workspace/ROS2_py_ws/install/my_robot_bringup/share/my_robot_bringup/cmake/my_robot_bringupConfig-version.cmake
[0.366s] -- Up-to-date symlink: /home/tan/Documents/workspace/ROS2_py_ws/install/my_robot_bringup/share/my_robot_bringup/package.xml
[0.370s] Invoked command in '/home/tan/Documents/workspace/ROS2_py_ws/build/my_robot_bringup' returned '0': CMAKE_PREFIX_PATH=/home/tan/Documents/workspace/ROS2_py_ws/install/my_robot_description:/home/tan/Documents/workspace/ROS2_py_ws/install/ros2_user_pkg:/opt/ros/humble /usr/bin/cmake --install /home/tan/Documents/workspace/ROS2_py_ws/build/my_robot_bringup
