[0.000000] (-) TimerEvent: {}
[0.000303] (my_robot_description) JobQueued: {'identifier': 'my_robot_description', 'dependencies': OrderedDict()}
[0.000652] (ros2_user_pkg) JobQueued: {'identifier': 'ros2_user_pkg', 'dependencies': OrderedDict()}
[0.000772] (my_robot_description) JobStarted: {'identifier': 'my_robot_description'}
[0.098486] (-) TimerEvent: {}
[0.108179] (ros2_user_pkg) JobStarted: {'identifier': 'ros2_user_pkg'}
[0.198945] (-) TimerEvent: {}
[0.222965] (my_robot_description) JobProgress: {'identifier': 'my_robot_description', 'progress': 'cmake'}
[0.224170] (my_robot_description) JobProgress: {'identifier': 'my_robot_description', 'progress': 'build'}
[0.225563] (my_robot_description) Command: {'cmd': ['/usr/bin/cmake', '--build', '/home/tan/Documents/workspace/ROS2_py_ws/build/my_robot_description', '--', '-j4', '-l4'], 'cwd': '/home/tan/Documents/workspace/ROS2_py_ws/build/my_robot_description', 'env': OrderedDict([('GJS_DEBUG_TOPICS', 'JS ERROR;JS LOG'), ('LESSOPEN', '| /usr/bin/lesspipe %s'), ('LANGUAGE', 'en_US:'), ('USER', 'tan'), ('LC_TIME', 'vi_VN'), ('GIO_MODULE_DIR', '/home/tan/snap/code/common/.cache/gio-modules'), ('XDG_SESSION_TYPE', 'wayland'), ('GTK_EXE_PREFIX_VSCODE_SNAP_ORIG', ''), ('GDK_BACKEND_VSCODE_SNAP_ORIG', ''), ('SHLVL', '1'), ('LD_LIBRARY_PATH', '/usr/lib/x86_64-linux-gnu/gazebo-11/plugins:/home/tan/Documents/workspace/ROS2_py_ws/install/ros2_user_pkg/lib:/opt/ros/humble/opt/rviz_ogre_vendor/lib:/opt/ros/humble/lib/x86_64-linux-gnu:/opt/ros/humble/lib'), ('HOME', '/home/tan'), ('CHROME_DESKTOP', 'code-url-handler.desktop'), ('LOCPATH_VSCODE_SNAP_ORIG', ''), ('TERM_PROGRAM_VERSION', '1.83.1'), ('DESKTOP_SESSION', 'ubuntu'), ('GTK_PATH', '/snap/code/143/usr/lib/x86_64-linux-gnu/gtk-3.0'), ('GTK_IM_MODULE_FILE', '/home/tan/snap/code/common/.cache/immodules/immodules.cache'), ('GIO_LAUNCHED_DESKTOP_FILE', '/var/lib/snapd/desktop/applications/code_code.desktop'), ('ROS_PYTHON_VERSION', '3'), ('GNOME_SHELL_SESSION_MODE', 'ubuntu'), ('GTK_MODULES', 'gail:atk-bridge'), ('GSETTINGS_SCHEMA_DIR_VSCODE_SNAP_ORIG', ''), ('LC_MONETARY', 'vi_VN'), ('MANAGERPID', '1028'), ('SYSTEMD_EXEC_PID', '1188'), ('IM_CONFIG_CHECK_ENV', '1'), ('DBUS_SESSION_BUS_ADDRESS', 'unix:path=/run/user/1000/bus'), ('COLORTERM', 'truecolor'), ('GIO_LAUNCHED_DESKTOP_FILE_PID', '2013'), ('IM_CONFIG_PHASE', '1'), ('WAYLAND_DISPLAY', 'wayland-0'), ('COLCON_PREFIX_PATH', '/home/tan/Documents/workspace/ROS2_py_ws/install'), ('ROS_DISTRO', 'humble'), ('LOGNAME', 'tan'), ('JOURNAL_STREAM', '8:33305'), ('_', '/usr/bin/colcon'), ('ROS_VERSION', '2'), ('XDG_CONFIG_DIRS_VSCODE_SNAP_ORIG', '/etc/xdg/xdg-ubuntu:/etc/xdg'), ('XDG_SESSION_CLASS', 'user'), ('XDG_DATA_DIRS_VSCODE_SNAP_ORIG', '/usr/share/ubuntu:/usr/local/share/:/usr/share/:/var/lib/snapd/desktop'), ('USERNAME', 'tan'), ('TERM', 'xterm-256color'), ('GNOME_DESKTOP_SESSION_ID', 'this-is-deprecated'), ('ROS_LOCALHOST_ONLY', '0'), ('PATH', '/opt/ros/humble/bin:/usr/local/sbin:/usr/local/bin:/usr/sbin:/usr/bin:/sbin:/bin:/usr/games:/usr/local/games:/snap/bin:/snap/bin'), ('SESSION_MANAGER', 'local/tan-virtual-machine:@/tmp/.ICE-unix/1172,unix/tan-virtual-machine:/tmp/.ICE-unix/1172'), ('GTK_EXE_PREFIX', '/snap/code/143/usr'), ('INVOCATION_ID', 'a1285767ccf04597ba35587307e5d760'), ('XDG_MENU_PREFIX', 'gnome-'), ('LC_ADDRESS', 'vi_VN'), ('BAMF_DESKTOP_FILE_HINT', '/var/lib/snapd/desktop/applications/code_code.desktop'), ('GNOME_SETUP_DISPLAY', ':1'), ('XDG_RUNTIME_DIR', '/run/user/1000'), ('GDK_BACKEND', 'x11'), ('DISPLAY', ':0'), ('LOCPATH', '/snap/code/143/usr/lib/locale'), ('LANG', 'en_US.UTF-8'), ('XDG_CURRENT_DESKTOP', 'Unity'), ('LC_TELEPHONE', 'vi_VN'), ('GIO_MODULE_DIR_VSCODE_SNAP_ORIG', ''), ('XMODIFIERS', '@im=ibus'), ('XDG_SESSION_DESKTOP', 'ubuntu'), ('XAUTHORITY', '/run/user/1000/.mutter-Xwaylandauth.CRZJC2'), ('LS_COLORS', ''), ('TERM_PROGRAM', 'vscode'), ('SSH_AGENT_LAUNCHER', 'gnome-keyring'), ('SSH_AUTH_SOCK', '/run/user/1000/keyring/ssh'), ('GSETTINGS_SCHEMA_DIR', '/home/tan/snap/code/143/.local/share/glib-2.0/schemas'), ('AMENT_PREFIX_PATH', '/home/tan/Documents/workspace/ROS2_py_ws/install/ros2_user_pkg:/home/tan/Documents/workspace/ROS2_py_ws/install/my_robot_description:/opt/ros/humble'), ('ORIGINAL_XDG_CURRENT_DESKTOP', 'ubuntu:GNOME'), ('SHELL', '/bin/bash'), ('LC_NAME', 'vi_VN'), ('QT_ACCESSIBILITY', '1'), ('GDMSESSION', 'ubuntu'), ('LESSCLOSE', '/usr/bin/lesspipe %s %s'), ('GTK_PATH_VSCODE_SNAP_ORIG', ''), ('GTK_IM_MODULE_FILE_VSCODE_SNAP_ORIG', ''), ('LC_MEASUREMENT', 'vi_VN'), ('GJS_DEBUG_OUTPUT', 'stderr'), ('LC_IDENTIFICATION', 'vi_VN'), ('QT_IM_MODULE', 'ibus'), ('PWD', '/home/tan/Documents/workspace/ROS2_py_ws/build/my_robot_description'), ('LC_ALL', 'en_US.UTF-8'), ('XDG_CONFIG_DIRS', '/etc/xdg/xdg-ubuntu:/etc/xdg'), ('XDG_DATA_DIRS', '/home/tan/snap/code/143/.local/share:/home/tan/snap/code/143:/snap/code/143/usr/share:/usr/share/ubuntu:/usr/local/share/:/usr/share/:/var/lib/snapd/desktop'), ('PYTHONPATH', '/home/tan/Documents/workspace/ROS2_py_ws/install/ros2_user_pkg/local/lib/python3.10/dist-packages:/opt/ros/humble/lib/python3.10/site-packages:/opt/ros/humble/local/lib/python3.10/dist-packages'), ('LC_NUMERIC', 'vi_VN'), ('LC_PAPER', 'vi_VN'), ('COLCON', '1'), ('CMAKE_PREFIX_PATH', '/home/tan/Documents/workspace/ROS2_py_ws/install/ros2_user_pkg:/home/tan/Documents/workspace/ROS2_py_ws/install/my_robot_description:/opt/ros/humble')]), 'shell': False}
[0.236632] (ros2_user_pkg) JobProgress: {'identifier': 'ros2_user_pkg', 'progress': 'cmake'}
[0.238532] (ros2_user_pkg) JobProgress: {'identifier': 'ros2_user_pkg', 'progress': 'build'}
[0.239142] (ros2_user_pkg) Command: {'cmd': ['/usr/bin/cmake', '--build', '/home/tan/Documents/workspace/ROS2_py_ws/build/ros2_user_pkg', '--', '-j4', '-l4'], 'cwd': '/home/tan/Documents/workspace/ROS2_py_ws/build/ros2_user_pkg', 'env': OrderedDict([('GJS_DEBUG_TOPICS', 'JS ERROR;JS LOG'), ('LESSOPEN', '| /usr/bin/lesspipe %s'), ('LANGUAGE', 'en_US:'), ('USER', 'tan'), ('LC_TIME', 'vi_VN'), ('GIO_MODULE_DIR', '/home/tan/snap/code/common/.cache/gio-modules'), ('XDG_SESSION_TYPE', 'wayland'), ('GTK_EXE_PREFIX_VSCODE_SNAP_ORIG', ''), ('GDK_BACKEND_VSCODE_SNAP_ORIG', ''), ('SHLVL', '1'), ('LD_LIBRARY_PATH', '/usr/lib/x86_64-linux-gnu/gazebo-11/plugins:/home/tan/Documents/workspace/ROS2_py_ws/install/ros2_user_pkg/lib:/opt/ros/humble/opt/rviz_ogre_vendor/lib:/opt/ros/humble/lib/x86_64-linux-gnu:/opt/ros/humble/lib'), ('HOME', '/home/tan'), ('CHROME_DESKTOP', 'code-url-handler.desktop'), ('LOCPATH_VSCODE_SNAP_ORIG', ''), ('TERM_PROGRAM_VERSION', '1.83.1'), ('DESKTOP_SESSION', 'ubuntu'), ('GTK_PATH', '/snap/code/143/usr/lib/x86_64-linux-gnu/gtk-3.0'), ('GTK_IM_MODULE_FILE', '/home/tan/snap/code/common/.cache/immodules/immodules.cache'), ('GIO_LAUNCHED_DESKTOP_FILE', '/var/lib/snapd/desktop/applications/code_code.desktop'), ('ROS_PYTHON_VERSION', '3'), ('GNOME_SHELL_SESSION_MODE', 'ubuntu'), ('GTK_MODULES', 'gail:atk-bridge'), ('GSETTINGS_SCHEMA_DIR_VSCODE_SNAP_ORIG', ''), ('LC_MONETARY', 'vi_VN'), ('MANAGERPID', '1028'), ('SYSTEMD_EXEC_PID', '1188'), ('IM_CONFIG_CHECK_ENV', '1'), ('DBUS_SESSION_BUS_ADDRESS', 'unix:path=/run/user/1000/bus'), ('COLORTERM', 'truecolor'), ('GIO_LAUNCHED_DESKTOP_FILE_PID', '2013'), ('IM_CONFIG_PHASE', '1'), ('WAYLAND_DISPLAY', 'wayland-0'), ('COLCON_PREFIX_PATH', '/home/tan/Documents/workspace/ROS2_py_ws/install'), ('ROS_DISTRO', 'humble'), ('LOGNAME', 'tan'), ('JOURNAL_STREAM', '8:33305'), ('_', '/usr/bin/colcon'), ('ROS_VERSION', '2'), ('XDG_CONFIG_DIRS_VSCODE_SNAP_ORIG', '/etc/xdg/xdg-ubuntu:/etc/xdg'), ('XDG_SESSION_CLASS', 'user'), ('XDG_DATA_DIRS_VSCODE_SNAP_ORIG', '/usr/share/ubuntu:/usr/local/share/:/usr/share/:/var/lib/snapd/desktop'), ('USERNAME', 'tan'), ('TERM', 'xterm-256color'), ('GNOME_DESKTOP_SESSION_ID', 'this-is-deprecated'), ('ROS_LOCALHOST_ONLY', '0'), ('PATH', '/opt/ros/humble/bin:/usr/local/sbin:/usr/local/bin:/usr/sbin:/usr/bin:/sbin:/bin:/usr/games:/usr/local/games:/snap/bin:/snap/bin'), ('SESSION_MANAGER', 'local/tan-virtual-machine:@/tmp/.ICE-unix/1172,unix/tan-virtual-machine:/tmp/.ICE-unix/1172'), ('GTK_EXE_PREFIX', '/snap/code/143/usr'), ('INVOCATION_ID', 'a1285767ccf04597ba35587307e5d760'), ('XDG_MENU_PREFIX', 'gnome-'), ('LC_ADDRESS', 'vi_VN'), ('BAMF_DESKTOP_FILE_HINT', '/var/lib/snapd/desktop/applications/code_code.desktop'), ('GNOME_SETUP_DISPLAY', ':1'), ('XDG_RUNTIME_DIR', '/run/user/1000'), ('GDK_BACKEND', 'x11'), ('DISPLAY', ':0'), ('LOCPATH', '/snap/code/143/usr/lib/locale'), ('LANG', 'en_US.UTF-8'), ('XDG_CURRENT_DESKTOP', 'Unity'), ('LC_TELEPHONE', 'vi_VN'), ('GIO_MODULE_DIR_VSCODE_SNAP_ORIG', ''), ('XMODIFIERS', '@im=ibus'), ('XDG_SESSION_DESKTOP', 'ubuntu'), ('XAUTHORITY', '/run/user/1000/.mutter-Xwaylandauth.CRZJC2'), ('LS_COLORS', ''), ('TERM_PROGRAM', 'vscode'), ('SSH_AGENT_LAUNCHER', 'gnome-keyring'), ('SSH_AUTH_SOCK', '/run/user/1000/keyring/ssh'), ('GSETTINGS_SCHEMA_DIR', '/home/tan/snap/code/143/.local/share/glib-2.0/schemas'), ('AMENT_PREFIX_PATH', '/home/tan/Documents/workspace/ROS2_py_ws/install/ros2_user_pkg:/home/tan/Documents/workspace/ROS2_py_ws/install/my_robot_description:/opt/ros/humble'), ('ORIGINAL_XDG_CURRENT_DESKTOP', 'ubuntu:GNOME'), ('SHELL', '/bin/bash'), ('LC_NAME', 'vi_VN'), ('QT_ACCESSIBILITY', '1'), ('GDMSESSION', 'ubuntu'), ('LESSCLOSE', '/usr/bin/lesspipe %s %s'), ('GTK_PATH_VSCODE_SNAP_ORIG', ''), ('GTK_IM_MODULE_FILE_VSCODE_SNAP_ORIG', ''), ('LC_MEASUREMENT', 'vi_VN'), ('GJS_DEBUG_OUTPUT', 'stderr'), ('LC_IDENTIFICATION', 'vi_VN'), ('QT_IM_MODULE', 'ibus'), ('PWD', '/home/tan/Documents/workspace/ROS2_py_ws/build/ros2_user_pkg'), ('LC_ALL', 'en_US.UTF-8'), ('XDG_CONFIG_DIRS', '/etc/xdg/xdg-ubuntu:/etc/xdg'), ('XDG_DATA_DIRS', '/home/tan/snap/code/143/.local/share:/home/tan/snap/code/143:/snap/code/143/usr/share:/usr/share/ubuntu:/usr/local/share/:/usr/share/:/var/lib/snapd/desktop'), ('PYTHONPATH', '/home/tan/Documents/workspace/ROS2_py_ws/install/ros2_user_pkg/local/lib/python3.10/dist-packages:/opt/ros/humble/lib/python3.10/site-packages:/opt/ros/humble/local/lib/python3.10/dist-packages'), ('LC_NUMERIC', 'vi_VN'), ('LC_PAPER', 'vi_VN'), ('COLCON', '1'), ('CMAKE_PREFIX_PATH', '/home/tan/Documents/workspace/ROS2_py_ws/install/ros2_user_pkg:/home/tan/Documents/workspace/ROS2_py_ws/install/my_robot_description:/opt/ros/humble')]), 'shell': False}
[0.291412] (ros2_user_pkg) StdoutLine: {'line': b'-- Found ament_cmake: 1.3.5 (/opt/ros/humble/share/ament_cmake/cmake)\n'}
[0.299372] (-) TimerEvent: {}
[0.322890] (my_robot_description) CommandEnded: {'returncode': 0}
[0.372736] (my_robot_description) JobProgress: {'identifier': 'my_robot_description', 'progress': 'install'}
[0.388341] (my_robot_description) Command: {'cmd': ['/usr/bin/cmake', '--install', '/home/tan/Documents/workspace/ROS2_py_ws/build/my_robot_description'], 'cwd': '/home/tan/Documents/workspace/ROS2_py_ws/build/my_robot_description', 'env': OrderedDict([('GJS_DEBUG_TOPICS', 'JS ERROR;JS LOG'), ('LESSOPEN', '| /usr/bin/lesspipe %s'), ('LANGUAGE', 'en_US:'), ('USER', 'tan'), ('LC_TIME', 'vi_VN'), ('GIO_MODULE_DIR', '/home/tan/snap/code/common/.cache/gio-modules'), ('XDG_SESSION_TYPE', 'wayland'), ('GTK_EXE_PREFIX_VSCODE_SNAP_ORIG', ''), ('GDK_BACKEND_VSCODE_SNAP_ORIG', ''), ('SHLVL', '1'), ('LD_LIBRARY_PATH', '/usr/lib/x86_64-linux-gnu/gazebo-11/plugins:/home/tan/Documents/workspace/ROS2_py_ws/install/ros2_user_pkg/lib:/opt/ros/humble/opt/rviz_ogre_vendor/lib:/opt/ros/humble/lib/x86_64-linux-gnu:/opt/ros/humble/lib'), ('HOME', '/home/tan'), ('CHROME_DESKTOP', 'code-url-handler.desktop'), ('LOCPATH_VSCODE_SNAP_ORIG', ''), ('TERM_PROGRAM_VERSION', '1.83.1'), ('DESKTOP_SESSION', 'ubuntu'), ('GTK_PATH', '/snap/code/143/usr/lib/x86_64-linux-gnu/gtk-3.0'), ('GTK_IM_MODULE_FILE', '/home/tan/snap/code/common/.cache/immodules/immodules.cache'), ('GIO_LAUNCHED_DESKTOP_FILE', '/var/lib/snapd/desktop/applications/code_code.desktop'), ('ROS_PYTHON_VERSION', '3'), ('GNOME_SHELL_SESSION_MODE', 'ubuntu'), ('GTK_MODULES', 'gail:atk-bridge'), ('GSETTINGS_SCHEMA_DIR_VSCODE_SNAP_ORIG', ''), ('LC_MONETARY', 'vi_VN'), ('MANAGERPID', '1028'), ('SYSTEMD_EXEC_PID', '1188'), ('IM_CONFIG_CHECK_ENV', '1'), ('DBUS_SESSION_BUS_ADDRESS', 'unix:path=/run/user/1000/bus'), ('COLORTERM', 'truecolor'), ('GIO_LAUNCHED_DESKTOP_FILE_PID', '2013'), ('IM_CONFIG_PHASE', '1'), ('WAYLAND_DISPLAY', 'wayland-0'), ('COLCON_PREFIX_PATH', '/home/tan/Documents/workspace/ROS2_py_ws/install'), ('ROS_DISTRO', 'humble'), ('LOGNAME', 'tan'), ('JOURNAL_STREAM', '8:33305'), ('_', '/usr/bin/colcon'), ('ROS_VERSION', '2'), ('XDG_CONFIG_DIRS_VSCODE_SNAP_ORIG', '/etc/xdg/xdg-ubuntu:/etc/xdg'), ('XDG_SESSION_CLASS', 'user'), ('XDG_DATA_DIRS_VSCODE_SNAP_ORIG', '/usr/share/ubuntu:/usr/local/share/:/usr/share/:/var/lib/snapd/desktop'), ('USERNAME', 'tan'), ('TERM', 'xterm-256color'), ('GNOME_DESKTOP_SESSION_ID', 'this-is-deprecated'), ('ROS_LOCALHOST_ONLY', '0'), ('PATH', '/opt/ros/humble/bin:/usr/local/sbin:/usr/local/bin:/usr/sbin:/usr/bin:/sbin:/bin:/usr/games:/usr/local/games:/snap/bin:/snap/bin'), ('SESSION_MANAGER', 'local/tan-virtual-machine:@/tmp/.ICE-unix/1172,unix/tan-virtual-machine:/tmp/.ICE-unix/1172'), ('GTK_EXE_PREFIX', '/snap/code/143/usr'), ('INVOCATION_ID', 'a1285767ccf04597ba35587307e5d760'), ('XDG_MENU_PREFIX', 'gnome-'), ('LC_ADDRESS', 'vi_VN'), ('BAMF_DESKTOP_FILE_HINT', '/var/lib/snapd/desktop/applications/code_code.desktop'), ('GNOME_SETUP_DISPLAY', ':1'), ('XDG_RUNTIME_DIR', '/run/user/1000'), ('GDK_BACKEND', 'x11'), ('DISPLAY', ':0'), ('LOCPATH', '/snap/code/143/usr/lib/locale'), ('LANG', 'en_US.UTF-8'), ('XDG_CURRENT_DESKTOP', 'Unity'), ('LC_TELEPHONE', 'vi_VN'), ('GIO_MODULE_DIR_VSCODE_SNAP_ORIG', ''), ('XMODIFIERS', '@im=ibus'), ('XDG_SESSION_DESKTOP', 'ubuntu'), ('XAUTHORITY', '/run/user/1000/.mutter-Xwaylandauth.CRZJC2'), ('LS_COLORS', ''), ('TERM_PROGRAM', 'vscode'), ('SSH_AGENT_LAUNCHER', 'gnome-keyring'), ('SSH_AUTH_SOCK', '/run/user/1000/keyring/ssh'), ('GSETTINGS_SCHEMA_DIR', '/home/tan/snap/code/143/.local/share/glib-2.0/schemas'), ('AMENT_PREFIX_PATH', '/home/tan/Documents/workspace/ROS2_py_ws/install/ros2_user_pkg:/home/tan/Documents/workspace/ROS2_py_ws/install/my_robot_description:/opt/ros/humble'), ('ORIGINAL_XDG_CURRENT_DESKTOP', 'ubuntu:GNOME'), ('SHELL', '/bin/bash'), ('LC_NAME', 'vi_VN'), ('QT_ACCESSIBILITY', '1'), ('GDMSESSION', 'ubuntu'), ('LESSCLOSE', '/usr/bin/lesspipe %s %s'), ('GTK_PATH_VSCODE_SNAP_ORIG', ''), ('GTK_IM_MODULE_FILE_VSCODE_SNAP_ORIG', ''), ('LC_MEASUREMENT', 'vi_VN'), ('GJS_DEBUG_OUTPUT', 'stderr'), ('LC_IDENTIFICATION', 'vi_VN'), ('QT_IM_MODULE', 'ibus'), ('PWD', '/home/tan/Documents/workspace/ROS2_py_ws/build/my_robot_description'), ('LC_ALL', 'en_US.UTF-8'), ('XDG_CONFIG_DIRS', '/etc/xdg/xdg-ubuntu:/etc/xdg'), ('XDG_DATA_DIRS', '/home/tan/snap/code/143/.local/share:/home/tan/snap/code/143:/snap/code/143/usr/share:/usr/share/ubuntu:/usr/local/share/:/usr/share/:/var/lib/snapd/desktop'), ('PYTHONPATH', '/home/tan/Documents/workspace/ROS2_py_ws/install/ros2_user_pkg/local/lib/python3.10/dist-packages:/opt/ros/humble/lib/python3.10/site-packages:/opt/ros/humble/local/lib/python3.10/dist-packages'), ('LC_NUMERIC', 'vi_VN'), ('LC_PAPER', 'vi_VN'), ('COLCON', '1'), ('CMAKE_PREFIX_PATH', '/home/tan/Documents/workspace/ROS2_py_ws/install/ros2_user_pkg:/home/tan/Documents/workspace/ROS2_py_ws/install/my_robot_description:/opt/ros/humble')]), 'shell': False}
[0.399735] (-) TimerEvent: {}
[0.400962] (my_robot_description) StdoutLine: {'line': b'-- Install configuration: ""\n'}
[0.401896] (my_robot_description) StdoutLine: {'line': b'-- Execute custom install script\n'}
[0.403048] (my_robot_description) StdoutLine: {'line': b'-- Up-to-date symlink: /home/tan/Documents/workspace/ROS2_py_ws/install/my_robot_description/share/my_robot_description/urdf/common_properties.xacro\n'}
[0.404029] (my_robot_description) StdoutLine: {'line': b'-- Up-to-date symlink: /home/tan/Documents/workspace/ROS2_py_ws/install/my_robot_description/share/my_robot_description/urdf/mobile_base.xacro\n'}
[0.405897] (my_robot_description) StdoutLine: {'line': b'-- Up-to-date symlink: /home/tan/Documents/workspace/ROS2_py_ws/install/my_robot_description/share/my_robot_description/urdf/my_robot.urdf.xacro\n'}
[0.407520] (my_robot_description) StdoutLine: {'line': b'-- Up-to-date symlink: /home/tan/Documents/workspace/ROS2_py_ws/install/my_robot_description/share/my_robot_description/launch/display.launch.py\n'}
[0.409579] (my_robot_description) StdoutLine: {'line': b'-- Up-to-date symlink: /home/tan/Documents/workspace/ROS2_py_ws/install/my_robot_description/share/my_robot_description/launch/display.launch.xml\n'}
[0.412811] (my_robot_description) StdoutLine: {'line': b'-- Up-to-date symlink: /home/tan/Documents/workspace/ROS2_py_ws/install/my_robot_description/share/my_robot_description/rviz/urdf_config.rviz\n'}
[0.414087] (my_robot_description) StdoutLine: {'line': b'-- Up-to-date symlink: /home/tan/Documents/workspace/ROS2_py_ws/install/my_robot_description/share/ament_index/resource_index/package_run_dependencies/my_robot_description\n'}
[0.415414] (my_robot_description) StdoutLine: {'line': b'-- Up-to-date symlink: /home/tan/Documents/workspace/ROS2_py_ws/install/my_robot_description/share/ament_index/resource_index/parent_prefix_path/my_robot_description\n'}
[0.416524] (my_robot_description) StdoutLine: {'line': b'-- Up-to-date symlink: /home/tan/Documents/workspace/ROS2_py_ws/install/my_robot_description/share/my_robot_description/environment/ament_prefix_path.sh\n'}
[0.417615] (my_robot_description) StdoutLine: {'line': b'-- Up-to-date symlink: /home/tan/Documents/workspace/ROS2_py_ws/install/my_robot_description/share/my_robot_description/environment/ament_prefix_path.dsv\n'}
[0.418637] (my_robot_description) StdoutLine: {'line': b'-- Up-to-date symlink: /home/tan/Documents/workspace/ROS2_py_ws/install/my_robot_description/share/my_robot_description/environment/path.sh\n'}
[0.419920] (my_robot_description) StdoutLine: {'line': b'-- Up-to-date symlink: /home/tan/Documents/workspace/ROS2_py_ws/install/my_robot_description/share/my_robot_description/environment/path.dsv\n'}
[0.424949] (my_robot_description) StdoutLine: {'line': b'-- Up-to-date symlink: /home/tan/Documents/workspace/ROS2_py_ws/install/my_robot_description/share/my_robot_description/local_setup.bash\n'}
[0.425330] (my_robot_description) StdoutLine: {'line': b'-- Up-to-date symlink: /home/tan/Documents/workspace/ROS2_py_ws/install/my_robot_description/share/my_robot_description/local_setup.sh\n'}
[0.425474] (my_robot_description) StdoutLine: {'line': b'-- Up-to-date symlink: /home/tan/Documents/workspace/ROS2_py_ws/install/my_robot_description/share/my_robot_description/local_setup.zsh\n'}
[0.425566] (my_robot_description) StdoutLine: {'line': b'-- Up-to-date symlink: /home/tan/Documents/workspace/ROS2_py_ws/install/my_robot_description/share/my_robot_description/local_setup.dsv\n'}
[0.425651] (my_robot_description) StdoutLine: {'line': b'-- Symlinking: /home/tan/Documents/workspace/ROS2_py_ws/install/my_robot_description/share/my_robot_description/package.dsv\n'}
[0.431112] (my_robot_description) StdoutLine: {'line': b'-- Up-to-date symlink: /home/tan/Documents/workspace/ROS2_py_ws/install/my_robot_description/share/ament_index/resource_index/packages/my_robot_description\n'}
[0.431511] (my_robot_description) StdoutLine: {'line': b'-- Up-to-date symlink: /home/tan/Documents/workspace/ROS2_py_ws/install/my_robot_description/share/my_robot_description/cmake/my_robot_descriptionConfig.cmake\n'}
[0.431854] (my_robot_description) StdoutLine: {'line': b'-- Up-to-date symlink: /home/tan/Documents/workspace/ROS2_py_ws/install/my_robot_description/share/my_robot_description/cmake/my_robot_descriptionConfig-version.cmake\n'}
[0.432219] (my_robot_description) StdoutLine: {'line': b'-- Up-to-date symlink: /home/tan/Documents/workspace/ROS2_py_ws/install/my_robot_description/share/my_robot_description/package.xml\n'}
[0.435863] (my_robot_description) CommandEnded: {'returncode': 0}
[0.500536] (-) TimerEvent: {}
[0.523999] (ros2_user_pkg) StdoutLine: {'line': b'-- Override CMake install command with custom implementation using symlinks instead of copying resources\n'}
[0.545725] (ros2_user_pkg) StdoutLine: {'line': b'-- Found rclpy: 3.3.10 (/opt/ros/humble/share/rclpy/cmake)\n'}
[0.555848] (ros2_user_pkg) StdoutLine: {'line': b'-- Found cv_bridge: 3.2.1 (/opt/ros/humble/share/cv_bridge/cmake)\n'}
[0.598683] (ros2_user_pkg) StdoutLine: {'line': b'-- Found rosidl_generator_c: 3.1.5 (/opt/ros/humble/share/rosidl_generator_c/cmake)\n'}
[0.601041] (-) TimerEvent: {}
[0.602518] (ros2_user_pkg) StdoutLine: {'line': b'-- Found rosidl_adapter: 3.1.5 (/opt/ros/humble/share/rosidl_adapter/cmake)\n'}
[0.611447] (ros2_user_pkg) StdoutLine: {'line': b'-- Found rosidl_generator_cpp: 3.1.5 (/opt/ros/humble/share/rosidl_generator_cpp/cmake)\n'}
[0.630728] (ros2_user_pkg) StdoutLine: {'line': b'-- Using all available rosidl_typesupport_c: rosidl_typesupport_fastrtps_c;rosidl_typesupport_introspection_c\n'}
[0.661172] (ros2_user_pkg) StdoutLine: {'line': b'-- Using all available rosidl_typesupport_cpp: rosidl_typesupport_fastrtps_cpp;rosidl_typesupport_introspection_cpp\n'}
[0.690105] (my_robot_description) JobEnded: {'identifier': 'my_robot_description', 'rc': 0}
[0.701346] (-) TimerEvent: {}
[0.802050] (-) TimerEvent: {}
[0.902718] (-) TimerEvent: {}
[1.003437] (-) TimerEvent: {}
[1.022321] (ros2_user_pkg) StdoutLine: {'line': b'-- Found rosidl_default_generators: 1.2.0 (/opt/ros/humble/share/rosidl_default_generators/cmake)\n'}
[1.103639] (-) TimerEvent: {}
[1.204262] (-) TimerEvent: {}
[1.304998] (-) TimerEvent: {}
[1.405634] (-) TimerEvent: {}
[1.508843] (-) TimerEvent: {}
[1.601083] (ros2_user_pkg) StdoutLine: {'line': b'-- Found ament_cmake_ros: 0.10.0 (/opt/ros/humble/share/ament_cmake_ros/cmake)\n'}
[1.609005] (-) TimerEvent: {}
[1.709652] (-) TimerEvent: {}
[1.810302] (-) TimerEvent: {}
[1.910707] (-) TimerEvent: {}
[2.011270] (-) TimerEvent: {}
[2.111740] (-) TimerEvent: {}
[2.212364] (-) TimerEvent: {}
[2.312881] (-) TimerEvent: {}
[2.349783] (ros2_user_pkg) StdoutLine: {'line': b'-- Using all available rosidl_typesupport_c: rosidl_typesupport_fastrtps_c;rosidl_typesupport_introspection_c\n'}
[2.413194] (-) TimerEvent: {}
[2.513741] (-) TimerEvent: {}
[2.614411] (-) TimerEvent: {}
[2.639791] (ros2_user_pkg) StdoutLine: {'line': b'-- Using all available rosidl_typesupport_cpp: rosidl_typesupport_fastrtps_cpp;rosidl_typesupport_introspection_cpp\n'}
[2.671555] (ros2_user_pkg) StdoutLine: {'line': b'-- Found python_cmake_module: 0.10.0 (/opt/ros/humble/share/python_cmake_module/cmake)\n'}
[2.701981] (ros2_user_pkg) StdoutLine: {'line': b'-- Using PYTHON_EXECUTABLE: /usr/bin/python3\n'}
[2.702448] (ros2_user_pkg) StdoutLine: {'line': b'-- Using PYTHON_INCLUDE_DIRS: /usr/include/python3.10\n'}
[2.702729] (ros2_user_pkg) StdoutLine: {'line': b'-- Using PYTHON_LIBRARIES: /usr/lib/x86_64-linux-gnu/libpython3.10.so\n'}
[2.714586] (-) TimerEvent: {}
[2.802282] (ros2_user_pkg) StdoutLine: {'line': b'-- Found ament_lint_auto: 0.12.8 (/opt/ros/humble/share/ament_lint_auto/cmake)\n'}
[2.814767] (-) TimerEvent: {}
[2.830622] (ros2_user_pkg) StdoutLine: {'line': b"-- Added test 'flake8' to check Python code syntax and style conventions\n"}
[2.836865] (ros2_user_pkg) StdoutLine: {'line': b"-- Added test 'lint_cmake' to check CMake code style\n"}
[2.839017] (ros2_user_pkg) StdoutLine: {'line': b"-- Added test 'pep257' to check Python code against some of the docstring style conventions in PEP 257\n"}
[2.843668] (ros2_user_pkg) StdoutLine: {'line': b"-- Added test 'xmllint' to check XML markup files\n"}
[2.862027] (ros2_user_pkg) StdoutLine: {'line': b'-- Configuring done\n'}
[2.915539] (-) TimerEvent: {}
[2.991446] (ros2_user_pkg) StdoutLine: {'line': b'-- Generating done\n'}
[3.004779] (ros2_user_pkg) StdoutLine: {'line': b'-- Build files have been written to: /home/tan/Documents/workspace/ROS2_py_ws/build/ros2_user_pkg\n'}
[3.015905] (-) TimerEvent: {}
[3.062434] (ros2_user_pkg) StdoutLine: {'line': b'\x1b[35m\x1b[1mConsolidate compiler generated dependencies of target ros2_user_pkg__rosidl_generator_c\x1b[0m\n'}
[3.097774] (ros2_user_pkg) StdoutLine: {'line': b'[  2%] Built target ros2_user_pkg__cpp\n'}
[3.101978] (ros2_user_pkg) StdoutLine: {'line': b'[ 12%] Built target ros2_user_pkg__rosidl_generator_c\n'}
[3.112091] (ros2_user_pkg) StdoutLine: {'line': b'[ 12%] Built target ament_cmake_python_symlink_scripts\n'}
[3.120740] (-) TimerEvent: {}
[3.123102] (ros2_user_pkg) StdoutLine: {'line': b'[ 12%] Built target ament_cmake_python_symlink_ros2_user_pkg\n'}
[3.136781] (ros2_user_pkg) StdoutLine: {'line': b'\x1b[35m\x1b[1mConsolidate compiler generated dependencies of target ros2_user_pkg__rosidl_typesupport_cpp\x1b[0m\n'}
[3.148445] (ros2_user_pkg) StdoutLine: {'line': b'\x1b[35m\x1b[1mConsolidate compiler generated dependencies of target ros2_user_pkg__rosidl_typesupport_c\x1b[0m\n'}
[3.156872] (ros2_user_pkg) StdoutLine: {'line': b'\x1b[35m\x1b[1mConsolidate compiler generated dependencies of target ros2_user_pkg__rosidl_typesupport_fastrtps_cpp\x1b[0m\n'}
[3.182777] (ros2_user_pkg) StdoutLine: {'line': b'\x1b[35m\x1b[1mConsolidate compiler generated dependencies of target ros2_user_pkg__rosidl_typesupport_introspection_c\x1b[0m\n'}
[3.199201] (ros2_user_pkg) StdoutLine: {'line': b'[ 23%] Built target ros2_user_pkg__rosidl_typesupport_c\n'}
[3.208268] (ros2_user_pkg) StdoutLine: {'line': b'[ 34%] Built target ros2_user_pkg__rosidl_typesupport_cpp\n'}
[3.224892] (-) TimerEvent: {}
[3.233798] (ros2_user_pkg) StdoutLine: {'line': b'\x1b[35m\x1b[1mConsolidate compiler generated dependencies of target ros2_user_pkg__rosidl_typesupport_introspection_cpp\x1b[0m\n'}
[3.245817] (ros2_user_pkg) StdoutLine: {'line': b'[ 44%] Built target ros2_user_pkg__rosidl_typesupport_introspection_c\n'}
[3.249660] (ros2_user_pkg) StdoutLine: {'line': b'[ 55%] Built target ros2_user_pkg__rosidl_typesupport_fastrtps_cpp\n'}
[3.304968] (ros2_user_pkg) StdoutLine: {'line': b'[ 65%] Built target ros2_user_pkg__rosidl_typesupport_introspection_cpp\n'}
[3.318231] (ros2_user_pkg) StdoutLine: {'line': b'\x1b[35m\x1b[1mConsolidate compiler generated dependencies of target ros2_user_pkg__rosidl_typesupport_fastrtps_c\x1b[0m\n'}
[3.329113] (-) TimerEvent: {}
[3.377302] (ros2_user_pkg) StdoutLine: {'line': b'[ 76%] Built target ros2_user_pkg__rosidl_typesupport_fastrtps_c\n'}
[3.429409] (-) TimerEvent: {}
[3.432060] (ros2_user_pkg) StdoutLine: {'line': b'[ 76%] Built target ros2_user_pkg\n'}
[3.487496] (ros2_user_pkg) StdoutLine: {'line': b'[ 78%] Built target ros2_user_pkg__py\n'}
[3.516247] (ros2_user_pkg) StdoutLine: {'line': b'\x1b[35m\x1b[1mConsolidate compiler generated dependencies of target ros2_user_pkg__rosidl_generator_py\x1b[0m\n'}
[3.529691] (-) TimerEvent: {}
[3.555019] (ros2_user_pkg) StdoutLine: {'line': b'[ 87%] Built target ros2_user_pkg__rosidl_generator_py\n'}
[3.576918] (ros2_user_pkg) StdoutLine: {'line': b'\x1b[35m\x1b[1mConsolidate compiler generated dependencies of target ros2_user_pkg__rosidl_typesupport_introspection_c__pyext\x1b[0m\n'}
[3.582043] (ros2_user_pkg) StdoutLine: {'line': b'\x1b[35m\x1b[1mConsolidate compiler generated dependencies of target ros2_user_pkg__rosidl_typesupport_fastrtps_c__pyext\x1b[0m\n'}
[3.619341] (ros2_user_pkg) StdoutLine: {'line': b'[ 91%] Built target ros2_user_pkg__rosidl_typesupport_introspection_c__pyext\n'}
[3.619573] (ros2_user_pkg) StdoutLine: {'line': b'[ 95%] Built target ros2_user_pkg__rosidl_typesupport_fastrtps_c__pyext\n'}
[3.629802] (-) TimerEvent: {}
[3.671897] (ros2_user_pkg) StdoutLine: {'line': b'\x1b[35m\x1b[1mConsolidate compiler generated dependencies of target ros2_user_pkg__rosidl_typesupport_c__pyext\x1b[0m\n'}
[3.718525] (ros2_user_pkg) StdoutLine: {'line': b'[100%] Built target ros2_user_pkg__rosidl_typesupport_c__pyext\n'}
[3.730165] (-) TimerEvent: {}
[3.755993] (ros2_user_pkg) StdoutLine: {'line': b'running egg_info\n'}
[3.760871] (ros2_user_pkg) StdoutLine: {'line': b'writing ros2_user_pkg.egg-info/PKG-INFO\n'}
[3.761143] (ros2_user_pkg) StdoutLine: {'line': b'writing dependency_links to ros2_user_pkg.egg-info/dependency_links.txt\n'}
[3.761244] (ros2_user_pkg) StdoutLine: {'line': b'writing top-level names to ros2_user_pkg.egg-info/top_level.txt\n'}
[3.764299] (ros2_user_pkg) StdoutLine: {'line': b"reading manifest file 'ros2_user_pkg.egg-info/SOURCES.txt'\n"}
[3.769124] (ros2_user_pkg) StdoutLine: {'line': b"writing manifest file 'ros2_user_pkg.egg-info/SOURCES.txt'\n"}
[3.778029] (ros2_user_pkg) StdoutLine: {'line': b'running egg_info\n'}
[3.779202] (ros2_user_pkg) StdoutLine: {'line': b'writing scripts.egg-info/PKG-INFO\n'}
[3.779794] (ros2_user_pkg) StdoutLine: {'line': b'writing dependency_links to scripts.egg-info/dependency_links.txt\n'}
[3.780209] (ros2_user_pkg) StdoutLine: {'line': b'writing top-level names to scripts.egg-info/top_level.txt\n'}
[3.784210] (ros2_user_pkg) StdoutLine: {'line': b"reading manifest file 'scripts.egg-info/SOURCES.txt'\n"}
[3.792380] (ros2_user_pkg) StdoutLine: {'line': b"writing manifest file 'scripts.egg-info/SOURCES.txt'\n"}
[3.814064] (ros2_user_pkg) StdoutLine: {'line': b'[100%] Built target ament_cmake_python_build_ros2_user_pkg_egg\n'}
[3.830734] (ros2_user_pkg) StdoutLine: {'line': b'[100%] Built target ament_cmake_python_build_scripts_egg\n'}
[3.830993] (-) TimerEvent: {}
[3.861212] (ros2_user_pkg) CommandEnded: {'returncode': 0}
[3.931522] (-) TimerEvent: {}
[4.032005] (-) TimerEvent: {}
[4.084895] (ros2_user_pkg) JobProgress: {'identifier': 'ros2_user_pkg', 'progress': 'install'}
[4.085045] (ros2_user_pkg) Command: {'cmd': ['/usr/bin/cmake', '--install', '/home/tan/Documents/workspace/ROS2_py_ws/build/ros2_user_pkg'], 'cwd': '/home/tan/Documents/workspace/ROS2_py_ws/build/ros2_user_pkg', 'env': OrderedDict([('GJS_DEBUG_TOPICS', 'JS ERROR;JS LOG'), ('LESSOPEN', '| /usr/bin/lesspipe %s'), ('LANGUAGE', 'en_US:'), ('USER', 'tan'), ('LC_TIME', 'vi_VN'), ('GIO_MODULE_DIR', '/home/tan/snap/code/common/.cache/gio-modules'), ('XDG_SESSION_TYPE', 'wayland'), ('GTK_EXE_PREFIX_VSCODE_SNAP_ORIG', ''), ('GDK_BACKEND_VSCODE_SNAP_ORIG', ''), ('SHLVL', '1'), ('LD_LIBRARY_PATH', '/usr/lib/x86_64-linux-gnu/gazebo-11/plugins:/home/tan/Documents/workspace/ROS2_py_ws/install/ros2_user_pkg/lib:/opt/ros/humble/opt/rviz_ogre_vendor/lib:/opt/ros/humble/lib/x86_64-linux-gnu:/opt/ros/humble/lib'), ('HOME', '/home/tan'), ('CHROME_DESKTOP', 'code-url-handler.desktop'), ('LOCPATH_VSCODE_SNAP_ORIG', ''), ('TERM_PROGRAM_VERSION', '1.83.1'), ('DESKTOP_SESSION', 'ubuntu'), ('GTK_PATH', '/snap/code/143/usr/lib/x86_64-linux-gnu/gtk-3.0'), ('GTK_IM_MODULE_FILE', '/home/tan/snap/code/common/.cache/immodules/immodules.cache'), ('GIO_LAUNCHED_DESKTOP_FILE', '/var/lib/snapd/desktop/applications/code_code.desktop'), ('ROS_PYTHON_VERSION', '3'), ('GNOME_SHELL_SESSION_MODE', 'ubuntu'), ('GTK_MODULES', 'gail:atk-bridge'), ('GSETTINGS_SCHEMA_DIR_VSCODE_SNAP_ORIG', ''), ('LC_MONETARY', 'vi_VN'), ('MANAGERPID', '1028'), ('SYSTEMD_EXEC_PID', '1188'), ('IM_CONFIG_CHECK_ENV', '1'), ('DBUS_SESSION_BUS_ADDRESS', 'unix:path=/run/user/1000/bus'), ('COLORTERM', 'truecolor'), ('GIO_LAUNCHED_DESKTOP_FILE_PID', '2013'), ('IM_CONFIG_PHASE', '1'), ('WAYLAND_DISPLAY', 'wayland-0'), ('COLCON_PREFIX_PATH', '/home/tan/Documents/workspace/ROS2_py_ws/install'), ('ROS_DISTRO', 'humble'), ('LOGNAME', 'tan'), ('JOURNAL_STREAM', '8:33305'), ('_', '/usr/bin/colcon'), ('ROS_VERSION', '2'), ('XDG_CONFIG_DIRS_VSCODE_SNAP_ORIG', '/etc/xdg/xdg-ubuntu:/etc/xdg'), ('XDG_SESSION_CLASS', 'user'), ('XDG_DATA_DIRS_VSCODE_SNAP_ORIG', '/usr/share/ubuntu:/usr/local/share/:/usr/share/:/var/lib/snapd/desktop'), ('USERNAME', 'tan'), ('TERM', 'xterm-256color'), ('GNOME_DESKTOP_SESSION_ID', 'this-is-deprecated'), ('ROS_LOCALHOST_ONLY', '0'), ('PATH', '/opt/ros/humble/bin:/usr/local/sbin:/usr/local/bin:/usr/sbin:/usr/bin:/sbin:/bin:/usr/games:/usr/local/games:/snap/bin:/snap/bin'), ('SESSION_MANAGER', 'local/tan-virtual-machine:@/tmp/.ICE-unix/1172,unix/tan-virtual-machine:/tmp/.ICE-unix/1172'), ('GTK_EXE_PREFIX', '/snap/code/143/usr'), ('INVOCATION_ID', 'a1285767ccf04597ba35587307e5d760'), ('XDG_MENU_PREFIX', 'gnome-'), ('LC_ADDRESS', 'vi_VN'), ('BAMF_DESKTOP_FILE_HINT', '/var/lib/snapd/desktop/applications/code_code.desktop'), ('GNOME_SETUP_DISPLAY', ':1'), ('XDG_RUNTIME_DIR', '/run/user/1000'), ('GDK_BACKEND', 'x11'), ('DISPLAY', ':0'), ('LOCPATH', '/snap/code/143/usr/lib/locale'), ('LANG', 'en_US.UTF-8'), ('XDG_CURRENT_DESKTOP', 'Unity'), ('LC_TELEPHONE', 'vi_VN'), ('GIO_MODULE_DIR_VSCODE_SNAP_ORIG', ''), ('XMODIFIERS', '@im=ibus'), ('XDG_SESSION_DESKTOP', 'ubuntu'), ('XAUTHORITY', '/run/user/1000/.mutter-Xwaylandauth.CRZJC2'), ('LS_COLORS', ''), ('TERM_PROGRAM', 'vscode'), ('SSH_AGENT_LAUNCHER', 'gnome-keyring'), ('SSH_AUTH_SOCK', '/run/user/1000/keyring/ssh'), ('GSETTINGS_SCHEMA_DIR', '/home/tan/snap/code/143/.local/share/glib-2.0/schemas'), ('AMENT_PREFIX_PATH', '/home/tan/Documents/workspace/ROS2_py_ws/install/ros2_user_pkg:/home/tan/Documents/workspace/ROS2_py_ws/install/my_robot_description:/opt/ros/humble'), ('ORIGINAL_XDG_CURRENT_DESKTOP', 'ubuntu:GNOME'), ('SHELL', '/bin/bash'), ('LC_NAME', 'vi_VN'), ('QT_ACCESSIBILITY', '1'), ('GDMSESSION', 'ubuntu'), ('LESSCLOSE', '/usr/bin/lesspipe %s %s'), ('GTK_PATH_VSCODE_SNAP_ORIG', ''), ('GTK_IM_MODULE_FILE_VSCODE_SNAP_ORIG', ''), ('LC_MEASUREMENT', 'vi_VN'), ('GJS_DEBUG_OUTPUT', 'stderr'), ('LC_IDENTIFICATION', 'vi_VN'), ('QT_IM_MODULE', 'ibus'), ('PWD', '/home/tan/Documents/workspace/ROS2_py_ws/build/ros2_user_pkg'), ('LC_ALL', 'en_US.UTF-8'), ('XDG_CONFIG_DIRS', '/etc/xdg/xdg-ubuntu:/etc/xdg'), ('XDG_DATA_DIRS', '/home/tan/snap/code/143/.local/share:/home/tan/snap/code/143:/snap/code/143/usr/share:/usr/share/ubuntu:/usr/local/share/:/usr/share/:/var/lib/snapd/desktop'), ('PYTHONPATH', '/home/tan/Documents/workspace/ROS2_py_ws/install/ros2_user_pkg/local/lib/python3.10/dist-packages:/opt/ros/humble/lib/python3.10/site-packages:/opt/ros/humble/local/lib/python3.10/dist-packages'), ('LC_NUMERIC', 'vi_VN'), ('LC_PAPER', 'vi_VN'), ('COLCON', '1'), ('CMAKE_PREFIX_PATH', '/home/tan/Documents/workspace/ROS2_py_ws/install/ros2_user_pkg:/home/tan/Documents/workspace/ROS2_py_ws/install/my_robot_description:/opt/ros/humble')]), 'shell': False}
[4.100471] (ros2_user_pkg) StdoutLine: {'line': b'-- Install configuration: ""\n'}
[4.103599] (ros2_user_pkg) StdoutLine: {'line': b'-- Execute custom install script\n'}
[4.103867] (ros2_user_pkg) StdoutLine: {'line': b'-- Up-to-date symlink: /home/tan/Documents/workspace/ROS2_py_ws/install/ros2_user_pkg/share/ament_index/resource_index/rosidl_interfaces/ros2_user_pkg\n'}
[4.104523] (ros2_user_pkg) StdoutLine: {'line': b'-- Up-to-date symlink: /home/tan/Documents/workspace/ROS2_py_ws/install/ros2_user_pkg/include/ros2_user_pkg/ros2_user_pkg/action/detail/navigate__functions.h\n'}
[4.106364] (ros2_user_pkg) StdoutLine: {'line': b'-- Up-to-date symlink: /home/tan/Documents/workspace/ROS2_py_ws/install/ros2_user_pkg/include/ros2_user_pkg/ros2_user_pkg/action/detail/navigate__struct.h\n'}
[4.107593] (ros2_user_pkg) StdoutLine: {'line': b'-- Up-to-date symlink: /home/tan/Documents/workspace/ROS2_py_ws/install/ros2_user_pkg/include/ros2_user_pkg/ros2_user_pkg/action/detail/navigate__type_support.h\n'}
[4.108406] (ros2_user_pkg) StdoutLine: {'line': b'-- Up-to-date symlink: /home/tan/Documents/workspace/ROS2_py_ws/install/ros2_user_pkg/include/ros2_user_pkg/ros2_user_pkg/action/navigate.h\n'}
[4.109262] (ros2_user_pkg) StdoutLine: {'line': b'-- Up-to-date symlink: /home/tan/Documents/workspace/ROS2_py_ws/install/ros2_user_pkg/include/ros2_user_pkg/ros2_user_pkg/msg/rosidl_generator_c__visibility_control.h\n'}
[4.109395] (ros2_user_pkg) StdoutLine: {'line': b'-- Up-to-date symlink: /home/tan/Documents/workspace/ROS2_py_ws/install/ros2_user_pkg/include/ros2_user_pkg/ros2_user_pkg/srv/detail/image_service__functions.h\n'}
[4.109521] (ros2_user_pkg) StdoutLine: {'line': b'-- Up-to-date symlink: /home/tan/Documents/workspace/ROS2_py_ws/install/ros2_user_pkg/include/ros2_user_pkg/ros2_user_pkg/srv/detail/image_service__struct.h\n'}
[4.109605] (ros2_user_pkg) StdoutLine: {'line': b'-- Up-to-date symlink: /home/tan/Documents/workspace/ROS2_py_ws/install/ros2_user_pkg/include/ros2_user_pkg/ros2_user_pkg/srv/detail/image_service__type_support.h\n'}
[4.109687] (ros2_user_pkg) StdoutLine: {'line': b'-- Up-to-date symlink: /home/tan/Documents/workspace/ROS2_py_ws/install/ros2_user_pkg/include/ros2_user_pkg/ros2_user_pkg/srv/detail/odd_even_check__functions.h\n'}
[4.111730] (ros2_user_pkg) StdoutLine: {'line': b'-- Up-to-date symlink: /home/tan/Documents/workspace/ROS2_py_ws/install/ros2_user_pkg/include/ros2_user_pkg/ros2_user_pkg/srv/detail/odd_even_check__struct.h\n'}
[4.111924] (ros2_user_pkg) StdoutLine: {'line': b'-- Up-to-date symlink: /home/tan/Documents/workspace/ROS2_py_ws/install/ros2_user_pkg/include/ros2_user_pkg/ros2_user_pkg/srv/detail/odd_even_check__type_support.h\n'}
[4.112022] (ros2_user_pkg) StdoutLine: {'line': b'-- Up-to-date symlink: /home/tan/Documents/workspace/ROS2_py_ws/install/ros2_user_pkg/include/ros2_user_pkg/ros2_user_pkg/srv/image_service.h\n'}
[4.112106] (ros2_user_pkg) StdoutLine: {'line': b'-- Up-to-date symlink: /home/tan/Documents/workspace/ROS2_py_ws/install/ros2_user_pkg/include/ros2_user_pkg/ros2_user_pkg/srv/odd_even_check.h\n'}
[4.112186] (ros2_user_pkg) StdoutLine: {'line': b'-- Up-to-date symlink: /home/tan/Documents/workspace/ROS2_py_ws/install/ros2_user_pkg/share/ros2_user_pkg/environment/library_path.sh\n'}
[4.112301] (ros2_user_pkg) StdoutLine: {'line': b'-- Up-to-date symlink: /home/tan/Documents/workspace/ROS2_py_ws/install/ros2_user_pkg/share/ros2_user_pkg/environment/library_path.dsv\n'}
[4.112478] (ros2_user_pkg) StdoutLine: {'line': b'-- Up-to-date symlink: /home/tan/Documents/workspace/ROS2_py_ws/install/ros2_user_pkg/include/ros2_user_pkg/ros2_user_pkg/action/detail/navigate__rosidl_typesupport_fastrtps_c.h\n'}
[4.112719] (ros2_user_pkg) StdoutLine: {'line': b'-- Up-to-date symlink: /home/tan/Documents/workspace/ROS2_py_ws/install/ros2_user_pkg/include/ros2_user_pkg/ros2_user_pkg/msg/rosidl_typesupport_fastrtps_c__visibility_control.h\n'}
[4.112869] (ros2_user_pkg) StdoutLine: {'line': b'-- Up-to-date symlink: /home/tan/Documents/workspace/ROS2_py_ws/install/ros2_user_pkg/include/ros2_user_pkg/ros2_user_pkg/srv/detail/image_service__rosidl_typesupport_fastrtps_c.h\n'}
[4.112956] (ros2_user_pkg) StdoutLine: {'line': b'-- Up-to-date symlink: /home/tan/Documents/workspace/ROS2_py_ws/install/ros2_user_pkg/include/ros2_user_pkg/ros2_user_pkg/srv/detail/odd_even_check__rosidl_typesupport_fastrtps_c.h\n'}
[4.116351] (ros2_user_pkg) StdoutLine: {'line': b'-- Up-to-date symlink: /home/tan/Documents/workspace/ROS2_py_ws/install/ros2_user_pkg/include/ros2_user_pkg/ros2_user_pkg/action/detail/navigate__builder.hpp\n'}
[4.116660] (ros2_user_pkg) StdoutLine: {'line': b'-- Up-to-date symlink: /home/tan/Documents/workspace/ROS2_py_ws/install/ros2_user_pkg/include/ros2_user_pkg/ros2_user_pkg/action/detail/navigate__struct.hpp\n'}
[4.117301] (ros2_user_pkg) StdoutLine: {'line': b'-- Up-to-date symlink: /home/tan/Documents/workspace/ROS2_py_ws/install/ros2_user_pkg/include/ros2_user_pkg/ros2_user_pkg/action/detail/navigate__traits.hpp\n'}
[4.119138] (ros2_user_pkg) StdoutLine: {'line': b'-- Up-to-date symlink: /home/tan/Documents/workspace/ROS2_py_ws/install/ros2_user_pkg/include/ros2_user_pkg/ros2_user_pkg/action/navigate.hpp\n'}
[4.119346] (ros2_user_pkg) StdoutLine: {'line': b'-- Up-to-date symlink: /home/tan/Documents/workspace/ROS2_py_ws/install/ros2_user_pkg/include/ros2_user_pkg/ros2_user_pkg/srv/detail/image_service__builder.hpp\n'}
[4.119484] (ros2_user_pkg) StdoutLine: {'line': b'-- Up-to-date symlink: /home/tan/Documents/workspace/ROS2_py_ws/install/ros2_user_pkg/include/ros2_user_pkg/ros2_user_pkg/srv/detail/image_service__struct.hpp\n'}
[4.119630] (ros2_user_pkg) StdoutLine: {'line': b'-- Up-to-date symlink: /home/tan/Documents/workspace/ROS2_py_ws/install/ros2_user_pkg/include/ros2_user_pkg/ros2_user_pkg/srv/detail/image_service__traits.hpp\n'}
[4.119743] (ros2_user_pkg) StdoutLine: {'line': b'-- Up-to-date symlink: /home/tan/Documents/workspace/ROS2_py_ws/install/ros2_user_pkg/include/ros2_user_pkg/ros2_user_pkg/srv/detail/odd_even_check__builder.hpp\n'}
[4.119909] (ros2_user_pkg) StdoutLine: {'line': b'-- Up-to-date symlink: /home/tan/Documents/workspace/ROS2_py_ws/install/ros2_user_pkg/include/ros2_user_pkg/ros2_user_pkg/srv/detail/odd_even_check__struct.hpp\n'}
[4.119994] (ros2_user_pkg) StdoutLine: {'line': b'-- Up-to-date symlink: /home/tan/Documents/workspace/ROS2_py_ws/install/ros2_user_pkg/include/ros2_user_pkg/ros2_user_pkg/srv/detail/odd_even_check__traits.hpp\n'}
[4.120075] (ros2_user_pkg) StdoutLine: {'line': b'-- Up-to-date symlink: /home/tan/Documents/workspace/ROS2_py_ws/install/ros2_user_pkg/include/ros2_user_pkg/ros2_user_pkg/srv/image_service.hpp\n'}
[4.120166] (ros2_user_pkg) StdoutLine: {'line': b'-- Up-to-date symlink: /home/tan/Documents/workspace/ROS2_py_ws/install/ros2_user_pkg/include/ros2_user_pkg/ros2_user_pkg/srv/odd_even_check.hpp\n'}
[4.123326] (ros2_user_pkg) StdoutLine: {'line': b'-- Up-to-date symlink: /home/tan/Documents/workspace/ROS2_py_ws/install/ros2_user_pkg/include/ros2_user_pkg/ros2_user_pkg/action/detail/navigate__rosidl_typesupport_fastrtps_cpp.hpp\n'}
[4.123690] (ros2_user_pkg) StdoutLine: {'line': b'-- Up-to-date symlink: /home/tan/Documents/workspace/ROS2_py_ws/install/ros2_user_pkg/include/ros2_user_pkg/ros2_user_pkg/msg/rosidl_typesupport_fastrtps_cpp__visibility_control.h\n'}
[4.123888] (ros2_user_pkg) StdoutLine: {'line': b'-- Up-to-date symlink: /home/tan/Documents/workspace/ROS2_py_ws/install/ros2_user_pkg/include/ros2_user_pkg/ros2_user_pkg/srv/detail/image_service__rosidl_typesupport_fastrtps_cpp.hpp\n'}
[4.123977] (ros2_user_pkg) StdoutLine: {'line': b'-- Up-to-date symlink: /home/tan/Documents/workspace/ROS2_py_ws/install/ros2_user_pkg/include/ros2_user_pkg/ros2_user_pkg/srv/detail/odd_even_check__rosidl_typesupport_fastrtps_cpp.hpp\n'}
[4.124071] (ros2_user_pkg) StdoutLine: {'line': b'-- Up-to-date symlink: /home/tan/Documents/workspace/ROS2_py_ws/install/ros2_user_pkg/include/ros2_user_pkg/ros2_user_pkg/action/detail/navigate__rosidl_typesupport_introspection_c.h\n'}
[4.124154] (ros2_user_pkg) StdoutLine: {'line': b'-- Up-to-date symlink: /home/tan/Documents/workspace/ROS2_py_ws/install/ros2_user_pkg/include/ros2_user_pkg/ros2_user_pkg/msg/rosidl_typesupport_introspection_c__visibility_control.h\n'}
[4.124270] (ros2_user_pkg) StdoutLine: {'line': b'-- Up-to-date symlink: /home/tan/Documents/workspace/ROS2_py_ws/install/ros2_user_pkg/include/ros2_user_pkg/ros2_user_pkg/srv/detail/image_service__rosidl_typesupport_introspection_c.h\n'}
[4.124351] (ros2_user_pkg) StdoutLine: {'line': b'-- Up-to-date symlink: /home/tan/Documents/workspace/ROS2_py_ws/install/ros2_user_pkg/include/ros2_user_pkg/ros2_user_pkg/srv/detail/odd_even_check__rosidl_typesupport_introspection_c.h\n'}
[4.124514] (ros2_user_pkg) StdoutLine: {'line': b'-- Up-to-date symlink: /home/tan/Documents/workspace/ROS2_py_ws/install/ros2_user_pkg/include/ros2_user_pkg/ros2_user_pkg/action/detail/navigate__rosidl_typesupport_introspection_cpp.hpp\n'}
[4.124726] (ros2_user_pkg) StdoutLine: {'line': b'-- Up-to-date symlink: /home/tan/Documents/workspace/ROS2_py_ws/install/ros2_user_pkg/include/ros2_user_pkg/ros2_user_pkg/srv/detail/image_service__rosidl_typesupport_introspection_cpp.hpp\n'}
[4.124957] (ros2_user_pkg) StdoutLine: {'line': b'-- Up-to-date symlink: /home/tan/Documents/workspace/ROS2_py_ws/install/ros2_user_pkg/include/ros2_user_pkg/ros2_user_pkg/srv/detail/odd_even_check__rosidl_typesupport_introspection_cpp.hpp\n'}
[4.125452] (ros2_user_pkg) StdoutLine: {'line': b'-- Up-to-date symlink: /home/tan/Documents/workspace/ROS2_py_ws/install/ros2_user_pkg/share/ros2_user_pkg/environment/pythonpath.sh\n'}
[4.125738] (ros2_user_pkg) StdoutLine: {'line': b'-- Up-to-date symlink: /home/tan/Documents/workspace/ROS2_py_ws/install/ros2_user_pkg/share/ros2_user_pkg/environment/pythonpath.dsv\n'}
[4.126248] (ros2_user_pkg) StdoutLine: {'line': b'-- Up-to-date symlink: /home/tan/Documents/workspace/ROS2_py_ws/install/ros2_user_pkg/local/lib/python3.10/dist-packages/ros2_user_pkg-0.0.0-py3.10.egg-info/PKG-INFO\n'}
[4.126508] (ros2_user_pkg) StdoutLine: {'line': b'-- Up-to-date symlink: /home/tan/Documents/workspace/ROS2_py_ws/install/ros2_user_pkg/local/lib/python3.10/dist-packages/ros2_user_pkg-0.0.0-py3.10.egg-info/SOURCES.txt\n'}
[4.126795] (ros2_user_pkg) StdoutLine: {'line': b'-- Up-to-date symlink: /home/tan/Documents/workspace/ROS2_py_ws/install/ros2_user_pkg/local/lib/python3.10/dist-packages/ros2_user_pkg-0.0.0-py3.10.egg-info/dependency_links.txt\n'}
[4.126997] (ros2_user_pkg) StdoutLine: {'line': b'-- Up-to-date symlink: /home/tan/Documents/workspace/ROS2_py_ws/install/ros2_user_pkg/local/lib/python3.10/dist-packages/ros2_user_pkg-0.0.0-py3.10.egg-info/top_level.txt\n'}
[4.128366] (ros2_user_pkg) StdoutLine: {'line': b'-- Up-to-date symlink: /home/tan/Documents/workspace/ROS2_py_ws/install/ros2_user_pkg/local/lib/python3.10/dist-packages/ros2_user_pkg/__init__.py\n'}
[4.128615] (ros2_user_pkg) StdoutLine: {'line': b'-- Up-to-date symlink: /home/tan/Documents/workspace/ROS2_py_ws/install/ros2_user_pkg/local/lib/python3.10/dist-packages/ros2_user_pkg/_ros2_user_pkg_s.ep.rosidl_typesupport_c.c\n'}
[4.128944] (ros2_user_pkg) StdoutLine: {'line': b'-- Up-to-date symlink: /home/tan/Documents/workspace/ROS2_py_ws/install/ros2_user_pkg/local/lib/python3.10/dist-packages/ros2_user_pkg/_ros2_user_pkg_s.ep.rosidl_typesupport_fastrtps_c.c\n'}
[4.129285] (ros2_user_pkg) StdoutLine: {'line': b'-- Up-to-date symlink: /home/tan/Documents/workspace/ROS2_py_ws/install/ros2_user_pkg/local/lib/python3.10/dist-packages/ros2_user_pkg/_ros2_user_pkg_s.ep.rosidl_typesupport_introspection_c.c\n'}
[4.129668] (ros2_user_pkg) StdoutLine: {'line': b'-- Up-to-date symlink: /home/tan/Documents/workspace/ROS2_py_ws/install/ros2_user_pkg/local/lib/python3.10/dist-packages/ros2_user_pkg/action/__init__.py\n'}
[4.130020] (ros2_user_pkg) StdoutLine: {'line': b'-- Up-to-date symlink: /home/tan/Documents/workspace/ROS2_py_ws/install/ros2_user_pkg/local/lib/python3.10/dist-packages/ros2_user_pkg/action/_navigate.py\n'}
[4.130242] (ros2_user_pkg) StdoutLine: {'line': b'-- Up-to-date symlink: /home/tan/Documents/workspace/ROS2_py_ws/install/ros2_user_pkg/local/lib/python3.10/dist-packages/ros2_user_pkg/action/_navigate_s.c\n'}
[4.132199] (-) TimerEvent: {}
[4.132442] (ros2_user_pkg) StdoutLine: {'line': b'-- Up-to-date symlink: /home/tan/Documents/workspace/ROS2_py_ws/install/ros2_user_pkg/local/lib/python3.10/dist-packages/ros2_user_pkg/libros2_user_pkg__rosidl_generator_py.so\n'}
[4.133024] (ros2_user_pkg) StdoutLine: {'line': b'-- Up-to-date symlink: /home/tan/Documents/workspace/ROS2_py_ws/install/ros2_user_pkg/local/lib/python3.10/dist-packages/ros2_user_pkg/ros2_user_pkg_s__rosidl_typesupport_c.cpython-310-x86_64-linux-gnu.so\n'}
[4.133355] (ros2_user_pkg) StdoutLine: {'line': b'-- Up-to-date symlink: /home/tan/Documents/workspace/ROS2_py_ws/install/ros2_user_pkg/local/lib/python3.10/dist-packages/ros2_user_pkg/ros2_user_pkg_s__rosidl_typesupport_fastrtps_c.cpython-310-x86_64-linux-gnu.so\n'}
[4.133705] (ros2_user_pkg) StdoutLine: {'line': b'-- Up-to-date symlink: /home/tan/Documents/workspace/ROS2_py_ws/install/ros2_user_pkg/local/lib/python3.10/dist-packages/ros2_user_pkg/ros2_user_pkg_s__rosidl_typesupport_introspection_c.cpython-310-x86_64-linux-gnu.so\n'}
[4.133935] (ros2_user_pkg) StdoutLine: {'line': b'-- Up-to-date symlink: /home/tan/Documents/workspace/ROS2_py_ws/install/ros2_user_pkg/local/lib/python3.10/dist-packages/ros2_user_pkg/srv/__init__.py\n'}
[4.141587] (ros2_user_pkg) StdoutLine: {'line': b'-- Up-to-date symlink: /home/tan/Documents/workspace/ROS2_py_ws/install/ros2_user_pkg/local/lib/python3.10/dist-packages/ros2_user_pkg/srv/_image_service.py\n'}
[4.141803] (ros2_user_pkg) StdoutLine: {'line': b'-- Up-to-date symlink: /home/tan/Documents/workspace/ROS2_py_ws/install/ros2_user_pkg/local/lib/python3.10/dist-packages/ros2_user_pkg/srv/_image_service_s.c\n'}
[4.141970] (ros2_user_pkg) StdoutLine: {'line': b'-- Up-to-date symlink: /home/tan/Documents/workspace/ROS2_py_ws/install/ros2_user_pkg/local/lib/python3.10/dist-packages/ros2_user_pkg/srv/_odd_even_check.py\n'}
[4.142875] (ros2_user_pkg) StdoutLine: {'line': b'-- Up-to-date symlink: /home/tan/Documents/workspace/ROS2_py_ws/install/ros2_user_pkg/local/lib/python3.10/dist-packages/ros2_user_pkg/srv/_odd_even_check_s.c\n'}
[4.142975] (ros2_user_pkg) StdoutLine: {'line': b'-- Up-to-date symlink: /home/tan/Documents/workspace/ROS2_py_ws/install/ros2_user_pkg/local/lib/python3.10/dist-packages/ros2_user_pkg/ros2_user_pkg_s__rosidl_typesupport_fastrtps_c.cpython-310-x86_64-linux-gnu.so\n'}
[4.143144] (ros2_user_pkg) StdoutLine: {'line': b'-- Up-to-date symlink: /home/tan/Documents/workspace/ROS2_py_ws/install/ros2_user_pkg/local/lib/python3.10/dist-packages/ros2_user_pkg/ros2_user_pkg_s__rosidl_typesupport_introspection_c.cpython-310-x86_64-linux-gnu.so\n'}
[4.143228] (ros2_user_pkg) StdoutLine: {'line': b'-- Up-to-date symlink: /home/tan/Documents/workspace/ROS2_py_ws/install/ros2_user_pkg/local/lib/python3.10/dist-packages/ros2_user_pkg/ros2_user_pkg_s__rosidl_typesupport_c.cpython-310-x86_64-linux-gnu.so\n'}
[4.143307] (ros2_user_pkg) StdoutLine: {'line': b'-- Up-to-date symlink: /home/tan/Documents/workspace/ROS2_py_ws/install/ros2_user_pkg/share/ros2_user_pkg/srv/OddEvenCheck.idl\n'}
[4.143398] (ros2_user_pkg) StdoutLine: {'line': b'-- Up-to-date symlink: /home/tan/Documents/workspace/ROS2_py_ws/install/ros2_user_pkg/share/ros2_user_pkg/srv/ImageService.idl\n'}
[4.143476] (ros2_user_pkg) StdoutLine: {'line': b'-- Up-to-date symlink: /home/tan/Documents/workspace/ROS2_py_ws/install/ros2_user_pkg/share/ros2_user_pkg/action/Navigate.idl\n'}
[4.143622] (ros2_user_pkg) StdoutLine: {'line': b'-- Up-to-date symlink: /home/tan/Documents/workspace/ROS2_py_ws/install/ros2_user_pkg/share/ros2_user_pkg/srv/OddEvenCheck.srv\n'}
[4.143702] (ros2_user_pkg) StdoutLine: {'line': b'-- Up-to-date symlink: /home/tan/Documents/workspace/ROS2_py_ws/install/ros2_user_pkg/share/ros2_user_pkg/srv/OddEvenCheck_Request.msg\n'}
[4.143779] (ros2_user_pkg) StdoutLine: {'line': b'-- Up-to-date symlink: /home/tan/Documents/workspace/ROS2_py_ws/install/ros2_user_pkg/share/ros2_user_pkg/srv/OddEvenCheck_Response.msg\n'}
[4.143855] (ros2_user_pkg) StdoutLine: {'line': b'-- Up-to-date symlink: /home/tan/Documents/workspace/ROS2_py_ws/install/ros2_user_pkg/share/ros2_user_pkg/srv/ImageService.srv\n'}
[4.143930] (ros2_user_pkg) StdoutLine: {'line': b'-- Up-to-date symlink: /home/tan/Documents/workspace/ROS2_py_ws/install/ros2_user_pkg/share/ros2_user_pkg/srv/ImageService_Request.msg\n'}
[4.144114] (ros2_user_pkg) StdoutLine: {'line': b'-- Up-to-date symlink: /home/tan/Documents/workspace/ROS2_py_ws/install/ros2_user_pkg/share/ros2_user_pkg/srv/ImageService_Response.msg\n'}
[4.144310] (ros2_user_pkg) StdoutLine: {'line': b'-- Up-to-date symlink: /home/tan/Documents/workspace/ROS2_py_ws/install/ros2_user_pkg/share/ros2_user_pkg/action/Navigate.action\n'}
[4.144490] (ros2_user_pkg) StdoutLine: {'line': b'-- Up-to-date symlink: /home/tan/Documents/workspace/ROS2_py_ws/install/ros2_user_pkg/local/lib/python3.10/dist-packages/scripts-0.0.0-py3.10.egg-info/PKG-INFO\n'}
[4.144709] (ros2_user_pkg) StdoutLine: {'line': b'-- Up-to-date symlink: /home/tan/Documents/workspace/ROS2_py_ws/install/ros2_user_pkg/local/lib/python3.10/dist-packages/scripts-0.0.0-py3.10.egg-info/SOURCES.txt\n'}
[4.144886] (ros2_user_pkg) StdoutLine: {'line': b'-- Up-to-date symlink: /home/tan/Documents/workspace/ROS2_py_ws/install/ros2_user_pkg/local/lib/python3.10/dist-packages/scripts-0.0.0-py3.10.egg-info/dependency_links.txt\n'}
[4.145716] (ros2_user_pkg) StdoutLine: {'line': b'-- Up-to-date symlink: /home/tan/Documents/workspace/ROS2_py_ws/install/ros2_user_pkg/local/lib/python3.10/dist-packages/scripts-0.0.0-py3.10.egg-info/top_level.txt\n'}
[4.145864] (ros2_user_pkg) StdoutLine: {'line': b'-- Up-to-date symlink: /home/tan/Documents/workspace/ROS2_py_ws/install/ros2_user_pkg/local/lib/python3.10/dist-packages/scripts/__init__.py\n'}
[4.146705] (ros2_user_pkg) StdoutLine: {'line': b'-- Up-to-date symlink: /home/tan/Documents/workspace/ROS2_py_ws/install/ros2_user_pkg/local/lib/python3.10/dist-packages/scripts/action_client.py\n'}
[4.149682] (ros2_user_pkg) StdoutLine: {'line': b'-- Up-to-date symlink: /home/tan/Documents/workspace/ROS2_py_ws/install/ros2_user_pkg/local/lib/python3.10/dist-packages/scripts/action_server.py\n'}
[4.149827] (ros2_user_pkg) StdoutLine: {'line': b'-- Up-to-date symlink: /home/tan/Documents/workspace/ROS2_py_ws/install/ros2_user_pkg/local/lib/python3.10/dist-packages/scripts/publisher.py\n'}
[4.149915] (ros2_user_pkg) StdoutLine: {'line': b'-- Up-to-date symlink: /home/tan/Documents/workspace/ROS2_py_ws/install/ros2_user_pkg/local/lib/python3.10/dist-packages/scripts/rpm_publisher.py\n'}
[4.150039] (ros2_user_pkg) StdoutLine: {'line': b'-- Up-to-date symlink: /home/tan/Documents/workspace/ROS2_py_ws/install/ros2_user_pkg/local/lib/python3.10/dist-packages/scripts/service_client.py\n'}
[4.150125] (ros2_user_pkg) StdoutLine: {'line': b'-- Up-to-date symlink: /home/tan/Documents/workspace/ROS2_py_ws/install/ros2_user_pkg/local/lib/python3.10/dist-packages/scripts/service_server.py\n'}
[4.150204] (ros2_user_pkg) StdoutLine: {'line': b'-- Up-to-date symlink: /home/tan/Documents/workspace/ROS2_py_ws/install/ros2_user_pkg/local/lib/python3.10/dist-packages/scripts/speed_publisher.py\n'}
[4.150283] (ros2_user_pkg) StdoutLine: {'line': b'-- Up-to-date symlink: /home/tan/Documents/workspace/ROS2_py_ws/install/ros2_user_pkg/local/lib/python3.10/dist-packages/scripts/subcriber.py\n'}
[4.150362] (ros2_user_pkg) StdoutLine: {'line': b'-- Up-to-date symlink: /home/tan/Documents/workspace/ROS2_py_ws/install/ros2_user_pkg/local/lib/python3.10/dist-packages/scripts/turn_camera_client.py\n'}
[4.150442] (ros2_user_pkg) StdoutLine: {'line': b'-- Up-to-date symlink: /home/tan/Documents/workspace/ROS2_py_ws/install/ros2_user_pkg/local/lib/python3.10/dist-packages/scripts/turn_camera_server.py\n'}
[4.150557] (ros2_user_pkg) StdoutLine: {'line': b'-- Symlinking: /home/tan/Documents/workspace/ROS2_py_ws/install/ros2_user_pkg/lib/ros2_user_pkg/publisher.py\n'}
[4.172681] (ros2_user_pkg) StdoutLine: {'line': b'-- Symlinking: /home/tan/Documents/workspace/ROS2_py_ws/install/ros2_user_pkg/lib/ros2_user_pkg/subcriber.py\n'}
[4.196571] (ros2_user_pkg) StdoutLine: {'line': b'-- Symlinking: /home/tan/Documents/workspace/ROS2_py_ws/install/ros2_user_pkg/lib/ros2_user_pkg/rpm_publisher.py\n'}
[4.212576] (ros2_user_pkg) StdoutLine: {'line': b'-- Symlinking: /home/tan/Documents/workspace/ROS2_py_ws/install/ros2_user_pkg/lib/ros2_user_pkg/speed_publisher.py\n'}
[4.227008] (ros2_user_pkg) StdoutLine: {'line': b'-- Symlinking: /home/tan/Documents/workspace/ROS2_py_ws/install/ros2_user_pkg/lib/ros2_user_pkg/turn_camera_client.py\n'}
[4.232357] (-) TimerEvent: {}
[4.241016] (ros2_user_pkg) StdoutLine: {'line': b'-- Symlinking: /home/tan/Documents/workspace/ROS2_py_ws/install/ros2_user_pkg/lib/ros2_user_pkg/turn_camera_server.py\n'}
[4.281426] (ros2_user_pkg) StdoutLine: {'line': b'-- Symlinking: /home/tan/Documents/workspace/ROS2_py_ws/install/ros2_user_pkg/lib/ros2_user_pkg/action_server.py\n'}
[4.293373] (ros2_user_pkg) StdoutLine: {'line': b'-- Symlinking: /home/tan/Documents/workspace/ROS2_py_ws/install/ros2_user_pkg/lib/ros2_user_pkg/action_client.py\n'}
[4.315061] (ros2_user_pkg) StdoutLine: {'line': b'-- Up-to-date symlink: /home/tan/Documents/workspace/ROS2_py_ws/install/ros2_user_pkg/share/ros2_user_pkg/launch/rpm_node.launch.py\n'}
[4.315729] (ros2_user_pkg) StdoutLine: {'line': b'-- Up-to-date symlink: /home/tan/Documents/workspace/ROS2_py_ws/install/ros2_user_pkg/share/ament_index/resource_index/package_run_dependencies/ros2_user_pkg\n'}
[4.316321] (ros2_user_pkg) StdoutLine: {'line': b'-- Up-to-date symlink: /home/tan/Documents/workspace/ROS2_py_ws/install/ros2_user_pkg/share/ament_index/resource_index/parent_prefix_path/ros2_user_pkg\n'}
[4.316943] (ros2_user_pkg) StdoutLine: {'line': b'-- Up-to-date symlink: /home/tan/Documents/workspace/ROS2_py_ws/install/ros2_user_pkg/share/ros2_user_pkg/environment/ament_prefix_path.sh\n'}
[4.317563] (ros2_user_pkg) StdoutLine: {'line': b'-- Up-to-date symlink: /home/tan/Documents/workspace/ROS2_py_ws/install/ros2_user_pkg/share/ros2_user_pkg/environment/ament_prefix_path.dsv\n'}
[4.318051] (ros2_user_pkg) StdoutLine: {'line': b'-- Up-to-date symlink: /home/tan/Documents/workspace/ROS2_py_ws/install/ros2_user_pkg/share/ros2_user_pkg/environment/path.sh\n'}
[4.318524] (ros2_user_pkg) StdoutLine: {'line': b'-- Up-to-date symlink: /home/tan/Documents/workspace/ROS2_py_ws/install/ros2_user_pkg/share/ros2_user_pkg/environment/path.dsv\n'}
[4.319007] (ros2_user_pkg) StdoutLine: {'line': b'-- Up-to-date symlink: /home/tan/Documents/workspace/ROS2_py_ws/install/ros2_user_pkg/share/ros2_user_pkg/local_setup.bash\n'}
[4.319480] (ros2_user_pkg) StdoutLine: {'line': b'-- Up-to-date symlink: /home/tan/Documents/workspace/ROS2_py_ws/install/ros2_user_pkg/share/ros2_user_pkg/local_setup.sh\n'}
[4.319938] (ros2_user_pkg) StdoutLine: {'line': b'-- Up-to-date symlink: /home/tan/Documents/workspace/ROS2_py_ws/install/ros2_user_pkg/share/ros2_user_pkg/local_setup.zsh\n'}
[4.320390] (ros2_user_pkg) StdoutLine: {'line': b'-- Up-to-date symlink: /home/tan/Documents/workspace/ROS2_py_ws/install/ros2_user_pkg/share/ros2_user_pkg/local_setup.dsv\n'}
[4.320783] (ros2_user_pkg) StdoutLine: {'line': b'-- Symlinking: /home/tan/Documents/workspace/ROS2_py_ws/install/ros2_user_pkg/share/ros2_user_pkg/package.dsv\n'}
[4.332577] (-) TimerEvent: {}
[4.342231] (ros2_user_pkg) StdoutLine: {'line': b'-- Up-to-date symlink: /home/tan/Documents/workspace/ROS2_py_ws/install/ros2_user_pkg/share/ament_index/resource_index/packages/ros2_user_pkg\n'}
[4.342572] (ros2_user_pkg) StdoutLine: {'line': b'-- Up-to-date symlink: /home/tan/Documents/workspace/ROS2_py_ws/install/ros2_user_pkg/share/ros2_user_pkg/cmake/rosidl_cmake-extras.cmake\n'}
[4.342666] (ros2_user_pkg) StdoutLine: {'line': b'-- Up-to-date symlink: /home/tan/Documents/workspace/ROS2_py_ws/install/ros2_user_pkg/share/ros2_user_pkg/cmake/ament_cmake_export_dependencies-extras.cmake\n'}
[4.342751] (ros2_user_pkg) StdoutLine: {'line': b'-- Up-to-date symlink: /home/tan/Documents/workspace/ROS2_py_ws/install/ros2_user_pkg/share/ros2_user_pkg/cmake/ament_cmake_export_include_directories-extras.cmake\n'}
[4.342832] (ros2_user_pkg) StdoutLine: {'line': b'-- Up-to-date symlink: /home/tan/Documents/workspace/ROS2_py_ws/install/ros2_user_pkg/share/ros2_user_pkg/cmake/ament_cmake_export_libraries-extras.cmake\n'}
[4.342946] (ros2_user_pkg) StdoutLine: {'line': b'-- Up-to-date symlink: /home/tan/Documents/workspace/ROS2_py_ws/install/ros2_user_pkg/share/ros2_user_pkg/cmake/ament_cmake_export_targets-extras.cmake\n'}
[4.343058] (ros2_user_pkg) StdoutLine: {'line': b'-- Up-to-date symlink: /home/tan/Documents/workspace/ROS2_py_ws/install/ros2_user_pkg/share/ros2_user_pkg/cmake/rosidl_cmake_export_typesupport_targets-extras.cmake\n'}
[4.343137] (ros2_user_pkg) StdoutLine: {'line': b'-- Up-to-date symlink: /home/tan/Documents/workspace/ROS2_py_ws/install/ros2_user_pkg/share/ros2_user_pkg/cmake/rosidl_cmake_export_typesupport_libraries-extras.cmake\n'}
[4.343215] (ros2_user_pkg) StdoutLine: {'line': b'-- Up-to-date symlink: /home/tan/Documents/workspace/ROS2_py_ws/install/ros2_user_pkg/share/ros2_user_pkg/cmake/ros2_user_pkgConfig.cmake\n'}
[4.343291] (ros2_user_pkg) StdoutLine: {'line': b'-- Up-to-date symlink: /home/tan/Documents/workspace/ROS2_py_ws/install/ros2_user_pkg/share/ros2_user_pkg/cmake/ros2_user_pkgConfig-version.cmake\n'}
[4.343367] (ros2_user_pkg) StdoutLine: {'line': b'-- Up-to-date symlink: /home/tan/Documents/workspace/ROS2_py_ws/install/ros2_user_pkg/share/ros2_user_pkg/package.xml\n'}
[4.343512] (ros2_user_pkg) StdoutLine: {'line': b'-- Up-to-date: /home/tan/Documents/workspace/ROS2_py_ws/install/ros2_user_pkg/lib/libros2_user_pkg__rosidl_generator_c.so\n'}
[4.344179] (ros2_user_pkg) StdoutLine: {'line': b'-- Up-to-date: /home/tan/Documents/workspace/ROS2_py_ws/install/ros2_user_pkg/lib/libros2_user_pkg__rosidl_typesupport_fastrtps_c.so\n'}
[4.345120] (ros2_user_pkg) StdoutLine: {'line': b'-- Up-to-date: /home/tan/Documents/workspace/ROS2_py_ws/install/ros2_user_pkg/lib/libros2_user_pkg__rosidl_typesupport_fastrtps_cpp.so\n'}
[4.346208] (ros2_user_pkg) StdoutLine: {'line': b'-- Up-to-date: /home/tan/Documents/workspace/ROS2_py_ws/install/ros2_user_pkg/lib/libros2_user_pkg__rosidl_typesupport_introspection_c.so\n'}
[4.347103] (ros2_user_pkg) StdoutLine: {'line': b'-- Up-to-date: /home/tan/Documents/workspace/ROS2_py_ws/install/ros2_user_pkg/lib/libros2_user_pkg__rosidl_typesupport_c.so\n'}
[4.348030] (ros2_user_pkg) StdoutLine: {'line': b'-- Up-to-date: /home/tan/Documents/workspace/ROS2_py_ws/install/ros2_user_pkg/lib/libros2_user_pkg__rosidl_typesupport_introspection_cpp.so\n'}
[4.348970] (ros2_user_pkg) StdoutLine: {'line': b'-- Up-to-date: /home/tan/Documents/workspace/ROS2_py_ws/install/ros2_user_pkg/lib/libros2_user_pkg__rosidl_typesupport_cpp.so\n'}
[4.398799] (ros2_user_pkg) StdoutLine: {'line': b"Listing '/home/tan/Documents/workspace/ROS2_py_ws/install/ros2_user_pkg/local/lib/python3.10/dist-packages/ros2_user_pkg'...\n"}
[4.399090] (ros2_user_pkg) StdoutLine: {'line': b"Compiling '/home/tan/Documents/workspace/ROS2_py_ws/install/ros2_user_pkg/local/lib/python3.10/dist-packages/ros2_user_pkg/__init__.py'...\n"}
[4.399193] (ros2_user_pkg) StdoutLine: {'line': b"Listing '/home/tan/Documents/workspace/ROS2_py_ws/install/ros2_user_pkg/local/lib/python3.10/dist-packages/ros2_user_pkg/action'...\n"}
[4.399281] (ros2_user_pkg) StdoutLine: {'line': b"Listing '/home/tan/Documents/workspace/ROS2_py_ws/install/ros2_user_pkg/local/lib/python3.10/dist-packages/ros2_user_pkg/srv'...\n"}
[4.410508] (ros2_user_pkg) StdoutLine: {'line': b'-- Up-to-date: /home/tan/Documents/workspace/ROS2_py_ws/install/ros2_user_pkg/lib/libros2_user_pkg__rosidl_generator_py.so\n'}
[4.433027] (-) TimerEvent: {}
[4.475896] (ros2_user_pkg) StdoutLine: {'line': b"Listing '/home/tan/Documents/workspace/ROS2_py_ws/install/ros2_user_pkg/local/lib/python3.10/dist-packages/scripts'...\n"}
[4.488890] (ros2_user_pkg) StdoutLine: {'line': b'-- Up-to-date: /home/tan/Documents/workspace/ROS2_py_ws/install/ros2_user_pkg/share/ros2_user_pkg/cmake/export_ros2_user_pkg__rosidl_generator_cExport.cmake\n'}
[4.489584] (ros2_user_pkg) StdoutLine: {'line': b'-- Up-to-date: /home/tan/Documents/workspace/ROS2_py_ws/install/ros2_user_pkg/share/ros2_user_pkg/cmake/export_ros2_user_pkg__rosidl_generator_cExport-noconfig.cmake\n'}
[4.490163] (ros2_user_pkg) StdoutLine: {'line': b'-- Up-to-date: /home/tan/Documents/workspace/ROS2_py_ws/install/ros2_user_pkg/share/ros2_user_pkg/cmake/export_ros2_user_pkg__rosidl_typesupport_fastrtps_cExport.cmake\n'}
[4.490846] (ros2_user_pkg) StdoutLine: {'line': b'-- Up-to-date: /home/tan/Documents/workspace/ROS2_py_ws/install/ros2_user_pkg/share/ros2_user_pkg/cmake/export_ros2_user_pkg__rosidl_typesupport_fastrtps_cExport-noconfig.cmake\n'}
[4.491404] (ros2_user_pkg) StdoutLine: {'line': b'-- Up-to-date: /home/tan/Documents/workspace/ROS2_py_ws/install/ros2_user_pkg/share/ros2_user_pkg/cmake/export_ros2_user_pkg__rosidl_generator_cppExport.cmake\n'}
[4.491863] (ros2_user_pkg) StdoutLine: {'line': b'-- Up-to-date: /home/tan/Documents/workspace/ROS2_py_ws/install/ros2_user_pkg/share/ros2_user_pkg/cmake/export_ros2_user_pkg__rosidl_typesupport_fastrtps_cppExport.cmake\n'}
[4.492454] (ros2_user_pkg) StdoutLine: {'line': b'-- Up-to-date: /home/tan/Documents/workspace/ROS2_py_ws/install/ros2_user_pkg/share/ros2_user_pkg/cmake/export_ros2_user_pkg__rosidl_typesupport_fastrtps_cppExport-noconfig.cmake\n'}
[4.492950] (ros2_user_pkg) StdoutLine: {'line': b'-- Up-to-date: /home/tan/Documents/workspace/ROS2_py_ws/install/ros2_user_pkg/share/ros2_user_pkg/cmake/ros2_user_pkg__rosidl_typesupport_introspection_cExport.cmake\n'}
[4.493536] (ros2_user_pkg) StdoutLine: {'line': b'-- Up-to-date: /home/tan/Documents/workspace/ROS2_py_ws/install/ros2_user_pkg/share/ros2_user_pkg/cmake/ros2_user_pkg__rosidl_typesupport_introspection_cExport-noconfig.cmake\n'}
[4.494107] (ros2_user_pkg) StdoutLine: {'line': b'-- Up-to-date: /home/tan/Documents/workspace/ROS2_py_ws/install/ros2_user_pkg/share/ros2_user_pkg/cmake/ros2_user_pkg__rosidl_typesupport_cExport.cmake\n'}
[4.494746] (ros2_user_pkg) StdoutLine: {'line': b'-- Up-to-date: /home/tan/Documents/workspace/ROS2_py_ws/install/ros2_user_pkg/share/ros2_user_pkg/cmake/ros2_user_pkg__rosidl_typesupport_cExport-noconfig.cmake\n'}
[4.495644] (ros2_user_pkg) StdoutLine: {'line': b'-- Up-to-date: /home/tan/Documents/workspace/ROS2_py_ws/install/ros2_user_pkg/share/ros2_user_pkg/cmake/ros2_user_pkg__rosidl_typesupport_introspection_cppExport.cmake\n'}
[4.496135] (ros2_user_pkg) StdoutLine: {'line': b'-- Up-to-date: /home/tan/Documents/workspace/ROS2_py_ws/install/ros2_user_pkg/share/ros2_user_pkg/cmake/ros2_user_pkg__rosidl_typesupport_introspection_cppExport-noconfig.cmake\n'}
[4.497057] (ros2_user_pkg) StdoutLine: {'line': b'-- Up-to-date: /home/tan/Documents/workspace/ROS2_py_ws/install/ros2_user_pkg/share/ros2_user_pkg/cmake/ros2_user_pkg__rosidl_typesupport_cppExport.cmake\n'}
[4.497334] (ros2_user_pkg) StdoutLine: {'line': b'-- Up-to-date: /home/tan/Documents/workspace/ROS2_py_ws/install/ros2_user_pkg/share/ros2_user_pkg/cmake/ros2_user_pkg__rosidl_typesupport_cppExport-noconfig.cmake\n'}
[4.497896] (ros2_user_pkg) StdoutLine: {'line': b'-- Up-to-date: /home/tan/Documents/workspace/ROS2_py_ws/install/ros2_user_pkg/share/ros2_user_pkg/cmake/export_ros2_user_pkg__rosidl_generator_pyExport.cmake\n'}
[4.498892] (ros2_user_pkg) StdoutLine: {'line': b'-- Up-to-date: /home/tan/Documents/workspace/ROS2_py_ws/install/ros2_user_pkg/share/ros2_user_pkg/cmake/export_ros2_user_pkg__rosidl_generator_pyExport-noconfig.cmake\n'}
[4.502327] (ros2_user_pkg) CommandEnded: {'returncode': 0}
[4.533507] (-) TimerEvent: {}
[4.634722] (-) TimerEvent: {}
[4.735584] (-) TimerEvent: {}
[4.836116] (-) TimerEvent: {}
[4.939202] (-) TimerEvent: {}
[4.993802] (ros2_user_pkg) JobEnded: {'identifier': 'ros2_user_pkg', 'rc': 0}
[4.996471] (-) EventReactorShutdown: {}
