[0.130s] Invoking command in '/home/tan/Documents/workspace/ROS2_py_ws/build/ros2_user_pkg': CMAKE_PREFIX_PATH=${CMAKE_PREFIX_PATH}:/opt/ros/humble /usr/bin/cmake --build /home/tan/Documents/workspace/ROS2_py_ws/build/ros2_user_pkg -- -j4 -l4
[0.184s] -- Found ament_cmake: 1.3.5 (/opt/ros/humble/share/ament_cmake/cmake)
[0.448s] -- Override CMake install command with custom implementation using symlinks instead of copying resources
[0.468s] -- Found rclpy: 3.3.10 (/opt/ros/humble/share/rclpy/cmake)
[0.478s] -- Found cv_bridge: 3.2.1 (/opt/ros/humble/share/cv_bridge/cmake)
[0.520s] -- Found rosidl_generator_c: 3.1.5 (/opt/ros/humble/share/rosidl_generator_c/cmake)
[0.523s] -- Found rosidl_adapter: 3.1.5 (/opt/ros/humble/share/rosidl_adapter/cmake)
[0.533s] -- Found rosidl_generator_cpp: 3.1.5 (/opt/ros/humble/share/rosidl_generator_cpp/cmake)
[0.551s] -- Using all available rosidl_typesupport_c: rosidl_typesupport_fastrtps_c;rosidl_typesupport_introspection_c
[0.580s] -- Using all available rosidl_typesupport_cpp: rosidl_typesupport_fastrtps_cpp;rosidl_typesupport_introspection_cpp
[0.915s] -- Found rosidl_default_generators: 1.2.0 (/opt/ros/humble/share/rosidl_default_generators/cmake)
[1.490s] -- Found ament_cmake_ros: 0.10.0 (/opt/ros/humble/share/ament_cmake_ros/cmake)
[2.255s] -- Using all available rosidl_typesupport_c: rosidl_typesupport_fastrtps_c;rosidl_typesupport_introspection_c
[2.556s] -- Using all available rosidl_typesupport_cpp: rosidl_typesupport_fastrtps_cpp;rosidl_typesupport_introspection_cpp
[2.587s] -- Found python_cmake_module: 0.10.0 (/opt/ros/humble/share/python_cmake_module/cmake)
[2.616s] -- Using PYTHON_EXECUTABLE: /usr/bin/python3
[2.616s] -- Using PYTHON_INCLUDE_DIRS: /usr/include/python3.10
[2.616s] -- Using PYTHON_LIBRARIES: /usr/lib/x86_64-linux-gnu/libpython3.10.so
[2.719s] -- Found ament_lint_auto: 0.12.8 (/opt/ros/humble/share/ament_lint_auto/cmake)
[2.742s] -- Added test 'flake8' to check Python code syntax and style conventions
[2.744s] -- Added test 'lint_cmake' to check CMake code style
[2.745s] -- Added test 'pep257' to check Python code against some of the docstring style conventions in PEP 257
[2.751s] -- Added test 'xmllint' to check XML markup files
[2.758s] -- Configuring done
[2.866s] -- Generating done
[2.877s] -- Build files have been written to: /home/tan/Documents/workspace/ROS2_py_ws/build/ros2_user_pkg
[2.923s] [35m[1mConsolidate compiler generated dependencies of target ros2_user_pkg__rosidl_generator_c[0m
[2.953s] [ 10%] Built target ros2_user_pkg__rosidl_generator_c
[2.971s] [ 12%] Built target ros2_user_pkg__cpp
[2.988s] [35m[1mConsolidate compiler generated dependencies of target ros2_user_pkg__rosidl_typesupport_fastrtps_c[0m
[2.993s] [ 12%] Built target ament_cmake_python_symlink_ros2_user_pkg
[2.999s] [ 12%] Built target ament_cmake_python_symlink_script
[3.008s] [35m[1mConsolidate compiler generated dependencies of target ros2_user_pkg__rosidl_typesupport_introspection_c[0m
[3.020s] [35m[1mConsolidate compiler generated dependencies of target ros2_user_pkg__rosidl_typesupport_c[0m
[3.038s] [35m[1mConsolidate compiler generated dependencies of target ros2_user_pkg__rosidl_typesupport_introspection_cpp[0m
[3.038s] [ 23%] Built target ros2_user_pkg__rosidl_typesupport_fastrtps_c
[3.077s] [ 34%] Built target ros2_user_pkg__rosidl_typesupport_introspection_c
[3.079s] [ 44%] Built target ros2_user_pkg__rosidl_typesupport_c
[3.082s] [ 55%] Built target ros2_user_pkg__rosidl_typesupport_introspection_cpp
[3.111s] [35m[1mConsolidate compiler generated dependencies of target ros2_user_pkg__rosidl_typesupport_cpp[0m
[3.112s] [35m[1mConsolidate compiler generated dependencies of target ros2_user_pkg__rosidl_typesupport_fastrtps_cpp[0m
[3.158s] [ 65%] Built target ros2_user_pkg__rosidl_typesupport_cpp
[3.220s] [ 76%] Built target ros2_user_pkg__rosidl_typesupport_fastrtps_cpp
[3.334s] [ 76%] Built target ros2_user_pkg
[3.478s] [ 78%] Built target ros2_user_pkg__py
[3.486s] running egg_info
[3.488s] writing ros2_user_pkg.egg-info/PKG-INFO
[3.489s] writing dependency_links to ros2_user_pkg.egg-info/dependency_links.txt
[3.490s] writing top-level names to ros2_user_pkg.egg-info/top_level.txt
[3.495s] reading manifest file 'ros2_user_pkg.egg-info/SOURCES.txt'
[3.497s] writing manifest file 'ros2_user_pkg.egg-info/SOURCES.txt'
[3.512s] [35m[1mConsolidate compiler generated dependencies of target ros2_user_pkg__rosidl_generator_py[0m
[3.567s] [ 87%] Built target ros2_user_pkg__rosidl_generator_py
[3.580s] [ 87%] Built target ament_cmake_python_build_ros2_user_pkg_egg
[3.614s] [35m[1mConsolidate compiler generated dependencies of target ros2_user_pkg__rosidl_typesupport_introspection_c__pyext[0m
[3.626s] [35m[1mConsolidate compiler generated dependencies of target ros2_user_pkg__rosidl_typesupport_fastrtps_c__pyext[0m
[3.632s] [35m[1mConsolidate compiler generated dependencies of target ros2_user_pkg__rosidl_typesupport_c__pyext[0m
[3.663s] [ 91%] Built target ros2_user_pkg__rosidl_typesupport_introspection_c__pyext
[3.685s] [ 95%] Built target ros2_user_pkg__rosidl_typesupport_fastrtps_c__pyext
[3.698s] running egg_info
[3.699s] creating script.egg-info
[3.699s] writing script.egg-info/PKG-INFO
[3.699s] writing dependency_links to script.egg-info/dependency_links.txt
[3.699s] writing top-level names to script.egg-info/top_level.txt
[3.699s] writing manifest file 'script.egg-info/SOURCES.txt'
[3.699s] reading manifest file 'script.egg-info/SOURCES.txt'
[3.699s] writing manifest file 'script.egg-info/SOURCES.txt'
[3.699s] [100%] Built target ros2_user_pkg__rosidl_typesupport_c__pyext
[3.755s] [100%] Built target ament_cmake_python_build_script_egg
[3.783s] Invoked command in '/home/tan/Documents/workspace/ROS2_py_ws/build/ros2_user_pkg' returned '0': CMAKE_PREFIX_PATH=${CMAKE_PREFIX_PATH}:/opt/ros/humble /usr/bin/cmake --build /home/tan/Documents/workspace/ROS2_py_ws/build/ros2_user_pkg -- -j4 -l4
[4.034s] Invoking command in '/home/tan/Documents/workspace/ROS2_py_ws/build/ros2_user_pkg': CMAKE_PREFIX_PATH=${CMAKE_PREFIX_PATH}:/opt/ros/humble /usr/bin/cmake --install /home/tan/Documents/workspace/ROS2_py_ws/build/ros2_user_pkg
[4.050s] -- Install configuration: ""
[4.052s] -- Execute custom install script
[4.053s] -- Up-to-date symlink: /home/tan/Documents/workspace/ROS2_py_ws/install/ros2_user_pkg/share/ament_index/resource_index/rosidl_interfaces/ros2_user_pkg
[4.054s] -- Up-to-date symlink: /home/tan/Documents/workspace/ROS2_py_ws/install/ros2_user_pkg/include/ros2_user_pkg/ros2_user_pkg/action/detail/navigate__functions.h
[4.055s] -- Up-to-date symlink: /home/tan/Documents/workspace/ROS2_py_ws/install/ros2_user_pkg/include/ros2_user_pkg/ros2_user_pkg/action/detail/navigate__struct.h
[4.055s] -- Up-to-date symlink: /home/tan/Documents/workspace/ROS2_py_ws/install/ros2_user_pkg/include/ros2_user_pkg/ros2_user_pkg/action/detail/navigate__type_support.h
[4.056s] -- Up-to-date symlink: /home/tan/Documents/workspace/ROS2_py_ws/install/ros2_user_pkg/include/ros2_user_pkg/ros2_user_pkg/action/navigate.h
[4.056s] -- Up-to-date symlink: /home/tan/Documents/workspace/ROS2_py_ws/install/ros2_user_pkg/include/ros2_user_pkg/ros2_user_pkg/msg/rosidl_generator_c__visibility_control.h
[4.056s] -- Up-to-date symlink: /home/tan/Documents/workspace/ROS2_py_ws/install/ros2_user_pkg/include/ros2_user_pkg/ros2_user_pkg/srv/detail/image_service__functions.h
[4.057s] -- Up-to-date symlink: /home/tan/Documents/workspace/ROS2_py_ws/install/ros2_user_pkg/include/ros2_user_pkg/ros2_user_pkg/srv/detail/image_service__struct.h
[4.057s] -- Up-to-date symlink: /home/tan/Documents/workspace/ROS2_py_ws/install/ros2_user_pkg/include/ros2_user_pkg/ros2_user_pkg/srv/detail/image_service__type_support.h
[4.057s] -- Up-to-date symlink: /home/tan/Documents/workspace/ROS2_py_ws/install/ros2_user_pkg/include/ros2_user_pkg/ros2_user_pkg/srv/detail/odd_even_check__functions.h
[4.057s] -- Up-to-date symlink: /home/tan/Documents/workspace/ROS2_py_ws/install/ros2_user_pkg/include/ros2_user_pkg/ros2_user_pkg/srv/detail/odd_even_check__struct.h
[4.057s] -- Up-to-date symlink: /home/tan/Documents/workspace/ROS2_py_ws/install/ros2_user_pkg/include/ros2_user_pkg/ros2_user_pkg/srv/detail/odd_even_check__type_support.h
[4.057s] -- Up-to-date symlink: /home/tan/Documents/workspace/ROS2_py_ws/install/ros2_user_pkg/include/ros2_user_pkg/ros2_user_pkg/srv/image_service.h
[4.058s] -- Up-to-date symlink: /home/tan/Documents/workspace/ROS2_py_ws/install/ros2_user_pkg/include/ros2_user_pkg/ros2_user_pkg/srv/odd_even_check.h
[4.058s] -- Up-to-date symlink: /home/tan/Documents/workspace/ROS2_py_ws/install/ros2_user_pkg/share/ros2_user_pkg/environment/library_path.sh
[4.058s] -- Up-to-date symlink: /home/tan/Documents/workspace/ROS2_py_ws/install/ros2_user_pkg/share/ros2_user_pkg/environment/library_path.dsv
[4.060s] -- Up-to-date symlink: /home/tan/Documents/workspace/ROS2_py_ws/install/ros2_user_pkg/include/ros2_user_pkg/ros2_user_pkg/action/detail/navigate__rosidl_typesupport_fastrtps_c.h
[4.060s] -- Up-to-date symlink: /home/tan/Documents/workspace/ROS2_py_ws/install/ros2_user_pkg/include/ros2_user_pkg/ros2_user_pkg/msg/rosidl_typesupport_fastrtps_c__visibility_control.h
[4.061s] -- Up-to-date symlink: /home/tan/Documents/workspace/ROS2_py_ws/install/ros2_user_pkg/include/ros2_user_pkg/ros2_user_pkg/srv/detail/image_service__rosidl_typesupport_fastrtps_c.h
[4.061s] -- Up-to-date symlink: /home/tan/Documents/workspace/ROS2_py_ws/install/ros2_user_pkg/include/ros2_user_pkg/ros2_user_pkg/srv/detail/odd_even_check__rosidl_typesupport_fastrtps_c.h
[4.063s] -- Up-to-date symlink: /home/tan/Documents/workspace/ROS2_py_ws/install/ros2_user_pkg/include/ros2_user_pkg/ros2_user_pkg/action/detail/navigate__builder.hpp
[4.063s] -- Up-to-date symlink: /home/tan/Documents/workspace/ROS2_py_ws/install/ros2_user_pkg/include/ros2_user_pkg/ros2_user_pkg/action/detail/navigate__struct.hpp
[4.065s] -- Up-to-date symlink: /home/tan/Documents/workspace/ROS2_py_ws/install/ros2_user_pkg/include/ros2_user_pkg/ros2_user_pkg/action/detail/navigate__traits.hpp
[4.066s] -- Up-to-date symlink: /home/tan/Documents/workspace/ROS2_py_ws/install/ros2_user_pkg/include/ros2_user_pkg/ros2_user_pkg/action/navigate.hpp
[4.066s] -- Up-to-date symlink: /home/tan/Documents/workspace/ROS2_py_ws/install/ros2_user_pkg/include/ros2_user_pkg/ros2_user_pkg/srv/detail/image_service__builder.hpp
[4.067s] -- Up-to-date symlink: /home/tan/Documents/workspace/ROS2_py_ws/install/ros2_user_pkg/include/ros2_user_pkg/ros2_user_pkg/srv/detail/image_service__struct.hpp
[4.067s] -- Up-to-date symlink: /home/tan/Documents/workspace/ROS2_py_ws/install/ros2_user_pkg/include/ros2_user_pkg/ros2_user_pkg/srv/detail/image_service__traits.hpp
[4.067s] -- Up-to-date symlink: /home/tan/Documents/workspace/ROS2_py_ws/install/ros2_user_pkg/include/ros2_user_pkg/ros2_user_pkg/srv/detail/odd_even_check__builder.hpp
[4.067s] -- Up-to-date symlink: /home/tan/Documents/workspace/ROS2_py_ws/install/ros2_user_pkg/include/ros2_user_pkg/ros2_user_pkg/srv/detail/odd_even_check__struct.hpp
[4.067s] -- Up-to-date symlink: /home/tan/Documents/workspace/ROS2_py_ws/install/ros2_user_pkg/include/ros2_user_pkg/ros2_user_pkg/srv/detail/odd_even_check__traits.hpp
[4.068s] -- Up-to-date symlink: /home/tan/Documents/workspace/ROS2_py_ws/install/ros2_user_pkg/include/ros2_user_pkg/ros2_user_pkg/srv/image_service.hpp
[4.068s] -- Up-to-date symlink: /home/tan/Documents/workspace/ROS2_py_ws/install/ros2_user_pkg/include/ros2_user_pkg/ros2_user_pkg/srv/odd_even_check.hpp
[4.069s] -- Up-to-date symlink: /home/tan/Documents/workspace/ROS2_py_ws/install/ros2_user_pkg/include/ros2_user_pkg/ros2_user_pkg/action/detail/navigate__rosidl_typesupport_fastrtps_cpp.hpp
[4.070s] -- Up-to-date symlink: /home/tan/Documents/workspace/ROS2_py_ws/install/ros2_user_pkg/include/ros2_user_pkg/ros2_user_pkg/msg/rosidl_typesupport_fastrtps_cpp__visibility_control.h
[4.070s] -- Up-to-date symlink: /home/tan/Documents/workspace/ROS2_py_ws/install/ros2_user_pkg/include/ros2_user_pkg/ros2_user_pkg/srv/detail/image_service__rosidl_typesupport_fastrtps_cpp.hpp
[4.070s] -- Up-to-date symlink: /home/tan/Documents/workspace/ROS2_py_ws/install/ros2_user_pkg/include/ros2_user_pkg/ros2_user_pkg/srv/detail/odd_even_check__rosidl_typesupport_fastrtps_cpp.hpp
[4.072s] -- Up-to-date symlink: /home/tan/Documents/workspace/ROS2_py_ws/install/ros2_user_pkg/include/ros2_user_pkg/ros2_user_pkg/action/detail/navigate__rosidl_typesupport_introspection_c.h
[4.072s] -- Up-to-date symlink: /home/tan/Documents/workspace/ROS2_py_ws/install/ros2_user_pkg/include/ros2_user_pkg/ros2_user_pkg/msg/rosidl_typesupport_introspection_c__visibility_control.h
[4.073s] -- Up-to-date symlink: /home/tan/Documents/workspace/ROS2_py_ws/install/ros2_user_pkg/include/ros2_user_pkg/ros2_user_pkg/srv/detail/image_service__rosidl_typesupport_introspection_c.h
[4.073s] -- Up-to-date symlink: /home/tan/Documents/workspace/ROS2_py_ws/install/ros2_user_pkg/include/ros2_user_pkg/ros2_user_pkg/srv/detail/odd_even_check__rosidl_typesupport_introspection_c.h
[4.074s] -- Up-to-date symlink: /home/tan/Documents/workspace/ROS2_py_ws/install/ros2_user_pkg/include/ros2_user_pkg/ros2_user_pkg/action/detail/navigate__rosidl_typesupport_introspection_cpp.hpp
[4.074s] -- Up-to-date symlink: /home/tan/Documents/workspace/ROS2_py_ws/install/ros2_user_pkg/include/ros2_user_pkg/ros2_user_pkg/srv/detail/image_service__rosidl_typesupport_introspection_cpp.hpp
[4.075s] -- Up-to-date symlink: /home/tan/Documents/workspace/ROS2_py_ws/install/ros2_user_pkg/include/ros2_user_pkg/ros2_user_pkg/srv/detail/odd_even_check__rosidl_typesupport_introspection_cpp.hpp
[4.075s] -- Up-to-date symlink: /home/tan/Documents/workspace/ROS2_py_ws/install/ros2_user_pkg/share/ros2_user_pkg/environment/pythonpath.sh
[4.076s] -- Up-to-date symlink: /home/tan/Documents/workspace/ROS2_py_ws/install/ros2_user_pkg/share/ros2_user_pkg/environment/pythonpath.dsv
[4.077s] -- Up-to-date symlink: /home/tan/Documents/workspace/ROS2_py_ws/install/ros2_user_pkg/local/lib/python3.10/dist-packages/ros2_user_pkg-0.0.0-py3.10.egg-info/PKG-INFO
[4.077s] -- Up-to-date symlink: /home/tan/Documents/workspace/ROS2_py_ws/install/ros2_user_pkg/local/lib/python3.10/dist-packages/ros2_user_pkg-0.0.0-py3.10.egg-info/SOURCES.txt
[4.077s] -- Up-to-date symlink: /home/tan/Documents/workspace/ROS2_py_ws/install/ros2_user_pkg/local/lib/python3.10/dist-packages/ros2_user_pkg-0.0.0-py3.10.egg-info/dependency_links.txt
[4.078s] -- Up-to-date symlink: /home/tan/Documents/workspace/ROS2_py_ws/install/ros2_user_pkg/local/lib/python3.10/dist-packages/ros2_user_pkg-0.0.0-py3.10.egg-info/top_level.txt
[4.085s] -- Up-to-date symlink: /home/tan/Documents/workspace/ROS2_py_ws/install/ros2_user_pkg/local/lib/python3.10/dist-packages/ros2_user_pkg/__init__.py
[4.086s] -- Up-to-date symlink: /home/tan/Documents/workspace/ROS2_py_ws/install/ros2_user_pkg/local/lib/python3.10/dist-packages/ros2_user_pkg/_ros2_user_pkg_s.ep.rosidl_typesupport_c.c
[4.087s] -- Up-to-date symlink: /home/tan/Documents/workspace/ROS2_py_ws/install/ros2_user_pkg/local/lib/python3.10/dist-packages/ros2_user_pkg/_ros2_user_pkg_s.ep.rosidl_typesupport_fastrtps_c.c
[4.088s] -- Up-to-date symlink: /home/tan/Documents/workspace/ROS2_py_ws/install/ros2_user_pkg/local/lib/python3.10/dist-packages/ros2_user_pkg/_ros2_user_pkg_s.ep.rosidl_typesupport_introspection_c.c
[4.089s] -- Up-to-date symlink: /home/tan/Documents/workspace/ROS2_py_ws/install/ros2_user_pkg/local/lib/python3.10/dist-packages/ros2_user_pkg/action/__init__.py
[4.090s] -- Up-to-date symlink: /home/tan/Documents/workspace/ROS2_py_ws/install/ros2_user_pkg/local/lib/python3.10/dist-packages/ros2_user_pkg/action/_navigate.py
[4.092s] -- Up-to-date symlink: /home/tan/Documents/workspace/ROS2_py_ws/install/ros2_user_pkg/local/lib/python3.10/dist-packages/ros2_user_pkg/action/_navigate_s.c
[4.092s] -- Up-to-date symlink: /home/tan/Documents/workspace/ROS2_py_ws/install/ros2_user_pkg/local/lib/python3.10/dist-packages/ros2_user_pkg/libros2_user_pkg__rosidl_generator_py.so
[4.092s] -- Up-to-date symlink: /home/tan/Documents/workspace/ROS2_py_ws/install/ros2_user_pkg/local/lib/python3.10/dist-packages/ros2_user_pkg/ros2_user_pkg_s__rosidl_typesupport_c.cpython-310-x86_64-linux-gnu.so
[4.092s] -- Up-to-date symlink: /home/tan/Documents/workspace/ROS2_py_ws/install/ros2_user_pkg/local/lib/python3.10/dist-packages/ros2_user_pkg/ros2_user_pkg_s__rosidl_typesupport_fastrtps_c.cpython-310-x86_64-linux-gnu.so
[4.092s] -- Up-to-date symlink: /home/tan/Documents/workspace/ROS2_py_ws/install/ros2_user_pkg/local/lib/python3.10/dist-packages/ros2_user_pkg/ros2_user_pkg_s__rosidl_typesupport_introspection_c.cpython-310-x86_64-linux-gnu.so
[4.093s] -- Up-to-date symlink: /home/tan/Documents/workspace/ROS2_py_ws/install/ros2_user_pkg/local/lib/python3.10/dist-packages/ros2_user_pkg/srv/__init__.py
[4.093s] -- Up-to-date symlink: /home/tan/Documents/workspace/ROS2_py_ws/install/ros2_user_pkg/local/lib/python3.10/dist-packages/ros2_user_pkg/srv/_image_service.py
[4.093s] -- Up-to-date symlink: /home/tan/Documents/workspace/ROS2_py_ws/install/ros2_user_pkg/local/lib/python3.10/dist-packages/ros2_user_pkg/srv/_image_service_s.c
[4.093s] -- Up-to-date symlink: /home/tan/Documents/workspace/ROS2_py_ws/install/ros2_user_pkg/local/lib/python3.10/dist-packages/ros2_user_pkg/srv/_odd_even_check.py
[4.093s] -- Up-to-date symlink: /home/tan/Documents/workspace/ROS2_py_ws/install/ros2_user_pkg/local/lib/python3.10/dist-packages/ros2_user_pkg/srv/_odd_even_check_s.c
[4.093s] -- Up-to-date symlink: /home/tan/Documents/workspace/ROS2_py_ws/install/ros2_user_pkg/local/lib/python3.10/dist-packages/ros2_user_pkg/ros2_user_pkg_s__rosidl_typesupport_fastrtps_c.cpython-310-x86_64-linux-gnu.so
[4.093s] -- Up-to-date symlink: /home/tan/Documents/workspace/ROS2_py_ws/install/ros2_user_pkg/local/lib/python3.10/dist-packages/ros2_user_pkg/ros2_user_pkg_s__rosidl_typesupport_introspection_c.cpython-310-x86_64-linux-gnu.so
[4.094s] -- Up-to-date symlink: /home/tan/Documents/workspace/ROS2_py_ws/install/ros2_user_pkg/local/lib/python3.10/dist-packages/ros2_user_pkg/ros2_user_pkg_s__rosidl_typesupport_c.cpython-310-x86_64-linux-gnu.so
[4.094s] -- Up-to-date symlink: /home/tan/Documents/workspace/ROS2_py_ws/install/ros2_user_pkg/share/ros2_user_pkg/srv/OddEvenCheck.idl
[4.094s] -- Up-to-date symlink: /home/tan/Documents/workspace/ROS2_py_ws/install/ros2_user_pkg/share/ros2_user_pkg/srv/ImageService.idl
[4.094s] -- Up-to-date symlink: /home/tan/Documents/workspace/ROS2_py_ws/install/ros2_user_pkg/share/ros2_user_pkg/action/Navigate.idl
[4.094s] -- Up-to-date symlink: /home/tan/Documents/workspace/ROS2_py_ws/install/ros2_user_pkg/share/ros2_user_pkg/srv/OddEvenCheck.srv
[4.094s] -- Up-to-date symlink: /home/tan/Documents/workspace/ROS2_py_ws/install/ros2_user_pkg/share/ros2_user_pkg/srv/OddEvenCheck_Request.msg
[4.094s] -- Up-to-date symlink: /home/tan/Documents/workspace/ROS2_py_ws/install/ros2_user_pkg/share/ros2_user_pkg/srv/OddEvenCheck_Response.msg
[4.094s] -- Up-to-date symlink: /home/tan/Documents/workspace/ROS2_py_ws/install/ros2_user_pkg/share/ros2_user_pkg/srv/ImageService.srv
[4.094s] -- Up-to-date symlink: /home/tan/Documents/workspace/ROS2_py_ws/install/ros2_user_pkg/share/ros2_user_pkg/srv/ImageService_Request.msg
[4.094s] -- Up-to-date symlink: /home/tan/Documents/workspace/ROS2_py_ws/install/ros2_user_pkg/share/ros2_user_pkg/srv/ImageService_Response.msg
[4.094s] -- Up-to-date symlink: /home/tan/Documents/workspace/ROS2_py_ws/install/ros2_user_pkg/share/ros2_user_pkg/action/Navigate.action
[4.094s] -- Symlinking: /home/tan/Documents/workspace/ROS2_py_ws/install/ros2_user_pkg/local/lib/python3.10/dist-packages/script-0.0.0-py3.10.egg-info/PKG-INFO
[4.108s] -- Symlinking: /home/tan/Documents/workspace/ROS2_py_ws/install/ros2_user_pkg/local/lib/python3.10/dist-packages/script-0.0.0-py3.10.egg-info/SOURCES.txt
[4.124s] -- Symlinking: /home/tan/Documents/workspace/ROS2_py_ws/install/ros2_user_pkg/local/lib/python3.10/dist-packages/script-0.0.0-py3.10.egg-info/dependency_links.txt
[4.140s] -- Symlinking: /home/tan/Documents/workspace/ROS2_py_ws/install/ros2_user_pkg/local/lib/python3.10/dist-packages/script-0.0.0-py3.10.egg-info/top_level.txt
[4.165s] -- Symlinking: /home/tan/Documents/workspace/ROS2_py_ws/install/ros2_user_pkg/local/lib/python3.10/dist-packages/script/__init__.py
[4.202s] -- Symlinking: /home/tan/Documents/workspace/ROS2_py_ws/install/ros2_user_pkg/local/lib/python3.10/dist-packages/script/action_client.py
[4.224s] -- Symlinking: /home/tan/Documents/workspace/ROS2_py_ws/install/ros2_user_pkg/local/lib/python3.10/dist-packages/script/action_server.py
[4.237s] -- Symlinking: /home/tan/Documents/workspace/ROS2_py_ws/install/ros2_user_pkg/local/lib/python3.10/dist-packages/script/publisher.py
[4.262s] -- Symlinking: /home/tan/Documents/workspace/ROS2_py_ws/install/ros2_user_pkg/local/lib/python3.10/dist-packages/script/rpm_publisher.py
[4.279s] -- Symlinking: /home/tan/Documents/workspace/ROS2_py_ws/install/ros2_user_pkg/local/lib/python3.10/dist-packages/script/service_client.py
[4.299s] -- Symlinking: /home/tan/Documents/workspace/ROS2_py_ws/install/ros2_user_pkg/local/lib/python3.10/dist-packages/script/service_server.py
[4.315s] -- Symlinking: /home/tan/Documents/workspace/ROS2_py_ws/install/ros2_user_pkg/local/lib/python3.10/dist-packages/script/speed_publisher.py
[4.330s] -- Symlinking: /home/tan/Documents/workspace/ROS2_py_ws/install/ros2_user_pkg/local/lib/python3.10/dist-packages/script/subcriber.py
[4.344s] -- Symlinking: /home/tan/Documents/workspace/ROS2_py_ws/install/ros2_user_pkg/local/lib/python3.10/dist-packages/script/turn_camera_client.py
[4.360s] -- Symlinking: /home/tan/Documents/workspace/ROS2_py_ws/install/ros2_user_pkg/local/lib/python3.10/dist-packages/script/turn_camera_server.py
[4.379s] -- Symlinking: /home/tan/Documents/workspace/ROS2_py_ws/install/ros2_user_pkg/lib/ros2_user_pkg/publisher.py
[4.393s] -- Symlinking: /home/tan/Documents/workspace/ROS2_py_ws/install/ros2_user_pkg/lib/ros2_user_pkg/subcriber.py
[4.406s] -- Symlinking: /home/tan/Documents/workspace/ROS2_py_ws/install/ros2_user_pkg/lib/ros2_user_pkg/rpm_publisher.py
[4.419s] -- Symlinking: /home/tan/Documents/workspace/ROS2_py_ws/install/ros2_user_pkg/lib/ros2_user_pkg/speed_publisher.py
[4.431s] -- Symlinking: /home/tan/Documents/workspace/ROS2_py_ws/install/ros2_user_pkg/lib/ros2_user_pkg/turn_camera_client.py
[4.444s] -- Symlinking: /home/tan/Documents/workspace/ROS2_py_ws/install/ros2_user_pkg/lib/ros2_user_pkg/turn_camera_server.py
[4.460s] -- Symlinking: /home/tan/Documents/workspace/ROS2_py_ws/install/ros2_user_pkg/lib/ros2_user_pkg/action_server.py
[4.475s] -- Symlinking: /home/tan/Documents/workspace/ROS2_py_ws/install/ros2_user_pkg/lib/ros2_user_pkg/action_client.py
[4.493s] -- Up-to-date symlink: /home/tan/Documents/workspace/ROS2_py_ws/install/ros2_user_pkg/share/ros2_user_pkg/launch/rpm_node.launch.py
[4.493s] -- Up-to-date symlink: /home/tan/Documents/workspace/ROS2_py_ws/install/ros2_user_pkg/share/ament_index/resource_index/package_run_dependencies/ros2_user_pkg
[4.494s] -- Up-to-date symlink: /home/tan/Documents/workspace/ROS2_py_ws/install/ros2_user_pkg/share/ament_index/resource_index/parent_prefix_path/ros2_user_pkg
[4.496s] -- Up-to-date symlink: /home/tan/Documents/workspace/ROS2_py_ws/install/ros2_user_pkg/share/ros2_user_pkg/environment/ament_prefix_path.sh
[4.497s] -- Up-to-date symlink: /home/tan/Documents/workspace/ROS2_py_ws/install/ros2_user_pkg/share/ros2_user_pkg/environment/ament_prefix_path.dsv
[4.500s] -- Up-to-date symlink: /home/tan/Documents/workspace/ROS2_py_ws/install/ros2_user_pkg/share/ros2_user_pkg/environment/path.sh
[4.501s] -- Up-to-date symlink: /home/tan/Documents/workspace/ROS2_py_ws/install/ros2_user_pkg/share/ros2_user_pkg/environment/path.dsv
[4.501s] -- Up-to-date symlink: /home/tan/Documents/workspace/ROS2_py_ws/install/ros2_user_pkg/share/ros2_user_pkg/local_setup.bash
[4.502s] -- Up-to-date symlink: /home/tan/Documents/workspace/ROS2_py_ws/install/ros2_user_pkg/share/ros2_user_pkg/local_setup.sh
[4.502s] -- Up-to-date symlink: /home/tan/Documents/workspace/ROS2_py_ws/install/ros2_user_pkg/share/ros2_user_pkg/local_setup.zsh
[4.503s] -- Up-to-date symlink: /home/tan/Documents/workspace/ROS2_py_ws/install/ros2_user_pkg/share/ros2_user_pkg/local_setup.dsv
[4.503s] -- Symlinking: /home/tan/Documents/workspace/ROS2_py_ws/install/ros2_user_pkg/share/ros2_user_pkg/package.dsv
[4.520s] -- Up-to-date symlink: /home/tan/Documents/workspace/ROS2_py_ws/install/ros2_user_pkg/share/ament_index/resource_index/packages/ros2_user_pkg
[4.520s] -- Up-to-date symlink: /home/tan/Documents/workspace/ROS2_py_ws/install/ros2_user_pkg/share/ros2_user_pkg/cmake/rosidl_cmake-extras.cmake
[4.521s] -- Up-to-date symlink: /home/tan/Documents/workspace/ROS2_py_ws/install/ros2_user_pkg/share/ros2_user_pkg/cmake/ament_cmake_export_dependencies-extras.cmake
[4.521s] -- Up-to-date symlink: /home/tan/Documents/workspace/ROS2_py_ws/install/ros2_user_pkg/share/ros2_user_pkg/cmake/ament_cmake_export_include_directories-extras.cmake
[4.522s] -- Up-to-date symlink: /home/tan/Documents/workspace/ROS2_py_ws/install/ros2_user_pkg/share/ros2_user_pkg/cmake/ament_cmake_export_libraries-extras.cmake
[4.522s] -- Up-to-date symlink: /home/tan/Documents/workspace/ROS2_py_ws/install/ros2_user_pkg/share/ros2_user_pkg/cmake/ament_cmake_export_targets-extras.cmake
[4.522s] -- Up-to-date symlink: /home/tan/Documents/workspace/ROS2_py_ws/install/ros2_user_pkg/share/ros2_user_pkg/cmake/rosidl_cmake_export_typesupport_targets-extras.cmake
[4.523s] -- Up-to-date symlink: /home/tan/Documents/workspace/ROS2_py_ws/install/ros2_user_pkg/share/ros2_user_pkg/cmake/rosidl_cmake_export_typesupport_libraries-extras.cmake
[4.523s] -- Up-to-date symlink: /home/tan/Documents/workspace/ROS2_py_ws/install/ros2_user_pkg/share/ros2_user_pkg/cmake/ros2_user_pkgConfig.cmake
[4.523s] -- Up-to-date symlink: /home/tan/Documents/workspace/ROS2_py_ws/install/ros2_user_pkg/share/ros2_user_pkg/cmake/ros2_user_pkgConfig-version.cmake
[4.524s] -- Up-to-date symlink: /home/tan/Documents/workspace/ROS2_py_ws/install/ros2_user_pkg/share/ros2_user_pkg/package.xml
[4.524s] -- Up-to-date: /home/tan/Documents/workspace/ROS2_py_ws/install/ros2_user_pkg/lib/libros2_user_pkg__rosidl_generator_c.so
[4.525s] -- Up-to-date: /home/tan/Documents/workspace/ROS2_py_ws/install/ros2_user_pkg/lib/libros2_user_pkg__rosidl_typesupport_fastrtps_c.so
[4.526s] -- Up-to-date: /home/tan/Documents/workspace/ROS2_py_ws/install/ros2_user_pkg/lib/libros2_user_pkg__rosidl_typesupport_fastrtps_cpp.so
[4.527s] -- Up-to-date: /home/tan/Documents/workspace/ROS2_py_ws/install/ros2_user_pkg/lib/libros2_user_pkg__rosidl_typesupport_introspection_c.so
[4.528s] -- Up-to-date: /home/tan/Documents/workspace/ROS2_py_ws/install/ros2_user_pkg/lib/libros2_user_pkg__rosidl_typesupport_c.so
[4.529s] -- Up-to-date: /home/tan/Documents/workspace/ROS2_py_ws/install/ros2_user_pkg/lib/libros2_user_pkg__rosidl_typesupport_introspection_cpp.so
[4.530s] -- Up-to-date: /home/tan/Documents/workspace/ROS2_py_ws/install/ros2_user_pkg/lib/libros2_user_pkg__rosidl_typesupport_cpp.so
[4.582s] Listing '/home/tan/Documents/workspace/ROS2_py_ws/install/ros2_user_pkg/local/lib/python3.10/dist-packages/ros2_user_pkg'...
[4.582s] Compiling '/home/tan/Documents/workspace/ROS2_py_ws/install/ros2_user_pkg/local/lib/python3.10/dist-packages/ros2_user_pkg/__init__.py'...
[4.582s] Listing '/home/tan/Documents/workspace/ROS2_py_ws/install/ros2_user_pkg/local/lib/python3.10/dist-packages/ros2_user_pkg/action'...
[4.582s] Listing '/home/tan/Documents/workspace/ROS2_py_ws/install/ros2_user_pkg/local/lib/python3.10/dist-packages/ros2_user_pkg/srv'...
[4.590s] -- Up-to-date: /home/tan/Documents/workspace/ROS2_py_ws/install/ros2_user_pkg/lib/libros2_user_pkg__rosidl_generator_py.so
[4.647s] Listing '/home/tan/Documents/workspace/ROS2_py_ws/install/ros2_user_pkg/local/lib/python3.10/dist-packages/script'...
[4.647s] Compiling '/home/tan/Documents/workspace/ROS2_py_ws/install/ros2_user_pkg/local/lib/python3.10/dist-packages/script/__init__.py'...
[4.647s] Compiling '/home/tan/Documents/workspace/ROS2_py_ws/install/ros2_user_pkg/local/lib/python3.10/dist-packages/script/action_client.py'...
[4.647s] Compiling '/home/tan/Documents/workspace/ROS2_py_ws/install/ros2_user_pkg/local/lib/python3.10/dist-packages/script/action_server.py'...
[4.648s] Compiling '/home/tan/Documents/workspace/ROS2_py_ws/install/ros2_user_pkg/local/lib/python3.10/dist-packages/script/publisher.py'...
[4.648s] Compiling '/home/tan/Documents/workspace/ROS2_py_ws/install/ros2_user_pkg/local/lib/python3.10/dist-packages/script/rpm_publisher.py'...
[4.648s] Compiling '/home/tan/Documents/workspace/ROS2_py_ws/install/ros2_user_pkg/local/lib/python3.10/dist-packages/script/service_client.py'...
[4.648s] Compiling '/home/tan/Documents/workspace/ROS2_py_ws/install/ros2_user_pkg/local/lib/python3.10/dist-packages/script/service_server.py'...
[4.648s] Compiling '/home/tan/Documents/workspace/ROS2_py_ws/install/ros2_user_pkg/local/lib/python3.10/dist-packages/script/speed_publisher.py'...
[4.648s] Compiling '/home/tan/Documents/workspace/ROS2_py_ws/install/ros2_user_pkg/local/lib/python3.10/dist-packages/script/subcriber.py'...
[4.648s] Compiling '/home/tan/Documents/workspace/ROS2_py_ws/install/ros2_user_pkg/local/lib/python3.10/dist-packages/script/turn_camera_client.py'...
[4.648s] Compiling '/home/tan/Documents/workspace/ROS2_py_ws/install/ros2_user_pkg/local/lib/python3.10/dist-packages/script/turn_camera_server.py'...
[4.656s] -- Up-to-date: /home/tan/Documents/workspace/ROS2_py_ws/install/ros2_user_pkg/share/ros2_user_pkg/cmake/export_ros2_user_pkg__rosidl_generator_cExport.cmake
[4.657s] -- Up-to-date: /home/tan/Documents/workspace/ROS2_py_ws/install/ros2_user_pkg/share/ros2_user_pkg/cmake/export_ros2_user_pkg__rosidl_generator_cExport-noconfig.cmake
[4.657s] -- Up-to-date: /home/tan/Documents/workspace/ROS2_py_ws/install/ros2_user_pkg/share/ros2_user_pkg/cmake/export_ros2_user_pkg__rosidl_typesupport_fastrtps_cExport.cmake
[4.658s] -- Up-to-date: /home/tan/Documents/workspace/ROS2_py_ws/install/ros2_user_pkg/share/ros2_user_pkg/cmake/export_ros2_user_pkg__rosidl_typesupport_fastrtps_cExport-noconfig.cmake
[4.658s] -- Up-to-date: /home/tan/Documents/workspace/ROS2_py_ws/install/ros2_user_pkg/share/ros2_user_pkg/cmake/export_ros2_user_pkg__rosidl_generator_cppExport.cmake
[4.658s] -- Up-to-date: /home/tan/Documents/workspace/ROS2_py_ws/install/ros2_user_pkg/share/ros2_user_pkg/cmake/export_ros2_user_pkg__rosidl_typesupport_fastrtps_cppExport.cmake
[4.658s] -- Up-to-date: /home/tan/Documents/workspace/ROS2_py_ws/install/ros2_user_pkg/share/ros2_user_pkg/cmake/export_ros2_user_pkg__rosidl_typesupport_fastrtps_cppExport-noconfig.cmake
[4.658s] -- Up-to-date: /home/tan/Documents/workspace/ROS2_py_ws/install/ros2_user_pkg/share/ros2_user_pkg/cmake/ros2_user_pkg__rosidl_typesupport_introspection_cExport.cmake
[4.659s] -- Up-to-date: /home/tan/Documents/workspace/ROS2_py_ws/install/ros2_user_pkg/share/ros2_user_pkg/cmake/ros2_user_pkg__rosidl_typesupport_introspection_cExport-noconfig.cmake
[4.659s] -- Up-to-date: /home/tan/Documents/workspace/ROS2_py_ws/install/ros2_user_pkg/share/ros2_user_pkg/cmake/ros2_user_pkg__rosidl_typesupport_cExport.cmake
[4.659s] -- Up-to-date: /home/tan/Documents/workspace/ROS2_py_ws/install/ros2_user_pkg/share/ros2_user_pkg/cmake/ros2_user_pkg__rosidl_typesupport_cExport-noconfig.cmake
[4.659s] -- Up-to-date: /home/tan/Documents/workspace/ROS2_py_ws/install/ros2_user_pkg/share/ros2_user_pkg/cmake/ros2_user_pkg__rosidl_typesupport_introspection_cppExport.cmake
[4.659s] -- Up-to-date: /home/tan/Documents/workspace/ROS2_py_ws/install/ros2_user_pkg/share/ros2_user_pkg/cmake/ros2_user_pkg__rosidl_typesupport_introspection_cppExport-noconfig.cmake
[4.659s] -- Up-to-date: /home/tan/Documents/workspace/ROS2_py_ws/install/ros2_user_pkg/share/ros2_user_pkg/cmake/ros2_user_pkg__rosidl_typesupport_cppExport.cmake
[4.659s] -- Up-to-date: /home/tan/Documents/workspace/ROS2_py_ws/install/ros2_user_pkg/share/ros2_user_pkg/cmake/ros2_user_pkg__rosidl_typesupport_cppExport-noconfig.cmake
[4.659s] -- Up-to-date: /home/tan/Documents/workspace/ROS2_py_ws/install/ros2_user_pkg/share/ros2_user_pkg/cmake/export_ros2_user_pkg__rosidl_generator_pyExport.cmake
[4.659s] -- Up-to-date: /home/tan/Documents/workspace/ROS2_py_ws/install/ros2_user_pkg/share/ros2_user_pkg/cmake/export_ros2_user_pkg__rosidl_generator_pyExport-noconfig.cmake
[4.662s] Invoked command in '/home/tan/Documents/workspace/ROS2_py_ws/build/ros2_user_pkg' returned '0': CMAKE_PREFIX_PATH=${CMAKE_PREFIX_PATH}:/opt/ros/humble /usr/bin/cmake --install /home/tan/Documents/workspace/ROS2_py_ws/build/ros2_user_pkg
