[0.000000] (-) TimerEvent: {}
[0.000407] (my_robot_description) JobQueued: {'identifier': 'my_robot_description', 'dependencies': OrderedDict()}
[0.000476] (ros2_user_pkg) JobQueued: {'identifier': 'ros2_user_pkg', 'dependencies': OrderedDict()}
[0.000531] (my_robot_description) JobStarted: {'identifier': 'my_robot_description'}
[0.096412] (-) TimerEvent: {}
[0.124843] (ros2_user_pkg) JobStarted: {'identifier': 'ros2_user_pkg'}
[0.196712] (-) TimerEvent: {}
[0.244079] (my_robot_description) JobProgress: {'identifier': 'my_robot_description', 'progress': 'cmake'}
[0.247957] (my_robot_description) JobProgress: {'identifier': 'my_robot_description', 'progress': 'build'}
[0.250365] (my_robot_description) Command: {'cmd': ['/usr/bin/cmake', '--build', '/home/tan/Documents/workspace/ROS2_py_ws/build/my_robot_description', '--', '-j4', '-l4'], 'cwd': '/home/tan/Documents/workspace/ROS2_py_ws/build/my_robot_description', 'env': OrderedDict([('GJS_DEBUG_TOPICS', 'JS ERROR;JS LOG'), ('LESSOPEN', '| /usr/bin/lesspipe %s'), ('LANGUAGE', 'en_US:'), ('USER', 'tan'), ('LC_TIME', 'vi_VN'), ('GIO_MODULE_DIR', '/home/tan/snap/code/common/.cache/gio-modules'), ('XDG_SESSION_TYPE', 'wayland'), ('GTK_EXE_PREFIX_VSCODE_SNAP_ORIG', ''), ('GDK_BACKEND_VSCODE_SNAP_ORIG', ''), ('SHLVL', '1'), ('LD_LIBRARY_PATH', '/home/tan/Documents/workspace/ROS2_py_ws/install/ros2_user_pkg/lib:/opt/ros/humble/opt/rviz_ogre_vendor/lib:/opt/ros/humble/lib/x86_64-linux-gnu:/opt/ros/humble/lib'), ('HOME', '/home/tan'), ('CHROME_DESKTOP', 'code-url-handler.desktop'), ('LOCPATH_VSCODE_SNAP_ORIG', ''), ('TERM_PROGRAM_VERSION', '1.83.1'), ('DESKTOP_SESSION', 'ubuntu'), ('GTK_PATH', '/snap/code/143/usr/lib/x86_64-linux-gnu/gtk-3.0'), ('GTK_IM_MODULE_FILE', '/home/tan/snap/code/common/.cache/immodules/immodules.cache'), ('GIO_LAUNCHED_DESKTOP_FILE', '/var/lib/snapd/desktop/applications/code_code.desktop'), ('ROS_PYTHON_VERSION', '3'), ('GNOME_SHELL_SESSION_MODE', 'ubuntu'), ('GTK_MODULES', 'gail:atk-bridge'), ('GSETTINGS_SCHEMA_DIR_VSCODE_SNAP_ORIG', ''), ('LC_MONETARY', 'vi_VN'), ('MANAGERPID', '1028'), ('SYSTEMD_EXEC_PID', '1188'), ('IM_CONFIG_CHECK_ENV', '1'), ('DBUS_SESSION_BUS_ADDRESS', 'unix:path=/run/user/1000/bus'), ('COLORTERM', 'truecolor'), ('GIO_LAUNCHED_DESKTOP_FILE_PID', '2013'), ('IM_CONFIG_PHASE', '1'), ('WAYLAND_DISPLAY', 'wayland-0'), ('COLCON_PREFIX_PATH', '/home/tan/Documents/workspace/ROS2_py_ws/install'), ('ROS_DISTRO', 'humble'), ('LOGNAME', 'tan'), ('JOURNAL_STREAM', '8:33305'), ('_', '/usr/bin/colcon'), ('ROS_VERSION', '2'), ('XDG_CONFIG_DIRS_VSCODE_SNAP_ORIG', '/etc/xdg/xdg-ubuntu:/etc/xdg'), ('XDG_SESSION_CLASS', 'user'), ('XDG_DATA_DIRS_VSCODE_SNAP_ORIG', '/usr/share/ubuntu:/usr/local/share/:/usr/share/:/var/lib/snapd/desktop'), ('USERNAME', 'tan'), ('TERM', 'xterm-256color'), ('GNOME_DESKTOP_SESSION_ID', 'this-is-deprecated'), ('ROS_LOCALHOST_ONLY', '0'), ('PATH', '/opt/ros/humble/bin:/usr/local/sbin:/usr/local/bin:/usr/sbin:/usr/bin:/sbin:/bin:/usr/games:/usr/local/games:/snap/bin:/snap/bin'), ('SESSION_MANAGER', 'local/tan-virtual-machine:@/tmp/.ICE-unix/1172,unix/tan-virtual-machine:/tmp/.ICE-unix/1172'), ('GTK_EXE_PREFIX', '/snap/code/143/usr'), ('INVOCATION_ID', 'a1285767ccf04597ba35587307e5d760'), ('XDG_MENU_PREFIX', 'gnome-'), ('LC_ADDRESS', 'vi_VN'), ('BAMF_DESKTOP_FILE_HINT', '/var/lib/snapd/desktop/applications/code_code.desktop'), ('GNOME_SETUP_DISPLAY', ':1'), ('XDG_RUNTIME_DIR', '/run/user/1000'), ('GDK_BACKEND', 'x11'), ('DISPLAY', ':0'), ('LOCPATH', '/snap/code/143/usr/lib/locale'), ('LANG', 'en_US.UTF-8'), ('XDG_CURRENT_DESKTOP', 'Unity'), ('LC_TELEPHONE', 'vi_VN'), ('GIO_MODULE_DIR_VSCODE_SNAP_ORIG', ''), ('XMODIFIERS', '@im=ibus'), ('XDG_SESSION_DESKTOP', 'ubuntu'), ('XAUTHORITY', '/run/user/1000/.mutter-Xwaylandauth.CRZJC2'), ('LS_COLORS', ''), ('TERM_PROGRAM', 'vscode'), ('SSH_AGENT_LAUNCHER', 'gnome-keyring'), ('SSH_AUTH_SOCK', '/run/user/1000/keyring/ssh'), ('GSETTINGS_SCHEMA_DIR', '/home/tan/snap/code/143/.local/share/glib-2.0/schemas'), ('AMENT_PREFIX_PATH', '/home/tan/Documents/workspace/ROS2_py_ws/install/ros2_user_pkg:/home/tan/Documents/workspace/ROS2_py_ws/install/my_robot_description:/opt/ros/humble'), ('ORIGINAL_XDG_CURRENT_DESKTOP', 'ubuntu:GNOME'), ('SHELL', '/bin/bash'), ('LC_NAME', 'vi_VN'), ('QT_ACCESSIBILITY', '1'), ('GDMSESSION', 'ubuntu'), ('LESSCLOSE', '/usr/bin/lesspipe %s %s'), ('GTK_PATH_VSCODE_SNAP_ORIG', ''), ('GTK_IM_MODULE_FILE_VSCODE_SNAP_ORIG', ''), ('LC_MEASUREMENT', 'vi_VN'), ('GJS_DEBUG_OUTPUT', 'stderr'), ('LC_IDENTIFICATION', 'vi_VN'), ('QT_IM_MODULE', 'ibus'), ('PWD', '/home/tan/Documents/workspace/ROS2_py_ws/build/my_robot_description'), ('LC_ALL', 'en_US.UTF-8'), ('XDG_CONFIG_DIRS', '/etc/xdg/xdg-ubuntu:/etc/xdg'), ('XDG_DATA_DIRS', '/home/tan/snap/code/143/.local/share:/home/tan/snap/code/143:/snap/code/143/usr/share:/usr/share/ubuntu:/usr/local/share/:/usr/share/:/var/lib/snapd/desktop'), ('PYTHONPATH', '/home/tan/Documents/workspace/ROS2_py_ws/install/ros2_user_pkg/local/lib/python3.10/dist-packages:/opt/ros/humble/lib/python3.10/site-packages:/opt/ros/humble/local/lib/python3.10/dist-packages'), ('LC_NUMERIC', 'vi_VN'), ('LC_PAPER', 'vi_VN'), ('COLCON', '1'), ('CMAKE_PREFIX_PATH', '/home/tan/Documents/workspace/ROS2_py_ws/install/ros2_user_pkg:/home/tan/Documents/workspace/ROS2_py_ws/install/my_robot_description:/opt/ros/humble')]), 'shell': False}
[0.260563] (ros2_user_pkg) JobProgress: {'identifier': 'ros2_user_pkg', 'progress': 'cmake'}
[0.264423] (ros2_user_pkg) JobProgress: {'identifier': 'ros2_user_pkg', 'progress': 'build'}
[0.275622] (ros2_user_pkg) Command: {'cmd': ['/usr/bin/cmake', '--build', '/home/tan/Documents/workspace/ROS2_py_ws/build/ros2_user_pkg', '--', '-j4', '-l4'], 'cwd': '/home/tan/Documents/workspace/ROS2_py_ws/build/ros2_user_pkg', 'env': OrderedDict([('GJS_DEBUG_TOPICS', 'JS ERROR;JS LOG'), ('LESSOPEN', '| /usr/bin/lesspipe %s'), ('LANGUAGE', 'en_US:'), ('USER', 'tan'), ('LC_TIME', 'vi_VN'), ('GIO_MODULE_DIR', '/home/tan/snap/code/common/.cache/gio-modules'), ('XDG_SESSION_TYPE', 'wayland'), ('GTK_EXE_PREFIX_VSCODE_SNAP_ORIG', ''), ('GDK_BACKEND_VSCODE_SNAP_ORIG', ''), ('SHLVL', '1'), ('LD_LIBRARY_PATH', '/home/tan/Documents/workspace/ROS2_py_ws/install/ros2_user_pkg/lib:/opt/ros/humble/opt/rviz_ogre_vendor/lib:/opt/ros/humble/lib/x86_64-linux-gnu:/opt/ros/humble/lib'), ('HOME', '/home/tan'), ('CHROME_DESKTOP', 'code-url-handler.desktop'), ('LOCPATH_VSCODE_SNAP_ORIG', ''), ('TERM_PROGRAM_VERSION', '1.83.1'), ('DESKTOP_SESSION', 'ubuntu'), ('GTK_PATH', '/snap/code/143/usr/lib/x86_64-linux-gnu/gtk-3.0'), ('GTK_IM_MODULE_FILE', '/home/tan/snap/code/common/.cache/immodules/immodules.cache'), ('GIO_LAUNCHED_DESKTOP_FILE', '/var/lib/snapd/desktop/applications/code_code.desktop'), ('ROS_PYTHON_VERSION', '3'), ('GNOME_SHELL_SESSION_MODE', 'ubuntu'), ('GTK_MODULES', 'gail:atk-bridge'), ('GSETTINGS_SCHEMA_DIR_VSCODE_SNAP_ORIG', ''), ('LC_MONETARY', 'vi_VN'), ('MANAGERPID', '1028'), ('SYSTEMD_EXEC_PID', '1188'), ('IM_CONFIG_CHECK_ENV', '1'), ('DBUS_SESSION_BUS_ADDRESS', 'unix:path=/run/user/1000/bus'), ('COLORTERM', 'truecolor'), ('GIO_LAUNCHED_DESKTOP_FILE_PID', '2013'), ('IM_CONFIG_PHASE', '1'), ('WAYLAND_DISPLAY', 'wayland-0'), ('COLCON_PREFIX_PATH', '/home/tan/Documents/workspace/ROS2_py_ws/install'), ('ROS_DISTRO', 'humble'), ('LOGNAME', 'tan'), ('JOURNAL_STREAM', '8:33305'), ('_', '/usr/bin/colcon'), ('ROS_VERSION', '2'), ('XDG_CONFIG_DIRS_VSCODE_SNAP_ORIG', '/etc/xdg/xdg-ubuntu:/etc/xdg'), ('XDG_SESSION_CLASS', 'user'), ('XDG_DATA_DIRS_VSCODE_SNAP_ORIG', '/usr/share/ubuntu:/usr/local/share/:/usr/share/:/var/lib/snapd/desktop'), ('USERNAME', 'tan'), ('TERM', 'xterm-256color'), ('GNOME_DESKTOP_SESSION_ID', 'this-is-deprecated'), ('ROS_LOCALHOST_ONLY', '0'), ('PATH', '/opt/ros/humble/bin:/usr/local/sbin:/usr/local/bin:/usr/sbin:/usr/bin:/sbin:/bin:/usr/games:/usr/local/games:/snap/bin:/snap/bin'), ('SESSION_MANAGER', 'local/tan-virtual-machine:@/tmp/.ICE-unix/1172,unix/tan-virtual-machine:/tmp/.ICE-unix/1172'), ('GTK_EXE_PREFIX', '/snap/code/143/usr'), ('INVOCATION_ID', 'a1285767ccf04597ba35587307e5d760'), ('XDG_MENU_PREFIX', 'gnome-'), ('LC_ADDRESS', 'vi_VN'), ('BAMF_DESKTOP_FILE_HINT', '/var/lib/snapd/desktop/applications/code_code.desktop'), ('GNOME_SETUP_DISPLAY', ':1'), ('XDG_RUNTIME_DIR', '/run/user/1000'), ('GDK_BACKEND', 'x11'), ('DISPLAY', ':0'), ('LOCPATH', '/snap/code/143/usr/lib/locale'), ('LANG', 'en_US.UTF-8'), ('XDG_CURRENT_DESKTOP', 'Unity'), ('LC_TELEPHONE', 'vi_VN'), ('GIO_MODULE_DIR_VSCODE_SNAP_ORIG', ''), ('XMODIFIERS', '@im=ibus'), ('XDG_SESSION_DESKTOP', 'ubuntu'), ('XAUTHORITY', '/run/user/1000/.mutter-Xwaylandauth.CRZJC2'), ('LS_COLORS', ''), ('TERM_PROGRAM', 'vscode'), ('SSH_AGENT_LAUNCHER', 'gnome-keyring'), ('SSH_AUTH_SOCK', '/run/user/1000/keyring/ssh'), ('GSETTINGS_SCHEMA_DIR', '/home/tan/snap/code/143/.local/share/glib-2.0/schemas'), ('AMENT_PREFIX_PATH', '/home/tan/Documents/workspace/ROS2_py_ws/install/ros2_user_pkg:/home/tan/Documents/workspace/ROS2_py_ws/install/my_robot_description:/opt/ros/humble'), ('ORIGINAL_XDG_CURRENT_DESKTOP', 'ubuntu:GNOME'), ('SHELL', '/bin/bash'), ('LC_NAME', 'vi_VN'), ('QT_ACCESSIBILITY', '1'), ('GDMSESSION', 'ubuntu'), ('LESSCLOSE', '/usr/bin/lesspipe %s %s'), ('GTK_PATH_VSCODE_SNAP_ORIG', ''), ('GTK_IM_MODULE_FILE_VSCODE_SNAP_ORIG', ''), ('LC_MEASUREMENT', 'vi_VN'), ('GJS_DEBUG_OUTPUT', 'stderr'), ('LC_IDENTIFICATION', 'vi_VN'), ('QT_IM_MODULE', 'ibus'), ('PWD', '/home/tan/Documents/workspace/ROS2_py_ws/build/ros2_user_pkg'), ('LC_ALL', 'en_US.UTF-8'), ('XDG_CONFIG_DIRS', '/etc/xdg/xdg-ubuntu:/etc/xdg'), ('XDG_DATA_DIRS', '/home/tan/snap/code/143/.local/share:/home/tan/snap/code/143:/snap/code/143/usr/share:/usr/share/ubuntu:/usr/local/share/:/usr/share/:/var/lib/snapd/desktop'), ('PYTHONPATH', '/home/tan/Documents/workspace/ROS2_py_ws/install/ros2_user_pkg/local/lib/python3.10/dist-packages:/opt/ros/humble/lib/python3.10/site-packages:/opt/ros/humble/local/lib/python3.10/dist-packages'), ('LC_NUMERIC', 'vi_VN'), ('LC_PAPER', 'vi_VN'), ('COLCON', '1'), ('CMAKE_PREFIX_PATH', '/home/tan/Documents/workspace/ROS2_py_ws/install/ros2_user_pkg:/home/tan/Documents/workspace/ROS2_py_ws/install/my_robot_description:/opt/ros/humble')]), 'shell': False}
[0.297317] (-) TimerEvent: {}
[0.389870] (my_robot_description) CommandEnded: {'returncode': 0}
[0.397733] (-) TimerEvent: {}
[0.481666] (ros2_user_pkg) StdoutLine: {'line': b'[  2%] Built target ros2_user_pkg__cpp\n'}
[0.497976] (my_robot_description) JobProgress: {'identifier': 'my_robot_description', 'progress': 'install'}
[0.498176] (-) TimerEvent: {}
[0.501537] (ros2_user_pkg) StdoutLine: {'line': b'[  2%] Built target ament_cmake_python_symlink_ros2_user_pkg\n'}
[0.517645] (ros2_user_pkg) StdoutLine: {'line': b'[ 12%] Built target ros2_user_pkg__rosidl_generator_c\n'}
[0.535759] (my_robot_description) Command: {'cmd': ['/usr/bin/cmake', '--install', '/home/tan/Documents/workspace/ROS2_py_ws/build/my_robot_description'], 'cwd': '/home/tan/Documents/workspace/ROS2_py_ws/build/my_robot_description', 'env': OrderedDict([('GJS_DEBUG_TOPICS', 'JS ERROR;JS LOG'), ('LESSOPEN', '| /usr/bin/lesspipe %s'), ('LANGUAGE', 'en_US:'), ('USER', 'tan'), ('LC_TIME', 'vi_VN'), ('GIO_MODULE_DIR', '/home/tan/snap/code/common/.cache/gio-modules'), ('XDG_SESSION_TYPE', 'wayland'), ('GTK_EXE_PREFIX_VSCODE_SNAP_ORIG', ''), ('GDK_BACKEND_VSCODE_SNAP_ORIG', ''), ('SHLVL', '1'), ('LD_LIBRARY_PATH', '/home/tan/Documents/workspace/ROS2_py_ws/install/ros2_user_pkg/lib:/opt/ros/humble/opt/rviz_ogre_vendor/lib:/opt/ros/humble/lib/x86_64-linux-gnu:/opt/ros/humble/lib'), ('HOME', '/home/tan'), ('CHROME_DESKTOP', 'code-url-handler.desktop'), ('LOCPATH_VSCODE_SNAP_ORIG', ''), ('TERM_PROGRAM_VERSION', '1.83.1'), ('DESKTOP_SESSION', 'ubuntu'), ('GTK_PATH', '/snap/code/143/usr/lib/x86_64-linux-gnu/gtk-3.0'), ('GTK_IM_MODULE_FILE', '/home/tan/snap/code/common/.cache/immodules/immodules.cache'), ('GIO_LAUNCHED_DESKTOP_FILE', '/var/lib/snapd/desktop/applications/code_code.desktop'), ('ROS_PYTHON_VERSION', '3'), ('GNOME_SHELL_SESSION_MODE', 'ubuntu'), ('GTK_MODULES', 'gail:atk-bridge'), ('GSETTINGS_SCHEMA_DIR_VSCODE_SNAP_ORIG', ''), ('LC_MONETARY', 'vi_VN'), ('MANAGERPID', '1028'), ('SYSTEMD_EXEC_PID', '1188'), ('IM_CONFIG_CHECK_ENV', '1'), ('DBUS_SESSION_BUS_ADDRESS', 'unix:path=/run/user/1000/bus'), ('COLORTERM', 'truecolor'), ('GIO_LAUNCHED_DESKTOP_FILE_PID', '2013'), ('IM_CONFIG_PHASE', '1'), ('WAYLAND_DISPLAY', 'wayland-0'), ('COLCON_PREFIX_PATH', '/home/tan/Documents/workspace/ROS2_py_ws/install'), ('ROS_DISTRO', 'humble'), ('LOGNAME', 'tan'), ('JOURNAL_STREAM', '8:33305'), ('_', '/usr/bin/colcon'), ('ROS_VERSION', '2'), ('XDG_CONFIG_DIRS_VSCODE_SNAP_ORIG', '/etc/xdg/xdg-ubuntu:/etc/xdg'), ('XDG_SESSION_CLASS', 'user'), ('XDG_DATA_DIRS_VSCODE_SNAP_ORIG', '/usr/share/ubuntu:/usr/local/share/:/usr/share/:/var/lib/snapd/desktop'), ('USERNAME', 'tan'), ('TERM', 'xterm-256color'), ('GNOME_DESKTOP_SESSION_ID', 'this-is-deprecated'), ('ROS_LOCALHOST_ONLY', '0'), ('PATH', '/opt/ros/humble/bin:/usr/local/sbin:/usr/local/bin:/usr/sbin:/usr/bin:/sbin:/bin:/usr/games:/usr/local/games:/snap/bin:/snap/bin'), ('SESSION_MANAGER', 'local/tan-virtual-machine:@/tmp/.ICE-unix/1172,unix/tan-virtual-machine:/tmp/.ICE-unix/1172'), ('GTK_EXE_PREFIX', '/snap/code/143/usr'), ('INVOCATION_ID', 'a1285767ccf04597ba35587307e5d760'), ('XDG_MENU_PREFIX', 'gnome-'), ('LC_ADDRESS', 'vi_VN'), ('BAMF_DESKTOP_FILE_HINT', '/var/lib/snapd/desktop/applications/code_code.desktop'), ('GNOME_SETUP_DISPLAY', ':1'), ('XDG_RUNTIME_DIR', '/run/user/1000'), ('GDK_BACKEND', 'x11'), ('DISPLAY', ':0'), ('LOCPATH', '/snap/code/143/usr/lib/locale'), ('LANG', 'en_US.UTF-8'), ('XDG_CURRENT_DESKTOP', 'Unity'), ('LC_TELEPHONE', 'vi_VN'), ('GIO_MODULE_DIR_VSCODE_SNAP_ORIG', ''), ('XMODIFIERS', '@im=ibus'), ('XDG_SESSION_DESKTOP', 'ubuntu'), ('XAUTHORITY', '/run/user/1000/.mutter-Xwaylandauth.CRZJC2'), ('LS_COLORS', ''), ('TERM_PROGRAM', 'vscode'), ('SSH_AGENT_LAUNCHER', 'gnome-keyring'), ('SSH_AUTH_SOCK', '/run/user/1000/keyring/ssh'), ('GSETTINGS_SCHEMA_DIR', '/home/tan/snap/code/143/.local/share/glib-2.0/schemas'), ('AMENT_PREFIX_PATH', '/home/tan/Documents/workspace/ROS2_py_ws/install/ros2_user_pkg:/home/tan/Documents/workspace/ROS2_py_ws/install/my_robot_description:/opt/ros/humble'), ('ORIGINAL_XDG_CURRENT_DESKTOP', 'ubuntu:GNOME'), ('SHELL', '/bin/bash'), ('LC_NAME', 'vi_VN'), ('QT_ACCESSIBILITY', '1'), ('GDMSESSION', 'ubuntu'), ('LESSCLOSE', '/usr/bin/lesspipe %s %s'), ('GTK_PATH_VSCODE_SNAP_ORIG', ''), ('GTK_IM_MODULE_FILE_VSCODE_SNAP_ORIG', ''), ('LC_MEASUREMENT', 'vi_VN'), ('GJS_DEBUG_OUTPUT', 'stderr'), ('LC_IDENTIFICATION', 'vi_VN'), ('QT_IM_MODULE', 'ibus'), ('PWD', '/home/tan/Documents/workspace/ROS2_py_ws/build/my_robot_description'), ('LC_ALL', 'en_US.UTF-8'), ('XDG_CONFIG_DIRS', '/etc/xdg/xdg-ubuntu:/etc/xdg'), ('XDG_DATA_DIRS', '/home/tan/snap/code/143/.local/share:/home/tan/snap/code/143:/snap/code/143/usr/share:/usr/share/ubuntu:/usr/local/share/:/usr/share/:/var/lib/snapd/desktop'), ('PYTHONPATH', '/home/tan/Documents/workspace/ROS2_py_ws/install/ros2_user_pkg/local/lib/python3.10/dist-packages:/opt/ros/humble/lib/python3.10/site-packages:/opt/ros/humble/local/lib/python3.10/dist-packages'), ('LC_NUMERIC', 'vi_VN'), ('LC_PAPER', 'vi_VN'), ('COLCON', '1'), ('CMAKE_PREFIX_PATH', '/home/tan/Documents/workspace/ROS2_py_ws/install/ros2_user_pkg:/home/tan/Documents/workspace/ROS2_py_ws/install/my_robot_description:/opt/ros/humble')]), 'shell': False}
[0.544732] (ros2_user_pkg) StdoutLine: {'line': b'[ 12%] Built target ament_cmake_python_symlink_scripts\n'}
[0.578566] (my_robot_description) StdoutLine: {'line': b'-- Install configuration: ""\n'}
[0.584820] (my_robot_description) StdoutLine: {'line': b'-- Execute custom install script\n'}
[0.585663] (my_robot_description) StdoutLine: {'line': b'-- Up-to-date symlink: /home/tan/Documents/workspace/ROS2_py_ws/install/my_robot_description/share/my_robot_description/urdf/common_properties.xacro\n'}
[0.586574] (my_robot_description) StdoutLine: {'line': b'-- Up-to-date symlink: /home/tan/Documents/workspace/ROS2_py_ws/install/my_robot_description/share/my_robot_description/urdf/mobile_base.xacro\n'}
[0.589595] (my_robot_description) StdoutLine: {'line': b'-- Up-to-date symlink: /home/tan/Documents/workspace/ROS2_py_ws/install/my_robot_description/share/my_robot_description/urdf/my_robot.urdf.xacro\n'}
[0.590115] (my_robot_description) StdoutLine: {'line': b'-- Up-to-date symlink: /home/tan/Documents/workspace/ROS2_py_ws/install/my_robot_description/share/my_robot_description/launch/display.launch.py\n'}
[0.590290] (my_robot_description) StdoutLine: {'line': b'-- Up-to-date symlink: /home/tan/Documents/workspace/ROS2_py_ws/install/my_robot_description/share/my_robot_description/launch/display.launch.xml\n'}
[0.590467] (my_robot_description) StdoutLine: {'line': b'-- Up-to-date symlink: /home/tan/Documents/workspace/ROS2_py_ws/install/my_robot_description/share/my_robot_description/rviz/urdf_config.rviz\n'}
[0.590554] (my_robot_description) StdoutLine: {'line': b'-- Up-to-date symlink: /home/tan/Documents/workspace/ROS2_py_ws/install/my_robot_description/share/ament_index/resource_index/package_run_dependencies/my_robot_description\n'}
[0.590674] (my_robot_description) StdoutLine: {'line': b'-- Up-to-date symlink: /home/tan/Documents/workspace/ROS2_py_ws/install/my_robot_description/share/ament_index/resource_index/parent_prefix_path/my_robot_description\n'}
[0.590772] (my_robot_description) StdoutLine: {'line': b'-- Up-to-date symlink: /home/tan/Documents/workspace/ROS2_py_ws/install/my_robot_description/share/my_robot_description/environment/ament_prefix_path.sh\n'}
[0.590879] (my_robot_description) StdoutLine: {'line': b'-- Up-to-date symlink: /home/tan/Documents/workspace/ROS2_py_ws/install/my_robot_description/share/my_robot_description/environment/ament_prefix_path.dsv\n'}
[0.590959] (my_robot_description) StdoutLine: {'line': b'-- Up-to-date symlink: /home/tan/Documents/workspace/ROS2_py_ws/install/my_robot_description/share/my_robot_description/environment/path.sh\n'}
[0.591111] (my_robot_description) StdoutLine: {'line': b'-- Up-to-date symlink: /home/tan/Documents/workspace/ROS2_py_ws/install/my_robot_description/share/my_robot_description/environment/path.dsv\n'}
[0.591194] (my_robot_description) StdoutLine: {'line': b'-- Up-to-date symlink: /home/tan/Documents/workspace/ROS2_py_ws/install/my_robot_description/share/my_robot_description/local_setup.bash\n'}
[0.591416] (my_robot_description) StdoutLine: {'line': b'-- Up-to-date symlink: /home/tan/Documents/workspace/ROS2_py_ws/install/my_robot_description/share/my_robot_description/local_setup.sh\n'}
[0.591760] (my_robot_description) StdoutLine: {'line': b'-- Up-to-date symlink: /home/tan/Documents/workspace/ROS2_py_ws/install/my_robot_description/share/my_robot_description/local_setup.zsh\n'}
[0.592157] (my_robot_description) StdoutLine: {'line': b'-- Up-to-date symlink: /home/tan/Documents/workspace/ROS2_py_ws/install/my_robot_description/share/my_robot_description/local_setup.dsv\n'}
[0.592410] (my_robot_description) StdoutLine: {'line': b'-- Symlinking: /home/tan/Documents/workspace/ROS2_py_ws/install/my_robot_description/share/my_robot_description/package.dsv\n'}
[0.598616] (-) TimerEvent: {}
[0.617569] (ros2_user_pkg) StdoutLine: {'line': b'[ 23%] Built target ros2_user_pkg__rosidl_typesupport_cpp\n'}
[0.633421] (my_robot_description) StdoutLine: {'line': b'-- Up-to-date symlink: /home/tan/Documents/workspace/ROS2_py_ws/install/my_robot_description/share/ament_index/resource_index/packages/my_robot_description\n'}
[0.633933] (my_robot_description) StdoutLine: {'line': b'-- Up-to-date symlink: /home/tan/Documents/workspace/ROS2_py_ws/install/my_robot_description/share/my_robot_description/cmake/my_robot_descriptionConfig.cmake\n'}
[0.634574] (my_robot_description) StdoutLine: {'line': b'-- Up-to-date symlink: /home/tan/Documents/workspace/ROS2_py_ws/install/my_robot_description/share/my_robot_description/cmake/my_robot_descriptionConfig-version.cmake\n'}
[0.635430] (my_robot_description) StdoutLine: {'line': b'-- Up-to-date symlink: /home/tan/Documents/workspace/ROS2_py_ws/install/my_robot_description/share/my_robot_description/package.xml\n'}
[0.645783] (my_robot_description) CommandEnded: {'returncode': 0}
[0.659132] (ros2_user_pkg) StdoutLine: {'line': b'[ 34%] Built target ros2_user_pkg__rosidl_typesupport_introspection_cpp\n'}
[0.664633] (ros2_user_pkg) StdoutLine: {'line': b'[ 44%] Built target ros2_user_pkg__rosidl_typesupport_fastrtps_cpp\n'}
[0.704650] (-) TimerEvent: {}
[0.800515] (ros2_user_pkg) StdoutLine: {'line': b'[ 55%] Built target ros2_user_pkg__rosidl_typesupport_fastrtps_c\n'}
[0.803570] (ros2_user_pkg) StdoutLine: {'line': b'[ 65%] Built target ros2_user_pkg__rosidl_typesupport_introspection_c\n'}
[0.805213] (-) TimerEvent: {}
[0.909411] (-) TimerEvent: {}
[0.965567] (ros2_user_pkg) StdoutLine: {'line': b'[ 76%] Built target ros2_user_pkg__rosidl_typesupport_c\n'}
[1.010340] (-) TimerEvent: {}
[1.111900] (-) TimerEvent: {}
[1.147049] (ros2_user_pkg) StdoutLine: {'line': b'[ 76%] Built target ros2_user_pkg\n'}
[1.240183] (-) TimerEvent: {}
[1.317501] (ros2_user_pkg) StdoutLine: {'line': b'running egg_info\n'}
[1.317922] (ros2_user_pkg) StdoutLine: {'line': b'writing ros2_user_pkg.egg-info/PKG-INFO\n'}
[1.318107] (ros2_user_pkg) StdoutLine: {'line': b'writing dependency_links to ros2_user_pkg.egg-info/dependency_links.txt\n'}
[1.319956] (ros2_user_pkg) StdoutLine: {'line': b'writing top-level names to ros2_user_pkg.egg-info/top_level.txt\n'}
[1.329502] (ros2_user_pkg) StdoutLine: {'line': b'[ 78%] Built target ros2_user_pkg__py\n'}
[1.340949] (-) TimerEvent: {}
[1.354989] (ros2_user_pkg) StdoutLine: {'line': b"reading manifest file 'ros2_user_pkg.egg-info/SOURCES.txt'\n"}
[1.355518] (ros2_user_pkg) StdoutLine: {'line': b"writing manifest file 'ros2_user_pkg.egg-info/SOURCES.txt'\n"}
[1.442442] (-) TimerEvent: {}
[1.533476] (ros2_user_pkg) StdoutLine: {'line': b'[ 87%] Built target ros2_user_pkg__rosidl_generator_py\n'}
[1.558598] (-) TimerEvent: {}
[1.574564] (my_robot_description) JobEnded: {'identifier': 'my_robot_description', 'rc': 0}
[1.585640] (ros2_user_pkg) StdoutLine: {'line': b'[ 87%] Built target ament_cmake_python_build_ros2_user_pkg_egg\n'}
[1.658857] (-) TimerEvent: {}
[1.691273] (ros2_user_pkg) StdoutLine: {'line': b'[ 91%] Built target ros2_user_pkg__rosidl_typesupport_fastrtps_c__pyext\n'}
[1.717691] (ros2_user_pkg) StdoutLine: {'line': b'[ 95%] Built target ros2_user_pkg__rosidl_typesupport_introspection_c__pyext\n'}
[1.758992] (-) TimerEvent: {}
[1.764235] (ros2_user_pkg) StdoutLine: {'line': b'[100%] Built target ros2_user_pkg__rosidl_typesupport_c__pyext\n'}
[1.859180] (-) TimerEvent: {}
[1.879058] (ros2_user_pkg) StdoutLine: {'line': b'running egg_info\n'}
[1.880771] (ros2_user_pkg) StdoutLine: {'line': b'writing scripts.egg-info/PKG-INFO\n'}
[1.881506] (ros2_user_pkg) StdoutLine: {'line': b'writing dependency_links to scripts.egg-info/dependency_links.txt\n'}
[1.882034] (ros2_user_pkg) StdoutLine: {'line': b'writing top-level names to scripts.egg-info/top_level.txt\n'}
[1.885821] (ros2_user_pkg) StdoutLine: {'line': b"reading manifest file 'scripts.egg-info/SOURCES.txt'\n"}
[1.895091] (ros2_user_pkg) StdoutLine: {'line': b"writing manifest file 'scripts.egg-info/SOURCES.txt'\n"}
[1.943622] (ros2_user_pkg) StdoutLine: {'line': b'[100%] Built target ament_cmake_python_build_scripts_egg\n'}
[1.959391] (-) TimerEvent: {}
[1.970058] (ros2_user_pkg) CommandEnded: {'returncode': 0}
[2.059547] (-) TimerEvent: {}
[2.160636] (-) TimerEvent: {}
[2.235149] (ros2_user_pkg) JobProgress: {'identifier': 'ros2_user_pkg', 'progress': 'install'}
[2.235641] (ros2_user_pkg) Command: {'cmd': ['/usr/bin/cmake', '--install', '/home/tan/Documents/workspace/ROS2_py_ws/build/ros2_user_pkg'], 'cwd': '/home/tan/Documents/workspace/ROS2_py_ws/build/ros2_user_pkg', 'env': OrderedDict([('GJS_DEBUG_TOPICS', 'JS ERROR;JS LOG'), ('LESSOPEN', '| /usr/bin/lesspipe %s'), ('LANGUAGE', 'en_US:'), ('USER', 'tan'), ('LC_TIME', 'vi_VN'), ('GIO_MODULE_DIR', '/home/tan/snap/code/common/.cache/gio-modules'), ('XDG_SESSION_TYPE', 'wayland'), ('GTK_EXE_PREFIX_VSCODE_SNAP_ORIG', ''), ('GDK_BACKEND_VSCODE_SNAP_ORIG', ''), ('SHLVL', '1'), ('LD_LIBRARY_PATH', '/home/tan/Documents/workspace/ROS2_py_ws/install/ros2_user_pkg/lib:/opt/ros/humble/opt/rviz_ogre_vendor/lib:/opt/ros/humble/lib/x86_64-linux-gnu:/opt/ros/humble/lib'), ('HOME', '/home/tan'), ('CHROME_DESKTOP', 'code-url-handler.desktop'), ('LOCPATH_VSCODE_SNAP_ORIG', ''), ('TERM_PROGRAM_VERSION', '1.83.1'), ('DESKTOP_SESSION', 'ubuntu'), ('GTK_PATH', '/snap/code/143/usr/lib/x86_64-linux-gnu/gtk-3.0'), ('GTK_IM_MODULE_FILE', '/home/tan/snap/code/common/.cache/immodules/immodules.cache'), ('GIO_LAUNCHED_DESKTOP_FILE', '/var/lib/snapd/desktop/applications/code_code.desktop'), ('ROS_PYTHON_VERSION', '3'), ('GNOME_SHELL_SESSION_MODE', 'ubuntu'), ('GTK_MODULES', 'gail:atk-bridge'), ('GSETTINGS_SCHEMA_DIR_VSCODE_SNAP_ORIG', ''), ('LC_MONETARY', 'vi_VN'), ('MANAGERPID', '1028'), ('SYSTEMD_EXEC_PID', '1188'), ('IM_CONFIG_CHECK_ENV', '1'), ('DBUS_SESSION_BUS_ADDRESS', 'unix:path=/run/user/1000/bus'), ('COLORTERM', 'truecolor'), ('GIO_LAUNCHED_DESKTOP_FILE_PID', '2013'), ('IM_CONFIG_PHASE', '1'), ('WAYLAND_DISPLAY', 'wayland-0'), ('COLCON_PREFIX_PATH', '/home/tan/Documents/workspace/ROS2_py_ws/install'), ('ROS_DISTRO', 'humble'), ('LOGNAME', 'tan'), ('JOURNAL_STREAM', '8:33305'), ('_', '/usr/bin/colcon'), ('ROS_VERSION', '2'), ('XDG_CONFIG_DIRS_VSCODE_SNAP_ORIG', '/etc/xdg/xdg-ubuntu:/etc/xdg'), ('XDG_SESSION_CLASS', 'user'), ('XDG_DATA_DIRS_VSCODE_SNAP_ORIG', '/usr/share/ubuntu:/usr/local/share/:/usr/share/:/var/lib/snapd/desktop'), ('USERNAME', 'tan'), ('TERM', 'xterm-256color'), ('GNOME_DESKTOP_SESSION_ID', 'this-is-deprecated'), ('ROS_LOCALHOST_ONLY', '0'), ('PATH', '/opt/ros/humble/bin:/usr/local/sbin:/usr/local/bin:/usr/sbin:/usr/bin:/sbin:/bin:/usr/games:/usr/local/games:/snap/bin:/snap/bin'), ('SESSION_MANAGER', 'local/tan-virtual-machine:@/tmp/.ICE-unix/1172,unix/tan-virtual-machine:/tmp/.ICE-unix/1172'), ('GTK_EXE_PREFIX', '/snap/code/143/usr'), ('INVOCATION_ID', 'a1285767ccf04597ba35587307e5d760'), ('XDG_MENU_PREFIX', 'gnome-'), ('LC_ADDRESS', 'vi_VN'), ('BAMF_DESKTOP_FILE_HINT', '/var/lib/snapd/desktop/applications/code_code.desktop'), ('GNOME_SETUP_DISPLAY', ':1'), ('XDG_RUNTIME_DIR', '/run/user/1000'), ('GDK_BACKEND', 'x11'), ('DISPLAY', ':0'), ('LOCPATH', '/snap/code/143/usr/lib/locale'), ('LANG', 'en_US.UTF-8'), ('XDG_CURRENT_DESKTOP', 'Unity'), ('LC_TELEPHONE', 'vi_VN'), ('GIO_MODULE_DIR_VSCODE_SNAP_ORIG', ''), ('XMODIFIERS', '@im=ibus'), ('XDG_SESSION_DESKTOP', 'ubuntu'), ('XAUTHORITY', '/run/user/1000/.mutter-Xwaylandauth.CRZJC2'), ('LS_COLORS', ''), ('TERM_PROGRAM', 'vscode'), ('SSH_AGENT_LAUNCHER', 'gnome-keyring'), ('SSH_AUTH_SOCK', '/run/user/1000/keyring/ssh'), ('GSETTINGS_SCHEMA_DIR', '/home/tan/snap/code/143/.local/share/glib-2.0/schemas'), ('AMENT_PREFIX_PATH', '/home/tan/Documents/workspace/ROS2_py_ws/install/ros2_user_pkg:/home/tan/Documents/workspace/ROS2_py_ws/install/my_robot_description:/opt/ros/humble'), ('ORIGINAL_XDG_CURRENT_DESKTOP', 'ubuntu:GNOME'), ('SHELL', '/bin/bash'), ('LC_NAME', 'vi_VN'), ('QT_ACCESSIBILITY', '1'), ('GDMSESSION', 'ubuntu'), ('LESSCLOSE', '/usr/bin/lesspipe %s %s'), ('GTK_PATH_VSCODE_SNAP_ORIG', ''), ('GTK_IM_MODULE_FILE_VSCODE_SNAP_ORIG', ''), ('LC_MEASUREMENT', 'vi_VN'), ('GJS_DEBUG_OUTPUT', 'stderr'), ('LC_IDENTIFICATION', 'vi_VN'), ('QT_IM_MODULE', 'ibus'), ('PWD', '/home/tan/Documents/workspace/ROS2_py_ws/build/ros2_user_pkg'), ('LC_ALL', 'en_US.UTF-8'), ('XDG_CONFIG_DIRS', '/etc/xdg/xdg-ubuntu:/etc/xdg'), ('XDG_DATA_DIRS', '/home/tan/snap/code/143/.local/share:/home/tan/snap/code/143:/snap/code/143/usr/share:/usr/share/ubuntu:/usr/local/share/:/usr/share/:/var/lib/snapd/desktop'), ('PYTHONPATH', '/home/tan/Documents/workspace/ROS2_py_ws/install/ros2_user_pkg/local/lib/python3.10/dist-packages:/opt/ros/humble/lib/python3.10/site-packages:/opt/ros/humble/local/lib/python3.10/dist-packages'), ('LC_NUMERIC', 'vi_VN'), ('LC_PAPER', 'vi_VN'), ('COLCON', '1'), ('CMAKE_PREFIX_PATH', '/home/tan/Documents/workspace/ROS2_py_ws/install/ros2_user_pkg:/home/tan/Documents/workspace/ROS2_py_ws/install/my_robot_description:/opt/ros/humble')]), 'shell': False}
[2.258154] (ros2_user_pkg) StdoutLine: {'line': b'-- Install configuration: ""\n'}
[2.260603] (ros2_user_pkg) StdoutLine: {'line': b'-- Execute custom install script\n'}
[2.260889] (-) TimerEvent: {}
[2.262949] (ros2_user_pkg) StdoutLine: {'line': b'-- Up-to-date symlink: /home/tan/Documents/workspace/ROS2_py_ws/install/ros2_user_pkg/share/ament_index/resource_index/rosidl_interfaces/ros2_user_pkg\n'}
[2.264390] (ros2_user_pkg) StdoutLine: {'line': b'-- Up-to-date symlink: /home/tan/Documents/workspace/ROS2_py_ws/install/ros2_user_pkg/include/ros2_user_pkg/ros2_user_pkg/action/detail/navigate__functions.h\n'}
[2.268198] (ros2_user_pkg) StdoutLine: {'line': b'-- Up-to-date symlink: /home/tan/Documents/workspace/ROS2_py_ws/install/ros2_user_pkg/include/ros2_user_pkg/ros2_user_pkg/action/detail/navigate__struct.h\n'}
[2.268822] (ros2_user_pkg) StdoutLine: {'line': b'-- Up-to-date symlink: /home/tan/Documents/workspace/ROS2_py_ws/install/ros2_user_pkg/include/ros2_user_pkg/ros2_user_pkg/action/detail/navigate__type_support.h\n'}
[2.269610] (ros2_user_pkg) StdoutLine: {'line': b'-- Up-to-date symlink: /home/tan/Documents/workspace/ROS2_py_ws/install/ros2_user_pkg/include/ros2_user_pkg/ros2_user_pkg/action/navigate.h\n'}
[2.270232] (ros2_user_pkg) StdoutLine: {'line': b'-- Up-to-date symlink: /home/tan/Documents/workspace/ROS2_py_ws/install/ros2_user_pkg/include/ros2_user_pkg/ros2_user_pkg/msg/rosidl_generator_c__visibility_control.h\n'}
[2.270612] (ros2_user_pkg) StdoutLine: {'line': b'-- Up-to-date symlink: /home/tan/Documents/workspace/ROS2_py_ws/install/ros2_user_pkg/include/ros2_user_pkg/ros2_user_pkg/srv/detail/image_service__functions.h\n'}
[2.271114] (ros2_user_pkg) StdoutLine: {'line': b'-- Up-to-date symlink: /home/tan/Documents/workspace/ROS2_py_ws/install/ros2_user_pkg/include/ros2_user_pkg/ros2_user_pkg/srv/detail/image_service__struct.h\n'}
[2.271390] (ros2_user_pkg) StdoutLine: {'line': b'-- Up-to-date symlink: /home/tan/Documents/workspace/ROS2_py_ws/install/ros2_user_pkg/include/ros2_user_pkg/ros2_user_pkg/srv/detail/image_service__type_support.h\n'}
[2.271734] (ros2_user_pkg) StdoutLine: {'line': b'-- Up-to-date symlink: /home/tan/Documents/workspace/ROS2_py_ws/install/ros2_user_pkg/include/ros2_user_pkg/ros2_user_pkg/srv/detail/odd_even_check__functions.h\n'}
[2.272156] (ros2_user_pkg) StdoutLine: {'line': b'-- Up-to-date symlink: /home/tan/Documents/workspace/ROS2_py_ws/install/ros2_user_pkg/include/ros2_user_pkg/ros2_user_pkg/srv/detail/odd_even_check__struct.h\n'}
[2.272536] (ros2_user_pkg) StdoutLine: {'line': b'-- Up-to-date symlink: /home/tan/Documents/workspace/ROS2_py_ws/install/ros2_user_pkg/include/ros2_user_pkg/ros2_user_pkg/srv/detail/odd_even_check__type_support.h\n'}
[2.272913] (ros2_user_pkg) StdoutLine: {'line': b'-- Up-to-date symlink: /home/tan/Documents/workspace/ROS2_py_ws/install/ros2_user_pkg/include/ros2_user_pkg/ros2_user_pkg/srv/image_service.h\n'}
[2.277514] (ros2_user_pkg) StdoutLine: {'line': b'-- Up-to-date symlink: /home/tan/Documents/workspace/ROS2_py_ws/install/ros2_user_pkg/include/ros2_user_pkg/ros2_user_pkg/srv/odd_even_check.h\n'}
[2.278359] (ros2_user_pkg) StdoutLine: {'line': b'-- Up-to-date symlink: /home/tan/Documents/workspace/ROS2_py_ws/install/ros2_user_pkg/share/ros2_user_pkg/environment/library_path.sh\n'}
[2.278733] (ros2_user_pkg) StdoutLine: {'line': b'-- Up-to-date symlink: /home/tan/Documents/workspace/ROS2_py_ws/install/ros2_user_pkg/share/ros2_user_pkg/environment/library_path.dsv\n'}
[2.280246] (ros2_user_pkg) StdoutLine: {'line': b'-- Up-to-date symlink: /home/tan/Documents/workspace/ROS2_py_ws/install/ros2_user_pkg/include/ros2_user_pkg/ros2_user_pkg/action/detail/navigate__rosidl_typesupport_fastrtps_c.h\n'}
[2.280889] (ros2_user_pkg) StdoutLine: {'line': b'-- Up-to-date symlink: /home/tan/Documents/workspace/ROS2_py_ws/install/ros2_user_pkg/include/ros2_user_pkg/ros2_user_pkg/msg/rosidl_typesupport_fastrtps_c__visibility_control.h\n'}
[2.281363] (ros2_user_pkg) StdoutLine: {'line': b'-- Up-to-date symlink: /home/tan/Documents/workspace/ROS2_py_ws/install/ros2_user_pkg/include/ros2_user_pkg/ros2_user_pkg/srv/detail/image_service__rosidl_typesupport_fastrtps_c.h\n'}
[2.281721] (ros2_user_pkg) StdoutLine: {'line': b'-- Up-to-date symlink: /home/tan/Documents/workspace/ROS2_py_ws/install/ros2_user_pkg/include/ros2_user_pkg/ros2_user_pkg/srv/detail/odd_even_check__rosidl_typesupport_fastrtps_c.h\n'}
[2.283348] (ros2_user_pkg) StdoutLine: {'line': b'-- Up-to-date symlink: /home/tan/Documents/workspace/ROS2_py_ws/install/ros2_user_pkg/include/ros2_user_pkg/ros2_user_pkg/action/detail/navigate__builder.hpp\n'}
[2.283843] (ros2_user_pkg) StdoutLine: {'line': b'-- Up-to-date symlink: /home/tan/Documents/workspace/ROS2_py_ws/install/ros2_user_pkg/include/ros2_user_pkg/ros2_user_pkg/action/detail/navigate__struct.hpp\n'}
[2.284149] (ros2_user_pkg) StdoutLine: {'line': b'-- Up-to-date symlink: /home/tan/Documents/workspace/ROS2_py_ws/install/ros2_user_pkg/include/ros2_user_pkg/ros2_user_pkg/action/detail/navigate__traits.hpp\n'}
[2.284387] (ros2_user_pkg) StdoutLine: {'line': b'-- Up-to-date symlink: /home/tan/Documents/workspace/ROS2_py_ws/install/ros2_user_pkg/include/ros2_user_pkg/ros2_user_pkg/action/navigate.hpp\n'}
[2.284603] (ros2_user_pkg) StdoutLine: {'line': b'-- Up-to-date symlink: /home/tan/Documents/workspace/ROS2_py_ws/install/ros2_user_pkg/include/ros2_user_pkg/ros2_user_pkg/srv/detail/image_service__builder.hpp\n'}
[2.284835] (ros2_user_pkg) StdoutLine: {'line': b'-- Up-to-date symlink: /home/tan/Documents/workspace/ROS2_py_ws/install/ros2_user_pkg/include/ros2_user_pkg/ros2_user_pkg/srv/detail/image_service__struct.hpp\n'}
[2.285070] (ros2_user_pkg) StdoutLine: {'line': b'-- Up-to-date symlink: /home/tan/Documents/workspace/ROS2_py_ws/install/ros2_user_pkg/include/ros2_user_pkg/ros2_user_pkg/srv/detail/image_service__traits.hpp\n'}
[2.287362] (ros2_user_pkg) StdoutLine: {'line': b'-- Up-to-date symlink: /home/tan/Documents/workspace/ROS2_py_ws/install/ros2_user_pkg/include/ros2_user_pkg/ros2_user_pkg/srv/detail/odd_even_check__builder.hpp\n'}
[2.287762] (ros2_user_pkg) StdoutLine: {'line': b'-- Up-to-date symlink: /home/tan/Documents/workspace/ROS2_py_ws/install/ros2_user_pkg/include/ros2_user_pkg/ros2_user_pkg/srv/detail/odd_even_check__struct.hpp\n'}
[2.288043] (ros2_user_pkg) StdoutLine: {'line': b'-- Up-to-date symlink: /home/tan/Documents/workspace/ROS2_py_ws/install/ros2_user_pkg/include/ros2_user_pkg/ros2_user_pkg/srv/detail/odd_even_check__traits.hpp\n'}
[2.288384] (ros2_user_pkg) StdoutLine: {'line': b'-- Up-to-date symlink: /home/tan/Documents/workspace/ROS2_py_ws/install/ros2_user_pkg/include/ros2_user_pkg/ros2_user_pkg/srv/image_service.hpp\n'}
[2.288580] (ros2_user_pkg) StdoutLine: {'line': b'-- Up-to-date symlink: /home/tan/Documents/workspace/ROS2_py_ws/install/ros2_user_pkg/include/ros2_user_pkg/ros2_user_pkg/srv/odd_even_check.hpp\n'}
[2.288912] (ros2_user_pkg) StdoutLine: {'line': b'-- Up-to-date symlink: /home/tan/Documents/workspace/ROS2_py_ws/install/ros2_user_pkg/include/ros2_user_pkg/ros2_user_pkg/action/detail/navigate__rosidl_typesupport_fastrtps_cpp.hpp\n'}
[2.289283] (ros2_user_pkg) StdoutLine: {'line': b'-- Up-to-date symlink: /home/tan/Documents/workspace/ROS2_py_ws/install/ros2_user_pkg/include/ros2_user_pkg/ros2_user_pkg/msg/rosidl_typesupport_fastrtps_cpp__visibility_control.h\n'}
[2.289529] (ros2_user_pkg) StdoutLine: {'line': b'-- Up-to-date symlink: /home/tan/Documents/workspace/ROS2_py_ws/install/ros2_user_pkg/include/ros2_user_pkg/ros2_user_pkg/srv/detail/image_service__rosidl_typesupport_fastrtps_cpp.hpp\n'}
[2.289790] (ros2_user_pkg) StdoutLine: {'line': b'-- Up-to-date symlink: /home/tan/Documents/workspace/ROS2_py_ws/install/ros2_user_pkg/include/ros2_user_pkg/ros2_user_pkg/srv/detail/odd_even_check__rosidl_typesupport_fastrtps_cpp.hpp\n'}
[2.294681] (ros2_user_pkg) StdoutLine: {'line': b'-- Up-to-date symlink: /home/tan/Documents/workspace/ROS2_py_ws/install/ros2_user_pkg/include/ros2_user_pkg/ros2_user_pkg/action/detail/navigate__rosidl_typesupport_introspection_c.h\n'}
[2.295232] (ros2_user_pkg) StdoutLine: {'line': b'-- Up-to-date symlink: /home/tan/Documents/workspace/ROS2_py_ws/install/ros2_user_pkg/include/ros2_user_pkg/ros2_user_pkg/msg/rosidl_typesupport_introspection_c__visibility_control.h\n'}
[2.295636] (ros2_user_pkg) StdoutLine: {'line': b'-- Up-to-date symlink: /home/tan/Documents/workspace/ROS2_py_ws/install/ros2_user_pkg/include/ros2_user_pkg/ros2_user_pkg/srv/detail/image_service__rosidl_typesupport_introspection_c.h\n'}
[2.296172] (ros2_user_pkg) StdoutLine: {'line': b'-- Up-to-date symlink: /home/tan/Documents/workspace/ROS2_py_ws/install/ros2_user_pkg/include/ros2_user_pkg/ros2_user_pkg/srv/detail/odd_even_check__rosidl_typesupport_introspection_c.h\n'}
[2.298489] (ros2_user_pkg) StdoutLine: {'line': b'-- Up-to-date symlink: /home/tan/Documents/workspace/ROS2_py_ws/install/ros2_user_pkg/include/ros2_user_pkg/ros2_user_pkg/action/detail/navigate__rosidl_typesupport_introspection_cpp.hpp\n'}
[2.299690] (ros2_user_pkg) StdoutLine: {'line': b'-- Up-to-date symlink: /home/tan/Documents/workspace/ROS2_py_ws/install/ros2_user_pkg/include/ros2_user_pkg/ros2_user_pkg/srv/detail/image_service__rosidl_typesupport_introspection_cpp.hpp\n'}
[2.300182] (ros2_user_pkg) StdoutLine: {'line': b'-- Up-to-date symlink: /home/tan/Documents/workspace/ROS2_py_ws/install/ros2_user_pkg/include/ros2_user_pkg/ros2_user_pkg/srv/detail/odd_even_check__rosidl_typesupport_introspection_cpp.hpp\n'}
[2.301192] (ros2_user_pkg) StdoutLine: {'line': b'-- Up-to-date symlink: /home/tan/Documents/workspace/ROS2_py_ws/install/ros2_user_pkg/share/ros2_user_pkg/environment/pythonpath.sh\n'}
[2.301430] (ros2_user_pkg) StdoutLine: {'line': b'-- Up-to-date symlink: /home/tan/Documents/workspace/ROS2_py_ws/install/ros2_user_pkg/share/ros2_user_pkg/environment/pythonpath.dsv\n'}
[2.302610] (ros2_user_pkg) StdoutLine: {'line': b'-- Up-to-date symlink: /home/tan/Documents/workspace/ROS2_py_ws/install/ros2_user_pkg/local/lib/python3.10/dist-packages/ros2_user_pkg-0.0.0-py3.10.egg-info/PKG-INFO\n'}
[2.305888] (ros2_user_pkg) StdoutLine: {'line': b'-- Up-to-date symlink: /home/tan/Documents/workspace/ROS2_py_ws/install/ros2_user_pkg/local/lib/python3.10/dist-packages/ros2_user_pkg-0.0.0-py3.10.egg-info/SOURCES.txt\n'}
[2.306446] (ros2_user_pkg) StdoutLine: {'line': b'-- Up-to-date symlink: /home/tan/Documents/workspace/ROS2_py_ws/install/ros2_user_pkg/local/lib/python3.10/dist-packages/ros2_user_pkg-0.0.0-py3.10.egg-info/dependency_links.txt\n'}
[2.306803] (ros2_user_pkg) StdoutLine: {'line': b'-- Up-to-date symlink: /home/tan/Documents/workspace/ROS2_py_ws/install/ros2_user_pkg/local/lib/python3.10/dist-packages/ros2_user_pkg-0.0.0-py3.10.egg-info/top_level.txt\n'}
[2.308499] (ros2_user_pkg) StdoutLine: {'line': b'-- Up-to-date symlink: /home/tan/Documents/workspace/ROS2_py_ws/install/ros2_user_pkg/local/lib/python3.10/dist-packages/ros2_user_pkg/__init__.py\n'}
[2.308832] (ros2_user_pkg) StdoutLine: {'line': b'-- Up-to-date symlink: /home/tan/Documents/workspace/ROS2_py_ws/install/ros2_user_pkg/local/lib/python3.10/dist-packages/ros2_user_pkg/_ros2_user_pkg_s.ep.rosidl_typesupport_c.c\n'}
[2.309723] (ros2_user_pkg) StdoutLine: {'line': b'-- Up-to-date symlink: /home/tan/Documents/workspace/ROS2_py_ws/install/ros2_user_pkg/local/lib/python3.10/dist-packages/ros2_user_pkg/_ros2_user_pkg_s.ep.rosidl_typesupport_fastrtps_c.c\n'}
[2.310150] (ros2_user_pkg) StdoutLine: {'line': b'-- Up-to-date symlink: /home/tan/Documents/workspace/ROS2_py_ws/install/ros2_user_pkg/local/lib/python3.10/dist-packages/ros2_user_pkg/_ros2_user_pkg_s.ep.rosidl_typesupport_introspection_c.c\n'}
[2.310751] (ros2_user_pkg) StdoutLine: {'line': b'-- Up-to-date symlink: /home/tan/Documents/workspace/ROS2_py_ws/install/ros2_user_pkg/local/lib/python3.10/dist-packages/ros2_user_pkg/action/__init__.py\n'}
[2.311075] (ros2_user_pkg) StdoutLine: {'line': b'-- Up-to-date symlink: /home/tan/Documents/workspace/ROS2_py_ws/install/ros2_user_pkg/local/lib/python3.10/dist-packages/ros2_user_pkg/action/_navigate.py\n'}
[2.311507] (ros2_user_pkg) StdoutLine: {'line': b'-- Up-to-date symlink: /home/tan/Documents/workspace/ROS2_py_ws/install/ros2_user_pkg/local/lib/python3.10/dist-packages/ros2_user_pkg/action/_navigate_s.c\n'}
[2.312007] (ros2_user_pkg) StdoutLine: {'line': b'-- Up-to-date symlink: /home/tan/Documents/workspace/ROS2_py_ws/install/ros2_user_pkg/local/lib/python3.10/dist-packages/ros2_user_pkg/libros2_user_pkg__rosidl_generator_py.so\n'}
[2.312470] (ros2_user_pkg) StdoutLine: {'line': b'-- Up-to-date symlink: /home/tan/Documents/workspace/ROS2_py_ws/install/ros2_user_pkg/local/lib/python3.10/dist-packages/ros2_user_pkg/ros2_user_pkg_s__rosidl_typesupport_c.cpython-310-x86_64-linux-gnu.so\n'}
[2.313108] (ros2_user_pkg) StdoutLine: {'line': b'-- Up-to-date symlink: /home/tan/Documents/workspace/ROS2_py_ws/install/ros2_user_pkg/local/lib/python3.10/dist-packages/ros2_user_pkg/ros2_user_pkg_s__rosidl_typesupport_fastrtps_c.cpython-310-x86_64-linux-gnu.so\n'}
[2.313470] (ros2_user_pkg) StdoutLine: {'line': b'-- Up-to-date symlink: /home/tan/Documents/workspace/ROS2_py_ws/install/ros2_user_pkg/local/lib/python3.10/dist-packages/ros2_user_pkg/ros2_user_pkg_s__rosidl_typesupport_introspection_c.cpython-310-x86_64-linux-gnu.so\n'}
[2.313990] (ros2_user_pkg) StdoutLine: {'line': b'-- Up-to-date symlink: /home/tan/Documents/workspace/ROS2_py_ws/install/ros2_user_pkg/local/lib/python3.10/dist-packages/ros2_user_pkg/srv/__init__.py\n'}
[2.314772] (ros2_user_pkg) StdoutLine: {'line': b'-- Up-to-date symlink: /home/tan/Documents/workspace/ROS2_py_ws/install/ros2_user_pkg/local/lib/python3.10/dist-packages/ros2_user_pkg/srv/_image_service.py\n'}
[2.315308] (ros2_user_pkg) StdoutLine: {'line': b'-- Up-to-date symlink: /home/tan/Documents/workspace/ROS2_py_ws/install/ros2_user_pkg/local/lib/python3.10/dist-packages/ros2_user_pkg/srv/_image_service_s.c\n'}
[2.315789] (ros2_user_pkg) StdoutLine: {'line': b'-- Up-to-date symlink: /home/tan/Documents/workspace/ROS2_py_ws/install/ros2_user_pkg/local/lib/python3.10/dist-packages/ros2_user_pkg/srv/_odd_even_check.py\n'}
[2.316170] (ros2_user_pkg) StdoutLine: {'line': b'-- Up-to-date symlink: /home/tan/Documents/workspace/ROS2_py_ws/install/ros2_user_pkg/local/lib/python3.10/dist-packages/ros2_user_pkg/srv/_odd_even_check_s.c\n'}
[2.323186] (ros2_user_pkg) StdoutLine: {'line': b'-- Up-to-date symlink: /home/tan/Documents/workspace/ROS2_py_ws/install/ros2_user_pkg/local/lib/python3.10/dist-packages/ros2_user_pkg/ros2_user_pkg_s__rosidl_typesupport_fastrtps_c.cpython-310-x86_64-linux-gnu.so\n'}
[2.324108] (ros2_user_pkg) StdoutLine: {'line': b'-- Up-to-date symlink: /home/tan/Documents/workspace/ROS2_py_ws/install/ros2_user_pkg/local/lib/python3.10/dist-packages/ros2_user_pkg/ros2_user_pkg_s__rosidl_typesupport_introspection_c.cpython-310-x86_64-linux-gnu.so\n'}
[2.326045] (ros2_user_pkg) StdoutLine: {'line': b'-- Up-to-date symlink: /home/tan/Documents/workspace/ROS2_py_ws/install/ros2_user_pkg/local/lib/python3.10/dist-packages/ros2_user_pkg/ros2_user_pkg_s__rosidl_typesupport_c.cpython-310-x86_64-linux-gnu.so\n'}
[2.326541] (ros2_user_pkg) StdoutLine: {'line': b'-- Up-to-date symlink: /home/tan/Documents/workspace/ROS2_py_ws/install/ros2_user_pkg/share/ros2_user_pkg/srv/OddEvenCheck.idl\n'}
[2.328938] (ros2_user_pkg) StdoutLine: {'line': b'-- Up-to-date symlink: /home/tan/Documents/workspace/ROS2_py_ws/install/ros2_user_pkg/share/ros2_user_pkg/srv/ImageService.idl\n'}
[2.329166] (ros2_user_pkg) StdoutLine: {'line': b'-- Up-to-date symlink: /home/tan/Documents/workspace/ROS2_py_ws/install/ros2_user_pkg/share/ros2_user_pkg/action/Navigate.idl\n'}
[2.329430] (ros2_user_pkg) StdoutLine: {'line': b'-- Up-to-date symlink: /home/tan/Documents/workspace/ROS2_py_ws/install/ros2_user_pkg/share/ros2_user_pkg/srv/OddEvenCheck.srv\n'}
[2.329546] (ros2_user_pkg) StdoutLine: {'line': b'-- Up-to-date symlink: /home/tan/Documents/workspace/ROS2_py_ws/install/ros2_user_pkg/share/ros2_user_pkg/srv/OddEvenCheck_Request.msg\n'}
[2.329723] (ros2_user_pkg) StdoutLine: {'line': b'-- Up-to-date symlink: /home/tan/Documents/workspace/ROS2_py_ws/install/ros2_user_pkg/share/ros2_user_pkg/srv/OddEvenCheck_Response.msg\n'}
[2.330319] (ros2_user_pkg) StdoutLine: {'line': b'-- Up-to-date symlink: /home/tan/Documents/workspace/ROS2_py_ws/install/ros2_user_pkg/share/ros2_user_pkg/srv/ImageService.srv\n'}
[2.330506] (ros2_user_pkg) StdoutLine: {'line': b'-- Up-to-date symlink: /home/tan/Documents/workspace/ROS2_py_ws/install/ros2_user_pkg/share/ros2_user_pkg/srv/ImageService_Request.msg\n'}
[2.331556] (ros2_user_pkg) StdoutLine: {'line': b'-- Up-to-date symlink: /home/tan/Documents/workspace/ROS2_py_ws/install/ros2_user_pkg/share/ros2_user_pkg/srv/ImageService_Response.msg\n'}
[2.331761] (ros2_user_pkg) StdoutLine: {'line': b'-- Up-to-date symlink: /home/tan/Documents/workspace/ROS2_py_ws/install/ros2_user_pkg/share/ros2_user_pkg/action/Navigate.action\n'}
[2.336628] (ros2_user_pkg) StdoutLine: {'line': b'-- Up-to-date symlink: /home/tan/Documents/workspace/ROS2_py_ws/install/ros2_user_pkg/local/lib/python3.10/dist-packages/scripts-0.0.0-py3.10.egg-info/PKG-INFO\n'}
[2.339382] (ros2_user_pkg) StdoutLine: {'line': b'-- Up-to-date symlink: /home/tan/Documents/workspace/ROS2_py_ws/install/ros2_user_pkg/local/lib/python3.10/dist-packages/scripts-0.0.0-py3.10.egg-info/SOURCES.txt\n'}
[2.339614] (ros2_user_pkg) StdoutLine: {'line': b'-- Up-to-date symlink: /home/tan/Documents/workspace/ROS2_py_ws/install/ros2_user_pkg/local/lib/python3.10/dist-packages/scripts-0.0.0-py3.10.egg-info/dependency_links.txt\n'}
[2.339822] (ros2_user_pkg) StdoutLine: {'line': b'-- Up-to-date symlink: /home/tan/Documents/workspace/ROS2_py_ws/install/ros2_user_pkg/local/lib/python3.10/dist-packages/scripts-0.0.0-py3.10.egg-info/top_level.txt\n'}
[2.340020] (ros2_user_pkg) StdoutLine: {'line': b'-- Up-to-date symlink: /home/tan/Documents/workspace/ROS2_py_ws/install/ros2_user_pkg/local/lib/python3.10/dist-packages/scripts/__init__.py\n'}
[2.340346] (ros2_user_pkg) StdoutLine: {'line': b'-- Up-to-date symlink: /home/tan/Documents/workspace/ROS2_py_ws/install/ros2_user_pkg/local/lib/python3.10/dist-packages/scripts/action_client.py\n'}
[2.340603] (ros2_user_pkg) StdoutLine: {'line': b'-- Up-to-date symlink: /home/tan/Documents/workspace/ROS2_py_ws/install/ros2_user_pkg/local/lib/python3.10/dist-packages/scripts/action_server.py\n'}
[2.340853] (ros2_user_pkg) StdoutLine: {'line': b'-- Up-to-date symlink: /home/tan/Documents/workspace/ROS2_py_ws/install/ros2_user_pkg/local/lib/python3.10/dist-packages/scripts/publisher.py\n'}
[2.341333] (ros2_user_pkg) StdoutLine: {'line': b'-- Up-to-date symlink: /home/tan/Documents/workspace/ROS2_py_ws/install/ros2_user_pkg/local/lib/python3.10/dist-packages/scripts/rpm_publisher.py\n'}
[2.341576] (ros2_user_pkg) StdoutLine: {'line': b'-- Up-to-date symlink: /home/tan/Documents/workspace/ROS2_py_ws/install/ros2_user_pkg/local/lib/python3.10/dist-packages/scripts/service_client.py\n'}
[2.342002] (ros2_user_pkg) StdoutLine: {'line': b'-- Up-to-date symlink: /home/tan/Documents/workspace/ROS2_py_ws/install/ros2_user_pkg/local/lib/python3.10/dist-packages/scripts/service_server.py\n'}
[2.345423] (ros2_user_pkg) StdoutLine: {'line': b'-- Up-to-date symlink: /home/tan/Documents/workspace/ROS2_py_ws/install/ros2_user_pkg/local/lib/python3.10/dist-packages/scripts/speed_publisher.py\n'}
[2.345659] (ros2_user_pkg) StdoutLine: {'line': b'-- Up-to-date symlink: /home/tan/Documents/workspace/ROS2_py_ws/install/ros2_user_pkg/local/lib/python3.10/dist-packages/scripts/subcriber.py\n'}
[2.345930] (ros2_user_pkg) StdoutLine: {'line': b'-- Up-to-date symlink: /home/tan/Documents/workspace/ROS2_py_ws/install/ros2_user_pkg/local/lib/python3.10/dist-packages/scripts/turn_camera_client.py\n'}
[2.346086] (ros2_user_pkg) StdoutLine: {'line': b'-- Up-to-date symlink: /home/tan/Documents/workspace/ROS2_py_ws/install/ros2_user_pkg/local/lib/python3.10/dist-packages/scripts/turn_camera_server.py\n'}
[2.346332] (ros2_user_pkg) StdoutLine: {'line': b'-- Up-to-date symlink: /home/tan/Documents/workspace/ROS2_py_ws/install/ros2_user_pkg/lib/ros2_user_pkg/publisher.py\n'}
[2.346707] (ros2_user_pkg) StdoutLine: {'line': b'-- Up-to-date symlink: /home/tan/Documents/workspace/ROS2_py_ws/install/ros2_user_pkg/lib/ros2_user_pkg/subcriber.py\n'}
[2.347027] (ros2_user_pkg) StdoutLine: {'line': b'-- Up-to-date symlink: /home/tan/Documents/workspace/ROS2_py_ws/install/ros2_user_pkg/lib/ros2_user_pkg/rpm_publisher.py\n'}
[2.347360] (ros2_user_pkg) StdoutLine: {'line': b'-- Up-to-date symlink: /home/tan/Documents/workspace/ROS2_py_ws/install/ros2_user_pkg/lib/ros2_user_pkg/speed_publisher.py\n'}
[2.347795] (ros2_user_pkg) StdoutLine: {'line': b'-- Up-to-date symlink: /home/tan/Documents/workspace/ROS2_py_ws/install/ros2_user_pkg/lib/ros2_user_pkg/turn_camera_client.py\n'}
[2.348122] (ros2_user_pkg) StdoutLine: {'line': b'-- Up-to-date symlink: /home/tan/Documents/workspace/ROS2_py_ws/install/ros2_user_pkg/lib/ros2_user_pkg/turn_camera_server.py\n'}
[2.348466] (ros2_user_pkg) StdoutLine: {'line': b'-- Up-to-date symlink: /home/tan/Documents/workspace/ROS2_py_ws/install/ros2_user_pkg/lib/ros2_user_pkg/action_server.py\n'}
[2.353562] (ros2_user_pkg) StdoutLine: {'line': b'-- Up-to-date symlink: /home/tan/Documents/workspace/ROS2_py_ws/install/ros2_user_pkg/lib/ros2_user_pkg/action_client.py\n'}
[2.353849] (ros2_user_pkg) StdoutLine: {'line': b'-- Up-to-date symlink: /home/tan/Documents/workspace/ROS2_py_ws/install/ros2_user_pkg/share/ros2_user_pkg/launch/rpm_node.launch.py\n'}
[2.353998] (ros2_user_pkg) StdoutLine: {'line': b'-- Up-to-date symlink: /home/tan/Documents/workspace/ROS2_py_ws/install/ros2_user_pkg/share/ament_index/resource_index/package_run_dependencies/ros2_user_pkg\n'}
[2.354177] (ros2_user_pkg) StdoutLine: {'line': b'-- Up-to-date symlink: /home/tan/Documents/workspace/ROS2_py_ws/install/ros2_user_pkg/share/ament_index/resource_index/parent_prefix_path/ros2_user_pkg\n'}
[2.354328] (ros2_user_pkg) StdoutLine: {'line': b'-- Up-to-date symlink: /home/tan/Documents/workspace/ROS2_py_ws/install/ros2_user_pkg/share/ros2_user_pkg/environment/ament_prefix_path.sh\n'}
[2.354467] (ros2_user_pkg) StdoutLine: {'line': b'-- Up-to-date symlink: /home/tan/Documents/workspace/ROS2_py_ws/install/ros2_user_pkg/share/ros2_user_pkg/environment/ament_prefix_path.dsv\n'}
[2.354668] (ros2_user_pkg) StdoutLine: {'line': b'-- Up-to-date symlink: /home/tan/Documents/workspace/ROS2_py_ws/install/ros2_user_pkg/share/ros2_user_pkg/environment/path.sh\n'}
[2.354856] (ros2_user_pkg) StdoutLine: {'line': b'-- Up-to-date symlink: /home/tan/Documents/workspace/ROS2_py_ws/install/ros2_user_pkg/share/ros2_user_pkg/environment/path.dsv\n'}
[2.355060] (ros2_user_pkg) StdoutLine: {'line': b'-- Up-to-date symlink: /home/tan/Documents/workspace/ROS2_py_ws/install/ros2_user_pkg/share/ros2_user_pkg/local_setup.bash\n'}
[2.355277] (ros2_user_pkg) StdoutLine: {'line': b'-- Up-to-date symlink: /home/tan/Documents/workspace/ROS2_py_ws/install/ros2_user_pkg/share/ros2_user_pkg/local_setup.sh\n'}
[2.355413] (ros2_user_pkg) StdoutLine: {'line': b'-- Up-to-date symlink: /home/tan/Documents/workspace/ROS2_py_ws/install/ros2_user_pkg/share/ros2_user_pkg/local_setup.zsh\n'}
[2.355550] (ros2_user_pkg) StdoutLine: {'line': b'-- Up-to-date symlink: /home/tan/Documents/workspace/ROS2_py_ws/install/ros2_user_pkg/share/ros2_user_pkg/local_setup.dsv\n'}
[2.355803] (ros2_user_pkg) StdoutLine: {'line': b'-- Symlinking: /home/tan/Documents/workspace/ROS2_py_ws/install/ros2_user_pkg/share/ros2_user_pkg/package.dsv\n'}
[2.361483] (-) TimerEvent: {}
[2.372470] (ros2_user_pkg) StdoutLine: {'line': b'-- Up-to-date symlink: /home/tan/Documents/workspace/ROS2_py_ws/install/ros2_user_pkg/share/ament_index/resource_index/packages/ros2_user_pkg\n'}
[2.372804] (ros2_user_pkg) StdoutLine: {'line': b'-- Up-to-date symlink: /home/tan/Documents/workspace/ROS2_py_ws/install/ros2_user_pkg/share/ros2_user_pkg/cmake/rosidl_cmake-extras.cmake\n'}
[2.373020] (ros2_user_pkg) StdoutLine: {'line': b'-- Up-to-date symlink: /home/tan/Documents/workspace/ROS2_py_ws/install/ros2_user_pkg/share/ros2_user_pkg/cmake/ament_cmake_export_dependencies-extras.cmake\n'}
[2.373247] (ros2_user_pkg) StdoutLine: {'line': b'-- Up-to-date symlink: /home/tan/Documents/workspace/ROS2_py_ws/install/ros2_user_pkg/share/ros2_user_pkg/cmake/ament_cmake_export_include_directories-extras.cmake\n'}
[2.373510] (ros2_user_pkg) StdoutLine: {'line': b'-- Up-to-date symlink: /home/tan/Documents/workspace/ROS2_py_ws/install/ros2_user_pkg/share/ros2_user_pkg/cmake/ament_cmake_export_libraries-extras.cmake\n'}
[2.373825] (ros2_user_pkg) StdoutLine: {'line': b'-- Up-to-date symlink: /home/tan/Documents/workspace/ROS2_py_ws/install/ros2_user_pkg/share/ros2_user_pkg/cmake/ament_cmake_export_targets-extras.cmake\n'}
[2.374188] (ros2_user_pkg) StdoutLine: {'line': b'-- Up-to-date symlink: /home/tan/Documents/workspace/ROS2_py_ws/install/ros2_user_pkg/share/ros2_user_pkg/cmake/rosidl_cmake_export_typesupport_targets-extras.cmake\n'}
[2.377020] (ros2_user_pkg) StdoutLine: {'line': b'-- Up-to-date symlink: /home/tan/Documents/workspace/ROS2_py_ws/install/ros2_user_pkg/share/ros2_user_pkg/cmake/rosidl_cmake_export_typesupport_libraries-extras.cmake\n'}
[2.378325] (ros2_user_pkg) StdoutLine: {'line': b'-- Up-to-date symlink: /home/tan/Documents/workspace/ROS2_py_ws/install/ros2_user_pkg/share/ros2_user_pkg/cmake/ros2_user_pkgConfig.cmake\n'}
[2.380131] (ros2_user_pkg) StdoutLine: {'line': b'-- Up-to-date symlink: /home/tan/Documents/workspace/ROS2_py_ws/install/ros2_user_pkg/share/ros2_user_pkg/cmake/ros2_user_pkgConfig-version.cmake\n'}
[2.380280] (ros2_user_pkg) StdoutLine: {'line': b'-- Up-to-date symlink: /home/tan/Documents/workspace/ROS2_py_ws/install/ros2_user_pkg/share/ros2_user_pkg/package.xml\n'}
[2.380684] (ros2_user_pkg) StdoutLine: {'line': b'-- Up-to-date: /home/tan/Documents/workspace/ROS2_py_ws/install/ros2_user_pkg/lib/libros2_user_pkg__rosidl_generator_c.so\n'}
[2.381857] (ros2_user_pkg) StdoutLine: {'line': b'-- Up-to-date: /home/tan/Documents/workspace/ROS2_py_ws/install/ros2_user_pkg/lib/libros2_user_pkg__rosidl_typesupport_fastrtps_c.so\n'}
[2.384015] (ros2_user_pkg) StdoutLine: {'line': b'-- Up-to-date: /home/tan/Documents/workspace/ROS2_py_ws/install/ros2_user_pkg/lib/libros2_user_pkg__rosidl_typesupport_fastrtps_cpp.so\n'}
[2.388800] (ros2_user_pkg) StdoutLine: {'line': b'-- Up-to-date: /home/tan/Documents/workspace/ROS2_py_ws/install/ros2_user_pkg/lib/libros2_user_pkg__rosidl_typesupport_introspection_c.so\n'}
[2.391842] (ros2_user_pkg) StdoutLine: {'line': b'-- Up-to-date: /home/tan/Documents/workspace/ROS2_py_ws/install/ros2_user_pkg/lib/libros2_user_pkg__rosidl_typesupport_c.so\n'}
[2.398611] (ros2_user_pkg) StdoutLine: {'line': b'-- Up-to-date: /home/tan/Documents/workspace/ROS2_py_ws/install/ros2_user_pkg/lib/libros2_user_pkg__rosidl_typesupport_introspection_cpp.so\n'}
[2.402667] (ros2_user_pkg) StdoutLine: {'line': b'-- Up-to-date: /home/tan/Documents/workspace/ROS2_py_ws/install/ros2_user_pkg/lib/libros2_user_pkg__rosidl_typesupport_cpp.so\n'}
[2.461840] (-) TimerEvent: {}
[2.466895] (ros2_user_pkg) StdoutLine: {'line': b"Listing '/home/tan/Documents/workspace/ROS2_py_ws/install/ros2_user_pkg/local/lib/python3.10/dist-packages/ros2_user_pkg'...\n"}
[2.467151] (ros2_user_pkg) StdoutLine: {'line': b"Listing '/home/tan/Documents/workspace/ROS2_py_ws/install/ros2_user_pkg/local/lib/python3.10/dist-packages/ros2_user_pkg/action'...\n"}
[2.467283] (ros2_user_pkg) StdoutLine: {'line': b"Listing '/home/tan/Documents/workspace/ROS2_py_ws/install/ros2_user_pkg/local/lib/python3.10/dist-packages/ros2_user_pkg/srv'...\n"}
[2.477946] (ros2_user_pkg) StdoutLine: {'line': b'-- Up-to-date: /home/tan/Documents/workspace/ROS2_py_ws/install/ros2_user_pkg/lib/libros2_user_pkg__rosidl_generator_py.so\n'}
[2.532736] (ros2_user_pkg) StdoutLine: {'line': b"Listing '/home/tan/Documents/workspace/ROS2_py_ws/install/ros2_user_pkg/local/lib/python3.10/dist-packages/scripts'...\n"}
[2.539799] (ros2_user_pkg) StdoutLine: {'line': b'-- Up-to-date: /home/tan/Documents/workspace/ROS2_py_ws/install/ros2_user_pkg/share/ros2_user_pkg/cmake/export_ros2_user_pkg__rosidl_generator_cExport.cmake\n'}
[2.542175] (ros2_user_pkg) StdoutLine: {'line': b'-- Up-to-date: /home/tan/Documents/workspace/ROS2_py_ws/install/ros2_user_pkg/share/ros2_user_pkg/cmake/export_ros2_user_pkg__rosidl_generator_cExport-noconfig.cmake\n'}
[2.542428] (ros2_user_pkg) StdoutLine: {'line': b'-- Up-to-date: /home/tan/Documents/workspace/ROS2_py_ws/install/ros2_user_pkg/share/ros2_user_pkg/cmake/export_ros2_user_pkg__rosidl_typesupport_fastrtps_cExport.cmake\n'}
[2.542602] (ros2_user_pkg) StdoutLine: {'line': b'-- Up-to-date: /home/tan/Documents/workspace/ROS2_py_ws/install/ros2_user_pkg/share/ros2_user_pkg/cmake/export_ros2_user_pkg__rosidl_typesupport_fastrtps_cExport-noconfig.cmake\n'}
[2.543507] (ros2_user_pkg) StdoutLine: {'line': b'-- Up-to-date: /home/tan/Documents/workspace/ROS2_py_ws/install/ros2_user_pkg/share/ros2_user_pkg/cmake/export_ros2_user_pkg__rosidl_generator_cppExport.cmake\n'}
[2.543835] (ros2_user_pkg) StdoutLine: {'line': b'-- Up-to-date: /home/tan/Documents/workspace/ROS2_py_ws/install/ros2_user_pkg/share/ros2_user_pkg/cmake/export_ros2_user_pkg__rosidl_typesupport_fastrtps_cppExport.cmake\n'}
[2.544056] (ros2_user_pkg) StdoutLine: {'line': b'-- Up-to-date: /home/tan/Documents/workspace/ROS2_py_ws/install/ros2_user_pkg/share/ros2_user_pkg/cmake/export_ros2_user_pkg__rosidl_typesupport_fastrtps_cppExport-noconfig.cmake\n'}
[2.545215] (ros2_user_pkg) StdoutLine: {'line': b'-- Up-to-date: /home/tan/Documents/workspace/ROS2_py_ws/install/ros2_user_pkg/share/ros2_user_pkg/cmake/ros2_user_pkg__rosidl_typesupport_introspection_cExport.cmake\n'}
[2.545645] (ros2_user_pkg) StdoutLine: {'line': b'-- Up-to-date: /home/tan/Documents/workspace/ROS2_py_ws/install/ros2_user_pkg/share/ros2_user_pkg/cmake/ros2_user_pkg__rosidl_typesupport_introspection_cExport-noconfig.cmake\n'}
[2.546859] (ros2_user_pkg) StdoutLine: {'line': b'-- Up-to-date: /home/tan/Documents/workspace/ROS2_py_ws/install/ros2_user_pkg/share/ros2_user_pkg/cmake/ros2_user_pkg__rosidl_typesupport_cExport.cmake\n'}
[2.547153] (ros2_user_pkg) StdoutLine: {'line': b'-- Up-to-date: /home/tan/Documents/workspace/ROS2_py_ws/install/ros2_user_pkg/share/ros2_user_pkg/cmake/ros2_user_pkg__rosidl_typesupport_cExport-noconfig.cmake\n'}
[2.547953] (ros2_user_pkg) StdoutLine: {'line': b'-- Up-to-date: /home/tan/Documents/workspace/ROS2_py_ws/install/ros2_user_pkg/share/ros2_user_pkg/cmake/ros2_user_pkg__rosidl_typesupport_introspection_cppExport.cmake\n'}
[2.548509] (ros2_user_pkg) StdoutLine: {'line': b'-- Up-to-date: /home/tan/Documents/workspace/ROS2_py_ws/install/ros2_user_pkg/share/ros2_user_pkg/cmake/ros2_user_pkg__rosidl_typesupport_introspection_cppExport-noconfig.cmake\n'}
[2.549245] (ros2_user_pkg) StdoutLine: {'line': b'-- Up-to-date: /home/tan/Documents/workspace/ROS2_py_ws/install/ros2_user_pkg/share/ros2_user_pkg/cmake/ros2_user_pkg__rosidl_typesupport_cppExport.cmake\n'}
[2.549489] (ros2_user_pkg) StdoutLine: {'line': b'-- Up-to-date: /home/tan/Documents/workspace/ROS2_py_ws/install/ros2_user_pkg/share/ros2_user_pkg/cmake/ros2_user_pkg__rosidl_typesupport_cppExport-noconfig.cmake\n'}
[2.550274] (ros2_user_pkg) StdoutLine: {'line': b'-- Up-to-date: /home/tan/Documents/workspace/ROS2_py_ws/install/ros2_user_pkg/share/ros2_user_pkg/cmake/export_ros2_user_pkg__rosidl_generator_pyExport.cmake\n'}
[2.550583] (ros2_user_pkg) StdoutLine: {'line': b'-- Up-to-date: /home/tan/Documents/workspace/ROS2_py_ws/install/ros2_user_pkg/share/ros2_user_pkg/cmake/export_ros2_user_pkg__rosidl_generator_pyExport-noconfig.cmake\n'}
[2.554179] (ros2_user_pkg) CommandEnded: {'returncode': 0}
[2.562119] (-) TimerEvent: {}
[2.663330] (-) TimerEvent: {}
[2.766685] (-) TimerEvent: {}
[2.867158] (-) TimerEvent: {}
[2.968090] (-) TimerEvent: {}
[3.069482] (-) TimerEvent: {}
[3.105716] (ros2_user_pkg) JobEnded: {'identifier': 'ros2_user_pkg', 'rc': 0}
[3.108063] (-) EventReactorShutdown: {}
