[1.644s] DEBUG:colcon:Command line arguments: ['/usr/bin/colcon', 'build', '--symlink-install']
[1.644s] DEBUG:colcon:Parsed command line arguments: Namespace(log_base=None, log_level=None, verb_name='build', build_base='build', install_base='install', merge_install=False, symlink_install=True, test_result_base=None, continue_on_error=False, executor='parallel', parallel_workers=4, event_handlers=None, ignore_user_meta=False, metas=['./colcon.meta'], base_paths=['.'], packages_ignore=None, packages_ignore_regex=None, paths=None, packages_up_to=None, packages_up_to_regex=None, packages_above=None, packages_above_and_dependencies=None, packages_above_depth=None, packages_select_by_dep=None, packages_skip_by_dep=None, packages_skip_up_to=None, packages_select_build_failed=False, packages_skip_build_finished=False, packages_select_test_failures=False, packages_skip_test_passed=False, packages_select=None, packages_skip=None, packages_select_regex=None, packages_skip_regex=None, packages_start=None, packages_end=None, allow_overriding=[], cmake_args=None, cmake_target=None, cmake_target_skip_unavailable=False, cmake_clean_cache=False, cmake_clean_first=False, cmake_force_configure=False, ament_cmake_args=None, catkin_cmake_args=None, catkin_skip_building_tests=False, verb_parser=<colcon_defaults.argument_parser.defaults.DefaultArgumentsDecorator object at 0x7f36ca5dff40>, verb_extension=<colcon_core.verb.build.BuildVerb object at 0x7f36ca5dce80>, main=<bound method BuildVerb.main of <colcon_core.verb.build.BuildVerb object at 0x7f36ca5dce80>>)
[1.726s] Level 1:colcon.colcon_core.package_discovery:discover_packages(colcon_meta) check parameters
[1.727s] Level 1:colcon.colcon_core.package_discovery:discover_packages(recursive) check parameters
[1.728s] Level 1:colcon.colcon_core.package_discovery:discover_packages(ignore) check parameters
[1.728s] Level 1:colcon.colcon_core.package_discovery:discover_packages(path) check parameters
[1.728s] Level 1:colcon.colcon_core.package_discovery:discover_packages(colcon_meta) discover
[1.729s] Level 1:colcon.colcon_core.package_discovery:discover_packages(recursive) discover
[1.729s] INFO:colcon.colcon_core.package_discovery:Crawling recursively for packages in '/home/tan/Documents/workspace/ROS2_py_ws'
[1.729s] Level 1:colcon.colcon_core.package_identification:_identify(.) by extensions ['ignore', 'ignore_ament_install']
[1.729s] Level 1:colcon.colcon_core.package_identification:_identify(.) by extension 'ignore'
[1.729s] Level 1:colcon.colcon_core.package_identification:_identify(.) by extension 'ignore_ament_install'
[1.730s] Level 1:colcon.colcon_core.package_identification:_identify(.) by extensions ['colcon_pkg']
[1.730s] Level 1:colcon.colcon_core.package_identification:_identify(.) by extension 'colcon_pkg'
[1.730s] Level 1:colcon.colcon_core.package_identification:_identify(.) by extensions ['colcon_meta']
[1.730s] Level 1:colcon.colcon_core.package_identification:_identify(.) by extension 'colcon_meta'
[1.730s] Level 1:colcon.colcon_core.package_identification:_identify(.) by extensions ['ros']
[1.731s] Level 1:colcon.colcon_core.package_identification:_identify(.) by extension 'ros'
[1.754s] Level 1:colcon.colcon_core.package_identification:_identify(.) by extensions ['cmake', 'python']
[1.754s] Level 1:colcon.colcon_core.package_identification:_identify(.) by extension 'cmake'
[1.754s] Level 1:colcon.colcon_core.package_identification:_identify(.) by extension 'python'
[1.755s] Level 1:colcon.colcon_core.package_identification:_identify(.) by extensions ['python_setup_py']
[1.755s] Level 1:colcon.colcon_core.package_identification:_identify(.) by extension 'python_setup_py'
[1.755s] Level 1:colcon.colcon_core.package_identification:_identify(build) by extensions ['ignore', 'ignore_ament_install']
[1.755s] Level 1:colcon.colcon_core.package_identification:_identify(build) by extension 'ignore'
[1.756s] Level 1:colcon.colcon_core.package_identification:_identify(build) ignored
[1.756s] Level 1:colcon.colcon_core.package_identification:_identify(install) by extensions ['ignore', 'ignore_ament_install']
[1.756s] Level 1:colcon.colcon_core.package_identification:_identify(install) by extension 'ignore'
[1.757s] Level 1:colcon.colcon_core.package_identification:_identify(install) ignored
[1.757s] Level 1:colcon.colcon_core.package_identification:_identify(log) by extensions ['ignore', 'ignore_ament_install']
[1.757s] Level 1:colcon.colcon_core.package_identification:_identify(log) by extension 'ignore'
[1.757s] Level 1:colcon.colcon_core.package_identification:_identify(log) ignored
[1.758s] Level 1:colcon.colcon_core.package_identification:_identify(src) by extensions ['ignore', 'ignore_ament_install']
[1.758s] Level 1:colcon.colcon_core.package_identification:_identify(src) by extension 'ignore'
[1.758s] Level 1:colcon.colcon_core.package_identification:_identify(src) by extension 'ignore_ament_install'
[1.758s] Level 1:colcon.colcon_core.package_identification:_identify(src) by extensions ['colcon_pkg']
[1.759s] Level 1:colcon.colcon_core.package_identification:_identify(src) by extension 'colcon_pkg'
[1.759s] Level 1:colcon.colcon_core.package_identification:_identify(src) by extensions ['colcon_meta']
[1.759s] Level 1:colcon.colcon_core.package_identification:_identify(src) by extension 'colcon_meta'
[1.759s] Level 1:colcon.colcon_core.package_identification:_identify(src) by extensions ['ros']
[1.759s] Level 1:colcon.colcon_core.package_identification:_identify(src) by extension 'ros'
[1.760s] Level 1:colcon.colcon_core.package_identification:_identify(src) by extensions ['cmake', 'python']
[1.760s] Level 1:colcon.colcon_core.package_identification:_identify(src) by extension 'cmake'
[1.761s] Level 1:colcon.colcon_core.package_identification:_identify(src) by extension 'python'
[1.761s] Level 1:colcon.colcon_core.package_identification:_identify(src) by extensions ['python_setup_py']
[1.762s] Level 1:colcon.colcon_core.package_identification:_identify(src) by extension 'python_setup_py'
[1.764s] Level 1:colcon.colcon_core.package_identification:_identify(src/my_robot_bringup) by extensions ['ignore', 'ignore_ament_install']
[1.764s] Level 1:colcon.colcon_core.package_identification:_identify(src/my_robot_bringup) by extension 'ignore'
[1.765s] Level 1:colcon.colcon_core.package_identification:_identify(src/my_robot_bringup) by extension 'ignore_ament_install'
[1.765s] Level 1:colcon.colcon_core.package_identification:_identify(src/my_robot_bringup) by extensions ['colcon_pkg']
[1.765s] Level 1:colcon.colcon_core.package_identification:_identify(src/my_robot_bringup) by extension 'colcon_pkg'
[1.765s] Level 1:colcon.colcon_core.package_identification:_identify(src/my_robot_bringup) by extensions ['colcon_meta']
[1.765s] Level 1:colcon.colcon_core.package_identification:_identify(src/my_robot_bringup) by extension 'colcon_meta'
[1.765s] Level 1:colcon.colcon_core.package_identification:_identify(src/my_robot_bringup) by extensions ['ros']
[1.765s] Level 1:colcon.colcon_core.package_identification:_identify(src/my_robot_bringup) by extension 'ros'
[1.769s] DEBUG:colcon.colcon_core.package_identification:Package 'src/my_robot_bringup' with type 'ros.ament_cmake' and name 'my_robot_bringup'
[1.769s] Level 1:colcon.colcon_core.package_identification:_identify(src/my_robot_description) by extensions ['ignore', 'ignore_ament_install']
[1.769s] Level 1:colcon.colcon_core.package_identification:_identify(src/my_robot_description) by extension 'ignore'
[1.769s] Level 1:colcon.colcon_core.package_identification:_identify(src/my_robot_description) by extension 'ignore_ament_install'
[1.769s] Level 1:colcon.colcon_core.package_identification:_identify(src/my_robot_description) by extensions ['colcon_pkg']
[1.770s] Level 1:colcon.colcon_core.package_identification:_identify(src/my_robot_description) by extension 'colcon_pkg'
[1.770s] Level 1:colcon.colcon_core.package_identification:_identify(src/my_robot_description) by extensions ['colcon_meta']
[1.770s] Level 1:colcon.colcon_core.package_identification:_identify(src/my_robot_description) by extension 'colcon_meta'
[1.770s] Level 1:colcon.colcon_core.package_identification:_identify(src/my_robot_description) by extensions ['ros']
[1.770s] Level 1:colcon.colcon_core.package_identification:_identify(src/my_robot_description) by extension 'ros'
[1.771s] DEBUG:colcon.colcon_core.package_identification:Package 'src/my_robot_description' with type 'ros.ament_cmake' and name 'my_robot_description'
[1.771s] Level 1:colcon.colcon_core.package_identification:_identify(src/ros2_user_pkg) by extensions ['ignore', 'ignore_ament_install']
[1.771s] Level 1:colcon.colcon_core.package_identification:_identify(src/ros2_user_pkg) by extension 'ignore'
[1.771s] Level 1:colcon.colcon_core.package_identification:_identify(src/ros2_user_pkg) by extension 'ignore_ament_install'
[1.771s] Level 1:colcon.colcon_core.package_identification:_identify(src/ros2_user_pkg) by extensions ['colcon_pkg']
[1.771s] Level 1:colcon.colcon_core.package_identification:_identify(src/ros2_user_pkg) by extension 'colcon_pkg'
[1.771s] Level 1:colcon.colcon_core.package_identification:_identify(src/ros2_user_pkg) by extensions ['colcon_meta']
[1.772s] Level 1:colcon.colcon_core.package_identification:_identify(src/ros2_user_pkg) by extension 'colcon_meta'
[1.772s] Level 1:colcon.colcon_core.package_identification:_identify(src/ros2_user_pkg) by extensions ['ros']
[1.772s] Level 1:colcon.colcon_core.package_identification:_identify(src/ros2_user_pkg) by extension 'ros'
[1.773s] DEBUG:colcon.colcon_core.package_identification:Package 'src/ros2_user_pkg' with type 'ros.ament_cmake' and name 'ros2_user_pkg'
[1.773s] Level 1:colcon.colcon_core.package_discovery:discover_packages(recursive) using defaults
[1.773s] Level 1:colcon.colcon_core.package_discovery:discover_packages(ignore) discover
[1.773s] Level 1:colcon.colcon_core.package_discovery:discover_packages(ignore) using defaults
[1.773s] Level 1:colcon.colcon_core.package_discovery:discover_packages(path) discover
[1.773s] Level 1:colcon.colcon_core.package_discovery:discover_packages(path) using defaults
[1.928s] Level 1:colcon.colcon_core.package_discovery:discover_packages(prefix_path) check parameters
[1.929s] Level 1:colcon.colcon_core.package_discovery:discover_packages(prefix_path) discover
[1.979s] DEBUG:colcon.colcon_installed_package_information.package_discovery:Found 3 installed packages in /home/tan/Documents/workspace/ROS2_py_ws/install
[2.007s] DEBUG:colcon.colcon_installed_package_information.package_discovery:Found 316 installed packages in /opt/ros/humble
[2.009s] Level 1:colcon.colcon_core.package_discovery:discover_packages(prefix_path) using defaults
[2.168s] Level 5:colcon.colcon_core.verb:set package 'my_robot_description' build argument 'cmake_args' from command line to 'None'
[2.168s] Level 5:colcon.colcon_core.verb:set package 'my_robot_description' build argument 'cmake_target' from command line to 'None'
[2.168s] Level 5:colcon.colcon_core.verb:set package 'my_robot_description' build argument 'cmake_target_skip_unavailable' from command line to 'False'
[2.168s] Level 5:colcon.colcon_core.verb:set package 'my_robot_description' build argument 'cmake_clean_cache' from command line to 'False'
[2.168s] Level 5:colcon.colcon_core.verb:set package 'my_robot_description' build argument 'cmake_clean_first' from command line to 'False'
[2.168s] Level 5:colcon.colcon_core.verb:set package 'my_robot_description' build argument 'cmake_force_configure' from command line to 'False'
[2.168s] Level 5:colcon.colcon_core.verb:set package 'my_robot_description' build argument 'ament_cmake_args' from command line to 'None'
[2.168s] Level 5:colcon.colcon_core.verb:set package 'my_robot_description' build argument 'catkin_cmake_args' from command line to 'None'
[2.168s] Level 5:colcon.colcon_core.verb:set package 'my_robot_description' build argument 'catkin_skip_building_tests' from command line to 'False'
[2.169s] DEBUG:colcon.colcon_core.verb:Building package 'my_robot_description' with the following arguments: {'ament_cmake_args': None, 'build_base': '/home/tan/Documents/workspace/ROS2_py_ws/build/my_robot_description', 'catkin_cmake_args': None, 'catkin_skip_building_tests': False, 'cmake_args': None, 'cmake_clean_cache': False, 'cmake_clean_first': False, 'cmake_force_configure': False, 'cmake_target': None, 'cmake_target_skip_unavailable': False, 'install_base': '/home/tan/Documents/workspace/ROS2_py_ws/install/my_robot_description', 'merge_install': False, 'path': '/home/tan/Documents/workspace/ROS2_py_ws/src/my_robot_description', 'symlink_install': True, 'test_result_base': None}
[2.191s] Level 5:colcon.colcon_core.verb:set package 'ros2_user_pkg' build argument 'cmake_args' from command line to 'None'
[2.191s] Level 5:colcon.colcon_core.verb:set package 'ros2_user_pkg' build argument 'cmake_target' from command line to 'None'
[2.191s] Level 5:colcon.colcon_core.verb:set package 'ros2_user_pkg' build argument 'cmake_target_skip_unavailable' from command line to 'False'
[2.191s] Level 5:colcon.colcon_core.verb:set package 'ros2_user_pkg' build argument 'cmake_clean_cache' from command line to 'False'
[2.191s] Level 5:colcon.colcon_core.verb:set package 'ros2_user_pkg' build argument 'cmake_clean_first' from command line to 'False'
[2.191s] Level 5:colcon.colcon_core.verb:set package 'ros2_user_pkg' build argument 'cmake_force_configure' from command line to 'False'
[2.191s] Level 5:colcon.colcon_core.verb:set package 'ros2_user_pkg' build argument 'ament_cmake_args' from command line to 'None'
[2.191s] Level 5:colcon.colcon_core.verb:set package 'ros2_user_pkg' build argument 'catkin_cmake_args' from command line to 'None'
[2.191s] Level 5:colcon.colcon_core.verb:set package 'ros2_user_pkg' build argument 'catkin_skip_building_tests' from command line to 'False'
[2.191s] DEBUG:colcon.colcon_core.verb:Building package 'ros2_user_pkg' with the following arguments: {'ament_cmake_args': None, 'build_base': '/home/tan/Documents/workspace/ROS2_py_ws/build/ros2_user_pkg', 'catkin_cmake_args': None, 'catkin_skip_building_tests': False, 'cmake_args': None, 'cmake_clean_cache': False, 'cmake_clean_first': False, 'cmake_force_configure': False, 'cmake_target': None, 'cmake_target_skip_unavailable': False, 'install_base': '/home/tan/Documents/workspace/ROS2_py_ws/install/ros2_user_pkg', 'merge_install': False, 'path': '/home/tan/Documents/workspace/ROS2_py_ws/src/ros2_user_pkg', 'symlink_install': True, 'test_result_base': None}
[2.217s] Level 5:colcon.colcon_core.verb:set package 'my_robot_bringup' build argument 'cmake_args' from command line to 'None'
[2.217s] Level 5:colcon.colcon_core.verb:set package 'my_robot_bringup' build argument 'cmake_target' from command line to 'None'
[2.217s] Level 5:colcon.colcon_core.verb:set package 'my_robot_bringup' build argument 'cmake_target_skip_unavailable' from command line to 'False'
[2.217s] Level 5:colcon.colcon_core.verb:set package 'my_robot_bringup' build argument 'cmake_clean_cache' from command line to 'False'
[2.217s] Level 5:colcon.colcon_core.verb:set package 'my_robot_bringup' build argument 'cmake_clean_first' from command line to 'False'
[2.217s] Level 5:colcon.colcon_core.verb:set package 'my_robot_bringup' build argument 'cmake_force_configure' from command line to 'False'
[2.217s] Level 5:colcon.colcon_core.verb:set package 'my_robot_bringup' build argument 'ament_cmake_args' from command line to 'None'
[2.217s] Level 5:colcon.colcon_core.verb:set package 'my_robot_bringup' build argument 'catkin_cmake_args' from command line to 'None'
[2.217s] Level 5:colcon.colcon_core.verb:set package 'my_robot_bringup' build argument 'catkin_skip_building_tests' from command line to 'False'
[2.217s] DEBUG:colcon.colcon_core.verb:Building package 'my_robot_bringup' with the following arguments: {'ament_cmake_args': None, 'build_base': '/home/tan/Documents/workspace/ROS2_py_ws/build/my_robot_bringup', 'catkin_cmake_args': None, 'catkin_skip_building_tests': False, 'cmake_args': None, 'cmake_clean_cache': False, 'cmake_clean_first': False, 'cmake_force_configure': False, 'cmake_target': None, 'cmake_target_skip_unavailable': False, 'install_base': '/home/tan/Documents/workspace/ROS2_py_ws/install/my_robot_bringup', 'merge_install': False, 'path': '/home/tan/Documents/workspace/ROS2_py_ws/src/my_robot_bringup', 'symlink_install': True, 'test_result_base': None}
[2.244s] INFO:colcon.colcon_core.executor:Executing jobs using 'parallel' executor
[2.272s] DEBUG:colcon.colcon_parallel_executor.executor.parallel:run_until_complete
[2.272s] INFO:colcon.colcon_ros.task.ament_cmake.build:Building ROS package in '/home/tan/Documents/workspace/ROS2_py_ws/src/my_robot_description' with build type 'ament_cmake'
[2.272s] INFO:colcon.colcon_cmake.task.cmake.build:Building CMake package in '/home/tan/Documents/workspace/ROS2_py_ws/src/my_robot_description'
[2.300s] INFO:colcon.colcon_core.plugin_system:Skipping extension 'colcon_core.shell.bat': Not used on non-Windows systems
[2.300s] INFO:colcon.colcon_core.shell:Skip shell extension 'powershell' for command environment: Not usable outside of PowerShell
[2.300s] DEBUG:colcon.colcon_core.shell:Skip shell extension 'dsv' for command environment
[2.395s] INFO:colcon.colcon_ros.task.ament_cmake.build:Building ROS package in '/home/tan/Documents/workspace/ROS2_py_ws/src/ros2_user_pkg' with build type 'ament_cmake'
[2.396s] INFO:colcon.colcon_cmake.task.cmake.build:Building CMake package in '/home/tan/Documents/workspace/ROS2_py_ws/src/ros2_user_pkg'
[2.423s] INFO:colcon.colcon_core.shell:Skip shell extension 'powershell' for command environment: Not usable outside of PowerShell
[2.423s] DEBUG:colcon.colcon_core.shell:Skip shell extension 'dsv' for command environment
[2.545s] DEBUG:colcon.colcon_core.event_handler.log_command:Invoking command in '/home/tan/Documents/workspace/ROS2_py_ws/build/my_robot_description': CMAKE_PREFIX_PATH=${CMAKE_PREFIX_PATH}:/opt/ros/humble /usr/bin/cmake --build /home/tan/Documents/workspace/ROS2_py_ws/build/my_robot_description -- -j4 -l4
[2.552s] DEBUG:colcon.colcon_core.event_handler.log_command:Invoking command in '/home/tan/Documents/workspace/ROS2_py_ws/build/ros2_user_pkg': CMAKE_PREFIX_PATH=${CMAKE_PREFIX_PATH}:/opt/ros/humble /usr/bin/cmake --build /home/tan/Documents/workspace/ROS2_py_ws/build/ros2_user_pkg -- -j4 -l4
[2.639s] DEBUG:colcon.colcon_core.event_handler.log_command:Invoked command in '/home/tan/Documents/workspace/ROS2_py_ws/build/my_robot_description' returned '0': CMAKE_PREFIX_PATH=${CMAKE_PREFIX_PATH}:/opt/ros/humble /usr/bin/cmake --build /home/tan/Documents/workspace/ROS2_py_ws/build/my_robot_description -- -j4 -l4
[2.823s] DEBUG:colcon.colcon_core.event_handler.log_command:Invoking command in '/home/tan/Documents/workspace/ROS2_py_ws/build/my_robot_description': CMAKE_PREFIX_PATH=${CMAKE_PREFIX_PATH}:/opt/ros/humble /usr/bin/cmake --install /home/tan/Documents/workspace/ROS2_py_ws/build/my_robot_description
[2.904s] Level 1:colcon.colcon_core.environment:create_environment_scripts_only(my_robot_description)
[2.916s] DEBUG:colcon.colcon_core.event_handler.log_command:Invoked command in '/home/tan/Documents/workspace/ROS2_py_ws/build/my_robot_description' returned '0': CMAKE_PREFIX_PATH=${CMAKE_PREFIX_PATH}:/opt/ros/humble /usr/bin/cmake --install /home/tan/Documents/workspace/ROS2_py_ws/build/my_robot_description
[2.984s] Level 1:colcon.colcon_core.environment:checking '/home/tan/Documents/workspace/ROS2_py_ws/install/my_robot_description' for CMake module files
[2.985s] Level 1:colcon.colcon_core.environment:checking '/home/tan/Documents/workspace/ROS2_py_ws/install/my_robot_description' for CMake config files
[2.986s] Level 1:colcon.colcon_core.shell:create_environment_hook('my_robot_description', 'cmake_prefix_path')
[3.038s] INFO:colcon.colcon_core.shell:Creating environment hook '/home/tan/Documents/workspace/ROS2_py_ws/install/my_robot_description/share/my_robot_description/hook/cmake_prefix_path.ps1'
[3.039s] INFO:colcon.colcon_core.shell:Creating environment descriptor '/home/tan/Documents/workspace/ROS2_py_ws/install/my_robot_description/share/my_robot_description/hook/cmake_prefix_path.dsv'
[3.040s] INFO:colcon.colcon_core.shell:Creating environment hook '/home/tan/Documents/workspace/ROS2_py_ws/install/my_robot_description/share/my_robot_description/hook/cmake_prefix_path.sh'
[3.042s] Level 1:colcon.colcon_core.environment:checking '/home/tan/Documents/workspace/ROS2_py_ws/install/my_robot_description/bin'
[3.042s] Level 1:colcon.colcon_core.environment:checking '/home/tan/Documents/workspace/ROS2_py_ws/install/my_robot_description/lib/pkgconfig/my_robot_description.pc'
[3.042s] Level 1:colcon.colcon_core.environment:checking '/home/tan/Documents/workspace/ROS2_py_ws/install/my_robot_description/lib/python3.10/site-packages'
[3.042s] Level 1:colcon.colcon_core.environment:checking '/home/tan/Documents/workspace/ROS2_py_ws/install/my_robot_description/bin'
[3.065s] INFO:colcon.colcon_core.shell:Creating package script '/home/tan/Documents/workspace/ROS2_py_ws/install/my_robot_description/share/my_robot_description/package.ps1'
[3.067s] INFO:colcon.colcon_core.shell:Creating package descriptor '/home/tan/Documents/workspace/ROS2_py_ws/install/my_robot_description/share/my_robot_description/package.dsv'
[3.069s] INFO:colcon.colcon_core.shell:Creating package script '/home/tan/Documents/workspace/ROS2_py_ws/install/my_robot_description/share/my_robot_description/package.sh'
[3.071s] INFO:colcon.colcon_core.shell:Creating package script '/home/tan/Documents/workspace/ROS2_py_ws/install/my_robot_description/share/my_robot_description/package.bash'
[3.072s] INFO:colcon.colcon_core.shell:Creating package script '/home/tan/Documents/workspace/ROS2_py_ws/install/my_robot_description/share/my_robot_description/package.zsh'
[3.073s] Level 1:colcon.colcon_core.environment:create_file_with_runtime_dependencies(/home/tan/Documents/workspace/ROS2_py_ws/install/my_robot_description/share/colcon-core/packages/my_robot_description)
[3.186s] Level 1:colcon.colcon_core.environment:create_environment_scripts_only(my_robot_description)
[3.257s] Level 1:colcon.colcon_core.environment:checking '/home/tan/Documents/workspace/ROS2_py_ws/install/my_robot_description' for CMake module files
[3.258s] Level 1:colcon.colcon_core.environment:checking '/home/tan/Documents/workspace/ROS2_py_ws/install/my_robot_description' for CMake config files
[3.258s] Level 1:colcon.colcon_core.shell:create_environment_hook('my_robot_description', 'cmake_prefix_path')
[3.312s] INFO:colcon.colcon_core.shell:Creating environment hook '/home/tan/Documents/workspace/ROS2_py_ws/install/my_robot_description/share/my_robot_description/hook/cmake_prefix_path.ps1'
[3.313s] INFO:colcon.colcon_core.shell:Creating environment descriptor '/home/tan/Documents/workspace/ROS2_py_ws/install/my_robot_description/share/my_robot_description/hook/cmake_prefix_path.dsv'
[3.331s] INFO:colcon.colcon_core.shell:Creating environment hook '/home/tan/Documents/workspace/ROS2_py_ws/install/my_robot_description/share/my_robot_description/hook/cmake_prefix_path.sh'
[3.333s] Level 1:colcon.colcon_core.environment:checking '/home/tan/Documents/workspace/ROS2_py_ws/install/my_robot_description/bin'
[3.333s] Level 1:colcon.colcon_core.environment:checking '/home/tan/Documents/workspace/ROS2_py_ws/install/my_robot_description/lib/pkgconfig/my_robot_description.pc'
[3.334s] Level 1:colcon.colcon_core.environment:checking '/home/tan/Documents/workspace/ROS2_py_ws/install/my_robot_description/lib/python3.10/site-packages'
[3.345s] Level 1:colcon.colcon_core.environment:checking '/home/tan/Documents/workspace/ROS2_py_ws/install/my_robot_description/bin'
[3.417s] INFO:colcon.colcon_core.shell:Creating package script '/home/tan/Documents/workspace/ROS2_py_ws/install/my_robot_description/share/my_robot_description/package.ps1'
[3.419s] INFO:colcon.colcon_core.shell:Creating package descriptor '/home/tan/Documents/workspace/ROS2_py_ws/install/my_robot_description/share/my_robot_description/package.dsv'
[3.421s] INFO:colcon.colcon_core.shell:Creating package script '/home/tan/Documents/workspace/ROS2_py_ws/install/my_robot_description/share/my_robot_description/package.sh'
[3.422s] INFO:colcon.colcon_core.shell:Creating package script '/home/tan/Documents/workspace/ROS2_py_ws/install/my_robot_description/share/my_robot_description/package.bash'
[3.433s] INFO:colcon.colcon_core.shell:Creating package script '/home/tan/Documents/workspace/ROS2_py_ws/install/my_robot_description/share/my_robot_description/package.zsh'
[3.436s] Level 1:colcon.colcon_core.environment:create_file_with_runtime_dependencies(/home/tan/Documents/workspace/ROS2_py_ws/install/my_robot_description/share/colcon-core/packages/my_robot_description)
[3.440s] INFO:colcon.colcon_ros.task.ament_cmake.build:Building ROS package in '/home/tan/Documents/workspace/ROS2_py_ws/src/my_robot_bringup' with build type 'ament_cmake'
[3.440s] INFO:colcon.colcon_cmake.task.cmake.build:Building CMake package in '/home/tan/Documents/workspace/ROS2_py_ws/src/my_robot_bringup'
[3.473s] INFO:colcon.colcon_core.shell:Skip shell extension 'powershell' for command environment: Not usable outside of PowerShell
[3.473s] DEBUG:colcon.colcon_core.shell:Skip shell extension 'dsv' for command environment
[3.671s] DEBUG:colcon.colcon_core.event_handler.log_command:Invoking command in '/home/tan/Documents/workspace/ROS2_py_ws/build/my_robot_bringup': CMAKE_PREFIX_PATH=/home/tan/Documents/workspace/ROS2_py_ws/install/my_robot_description:/home/tan/Documents/workspace/ROS2_py_ws/install/ros2_user_pkg:/opt/ros/humble /usr/bin/cmake --build /home/tan/Documents/workspace/ROS2_py_ws/build/my_robot_bringup -- -j4 -l4
[3.833s] DEBUG:colcon.colcon_core.event_handler.log_command:Invoked command in '/home/tan/Documents/workspace/ROS2_py_ws/build/my_robot_bringup' returned '0': CMAKE_PREFIX_PATH=/home/tan/Documents/workspace/ROS2_py_ws/install/my_robot_description:/home/tan/Documents/workspace/ROS2_py_ws/install/ros2_user_pkg:/opt/ros/humble /usr/bin/cmake --build /home/tan/Documents/workspace/ROS2_py_ws/build/my_robot_bringup -- -j4 -l4
[3.974s] DEBUG:colcon.colcon_core.event_handler.log_command:Invoking command in '/home/tan/Documents/workspace/ROS2_py_ws/build/my_robot_bringup': CMAKE_PREFIX_PATH=/home/tan/Documents/workspace/ROS2_py_ws/install/my_robot_description:/home/tan/Documents/workspace/ROS2_py_ws/install/ros2_user_pkg:/opt/ros/humble /usr/bin/cmake --install /home/tan/Documents/workspace/ROS2_py_ws/build/my_robot_bringup
[4.043s] DEBUG:colcon.colcon_core.event_handler.log_command:Invoked command in '/home/tan/Documents/workspace/ROS2_py_ws/build/ros2_user_pkg' returned '0': CMAKE_PREFIX_PATH=${CMAKE_PREFIX_PATH}:/opt/ros/humble /usr/bin/cmake --build /home/tan/Documents/workspace/ROS2_py_ws/build/ros2_user_pkg -- -j4 -l4
[4.068s] Level 1:colcon.colcon_core.environment:create_environment_scripts_only(my_robot_bringup)
[4.070s] DEBUG:colcon.colcon_core.event_handler.log_command:Invoked command in '/home/tan/Documents/workspace/ROS2_py_ws/build/my_robot_bringup' returned '0': CMAKE_PREFIX_PATH=/home/tan/Documents/workspace/ROS2_py_ws/install/my_robot_description:/home/tan/Documents/workspace/ROS2_py_ws/install/ros2_user_pkg:/opt/ros/humble /usr/bin/cmake --install /home/tan/Documents/workspace/ROS2_py_ws/build/my_robot_bringup
[4.122s] Level 1:colcon.colcon_core.environment:checking '/home/tan/Documents/workspace/ROS2_py_ws/install/my_robot_bringup' for CMake module files
[4.124s] Level 1:colcon.colcon_core.environment:checking '/home/tan/Documents/workspace/ROS2_py_ws/install/my_robot_bringup' for CMake config files
[4.125s] Level 1:colcon.colcon_core.shell:create_environment_hook('my_robot_bringup', 'cmake_prefix_path')
[4.183s] INFO:colcon.colcon_core.shell:Creating environment hook '/home/tan/Documents/workspace/ROS2_py_ws/install/my_robot_bringup/share/my_robot_bringup/hook/cmake_prefix_path.ps1'
[4.185s] INFO:colcon.colcon_core.shell:Creating environment descriptor '/home/tan/Documents/workspace/ROS2_py_ws/install/my_robot_bringup/share/my_robot_bringup/hook/cmake_prefix_path.dsv'
[4.191s] INFO:colcon.colcon_core.shell:Creating environment hook '/home/tan/Documents/workspace/ROS2_py_ws/install/my_robot_bringup/share/my_robot_bringup/hook/cmake_prefix_path.sh'
[4.195s] Level 1:colcon.colcon_core.environment:checking '/home/tan/Documents/workspace/ROS2_py_ws/install/my_robot_bringup/bin'
[4.196s] Level 1:colcon.colcon_core.environment:checking '/home/tan/Documents/workspace/ROS2_py_ws/install/my_robot_bringup/lib/pkgconfig/my_robot_bringup.pc'
[4.197s] Level 1:colcon.colcon_core.environment:checking '/home/tan/Documents/workspace/ROS2_py_ws/install/my_robot_bringup/lib/python3.10/site-packages'
[4.201s] Level 1:colcon.colcon_core.environment:checking '/home/tan/Documents/workspace/ROS2_py_ws/install/my_robot_bringup/bin'
[4.256s] INFO:colcon.colcon_core.shell:Creating package script '/home/tan/Documents/workspace/ROS2_py_ws/install/my_robot_bringup/share/my_robot_bringup/package.ps1'
[4.258s] INFO:colcon.colcon_core.shell:Creating package descriptor '/home/tan/Documents/workspace/ROS2_py_ws/install/my_robot_bringup/share/my_robot_bringup/package.dsv'
[4.264s] INFO:colcon.colcon_core.shell:Creating package script '/home/tan/Documents/workspace/ROS2_py_ws/install/my_robot_bringup/share/my_robot_bringup/package.sh'
[4.265s] INFO:colcon.colcon_core.shell:Creating package script '/home/tan/Documents/workspace/ROS2_py_ws/install/my_robot_bringup/share/my_robot_bringup/package.bash'
[4.268s] INFO:colcon.colcon_core.shell:Creating package script '/home/tan/Documents/workspace/ROS2_py_ws/install/my_robot_bringup/share/my_robot_bringup/package.zsh'
[4.269s] Level 1:colcon.colcon_core.environment:create_file_with_runtime_dependencies(/home/tan/Documents/workspace/ROS2_py_ws/install/my_robot_bringup/share/colcon-core/packages/my_robot_bringup)
[4.389s] Level 1:colcon.colcon_core.environment:create_environment_scripts_only(my_robot_bringup)
[4.421s] Level 1:colcon.colcon_core.environment:checking '/home/tan/Documents/workspace/ROS2_py_ws/install/my_robot_bringup' for CMake module files
[4.421s] Level 1:colcon.colcon_core.environment:checking '/home/tan/Documents/workspace/ROS2_py_ws/install/my_robot_bringup' for CMake config files
[4.422s] Level 1:colcon.colcon_core.shell:create_environment_hook('my_robot_bringup', 'cmake_prefix_path')
[4.459s] INFO:colcon.colcon_core.shell:Creating environment hook '/home/tan/Documents/workspace/ROS2_py_ws/install/my_robot_bringup/share/my_robot_bringup/hook/cmake_prefix_path.ps1'
[4.462s] INFO:colcon.colcon_core.shell:Creating environment descriptor '/home/tan/Documents/workspace/ROS2_py_ws/install/my_robot_bringup/share/my_robot_bringup/hook/cmake_prefix_path.dsv'
[4.468s] INFO:colcon.colcon_core.shell:Creating environment hook '/home/tan/Documents/workspace/ROS2_py_ws/install/my_robot_bringup/share/my_robot_bringup/hook/cmake_prefix_path.sh'
[4.469s] Level 1:colcon.colcon_core.environment:checking '/home/tan/Documents/workspace/ROS2_py_ws/install/my_robot_bringup/bin'
[4.469s] Level 1:colcon.colcon_core.environment:checking '/home/tan/Documents/workspace/ROS2_py_ws/install/my_robot_bringup/lib/pkgconfig/my_robot_bringup.pc'
[4.470s] Level 1:colcon.colcon_core.environment:checking '/home/tan/Documents/workspace/ROS2_py_ws/install/my_robot_bringup/lib/python3.10/site-packages'
[4.470s] Level 1:colcon.colcon_core.environment:checking '/home/tan/Documents/workspace/ROS2_py_ws/install/my_robot_bringup/bin'
[4.504s] INFO:colcon.colcon_core.shell:Creating package script '/home/tan/Documents/workspace/ROS2_py_ws/install/my_robot_bringup/share/my_robot_bringup/package.ps1'
[4.507s] INFO:colcon.colcon_core.shell:Creating package descriptor '/home/tan/Documents/workspace/ROS2_py_ws/install/my_robot_bringup/share/my_robot_bringup/package.dsv'
[4.509s] INFO:colcon.colcon_core.shell:Creating package script '/home/tan/Documents/workspace/ROS2_py_ws/install/my_robot_bringup/share/my_robot_bringup/package.sh'
[4.510s] INFO:colcon.colcon_core.shell:Creating package script '/home/tan/Documents/workspace/ROS2_py_ws/install/my_robot_bringup/share/my_robot_bringup/package.bash'
[4.513s] INFO:colcon.colcon_core.shell:Creating package script '/home/tan/Documents/workspace/ROS2_py_ws/install/my_robot_bringup/share/my_robot_bringup/package.zsh'
[4.514s] Level 1:colcon.colcon_core.environment:create_file_with_runtime_dependencies(/home/tan/Documents/workspace/ROS2_py_ws/install/my_robot_bringup/share/colcon-core/packages/my_robot_bringup)
[4.540s] DEBUG:colcon.colcon_core.event_handler.log_command:Invoking command in '/home/tan/Documents/workspace/ROS2_py_ws/build/ros2_user_pkg': CMAKE_PREFIX_PATH=${CMAKE_PREFIX_PATH}:/opt/ros/humble /usr/bin/cmake --install /home/tan/Documents/workspace/ROS2_py_ws/build/ros2_user_pkg
[4.864s] Level 1:colcon.colcon_core.environment:create_environment_scripts_only(ros2_user_pkg)
[4.875s] DEBUG:colcon.colcon_core.event_handler.log_command:Invoked command in '/home/tan/Documents/workspace/ROS2_py_ws/build/ros2_user_pkg' returned '0': CMAKE_PREFIX_PATH=${CMAKE_PREFIX_PATH}:/opt/ros/humble /usr/bin/cmake --install /home/tan/Documents/workspace/ROS2_py_ws/build/ros2_user_pkg
[4.897s] Level 1:colcon.colcon_core.environment:checking '/home/tan/Documents/workspace/ROS2_py_ws/install/ros2_user_pkg' for CMake module files
[4.900s] Level 1:colcon.colcon_core.environment:checking '/home/tan/Documents/workspace/ROS2_py_ws/install/ros2_user_pkg' for CMake config files
[4.901s] Level 1:colcon.colcon_core.shell:create_environment_hook('ros2_user_pkg', 'cmake_prefix_path')
[4.936s] INFO:colcon.colcon_core.shell:Creating environment hook '/home/tan/Documents/workspace/ROS2_py_ws/install/ros2_user_pkg/share/ros2_user_pkg/hook/cmake_prefix_path.ps1'
[4.938s] INFO:colcon.colcon_core.shell:Creating environment descriptor '/home/tan/Documents/workspace/ROS2_py_ws/install/ros2_user_pkg/share/ros2_user_pkg/hook/cmake_prefix_path.dsv'
[4.939s] INFO:colcon.colcon_core.shell:Creating environment hook '/home/tan/Documents/workspace/ROS2_py_ws/install/ros2_user_pkg/share/ros2_user_pkg/hook/cmake_prefix_path.sh'
[4.942s] Level 1:colcon.colcon_core.environment:checking '/home/tan/Documents/workspace/ROS2_py_ws/install/ros2_user_pkg/lib'
[4.943s] Level 1:colcon.colcon_core.shell:create_environment_hook('ros2_user_pkg', 'ld_library_path_lib')
[4.972s] INFO:colcon.colcon_core.shell:Creating environment hook '/home/tan/Documents/workspace/ROS2_py_ws/install/ros2_user_pkg/share/ros2_user_pkg/hook/ld_library_path_lib.ps1'
[4.973s] INFO:colcon.colcon_core.shell:Creating environment descriptor '/home/tan/Documents/workspace/ROS2_py_ws/install/ros2_user_pkg/share/ros2_user_pkg/hook/ld_library_path_lib.dsv'
[4.973s] INFO:colcon.colcon_core.shell:Creating environment hook '/home/tan/Documents/workspace/ROS2_py_ws/install/ros2_user_pkg/share/ros2_user_pkg/hook/ld_library_path_lib.sh'
[4.974s] Level 1:colcon.colcon_core.environment:checking '/home/tan/Documents/workspace/ROS2_py_ws/install/ros2_user_pkg/bin'
[4.974s] Level 1:colcon.colcon_core.environment:checking '/home/tan/Documents/workspace/ROS2_py_ws/install/ros2_user_pkg/lib/pkgconfig/ros2_user_pkg.pc'
[4.975s] Level 1:colcon.colcon_core.environment:checking '/home/tan/Documents/workspace/ROS2_py_ws/install/ros2_user_pkg/lib/python3.10/site-packages'
[4.975s] Level 1:colcon.colcon_core.environment:checking '/home/tan/Documents/workspace/ROS2_py_ws/install/ros2_user_pkg/bin'
[5.001s] INFO:colcon.colcon_core.shell:Creating package script '/home/tan/Documents/workspace/ROS2_py_ws/install/ros2_user_pkg/share/ros2_user_pkg/package.ps1'
[5.003s] INFO:colcon.colcon_core.shell:Creating package descriptor '/home/tan/Documents/workspace/ROS2_py_ws/install/ros2_user_pkg/share/ros2_user_pkg/package.dsv'
[5.004s] INFO:colcon.colcon_core.shell:Creating package script '/home/tan/Documents/workspace/ROS2_py_ws/install/ros2_user_pkg/share/ros2_user_pkg/package.sh'
[5.005s] INFO:colcon.colcon_core.shell:Creating package script '/home/tan/Documents/workspace/ROS2_py_ws/install/ros2_user_pkg/share/ros2_user_pkg/package.bash'
[5.006s] INFO:colcon.colcon_core.shell:Creating package script '/home/tan/Documents/workspace/ROS2_py_ws/install/ros2_user_pkg/share/ros2_user_pkg/package.zsh'
[5.007s] Level 1:colcon.colcon_core.environment:create_file_with_runtime_dependencies(/home/tan/Documents/workspace/ROS2_py_ws/install/ros2_user_pkg/share/colcon-core/packages/ros2_user_pkg)
[5.281s] Level 1:colcon.colcon_core.environment:create_environment_scripts_only(ros2_user_pkg)
[5.314s] Level 1:colcon.colcon_core.environment:checking '/home/tan/Documents/workspace/ROS2_py_ws/install/ros2_user_pkg' for CMake module files
[5.316s] Level 1:colcon.colcon_core.environment:checking '/home/tan/Documents/workspace/ROS2_py_ws/install/ros2_user_pkg' for CMake config files
[5.318s] Level 1:colcon.colcon_core.shell:create_environment_hook('ros2_user_pkg', 'cmake_prefix_path')
[5.349s] INFO:colcon.colcon_core.shell:Creating environment hook '/home/tan/Documents/workspace/ROS2_py_ws/install/ros2_user_pkg/share/ros2_user_pkg/hook/cmake_prefix_path.ps1'
[5.350s] INFO:colcon.colcon_core.shell:Creating environment descriptor '/home/tan/Documents/workspace/ROS2_py_ws/install/ros2_user_pkg/share/ros2_user_pkg/hook/cmake_prefix_path.dsv'
[5.351s] INFO:colcon.colcon_core.shell:Creating environment hook '/home/tan/Documents/workspace/ROS2_py_ws/install/ros2_user_pkg/share/ros2_user_pkg/hook/cmake_prefix_path.sh'
[5.352s] Level 1:colcon.colcon_core.environment:checking '/home/tan/Documents/workspace/ROS2_py_ws/install/ros2_user_pkg/lib'
[5.352s] Level 1:colcon.colcon_core.shell:create_environment_hook('ros2_user_pkg', 'ld_library_path_lib')
[5.374s] INFO:colcon.colcon_core.shell:Creating environment hook '/home/tan/Documents/workspace/ROS2_py_ws/install/ros2_user_pkg/share/ros2_user_pkg/hook/ld_library_path_lib.ps1'
[5.375s] INFO:colcon.colcon_core.shell:Creating environment descriptor '/home/tan/Documents/workspace/ROS2_py_ws/install/ros2_user_pkg/share/ros2_user_pkg/hook/ld_library_path_lib.dsv'
[5.376s] INFO:colcon.colcon_core.shell:Creating environment hook '/home/tan/Documents/workspace/ROS2_py_ws/install/ros2_user_pkg/share/ros2_user_pkg/hook/ld_library_path_lib.sh'
[5.376s] Level 1:colcon.colcon_core.environment:checking '/home/tan/Documents/workspace/ROS2_py_ws/install/ros2_user_pkg/bin'
[5.377s] Level 1:colcon.colcon_core.environment:checking '/home/tan/Documents/workspace/ROS2_py_ws/install/ros2_user_pkg/lib/pkgconfig/ros2_user_pkg.pc'
[5.377s] Level 1:colcon.colcon_core.environment:checking '/home/tan/Documents/workspace/ROS2_py_ws/install/ros2_user_pkg/lib/python3.10/site-packages'
[5.377s] Level 1:colcon.colcon_core.environment:checking '/home/tan/Documents/workspace/ROS2_py_ws/install/ros2_user_pkg/bin'
[5.398s] INFO:colcon.colcon_core.shell:Creating package script '/home/tan/Documents/workspace/ROS2_py_ws/install/ros2_user_pkg/share/ros2_user_pkg/package.ps1'
[5.399s] INFO:colcon.colcon_core.shell:Creating package descriptor '/home/tan/Documents/workspace/ROS2_py_ws/install/ros2_user_pkg/share/ros2_user_pkg/package.dsv'
[5.400s] INFO:colcon.colcon_core.shell:Creating package script '/home/tan/Documents/workspace/ROS2_py_ws/install/ros2_user_pkg/share/ros2_user_pkg/package.sh'
[5.401s] INFO:colcon.colcon_core.shell:Creating package script '/home/tan/Documents/workspace/ROS2_py_ws/install/ros2_user_pkg/share/ros2_user_pkg/package.bash'
[5.401s] INFO:colcon.colcon_core.shell:Creating package script '/home/tan/Documents/workspace/ROS2_py_ws/install/ros2_user_pkg/share/ros2_user_pkg/package.zsh'
[5.402s] Level 1:colcon.colcon_core.environment:create_file_with_runtime_dependencies(/home/tan/Documents/workspace/ROS2_py_ws/install/ros2_user_pkg/share/colcon-core/packages/ros2_user_pkg)
[5.404s] DEBUG:colcon.colcon_parallel_executor.executor.parallel:closing loop
[5.404s] DEBUG:colcon.colcon_parallel_executor.executor.parallel:loop closed
[5.404s] DEBUG:colcon.colcon_parallel_executor.executor.parallel:run_until_complete finished with '0'
[5.404s] DEBUG:colcon.colcon_core.event_reactor:joining thread
[5.436s] INFO:colcon.colcon_core.plugin_system:Skipping extension 'colcon_notification.desktop_notification.terminal_notifier': Not used on non-Darwin systems
[5.436s] INFO:colcon.colcon_core.plugin_system:Skipping extension 'colcon_notification.desktop_notification.win32': Not used on non-Windows systems
[5.436s] INFO:colcon.colcon_notification.desktop_notification:Sending desktop notification using 'notify2'
[5.455s] DEBUG:colcon.colcon_core.event_reactor:joined thread
[5.489s] INFO:colcon.colcon_core.shell:Creating prefix script '/home/tan/Documents/workspace/ROS2_py_ws/install/local_setup.ps1'
[5.491s] INFO:colcon.colcon_core.shell:Creating prefix util module '/home/tan/Documents/workspace/ROS2_py_ws/install/_local_setup_util_ps1.py'
[5.495s] INFO:colcon.colcon_core.shell:Creating prefix chain script '/home/tan/Documents/workspace/ROS2_py_ws/install/setup.ps1'
[5.521s] INFO:colcon.colcon_core.shell:Creating prefix script '/home/tan/Documents/workspace/ROS2_py_ws/install/local_setup.sh'
[5.522s] INFO:colcon.colcon_core.shell:Creating prefix util module '/home/tan/Documents/workspace/ROS2_py_ws/install/_local_setup_util_sh.py'
[5.523s] INFO:colcon.colcon_core.shell:Creating prefix chain script '/home/tan/Documents/workspace/ROS2_py_ws/install/setup.sh'
[5.557s] INFO:colcon.colcon_core.shell:Creating prefix script '/home/tan/Documents/workspace/ROS2_py_ws/install/local_setup.bash'
[5.559s] INFO:colcon.colcon_core.shell:Creating prefix chain script '/home/tan/Documents/workspace/ROS2_py_ws/install/setup.bash'
[5.599s] INFO:colcon.colcon_core.shell:Creating prefix script '/home/tan/Documents/workspace/ROS2_py_ws/install/local_setup.zsh'
[5.600s] INFO:colcon.colcon_core.shell:Creating prefix chain script '/home/tan/Documents/workspace/ROS2_py_ws/install/setup.zsh'
