[0.000000] (-) TimerEvent: {}
[0.000607] (my_robot_description) JobQueued: {'identifier': 'my_robot_description', 'dependencies': OrderedDict()}
[0.000814] (ros2_user_pkg) JobQueued: {'identifier': 'ros2_user_pkg', 'dependencies': OrderedDict()}
[0.000878] (my_robot_description) JobStarted: {'identifier': 'my_robot_description'}
[0.099092] (-) TimerEvent: {}
[0.111204] (ros2_user_pkg) JobStarted: {'identifier': 'ros2_user_pkg'}
[0.199291] (-) TimerEvent: {}
[0.221453] (my_robot_description) JobProgress: {'identifier': 'my_robot_description', 'progress': 'cmake'}
[0.223946] (my_robot_description) JobProgress: {'identifier': 'my_robot_description', 'progress': 'build'}
[0.229465] (my_robot_description) Command: {'cmd': ['/usr/bin/cmake', '--build', '/home/tan/Documents/workspace/ROS2_py_ws/build/my_robot_description', '--', '-j4', '-l4'], 'cwd': '/home/tan/Documents/workspace/ROS2_py_ws/build/my_robot_description', 'env': OrderedDict([('GJS_DEBUG_TOPICS', 'JS ERROR;JS LOG'), ('LESSOPEN', '| /usr/bin/lesspipe %s'), ('LANGUAGE', 'en_US:'), ('USER', 'tan'), ('LC_TIME', 'vi_VN'), ('GIO_MODULE_DIR', '/home/tan/snap/code/common/.cache/gio-modules'), ('XDG_SESSION_TYPE', 'wayland'), ('GTK_EXE_PREFIX_VSCODE_SNAP_ORIG', ''), ('GDK_BACKEND_VSCODE_SNAP_ORIG', ''), ('SHLVL', '1'), ('LD_LIBRARY_PATH', '/home/tan/Documents/workspace/ROS2_py_ws/install/ros2_user_pkg/lib:/opt/ros/humble/opt/rviz_ogre_vendor/lib:/opt/ros/humble/lib/x86_64-linux-gnu:/opt/ros/humble/lib'), ('HOME', '/home/tan'), ('CHROME_DESKTOP', 'code-url-handler.desktop'), ('LOCPATH_VSCODE_SNAP_ORIG', ''), ('TERM_PROGRAM_VERSION', '1.83.1'), ('DESKTOP_SESSION', 'ubuntu'), ('GTK_PATH', '/snap/code/143/usr/lib/x86_64-linux-gnu/gtk-3.0'), ('GTK_IM_MODULE_FILE', '/home/tan/snap/code/common/.cache/immodules/immodules.cache'), ('GIO_LAUNCHED_DESKTOP_FILE', '/var/lib/snapd/desktop/applications/code_code.desktop'), ('ROS_PYTHON_VERSION', '3'), ('GNOME_SHELL_SESSION_MODE', 'ubuntu'), ('GTK_MODULES', 'gail:atk-bridge'), ('GSETTINGS_SCHEMA_DIR_VSCODE_SNAP_ORIG', ''), ('LC_MONETARY', 'vi_VN'), ('MANAGERPID', '1012'), ('SYSTEMD_EXEC_PID', '1195'), ('IM_CONFIG_CHECK_ENV', '1'), ('DBUS_SESSION_BUS_ADDRESS', 'unix:path=/run/user/1000/bus'), ('COLORTERM', 'truecolor'), ('GIO_LAUNCHED_DESKTOP_FILE_PID', '2247'), ('IM_CONFIG_PHASE', '1'), ('WAYLAND_DISPLAY', 'wayland-0'), ('COLCON_PREFIX_PATH', '/home/tan/Documents/workspace/ROS2_py_ws/install'), ('ROS_DISTRO', 'humble'), ('LOGNAME', 'tan'), ('JOURNAL_STREAM', '8:30344'), ('_', '/usr/bin/colcon'), ('ROS_VERSION', '2'), ('XDG_CONFIG_DIRS_VSCODE_SNAP_ORIG', '/etc/xdg/xdg-ubuntu:/etc/xdg'), ('XDG_SESSION_CLASS', 'user'), ('XDG_DATA_DIRS_VSCODE_SNAP_ORIG', '/usr/share/ubuntu:/usr/local/share/:/usr/share/:/var/lib/snapd/desktop'), ('USERNAME', 'tan'), ('TERM', 'xterm-256color'), ('GNOME_DESKTOP_SESSION_ID', 'this-is-deprecated'), ('ROS_LOCALHOST_ONLY', '0'), ('PATH', '/opt/ros/humble/bin:/usr/local/sbin:/usr/local/bin:/usr/sbin:/usr/bin:/sbin:/bin:/usr/games:/usr/local/games:/snap/bin:/snap/bin'), ('SESSION_MANAGER', 'local/tan-virtual-machine:@/tmp/.ICE-unix/1176,unix/tan-virtual-machine:/tmp/.ICE-unix/1176'), ('GTK_EXE_PREFIX', '/snap/code/143/usr'), ('INVOCATION_ID', '9770b2aa3e4a4b9db006186fb775401c'), ('XDG_MENU_PREFIX', 'gnome-'), ('LC_ADDRESS', 'vi_VN'), ('BAMF_DESKTOP_FILE_HINT', '/var/lib/snapd/desktop/applications/code_code.desktop'), ('GNOME_SETUP_DISPLAY', ':1'), ('XDG_RUNTIME_DIR', '/run/user/1000'), ('GDK_BACKEND', 'x11'), ('DISPLAY', ':0'), ('LOCPATH', '/snap/code/143/usr/lib/locale'), ('LANG', 'en_US.UTF-8'), ('XDG_CURRENT_DESKTOP', 'Unity'), ('LC_TELEPHONE', 'vi_VN'), ('GIO_MODULE_DIR_VSCODE_SNAP_ORIG', ''), ('XMODIFIERS', '@im=ibus'), ('XDG_SESSION_DESKTOP', 'ubuntu'), ('XAUTHORITY', '/run/user/1000/.mutter-Xwaylandauth.ZOAKC2'), ('LS_COLORS', ''), ('TERM_PROGRAM', 'vscode'), ('SSH_AGENT_LAUNCHER', 'gnome-keyring'), ('SSH_AUTH_SOCK', '/run/user/1000/keyring/ssh'), ('GSETTINGS_SCHEMA_DIR', '/home/tan/snap/code/143/.local/share/glib-2.0/schemas'), ('AMENT_PREFIX_PATH', '/home/tan/Documents/workspace/ROS2_py_ws/install/ros2_user_pkg:/home/tan/Documents/workspace/ROS2_py_ws/install/my_robot_description:/opt/ros/humble'), ('ORIGINAL_XDG_CURRENT_DESKTOP', 'ubuntu:GNOME'), ('SHELL', '/bin/bash'), ('LC_NAME', 'vi_VN'), ('QT_ACCESSIBILITY', '1'), ('GDMSESSION', 'ubuntu'), ('LESSCLOSE', '/usr/bin/lesspipe %s %s'), ('GTK_PATH_VSCODE_SNAP_ORIG', ''), ('GTK_IM_MODULE_FILE_VSCODE_SNAP_ORIG', ''), ('LC_MEASUREMENT', 'vi_VN'), ('GJS_DEBUG_OUTPUT', 'stderr'), ('LC_IDENTIFICATION', 'vi_VN'), ('QT_IM_MODULE', 'ibus'), ('PWD', '/home/tan/Documents/workspace/ROS2_py_ws/build/my_robot_description'), ('LC_ALL', 'en_US.UTF-8'), ('XDG_CONFIG_DIRS', '/etc/xdg/xdg-ubuntu:/etc/xdg'), ('XDG_DATA_DIRS', '/home/tan/snap/code/143/.local/share:/home/tan/snap/code/143:/snap/code/143/usr/share:/usr/share/ubuntu:/usr/local/share/:/usr/share/:/var/lib/snapd/desktop'), ('PYTHONPATH', '/home/tan/Documents/workspace/ROS2_py_ws/install/ros2_user_pkg/local/lib/python3.10/dist-packages:/opt/ros/humble/lib/python3.10/site-packages:/opt/ros/humble/local/lib/python3.10/dist-packages'), ('LC_NUMERIC', 'vi_VN'), ('LC_PAPER', 'vi_VN'), ('COLCON', '1'), ('CMAKE_PREFIX_PATH', '/home/tan/Documents/workspace/ROS2_py_ws/install/ros2_user_pkg:/home/tan/Documents/workspace/ROS2_py_ws/install/my_robot_description:/opt/ros/humble')]), 'shell': False}
[0.239713] (ros2_user_pkg) JobProgress: {'identifier': 'ros2_user_pkg', 'progress': 'cmake'}
[0.243235] (ros2_user_pkg) JobProgress: {'identifier': 'ros2_user_pkg', 'progress': 'build'}
[0.243747] (ros2_user_pkg) Command: {'cmd': ['/usr/bin/cmake', '--build', '/home/tan/Documents/workspace/ROS2_py_ws/build/ros2_user_pkg', '--', '-j4', '-l4'], 'cwd': '/home/tan/Documents/workspace/ROS2_py_ws/build/ros2_user_pkg', 'env': OrderedDict([('GJS_DEBUG_TOPICS', 'JS ERROR;JS LOG'), ('LESSOPEN', '| /usr/bin/lesspipe %s'), ('LANGUAGE', 'en_US:'), ('USER', 'tan'), ('LC_TIME', 'vi_VN'), ('GIO_MODULE_DIR', '/home/tan/snap/code/common/.cache/gio-modules'), ('XDG_SESSION_TYPE', 'wayland'), ('GTK_EXE_PREFIX_VSCODE_SNAP_ORIG', ''), ('GDK_BACKEND_VSCODE_SNAP_ORIG', ''), ('SHLVL', '1'), ('LD_LIBRARY_PATH', '/home/tan/Documents/workspace/ROS2_py_ws/install/ros2_user_pkg/lib:/opt/ros/humble/opt/rviz_ogre_vendor/lib:/opt/ros/humble/lib/x86_64-linux-gnu:/opt/ros/humble/lib'), ('HOME', '/home/tan'), ('CHROME_DESKTOP', 'code-url-handler.desktop'), ('LOCPATH_VSCODE_SNAP_ORIG', ''), ('TERM_PROGRAM_VERSION', '1.83.1'), ('DESKTOP_SESSION', 'ubuntu'), ('GTK_PATH', '/snap/code/143/usr/lib/x86_64-linux-gnu/gtk-3.0'), ('GTK_IM_MODULE_FILE', '/home/tan/snap/code/common/.cache/immodules/immodules.cache'), ('GIO_LAUNCHED_DESKTOP_FILE', '/var/lib/snapd/desktop/applications/code_code.desktop'), ('ROS_PYTHON_VERSION', '3'), ('GNOME_SHELL_SESSION_MODE', 'ubuntu'), ('GTK_MODULES', 'gail:atk-bridge'), ('GSETTINGS_SCHEMA_DIR_VSCODE_SNAP_ORIG', ''), ('LC_MONETARY', 'vi_VN'), ('MANAGERPID', '1012'), ('SYSTEMD_EXEC_PID', '1195'), ('IM_CONFIG_CHECK_ENV', '1'), ('DBUS_SESSION_BUS_ADDRESS', 'unix:path=/run/user/1000/bus'), ('COLORTERM', 'truecolor'), ('GIO_LAUNCHED_DESKTOP_FILE_PID', '2247'), ('IM_CONFIG_PHASE', '1'), ('WAYLAND_DISPLAY', 'wayland-0'), ('COLCON_PREFIX_PATH', '/home/tan/Documents/workspace/ROS2_py_ws/install'), ('ROS_DISTRO', 'humble'), ('LOGNAME', 'tan'), ('JOURNAL_STREAM', '8:30344'), ('_', '/usr/bin/colcon'), ('ROS_VERSION', '2'), ('XDG_CONFIG_DIRS_VSCODE_SNAP_ORIG', '/etc/xdg/xdg-ubuntu:/etc/xdg'), ('XDG_SESSION_CLASS', 'user'), ('XDG_DATA_DIRS_VSCODE_SNAP_ORIG', '/usr/share/ubuntu:/usr/local/share/:/usr/share/:/var/lib/snapd/desktop'), ('USERNAME', 'tan'), ('TERM', 'xterm-256color'), ('GNOME_DESKTOP_SESSION_ID', 'this-is-deprecated'), ('ROS_LOCALHOST_ONLY', '0'), ('PATH', '/opt/ros/humble/bin:/usr/local/sbin:/usr/local/bin:/usr/sbin:/usr/bin:/sbin:/bin:/usr/games:/usr/local/games:/snap/bin:/snap/bin'), ('SESSION_MANAGER', 'local/tan-virtual-machine:@/tmp/.ICE-unix/1176,unix/tan-virtual-machine:/tmp/.ICE-unix/1176'), ('GTK_EXE_PREFIX', '/snap/code/143/usr'), ('INVOCATION_ID', '9770b2aa3e4a4b9db006186fb775401c'), ('XDG_MENU_PREFIX', 'gnome-'), ('LC_ADDRESS', 'vi_VN'), ('BAMF_DESKTOP_FILE_HINT', '/var/lib/snapd/desktop/applications/code_code.desktop'), ('GNOME_SETUP_DISPLAY', ':1'), ('XDG_RUNTIME_DIR', '/run/user/1000'), ('GDK_BACKEND', 'x11'), ('DISPLAY', ':0'), ('LOCPATH', '/snap/code/143/usr/lib/locale'), ('LANG', 'en_US.UTF-8'), ('XDG_CURRENT_DESKTOP', 'Unity'), ('LC_TELEPHONE', 'vi_VN'), ('GIO_MODULE_DIR_VSCODE_SNAP_ORIG', ''), ('XMODIFIERS', '@im=ibus'), ('XDG_SESSION_DESKTOP', 'ubuntu'), ('XAUTHORITY', '/run/user/1000/.mutter-Xwaylandauth.ZOAKC2'), ('LS_COLORS', ''), ('TERM_PROGRAM', 'vscode'), ('SSH_AGENT_LAUNCHER', 'gnome-keyring'), ('SSH_AUTH_SOCK', '/run/user/1000/keyring/ssh'), ('GSETTINGS_SCHEMA_DIR', '/home/tan/snap/code/143/.local/share/glib-2.0/schemas'), ('AMENT_PREFIX_PATH', '/home/tan/Documents/workspace/ROS2_py_ws/install/ros2_user_pkg:/home/tan/Documents/workspace/ROS2_py_ws/install/my_robot_description:/opt/ros/humble'), ('ORIGINAL_XDG_CURRENT_DESKTOP', 'ubuntu:GNOME'), ('SHELL', '/bin/bash'), ('LC_NAME', 'vi_VN'), ('QT_ACCESSIBILITY', '1'), ('GDMSESSION', 'ubuntu'), ('LESSCLOSE', '/usr/bin/lesspipe %s %s'), ('GTK_PATH_VSCODE_SNAP_ORIG', ''), ('GTK_IM_MODULE_FILE_VSCODE_SNAP_ORIG', ''), ('LC_MEASUREMENT', 'vi_VN'), ('GJS_DEBUG_OUTPUT', 'stderr'), ('LC_IDENTIFICATION', 'vi_VN'), ('QT_IM_MODULE', 'ibus'), ('PWD', '/home/tan/Documents/workspace/ROS2_py_ws/build/ros2_user_pkg'), ('LC_ALL', 'en_US.UTF-8'), ('XDG_CONFIG_DIRS', '/etc/xdg/xdg-ubuntu:/etc/xdg'), ('XDG_DATA_DIRS', '/home/tan/snap/code/143/.local/share:/home/tan/snap/code/143:/snap/code/143/usr/share:/usr/share/ubuntu:/usr/local/share/:/usr/share/:/var/lib/snapd/desktop'), ('PYTHONPATH', '/home/tan/Documents/workspace/ROS2_py_ws/install/ros2_user_pkg/local/lib/python3.10/dist-packages:/opt/ros/humble/lib/python3.10/site-packages:/opt/ros/humble/local/lib/python3.10/dist-packages'), ('LC_NUMERIC', 'vi_VN'), ('LC_PAPER', 'vi_VN'), ('COLCON', '1'), ('CMAKE_PREFIX_PATH', '/home/tan/Documents/workspace/ROS2_py_ws/install/ros2_user_pkg:/home/tan/Documents/workspace/ROS2_py_ws/install/my_robot_description:/opt/ros/humble')]), 'shell': False}
[0.299497] (-) TimerEvent: {}
[0.348850] (my_robot_description) CommandEnded: {'returncode': 0}
[0.383829] (ros2_user_pkg) StdoutLine: {'line': b'[  2%] Built target ros2_user_pkg__cpp\n'}
[0.399700] (-) TimerEvent: {}
[0.406407] (ros2_user_pkg) StdoutLine: {'line': b'[  2%] Built target ament_cmake_python_symlink_scripts\n'}
[0.426452] (ros2_user_pkg) StdoutLine: {'line': b'[ 12%] Built target ros2_user_pkg__rosidl_generator_c\n'}
[0.451046] (ros2_user_pkg) StdoutLine: {'line': b'[ 12%] Built target ament_cmake_python_symlink_ros2_user_pkg\n'}
[0.458605] (my_robot_description) JobProgress: {'identifier': 'my_robot_description', 'progress': 'install'}
[0.471738] (ros2_user_pkg) StdoutLine: {'line': b'[ 23%] Built target ros2_user_pkg__rosidl_typesupport_cpp\n'}
[0.491195] (my_robot_description) Command: {'cmd': ['/usr/bin/cmake', '--install', '/home/tan/Documents/workspace/ROS2_py_ws/build/my_robot_description'], 'cwd': '/home/tan/Documents/workspace/ROS2_py_ws/build/my_robot_description', 'env': OrderedDict([('GJS_DEBUG_TOPICS', 'JS ERROR;JS LOG'), ('LESSOPEN', '| /usr/bin/lesspipe %s'), ('LANGUAGE', 'en_US:'), ('USER', 'tan'), ('LC_TIME', 'vi_VN'), ('GIO_MODULE_DIR', '/home/tan/snap/code/common/.cache/gio-modules'), ('XDG_SESSION_TYPE', 'wayland'), ('GTK_EXE_PREFIX_VSCODE_SNAP_ORIG', ''), ('GDK_BACKEND_VSCODE_SNAP_ORIG', ''), ('SHLVL', '1'), ('LD_LIBRARY_PATH', '/home/tan/Documents/workspace/ROS2_py_ws/install/ros2_user_pkg/lib:/opt/ros/humble/opt/rviz_ogre_vendor/lib:/opt/ros/humble/lib/x86_64-linux-gnu:/opt/ros/humble/lib'), ('HOME', '/home/tan'), ('CHROME_DESKTOP', 'code-url-handler.desktop'), ('LOCPATH_VSCODE_SNAP_ORIG', ''), ('TERM_PROGRAM_VERSION', '1.83.1'), ('DESKTOP_SESSION', 'ubuntu'), ('GTK_PATH', '/snap/code/143/usr/lib/x86_64-linux-gnu/gtk-3.0'), ('GTK_IM_MODULE_FILE', '/home/tan/snap/code/common/.cache/immodules/immodules.cache'), ('GIO_LAUNCHED_DESKTOP_FILE', '/var/lib/snapd/desktop/applications/code_code.desktop'), ('ROS_PYTHON_VERSION', '3'), ('GNOME_SHELL_SESSION_MODE', 'ubuntu'), ('GTK_MODULES', 'gail:atk-bridge'), ('GSETTINGS_SCHEMA_DIR_VSCODE_SNAP_ORIG', ''), ('LC_MONETARY', 'vi_VN'), ('MANAGERPID', '1012'), ('SYSTEMD_EXEC_PID', '1195'), ('IM_CONFIG_CHECK_ENV', '1'), ('DBUS_SESSION_BUS_ADDRESS', 'unix:path=/run/user/1000/bus'), ('COLORTERM', 'truecolor'), ('GIO_LAUNCHED_DESKTOP_FILE_PID', '2247'), ('IM_CONFIG_PHASE', '1'), ('WAYLAND_DISPLAY', 'wayland-0'), ('COLCON_PREFIX_PATH', '/home/tan/Documents/workspace/ROS2_py_ws/install'), ('ROS_DISTRO', 'humble'), ('LOGNAME', 'tan'), ('JOURNAL_STREAM', '8:30344'), ('_', '/usr/bin/colcon'), ('ROS_VERSION', '2'), ('XDG_CONFIG_DIRS_VSCODE_SNAP_ORIG', '/etc/xdg/xdg-ubuntu:/etc/xdg'), ('XDG_SESSION_CLASS', 'user'), ('XDG_DATA_DIRS_VSCODE_SNAP_ORIG', '/usr/share/ubuntu:/usr/local/share/:/usr/share/:/var/lib/snapd/desktop'), ('USERNAME', 'tan'), ('TERM', 'xterm-256color'), ('GNOME_DESKTOP_SESSION_ID', 'this-is-deprecated'), ('ROS_LOCALHOST_ONLY', '0'), ('PATH', '/opt/ros/humble/bin:/usr/local/sbin:/usr/local/bin:/usr/sbin:/usr/bin:/sbin:/bin:/usr/games:/usr/local/games:/snap/bin:/snap/bin'), ('SESSION_MANAGER', 'local/tan-virtual-machine:@/tmp/.ICE-unix/1176,unix/tan-virtual-machine:/tmp/.ICE-unix/1176'), ('GTK_EXE_PREFIX', '/snap/code/143/usr'), ('INVOCATION_ID', '9770b2aa3e4a4b9db006186fb775401c'), ('XDG_MENU_PREFIX', 'gnome-'), ('LC_ADDRESS', 'vi_VN'), ('BAMF_DESKTOP_FILE_HINT', '/var/lib/snapd/desktop/applications/code_code.desktop'), ('GNOME_SETUP_DISPLAY', ':1'), ('XDG_RUNTIME_DIR', '/run/user/1000'), ('GDK_BACKEND', 'x11'), ('DISPLAY', ':0'), ('LOCPATH', '/snap/code/143/usr/lib/locale'), ('LANG', 'en_US.UTF-8'), ('XDG_CURRENT_DESKTOP', 'Unity'), ('LC_TELEPHONE', 'vi_VN'), ('GIO_MODULE_DIR_VSCODE_SNAP_ORIG', ''), ('XMODIFIERS', '@im=ibus'), ('XDG_SESSION_DESKTOP', 'ubuntu'), ('XAUTHORITY', '/run/user/1000/.mutter-Xwaylandauth.ZOAKC2'), ('LS_COLORS', ''), ('TERM_PROGRAM', 'vscode'), ('SSH_AGENT_LAUNCHER', 'gnome-keyring'), ('SSH_AUTH_SOCK', '/run/user/1000/keyring/ssh'), ('GSETTINGS_SCHEMA_DIR', '/home/tan/snap/code/143/.local/share/glib-2.0/schemas'), ('AMENT_PREFIX_PATH', '/home/tan/Documents/workspace/ROS2_py_ws/install/ros2_user_pkg:/home/tan/Documents/workspace/ROS2_py_ws/install/my_robot_description:/opt/ros/humble'), ('ORIGINAL_XDG_CURRENT_DESKTOP', 'ubuntu:GNOME'), ('SHELL', '/bin/bash'), ('LC_NAME', 'vi_VN'), ('QT_ACCESSIBILITY', '1'), ('GDMSESSION', 'ubuntu'), ('LESSCLOSE', '/usr/bin/lesspipe %s %s'), ('GTK_PATH_VSCODE_SNAP_ORIG', ''), ('GTK_IM_MODULE_FILE_VSCODE_SNAP_ORIG', ''), ('LC_MEASUREMENT', 'vi_VN'), ('GJS_DEBUG_OUTPUT', 'stderr'), ('LC_IDENTIFICATION', 'vi_VN'), ('QT_IM_MODULE', 'ibus'), ('PWD', '/home/tan/Documents/workspace/ROS2_py_ws/build/my_robot_description'), ('LC_ALL', 'en_US.UTF-8'), ('XDG_CONFIG_DIRS', '/etc/xdg/xdg-ubuntu:/etc/xdg'), ('XDG_DATA_DIRS', '/home/tan/snap/code/143/.local/share:/home/tan/snap/code/143:/snap/code/143/usr/share:/usr/share/ubuntu:/usr/local/share/:/usr/share/:/var/lib/snapd/desktop'), ('PYTHONPATH', '/home/tan/Documents/workspace/ROS2_py_ws/install/ros2_user_pkg/local/lib/python3.10/dist-packages:/opt/ros/humble/lib/python3.10/site-packages:/opt/ros/humble/local/lib/python3.10/dist-packages'), ('LC_NUMERIC', 'vi_VN'), ('LC_PAPER', 'vi_VN'), ('COLCON', '1'), ('CMAKE_PREFIX_PATH', '/home/tan/Documents/workspace/ROS2_py_ws/install/ros2_user_pkg:/home/tan/Documents/workspace/ROS2_py_ws/install/my_robot_description:/opt/ros/humble')]), 'shell': False}
[0.492217] (ros2_user_pkg) StdoutLine: {'line': b'[ 34%] Built target ros2_user_pkg__rosidl_typesupport_fastrtps_cpp\n'}
[0.499067] (ros2_user_pkg) StdoutLine: {'line': b'[ 44%] Built target ros2_user_pkg__rosidl_typesupport_introspection_cpp\n'}
[0.499826] (-) TimerEvent: {}
[0.515307] (my_robot_description) StdoutLine: {'line': b'-- Install configuration: ""\n'}
[0.517055] (my_robot_description) StdoutLine: {'line': b'-- Execute custom install script\n'}
[0.517983] (my_robot_description) StdoutLine: {'line': b'-- Symlinking: /home/tan/Documents/workspace/ROS2_py_ws/install/my_robot_description/share/my_robot_description/urdf/common_properties.xacro\n'}
[0.548624] (my_robot_description) StdoutLine: {'line': b'-- Symlinking: /home/tan/Documents/workspace/ROS2_py_ws/install/my_robot_description/share/my_robot_description/urdf/mobile_base.xacro\n'}
[0.576091] (ros2_user_pkg) StdoutLine: {'line': b'[ 55%] Built target ros2_user_pkg__rosidl_typesupport_introspection_c\n'}
[0.594855] (ros2_user_pkg) StdoutLine: {'line': b'[ 65%] Built target ros2_user_pkg__rosidl_typesupport_fastrtps_c\n'}
[0.595632] (my_robot_description) StdoutLine: {'line': b'-- Up-to-date symlink: /home/tan/Documents/workspace/ROS2_py_ws/install/my_robot_description/share/my_robot_description/urdf/my_robot.urdf.xacro\n'}
[0.595839] (my_robot_description) StdoutLine: {'line': b'-- Up-to-date symlink: /home/tan/Documents/workspace/ROS2_py_ws/install/my_robot_description/share/my_robot_description/launch/display.launch.py\n'}
[0.597596] (my_robot_description) StdoutLine: {'line': b'-- Up-to-date symlink: /home/tan/Documents/workspace/ROS2_py_ws/install/my_robot_description/share/my_robot_description/launch/display.launch.xml\n'}
[0.597818] (my_robot_description) StdoutLine: {'line': b'-- Up-to-date symlink: /home/tan/Documents/workspace/ROS2_py_ws/install/my_robot_description/share/my_robot_description/rviz/urdf_config.rviz\n'}
[0.597980] (my_robot_description) StdoutLine: {'line': b'-- Up-to-date symlink: /home/tan/Documents/workspace/ROS2_py_ws/install/my_robot_description/share/ament_index/resource_index/package_run_dependencies/my_robot_description\n'}
[0.598134] (my_robot_description) StdoutLine: {'line': b'-- Up-to-date symlink: /home/tan/Documents/workspace/ROS2_py_ws/install/my_robot_description/share/ament_index/resource_index/parent_prefix_path/my_robot_description\n'}
[0.598332] (my_robot_description) StdoutLine: {'line': b'-- Up-to-date symlink: /home/tan/Documents/workspace/ROS2_py_ws/install/my_robot_description/share/my_robot_description/environment/ament_prefix_path.sh\n'}
[0.598549] (my_robot_description) StdoutLine: {'line': b'-- Up-to-date symlink: /home/tan/Documents/workspace/ROS2_py_ws/install/my_robot_description/share/my_robot_description/environment/ament_prefix_path.dsv\n'}
[0.598681] (my_robot_description) StdoutLine: {'line': b'-- Up-to-date symlink: /home/tan/Documents/workspace/ROS2_py_ws/install/my_robot_description/share/my_robot_description/environment/path.sh\n'}
[0.598875] (my_robot_description) StdoutLine: {'line': b'-- Up-to-date symlink: /home/tan/Documents/workspace/ROS2_py_ws/install/my_robot_description/share/my_robot_description/environment/path.dsv\n'}
[0.599054] (my_robot_description) StdoutLine: {'line': b'-- Up-to-date symlink: /home/tan/Documents/workspace/ROS2_py_ws/install/my_robot_description/share/my_robot_description/local_setup.bash\n'}
[0.599225] (my_robot_description) StdoutLine: {'line': b'-- Up-to-date symlink: /home/tan/Documents/workspace/ROS2_py_ws/install/my_robot_description/share/my_robot_description/local_setup.sh\n'}
[0.599418] (my_robot_description) StdoutLine: {'line': b'-- Up-to-date symlink: /home/tan/Documents/workspace/ROS2_py_ws/install/my_robot_description/share/my_robot_description/local_setup.zsh\n'}
[0.599835] (-) TimerEvent: {}
[0.600252] (my_robot_description) StdoutLine: {'line': b'-- Up-to-date symlink: /home/tan/Documents/workspace/ROS2_py_ws/install/my_robot_description/share/my_robot_description/local_setup.dsv\n'}
[0.601859] (my_robot_description) StdoutLine: {'line': b'-- Symlinking: /home/tan/Documents/workspace/ROS2_py_ws/install/my_robot_description/share/my_robot_description/package.dsv\n'}
[0.621709] (my_robot_description) StdoutLine: {'line': b'-- Up-to-date symlink: /home/tan/Documents/workspace/ROS2_py_ws/install/my_robot_description/share/ament_index/resource_index/packages/my_robot_description\n'}
[0.624925] (my_robot_description) StdoutLine: {'line': b'-- Up-to-date symlink: /home/tan/Documents/workspace/ROS2_py_ws/install/my_robot_description/share/my_robot_description/cmake/my_robot_descriptionConfig.cmake\n'}
[0.627482] (ros2_user_pkg) StdoutLine: {'line': b'[ 76%] Built target ros2_user_pkg__rosidl_typesupport_c\n'}
[0.631866] (my_robot_description) StdoutLine: {'line': b'-- Up-to-date symlink: /home/tan/Documents/workspace/ROS2_py_ws/install/my_robot_description/share/my_robot_description/cmake/my_robot_descriptionConfig-version.cmake\n'}
[0.632128] (my_robot_description) StdoutLine: {'line': b'-- Up-to-date symlink: /home/tan/Documents/workspace/ROS2_py_ws/install/my_robot_description/share/my_robot_description/package.xml\n'}
[0.645955] (my_robot_description) CommandEnded: {'returncode': 0}
[0.701269] (-) TimerEvent: {}
[0.792411] (ros2_user_pkg) StdoutLine: {'line': b'[ 76%] Built target ros2_user_pkg\n'}
[0.804494] (-) TimerEvent: {}
[0.905880] (-) TimerEvent: {}
[0.944112] (ros2_user_pkg) StdoutLine: {'line': b'[ 78%] Built target ros2_user_pkg__py\n'}
[1.006602] (-) TimerEvent: {}
[1.058978] (ros2_user_pkg) StdoutLine: {'line': b'[ 87%] Built target ros2_user_pkg__rosidl_generator_py\n'}
[1.106945] (-) TimerEvent: {}
[1.134448] (ros2_user_pkg) StdoutLine: {'line': b'running egg_info\n'}
[1.134827] (ros2_user_pkg) StdoutLine: {'line': b'writing scripts.egg-info/PKG-INFO\n'}
[1.134967] (ros2_user_pkg) StdoutLine: {'line': b'writing dependency_links to scripts.egg-info/dependency_links.txt\n'}
[1.135097] (ros2_user_pkg) StdoutLine: {'line': b'writing top-level names to scripts.egg-info/top_level.txt\n'}
[1.152206] (ros2_user_pkg) StdoutLine: {'line': b"reading manifest file 'scripts.egg-info/SOURCES.txt'\n"}
[1.152805] (ros2_user_pkg) StdoutLine: {'line': b'[ 91%] Built target ros2_user_pkg__rosidl_typesupport_fastrtps_c__pyext\n'}
[1.153441] (ros2_user_pkg) StdoutLine: {'line': b"writing manifest file 'scripts.egg-info/SOURCES.txt'\n"}
[1.191844] (ros2_user_pkg) StdoutLine: {'line': b'[ 95%] Built target ros2_user_pkg__rosidl_typesupport_introspection_c__pyext\n'}
[1.207296] (-) TimerEvent: {}
[1.241947] (ros2_user_pkg) StdoutLine: {'line': b'[ 95%] Built target ament_cmake_python_build_scripts_egg\n'}
[1.261769] (ros2_user_pkg) StdoutLine: {'line': b'[100%] Built target ros2_user_pkg__rosidl_typesupport_c__pyext\n'}
[1.264584] (my_robot_description) JobEnded: {'identifier': 'my_robot_description', 'rc': 0}
[1.307600] (-) TimerEvent: {}
[1.327641] (ros2_user_pkg) StdoutLine: {'line': b'running egg_info\n'}
[1.331468] (ros2_user_pkg) StdoutLine: {'line': b'writing ros2_user_pkg.egg-info/PKG-INFO\n'}
[1.335068] (ros2_user_pkg) StdoutLine: {'line': b'writing dependency_links to ros2_user_pkg.egg-info/dependency_links.txt\n'}
[1.335621] (ros2_user_pkg) StdoutLine: {'line': b'writing top-level names to ros2_user_pkg.egg-info/top_level.txt\n'}
[1.340038] (ros2_user_pkg) StdoutLine: {'line': b"reading manifest file 'ros2_user_pkg.egg-info/SOURCES.txt'\n"}
[1.348027] (ros2_user_pkg) StdoutLine: {'line': b"writing manifest file 'ros2_user_pkg.egg-info/SOURCES.txt'\n"}
[1.407891] (-) TimerEvent: {}
[1.438337] (ros2_user_pkg) StdoutLine: {'line': b'[100%] Built target ament_cmake_python_build_ros2_user_pkg_egg\n'}
[1.467291] (ros2_user_pkg) CommandEnded: {'returncode': 0}
[1.508394] (-) TimerEvent: {}
[1.608954] (-) TimerEvent: {}
[1.709987] (-) TimerEvent: {}
[1.775039] (ros2_user_pkg) JobProgress: {'identifier': 'ros2_user_pkg', 'progress': 'install'}
[1.776359] (ros2_user_pkg) Command: {'cmd': ['/usr/bin/cmake', '--install', '/home/tan/Documents/workspace/ROS2_py_ws/build/ros2_user_pkg'], 'cwd': '/home/tan/Documents/workspace/ROS2_py_ws/build/ros2_user_pkg', 'env': OrderedDict([('GJS_DEBUG_TOPICS', 'JS ERROR;JS LOG'), ('LESSOPEN', '| /usr/bin/lesspipe %s'), ('LANGUAGE', 'en_US:'), ('USER', 'tan'), ('LC_TIME', 'vi_VN'), ('GIO_MODULE_DIR', '/home/tan/snap/code/common/.cache/gio-modules'), ('XDG_SESSION_TYPE', 'wayland'), ('GTK_EXE_PREFIX_VSCODE_SNAP_ORIG', ''), ('GDK_BACKEND_VSCODE_SNAP_ORIG', ''), ('SHLVL', '1'), ('LD_LIBRARY_PATH', '/home/tan/Documents/workspace/ROS2_py_ws/install/ros2_user_pkg/lib:/opt/ros/humble/opt/rviz_ogre_vendor/lib:/opt/ros/humble/lib/x86_64-linux-gnu:/opt/ros/humble/lib'), ('HOME', '/home/tan'), ('CHROME_DESKTOP', 'code-url-handler.desktop'), ('LOCPATH_VSCODE_SNAP_ORIG', ''), ('TERM_PROGRAM_VERSION', '1.83.1'), ('DESKTOP_SESSION', 'ubuntu'), ('GTK_PATH', '/snap/code/143/usr/lib/x86_64-linux-gnu/gtk-3.0'), ('GTK_IM_MODULE_FILE', '/home/tan/snap/code/common/.cache/immodules/immodules.cache'), ('GIO_LAUNCHED_DESKTOP_FILE', '/var/lib/snapd/desktop/applications/code_code.desktop'), ('ROS_PYTHON_VERSION', '3'), ('GNOME_SHELL_SESSION_MODE', 'ubuntu'), ('GTK_MODULES', 'gail:atk-bridge'), ('GSETTINGS_SCHEMA_DIR_VSCODE_SNAP_ORIG', ''), ('LC_MONETARY', 'vi_VN'), ('MANAGERPID', '1012'), ('SYSTEMD_EXEC_PID', '1195'), ('IM_CONFIG_CHECK_ENV', '1'), ('DBUS_SESSION_BUS_ADDRESS', 'unix:path=/run/user/1000/bus'), ('COLORTERM', 'truecolor'), ('GIO_LAUNCHED_DESKTOP_FILE_PID', '2247'), ('IM_CONFIG_PHASE', '1'), ('WAYLAND_DISPLAY', 'wayland-0'), ('COLCON_PREFIX_PATH', '/home/tan/Documents/workspace/ROS2_py_ws/install'), ('ROS_DISTRO', 'humble'), ('LOGNAME', 'tan'), ('JOURNAL_STREAM', '8:30344'), ('_', '/usr/bin/colcon'), ('ROS_VERSION', '2'), ('XDG_CONFIG_DIRS_VSCODE_SNAP_ORIG', '/etc/xdg/xdg-ubuntu:/etc/xdg'), ('XDG_SESSION_CLASS', 'user'), ('XDG_DATA_DIRS_VSCODE_SNAP_ORIG', '/usr/share/ubuntu:/usr/local/share/:/usr/share/:/var/lib/snapd/desktop'), ('USERNAME', 'tan'), ('TERM', 'xterm-256color'), ('GNOME_DESKTOP_SESSION_ID', 'this-is-deprecated'), ('ROS_LOCALHOST_ONLY', '0'), ('PATH', '/opt/ros/humble/bin:/usr/local/sbin:/usr/local/bin:/usr/sbin:/usr/bin:/sbin:/bin:/usr/games:/usr/local/games:/snap/bin:/snap/bin'), ('SESSION_MANAGER', 'local/tan-virtual-machine:@/tmp/.ICE-unix/1176,unix/tan-virtual-machine:/tmp/.ICE-unix/1176'), ('GTK_EXE_PREFIX', '/snap/code/143/usr'), ('INVOCATION_ID', '9770b2aa3e4a4b9db006186fb775401c'), ('XDG_MENU_PREFIX', 'gnome-'), ('LC_ADDRESS', 'vi_VN'), ('BAMF_DESKTOP_FILE_HINT', '/var/lib/snapd/desktop/applications/code_code.desktop'), ('GNOME_SETUP_DISPLAY', ':1'), ('XDG_RUNTIME_DIR', '/run/user/1000'), ('GDK_BACKEND', 'x11'), ('DISPLAY', ':0'), ('LOCPATH', '/snap/code/143/usr/lib/locale'), ('LANG', 'en_US.UTF-8'), ('XDG_CURRENT_DESKTOP', 'Unity'), ('LC_TELEPHONE', 'vi_VN'), ('GIO_MODULE_DIR_VSCODE_SNAP_ORIG', ''), ('XMODIFIERS', '@im=ibus'), ('XDG_SESSION_DESKTOP', 'ubuntu'), ('XAUTHORITY', '/run/user/1000/.mutter-Xwaylandauth.ZOAKC2'), ('LS_COLORS', ''), ('TERM_PROGRAM', 'vscode'), ('SSH_AGENT_LAUNCHER', 'gnome-keyring'), ('SSH_AUTH_SOCK', '/run/user/1000/keyring/ssh'), ('GSETTINGS_SCHEMA_DIR', '/home/tan/snap/code/143/.local/share/glib-2.0/schemas'), ('AMENT_PREFIX_PATH', '/home/tan/Documents/workspace/ROS2_py_ws/install/ros2_user_pkg:/home/tan/Documents/workspace/ROS2_py_ws/install/my_robot_description:/opt/ros/humble'), ('ORIGINAL_XDG_CURRENT_DESKTOP', 'ubuntu:GNOME'), ('SHELL', '/bin/bash'), ('LC_NAME', 'vi_VN'), ('QT_ACCESSIBILITY', '1'), ('GDMSESSION', 'ubuntu'), ('LESSCLOSE', '/usr/bin/lesspipe %s %s'), ('GTK_PATH_VSCODE_SNAP_ORIG', ''), ('GTK_IM_MODULE_FILE_VSCODE_SNAP_ORIG', ''), ('LC_MEASUREMENT', 'vi_VN'), ('GJS_DEBUG_OUTPUT', 'stderr'), ('LC_IDENTIFICATION', 'vi_VN'), ('QT_IM_MODULE', 'ibus'), ('PWD', '/home/tan/Documents/workspace/ROS2_py_ws/build/ros2_user_pkg'), ('LC_ALL', 'en_US.UTF-8'), ('XDG_CONFIG_DIRS', '/etc/xdg/xdg-ubuntu:/etc/xdg'), ('XDG_DATA_DIRS', '/home/tan/snap/code/143/.local/share:/home/tan/snap/code/143:/snap/code/143/usr/share:/usr/share/ubuntu:/usr/local/share/:/usr/share/:/var/lib/snapd/desktop'), ('PYTHONPATH', '/home/tan/Documents/workspace/ROS2_py_ws/install/ros2_user_pkg/local/lib/python3.10/dist-packages:/opt/ros/humble/lib/python3.10/site-packages:/opt/ros/humble/local/lib/python3.10/dist-packages'), ('LC_NUMERIC', 'vi_VN'), ('LC_PAPER', 'vi_VN'), ('COLCON', '1'), ('CMAKE_PREFIX_PATH', '/home/tan/Documents/workspace/ROS2_py_ws/install/ros2_user_pkg:/home/tan/Documents/workspace/ROS2_py_ws/install/my_robot_description:/opt/ros/humble')]), 'shell': False}
[1.798367] (ros2_user_pkg) StdoutLine: {'line': b'-- Install configuration: ""\n'}
[1.801505] (ros2_user_pkg) StdoutLine: {'line': b'-- Execute custom install script\n'}
[1.802613] (ros2_user_pkg) StdoutLine: {'line': b'-- Up-to-date symlink: /home/tan/Documents/workspace/ROS2_py_ws/install/ros2_user_pkg/share/ament_index/resource_index/rosidl_interfaces/ros2_user_pkg\n'}
[1.804096] (ros2_user_pkg) StdoutLine: {'line': b'-- Up-to-date symlink: /home/tan/Documents/workspace/ROS2_py_ws/install/ros2_user_pkg/include/ros2_user_pkg/ros2_user_pkg/action/detail/navigate__functions.h\n'}
[1.804542] (ros2_user_pkg) StdoutLine: {'line': b'-- Up-to-date symlink: /home/tan/Documents/workspace/ROS2_py_ws/install/ros2_user_pkg/include/ros2_user_pkg/ros2_user_pkg/action/detail/navigate__struct.h\n'}
[1.805090] (ros2_user_pkg) StdoutLine: {'line': b'-- Up-to-date symlink: /home/tan/Documents/workspace/ROS2_py_ws/install/ros2_user_pkg/include/ros2_user_pkg/ros2_user_pkg/action/detail/navigate__type_support.h\n'}
[1.805549] (ros2_user_pkg) StdoutLine: {'line': b'-- Up-to-date symlink: /home/tan/Documents/workspace/ROS2_py_ws/install/ros2_user_pkg/include/ros2_user_pkg/ros2_user_pkg/action/navigate.h\n'}
[1.806010] (ros2_user_pkg) StdoutLine: {'line': b'-- Up-to-date symlink: /home/tan/Documents/workspace/ROS2_py_ws/install/ros2_user_pkg/include/ros2_user_pkg/ros2_user_pkg/msg/rosidl_generator_c__visibility_control.h\n'}
[1.806510] (ros2_user_pkg) StdoutLine: {'line': b'-- Up-to-date symlink: /home/tan/Documents/workspace/ROS2_py_ws/install/ros2_user_pkg/include/ros2_user_pkg/ros2_user_pkg/srv/detail/image_service__functions.h\n'}
[1.807082] (ros2_user_pkg) StdoutLine: {'line': b'-- Up-to-date symlink: /home/tan/Documents/workspace/ROS2_py_ws/install/ros2_user_pkg/include/ros2_user_pkg/ros2_user_pkg/srv/detail/image_service__struct.h\n'}
[1.807805] (ros2_user_pkg) StdoutLine: {'line': b'-- Up-to-date symlink: /home/tan/Documents/workspace/ROS2_py_ws/install/ros2_user_pkg/include/ros2_user_pkg/ros2_user_pkg/srv/detail/image_service__type_support.h\n'}
[1.808389] (ros2_user_pkg) StdoutLine: {'line': b'-- Up-to-date symlink: /home/tan/Documents/workspace/ROS2_py_ws/install/ros2_user_pkg/include/ros2_user_pkg/ros2_user_pkg/srv/detail/odd_even_check__functions.h\n'}
[1.808860] (ros2_user_pkg) StdoutLine: {'line': b'-- Up-to-date symlink: /home/tan/Documents/workspace/ROS2_py_ws/install/ros2_user_pkg/include/ros2_user_pkg/ros2_user_pkg/srv/detail/odd_even_check__struct.h\n'}
[1.809335] (ros2_user_pkg) StdoutLine: {'line': b'-- Up-to-date symlink: /home/tan/Documents/workspace/ROS2_py_ws/install/ros2_user_pkg/include/ros2_user_pkg/ros2_user_pkg/srv/detail/odd_even_check__type_support.h\n'}
[1.809873] (ros2_user_pkg) StdoutLine: {'line': b'-- Up-to-date symlink: /home/tan/Documents/workspace/ROS2_py_ws/install/ros2_user_pkg/include/ros2_user_pkg/ros2_user_pkg/srv/image_service.h\n'}
[1.810078] (-) TimerEvent: {}
[1.810420] (ros2_user_pkg) StdoutLine: {'line': b'-- Up-to-date symlink: /home/tan/Documents/workspace/ROS2_py_ws/install/ros2_user_pkg/include/ros2_user_pkg/ros2_user_pkg/srv/odd_even_check.h\n'}
[1.810903] (ros2_user_pkg) StdoutLine: {'line': b'-- Up-to-date symlink: /home/tan/Documents/workspace/ROS2_py_ws/install/ros2_user_pkg/share/ros2_user_pkg/environment/library_path.sh\n'}
[1.811523] (ros2_user_pkg) StdoutLine: {'line': b'-- Up-to-date symlink: /home/tan/Documents/workspace/ROS2_py_ws/install/ros2_user_pkg/share/ros2_user_pkg/environment/library_path.dsv\n'}
[1.814606] (ros2_user_pkg) StdoutLine: {'line': b'-- Up-to-date symlink: /home/tan/Documents/workspace/ROS2_py_ws/install/ros2_user_pkg/include/ros2_user_pkg/ros2_user_pkg/action/detail/navigate__rosidl_typesupport_fastrtps_c.h\n'}
[1.815266] (ros2_user_pkg) StdoutLine: {'line': b'-- Up-to-date symlink: /home/tan/Documents/workspace/ROS2_py_ws/install/ros2_user_pkg/include/ros2_user_pkg/ros2_user_pkg/msg/rosidl_typesupport_fastrtps_c__visibility_control.h\n'}
[1.815964] (ros2_user_pkg) StdoutLine: {'line': b'-- Up-to-date symlink: /home/tan/Documents/workspace/ROS2_py_ws/install/ros2_user_pkg/include/ros2_user_pkg/ros2_user_pkg/srv/detail/image_service__rosidl_typesupport_fastrtps_c.h\n'}
[1.819758] (ros2_user_pkg) StdoutLine: {'line': b'-- Up-to-date symlink: /home/tan/Documents/workspace/ROS2_py_ws/install/ros2_user_pkg/include/ros2_user_pkg/ros2_user_pkg/srv/detail/odd_even_check__rosidl_typesupport_fastrtps_c.h\n'}
[1.822077] (ros2_user_pkg) StdoutLine: {'line': b'-- Up-to-date symlink: /home/tan/Documents/workspace/ROS2_py_ws/install/ros2_user_pkg/include/ros2_user_pkg/ros2_user_pkg/action/detail/navigate__builder.hpp\n'}
[1.822599] (ros2_user_pkg) StdoutLine: {'line': b'-- Up-to-date symlink: /home/tan/Documents/workspace/ROS2_py_ws/install/ros2_user_pkg/include/ros2_user_pkg/ros2_user_pkg/action/detail/navigate__struct.hpp\n'}
[1.823097] (ros2_user_pkg) StdoutLine: {'line': b'-- Up-to-date symlink: /home/tan/Documents/workspace/ROS2_py_ws/install/ros2_user_pkg/include/ros2_user_pkg/ros2_user_pkg/action/detail/navigate__traits.hpp\n'}
[1.823568] (ros2_user_pkg) StdoutLine: {'line': b'-- Up-to-date symlink: /home/tan/Documents/workspace/ROS2_py_ws/install/ros2_user_pkg/include/ros2_user_pkg/ros2_user_pkg/action/navigate.hpp\n'}
[1.824224] (ros2_user_pkg) StdoutLine: {'line': b'-- Up-to-date symlink: /home/tan/Documents/workspace/ROS2_py_ws/install/ros2_user_pkg/include/ros2_user_pkg/ros2_user_pkg/srv/detail/image_service__builder.hpp\n'}
[1.827663] (ros2_user_pkg) StdoutLine: {'line': b'-- Up-to-date symlink: /home/tan/Documents/workspace/ROS2_py_ws/install/ros2_user_pkg/include/ros2_user_pkg/ros2_user_pkg/srv/detail/image_service__struct.hpp\n'}
[1.828057] (ros2_user_pkg) StdoutLine: {'line': b'-- Up-to-date symlink: /home/tan/Documents/workspace/ROS2_py_ws/install/ros2_user_pkg/include/ros2_user_pkg/ros2_user_pkg/srv/detail/image_service__traits.hpp\n'}
[1.828380] (ros2_user_pkg) StdoutLine: {'line': b'-- Up-to-date symlink: /home/tan/Documents/workspace/ROS2_py_ws/install/ros2_user_pkg/include/ros2_user_pkg/ros2_user_pkg/srv/detail/odd_even_check__builder.hpp\n'}
[1.828548] (ros2_user_pkg) StdoutLine: {'line': b'-- Up-to-date symlink: /home/tan/Documents/workspace/ROS2_py_ws/install/ros2_user_pkg/include/ros2_user_pkg/ros2_user_pkg/srv/detail/odd_even_check__struct.hpp\n'}
[1.828855] (ros2_user_pkg) StdoutLine: {'line': b'-- Up-to-date symlink: /home/tan/Documents/workspace/ROS2_py_ws/install/ros2_user_pkg/include/ros2_user_pkg/ros2_user_pkg/srv/detail/odd_even_check__traits.hpp\n'}
[1.829301] (ros2_user_pkg) StdoutLine: {'line': b'-- Up-to-date symlink: /home/tan/Documents/workspace/ROS2_py_ws/install/ros2_user_pkg/include/ros2_user_pkg/ros2_user_pkg/srv/image_service.hpp\n'}
[1.829640] (ros2_user_pkg) StdoutLine: {'line': b'-- Up-to-date symlink: /home/tan/Documents/workspace/ROS2_py_ws/install/ros2_user_pkg/include/ros2_user_pkg/ros2_user_pkg/srv/odd_even_check.hpp\n'}
[1.829973] (ros2_user_pkg) StdoutLine: {'line': b'-- Up-to-date symlink: /home/tan/Documents/workspace/ROS2_py_ws/install/ros2_user_pkg/include/ros2_user_pkg/ros2_user_pkg/action/detail/navigate__rosidl_typesupport_fastrtps_cpp.hpp\n'}
[1.831285] (ros2_user_pkg) StdoutLine: {'line': b'-- Up-to-date symlink: /home/tan/Documents/workspace/ROS2_py_ws/install/ros2_user_pkg/include/ros2_user_pkg/ros2_user_pkg/msg/rosidl_typesupport_fastrtps_cpp__visibility_control.h\n'}
[1.831799] (ros2_user_pkg) StdoutLine: {'line': b'-- Up-to-date symlink: /home/tan/Documents/workspace/ROS2_py_ws/install/ros2_user_pkg/include/ros2_user_pkg/ros2_user_pkg/srv/detail/image_service__rosidl_typesupport_fastrtps_cpp.hpp\n'}
[1.832283] (ros2_user_pkg) StdoutLine: {'line': b'-- Up-to-date symlink: /home/tan/Documents/workspace/ROS2_py_ws/install/ros2_user_pkg/include/ros2_user_pkg/ros2_user_pkg/srv/detail/odd_even_check__rosidl_typesupport_fastrtps_cpp.hpp\n'}
[1.834060] (ros2_user_pkg) StdoutLine: {'line': b'-- Up-to-date symlink: /home/tan/Documents/workspace/ROS2_py_ws/install/ros2_user_pkg/include/ros2_user_pkg/ros2_user_pkg/action/detail/navigate__rosidl_typesupport_introspection_c.h\n'}
[1.834637] (ros2_user_pkg) StdoutLine: {'line': b'-- Up-to-date symlink: /home/tan/Documents/workspace/ROS2_py_ws/install/ros2_user_pkg/include/ros2_user_pkg/ros2_user_pkg/msg/rosidl_typesupport_introspection_c__visibility_control.h\n'}
[1.835158] (ros2_user_pkg) StdoutLine: {'line': b'-- Up-to-date symlink: /home/tan/Documents/workspace/ROS2_py_ws/install/ros2_user_pkg/include/ros2_user_pkg/ros2_user_pkg/srv/detail/image_service__rosidl_typesupport_introspection_c.h\n'}
[1.835686] (ros2_user_pkg) StdoutLine: {'line': b'-- Up-to-date symlink: /home/tan/Documents/workspace/ROS2_py_ws/install/ros2_user_pkg/include/ros2_user_pkg/ros2_user_pkg/srv/detail/odd_even_check__rosidl_typesupport_introspection_c.h\n'}
[1.836990] (ros2_user_pkg) StdoutLine: {'line': b'-- Up-to-date symlink: /home/tan/Documents/workspace/ROS2_py_ws/install/ros2_user_pkg/include/ros2_user_pkg/ros2_user_pkg/action/detail/navigate__rosidl_typesupport_introspection_cpp.hpp\n'}
[1.837602] (ros2_user_pkg) StdoutLine: {'line': b'-- Up-to-date symlink: /home/tan/Documents/workspace/ROS2_py_ws/install/ros2_user_pkg/include/ros2_user_pkg/ros2_user_pkg/srv/detail/image_service__rosidl_typesupport_introspection_cpp.hpp\n'}
[1.840027] (ros2_user_pkg) StdoutLine: {'line': b'-- Up-to-date symlink: /home/tan/Documents/workspace/ROS2_py_ws/install/ros2_user_pkg/include/ros2_user_pkg/ros2_user_pkg/srv/detail/odd_even_check__rosidl_typesupport_introspection_cpp.hpp\n'}
[1.840863] (ros2_user_pkg) StdoutLine: {'line': b'-- Up-to-date symlink: /home/tan/Documents/workspace/ROS2_py_ws/install/ros2_user_pkg/share/ros2_user_pkg/environment/pythonpath.sh\n'}
[1.841355] (ros2_user_pkg) StdoutLine: {'line': b'-- Up-to-date symlink: /home/tan/Documents/workspace/ROS2_py_ws/install/ros2_user_pkg/share/ros2_user_pkg/environment/pythonpath.dsv\n'}
[1.842303] (ros2_user_pkg) StdoutLine: {'line': b'-- Up-to-date symlink: /home/tan/Documents/workspace/ROS2_py_ws/install/ros2_user_pkg/local/lib/python3.10/dist-packages/ros2_user_pkg-0.0.0-py3.10.egg-info/PKG-INFO\n'}
[1.842743] (ros2_user_pkg) StdoutLine: {'line': b'-- Up-to-date symlink: /home/tan/Documents/workspace/ROS2_py_ws/install/ros2_user_pkg/local/lib/python3.10/dist-packages/ros2_user_pkg-0.0.0-py3.10.egg-info/SOURCES.txt\n'}
[1.843183] (ros2_user_pkg) StdoutLine: {'line': b'-- Up-to-date symlink: /home/tan/Documents/workspace/ROS2_py_ws/install/ros2_user_pkg/local/lib/python3.10/dist-packages/ros2_user_pkg-0.0.0-py3.10.egg-info/dependency_links.txt\n'}
[1.843715] (ros2_user_pkg) StdoutLine: {'line': b'-- Up-to-date symlink: /home/tan/Documents/workspace/ROS2_py_ws/install/ros2_user_pkg/local/lib/python3.10/dist-packages/ros2_user_pkg-0.0.0-py3.10.egg-info/top_level.txt\n'}
[1.846272] (ros2_user_pkg) StdoutLine: {'line': b'-- Up-to-date symlink: /home/tan/Documents/workspace/ROS2_py_ws/install/ros2_user_pkg/local/lib/python3.10/dist-packages/ros2_user_pkg/__init__.py\n'}
[1.846781] (ros2_user_pkg) StdoutLine: {'line': b'-- Up-to-date symlink: /home/tan/Documents/workspace/ROS2_py_ws/install/ros2_user_pkg/local/lib/python3.10/dist-packages/ros2_user_pkg/_ros2_user_pkg_s.ep.rosidl_typesupport_c.c\n'}
[1.847382] (ros2_user_pkg) StdoutLine: {'line': b'-- Up-to-date symlink: /home/tan/Documents/workspace/ROS2_py_ws/install/ros2_user_pkg/local/lib/python3.10/dist-packages/ros2_user_pkg/_ros2_user_pkg_s.ep.rosidl_typesupport_fastrtps_c.c\n'}
[1.848010] (ros2_user_pkg) StdoutLine: {'line': b'-- Up-to-date symlink: /home/tan/Documents/workspace/ROS2_py_ws/install/ros2_user_pkg/local/lib/python3.10/dist-packages/ros2_user_pkg/_ros2_user_pkg_s.ep.rosidl_typesupport_introspection_c.c\n'}
[1.849012] (ros2_user_pkg) StdoutLine: {'line': b'-- Up-to-date symlink: /home/tan/Documents/workspace/ROS2_py_ws/install/ros2_user_pkg/local/lib/python3.10/dist-packages/ros2_user_pkg/action/__init__.py\n'}
[1.855696] (ros2_user_pkg) StdoutLine: {'line': b'-- Up-to-date symlink: /home/tan/Documents/workspace/ROS2_py_ws/install/ros2_user_pkg/local/lib/python3.10/dist-packages/ros2_user_pkg/action/_navigate.py\n'}
[1.856453] (ros2_user_pkg) StdoutLine: {'line': b'-- Up-to-date symlink: /home/tan/Documents/workspace/ROS2_py_ws/install/ros2_user_pkg/local/lib/python3.10/dist-packages/ros2_user_pkg/action/_navigate_s.c\n'}
[1.856814] (ros2_user_pkg) StdoutLine: {'line': b'-- Up-to-date symlink: /home/tan/Documents/workspace/ROS2_py_ws/install/ros2_user_pkg/local/lib/python3.10/dist-packages/ros2_user_pkg/libros2_user_pkg__rosidl_generator_py.so\n'}
[1.857077] (ros2_user_pkg) StdoutLine: {'line': b'-- Up-to-date symlink: /home/tan/Documents/workspace/ROS2_py_ws/install/ros2_user_pkg/local/lib/python3.10/dist-packages/ros2_user_pkg/ros2_user_pkg_s__rosidl_typesupport_c.cpython-310-x86_64-linux-gnu.so\n'}
[1.857895] (ros2_user_pkg) StdoutLine: {'line': b'-- Up-to-date symlink: /home/tan/Documents/workspace/ROS2_py_ws/install/ros2_user_pkg/local/lib/python3.10/dist-packages/ros2_user_pkg/ros2_user_pkg_s__rosidl_typesupport_fastrtps_c.cpython-310-x86_64-linux-gnu.so\n'}
[1.858296] (ros2_user_pkg) StdoutLine: {'line': b'-- Up-to-date symlink: /home/tan/Documents/workspace/ROS2_py_ws/install/ros2_user_pkg/local/lib/python3.10/dist-packages/ros2_user_pkg/ros2_user_pkg_s__rosidl_typesupport_introspection_c.cpython-310-x86_64-linux-gnu.so\n'}
[1.860044] (ros2_user_pkg) StdoutLine: {'line': b'-- Up-to-date symlink: /home/tan/Documents/workspace/ROS2_py_ws/install/ros2_user_pkg/local/lib/python3.10/dist-packages/ros2_user_pkg/srv/__init__.py\n'}
[1.860886] (ros2_user_pkg) StdoutLine: {'line': b'-- Up-to-date symlink: /home/tan/Documents/workspace/ROS2_py_ws/install/ros2_user_pkg/local/lib/python3.10/dist-packages/ros2_user_pkg/srv/_image_service.py\n'}
[1.861575] (ros2_user_pkg) StdoutLine: {'line': b'-- Up-to-date symlink: /home/tan/Documents/workspace/ROS2_py_ws/install/ros2_user_pkg/local/lib/python3.10/dist-packages/ros2_user_pkg/srv/_image_service_s.c\n'}
[1.862281] (ros2_user_pkg) StdoutLine: {'line': b'-- Up-to-date symlink: /home/tan/Documents/workspace/ROS2_py_ws/install/ros2_user_pkg/local/lib/python3.10/dist-packages/ros2_user_pkg/srv/_odd_even_check.py\n'}
[1.862841] (ros2_user_pkg) StdoutLine: {'line': b'-- Up-to-date symlink: /home/tan/Documents/workspace/ROS2_py_ws/install/ros2_user_pkg/local/lib/python3.10/dist-packages/ros2_user_pkg/srv/_odd_even_check_s.c\n'}
[1.863813] (ros2_user_pkg) StdoutLine: {'line': b'-- Up-to-date symlink: /home/tan/Documents/workspace/ROS2_py_ws/install/ros2_user_pkg/local/lib/python3.10/dist-packages/ros2_user_pkg/ros2_user_pkg_s__rosidl_typesupport_fastrtps_c.cpython-310-x86_64-linux-gnu.so\n'}
[1.864487] (ros2_user_pkg) StdoutLine: {'line': b'-- Up-to-date symlink: /home/tan/Documents/workspace/ROS2_py_ws/install/ros2_user_pkg/local/lib/python3.10/dist-packages/ros2_user_pkg/ros2_user_pkg_s__rosidl_typesupport_introspection_c.cpython-310-x86_64-linux-gnu.so\n'}
[1.865393] (ros2_user_pkg) StdoutLine: {'line': b'-- Up-to-date symlink: /home/tan/Documents/workspace/ROS2_py_ws/install/ros2_user_pkg/local/lib/python3.10/dist-packages/ros2_user_pkg/ros2_user_pkg_s__rosidl_typesupport_c.cpython-310-x86_64-linux-gnu.so\n'}
[1.867500] (ros2_user_pkg) StdoutLine: {'line': b'-- Up-to-date symlink: /home/tan/Documents/workspace/ROS2_py_ws/install/ros2_user_pkg/share/ros2_user_pkg/srv/OddEvenCheck.idl\n'}
[1.868291] (ros2_user_pkg) StdoutLine: {'line': b'-- Up-to-date symlink: /home/tan/Documents/workspace/ROS2_py_ws/install/ros2_user_pkg/share/ros2_user_pkg/srv/ImageService.idl\n'}
[1.869920] (ros2_user_pkg) StdoutLine: {'line': b'-- Up-to-date symlink: /home/tan/Documents/workspace/ROS2_py_ws/install/ros2_user_pkg/share/ros2_user_pkg/action/Navigate.idl\n'}
[1.870677] (ros2_user_pkg) StdoutLine: {'line': b'-- Up-to-date symlink: /home/tan/Documents/workspace/ROS2_py_ws/install/ros2_user_pkg/share/ros2_user_pkg/srv/OddEvenCheck.srv\n'}
[1.871611] (ros2_user_pkg) StdoutLine: {'line': b'-- Up-to-date symlink: /home/tan/Documents/workspace/ROS2_py_ws/install/ros2_user_pkg/share/ros2_user_pkg/srv/OddEvenCheck_Request.msg\n'}
[1.872636] (ros2_user_pkg) StdoutLine: {'line': b'-- Up-to-date symlink: /home/tan/Documents/workspace/ROS2_py_ws/install/ros2_user_pkg/share/ros2_user_pkg/srv/OddEvenCheck_Response.msg\n'}
[1.873163] (ros2_user_pkg) StdoutLine: {'line': b'-- Up-to-date symlink: /home/tan/Documents/workspace/ROS2_py_ws/install/ros2_user_pkg/share/ros2_user_pkg/srv/ImageService.srv\n'}
[1.873818] (ros2_user_pkg) StdoutLine: {'line': b'-- Up-to-date symlink: /home/tan/Documents/workspace/ROS2_py_ws/install/ros2_user_pkg/share/ros2_user_pkg/srv/ImageService_Request.msg\n'}
[1.874321] (ros2_user_pkg) StdoutLine: {'line': b'-- Up-to-date symlink: /home/tan/Documents/workspace/ROS2_py_ws/install/ros2_user_pkg/share/ros2_user_pkg/srv/ImageService_Response.msg\n'}
[1.874907] (ros2_user_pkg) StdoutLine: {'line': b'-- Up-to-date symlink: /home/tan/Documents/workspace/ROS2_py_ws/install/ros2_user_pkg/share/ros2_user_pkg/action/Navigate.action\n'}
[1.875821] (ros2_user_pkg) StdoutLine: {'line': b'-- Up-to-date symlink: /home/tan/Documents/workspace/ROS2_py_ws/install/ros2_user_pkg/local/lib/python3.10/dist-packages/scripts-0.0.0-py3.10.egg-info/PKG-INFO\n'}
[1.876236] (ros2_user_pkg) StdoutLine: {'line': b'-- Up-to-date symlink: /home/tan/Documents/workspace/ROS2_py_ws/install/ros2_user_pkg/local/lib/python3.10/dist-packages/scripts-0.0.0-py3.10.egg-info/SOURCES.txt\n'}
[1.876653] (ros2_user_pkg) StdoutLine: {'line': b'-- Up-to-date symlink: /home/tan/Documents/workspace/ROS2_py_ws/install/ros2_user_pkg/local/lib/python3.10/dist-packages/scripts-0.0.0-py3.10.egg-info/dependency_links.txt\n'}
[1.877282] (ros2_user_pkg) StdoutLine: {'line': b'-- Up-to-date symlink: /home/tan/Documents/workspace/ROS2_py_ws/install/ros2_user_pkg/local/lib/python3.10/dist-packages/scripts-0.0.0-py3.10.egg-info/top_level.txt\n'}
[1.878622] (ros2_user_pkg) StdoutLine: {'line': b'-- Up-to-date symlink: /home/tan/Documents/workspace/ROS2_py_ws/install/ros2_user_pkg/local/lib/python3.10/dist-packages/scripts/__init__.py\n'}
[1.879411] (ros2_user_pkg) StdoutLine: {'line': b'-- Up-to-date symlink: /home/tan/Documents/workspace/ROS2_py_ws/install/ros2_user_pkg/local/lib/python3.10/dist-packages/scripts/action_client.py\n'}
[1.879955] (ros2_user_pkg) StdoutLine: {'line': b'-- Up-to-date symlink: /home/tan/Documents/workspace/ROS2_py_ws/install/ros2_user_pkg/local/lib/python3.10/dist-packages/scripts/action_server.py\n'}
[1.891684] (ros2_user_pkg) StdoutLine: {'line': b'-- Up-to-date symlink: /home/tan/Documents/workspace/ROS2_py_ws/install/ros2_user_pkg/local/lib/python3.10/dist-packages/scripts/publisher.py\n'}
[1.892183] (ros2_user_pkg) StdoutLine: {'line': b'-- Up-to-date symlink: /home/tan/Documents/workspace/ROS2_py_ws/install/ros2_user_pkg/local/lib/python3.10/dist-packages/scripts/rpm_publisher.py\n'}
[1.892529] (ros2_user_pkg) StdoutLine: {'line': b'-- Up-to-date symlink: /home/tan/Documents/workspace/ROS2_py_ws/install/ros2_user_pkg/local/lib/python3.10/dist-packages/scripts/service_client.py\n'}
[1.892885] (ros2_user_pkg) StdoutLine: {'line': b'-- Up-to-date symlink: /home/tan/Documents/workspace/ROS2_py_ws/install/ros2_user_pkg/local/lib/python3.10/dist-packages/scripts/service_server.py\n'}
[1.893312] (ros2_user_pkg) StdoutLine: {'line': b'-- Up-to-date symlink: /home/tan/Documents/workspace/ROS2_py_ws/install/ros2_user_pkg/local/lib/python3.10/dist-packages/scripts/speed_publisher.py\n'}
[1.893678] (ros2_user_pkg) StdoutLine: {'line': b'-- Up-to-date symlink: /home/tan/Documents/workspace/ROS2_py_ws/install/ros2_user_pkg/local/lib/python3.10/dist-packages/scripts/subcriber.py\n'}
[1.894025] (ros2_user_pkg) StdoutLine: {'line': b'-- Up-to-date symlink: /home/tan/Documents/workspace/ROS2_py_ws/install/ros2_user_pkg/local/lib/python3.10/dist-packages/scripts/turn_camera_client.py\n'}
[1.894304] (ros2_user_pkg) StdoutLine: {'line': b'-- Up-to-date symlink: /home/tan/Documents/workspace/ROS2_py_ws/install/ros2_user_pkg/local/lib/python3.10/dist-packages/scripts/turn_camera_server.py\n'}
[1.894857] (ros2_user_pkg) StdoutLine: {'line': b'-- Up-to-date symlink: /home/tan/Documents/workspace/ROS2_py_ws/install/ros2_user_pkg/lib/ros2_user_pkg/publisher.py\n'}
[1.895276] (ros2_user_pkg) StdoutLine: {'line': b'-- Up-to-date symlink: /home/tan/Documents/workspace/ROS2_py_ws/install/ros2_user_pkg/lib/ros2_user_pkg/subcriber.py\n'}
[1.895576] (ros2_user_pkg) StdoutLine: {'line': b'-- Up-to-date symlink: /home/tan/Documents/workspace/ROS2_py_ws/install/ros2_user_pkg/lib/ros2_user_pkg/rpm_publisher.py\n'}
[1.895810] (ros2_user_pkg) StdoutLine: {'line': b'-- Up-to-date symlink: /home/tan/Documents/workspace/ROS2_py_ws/install/ros2_user_pkg/lib/ros2_user_pkg/speed_publisher.py\n'}
[1.895954] (ros2_user_pkg) StdoutLine: {'line': b'-- Up-to-date symlink: /home/tan/Documents/workspace/ROS2_py_ws/install/ros2_user_pkg/lib/ros2_user_pkg/turn_camera_client.py\n'}
[1.896156] (ros2_user_pkg) StdoutLine: {'line': b'-- Up-to-date symlink: /home/tan/Documents/workspace/ROS2_py_ws/install/ros2_user_pkg/lib/ros2_user_pkg/turn_camera_server.py\n'}
[1.896292] (ros2_user_pkg) StdoutLine: {'line': b'-- Up-to-date symlink: /home/tan/Documents/workspace/ROS2_py_ws/install/ros2_user_pkg/lib/ros2_user_pkg/action_server.py\n'}
[1.896451] (ros2_user_pkg) StdoutLine: {'line': b'-- Up-to-date symlink: /home/tan/Documents/workspace/ROS2_py_ws/install/ros2_user_pkg/lib/ros2_user_pkg/action_client.py\n'}
[1.896725] (ros2_user_pkg) StdoutLine: {'line': b'-- Up-to-date symlink: /home/tan/Documents/workspace/ROS2_py_ws/install/ros2_user_pkg/share/ros2_user_pkg/launch/rpm_node.launch.py\n'}
[1.896929] (ros2_user_pkg) StdoutLine: {'line': b'-- Up-to-date symlink: /home/tan/Documents/workspace/ROS2_py_ws/install/ros2_user_pkg/share/ament_index/resource_index/package_run_dependencies/ros2_user_pkg\n'}
[1.897091] (ros2_user_pkg) StdoutLine: {'line': b'-- Up-to-date symlink: /home/tan/Documents/workspace/ROS2_py_ws/install/ros2_user_pkg/share/ament_index/resource_index/parent_prefix_path/ros2_user_pkg\n'}
[1.897227] (ros2_user_pkg) StdoutLine: {'line': b'-- Up-to-date symlink: /home/tan/Documents/workspace/ROS2_py_ws/install/ros2_user_pkg/share/ros2_user_pkg/environment/ament_prefix_path.sh\n'}
[1.897356] (ros2_user_pkg) StdoutLine: {'line': b'-- Up-to-date symlink: /home/tan/Documents/workspace/ROS2_py_ws/install/ros2_user_pkg/share/ros2_user_pkg/environment/ament_prefix_path.dsv\n'}
[1.897484] (ros2_user_pkg) StdoutLine: {'line': b'-- Up-to-date symlink: /home/tan/Documents/workspace/ROS2_py_ws/install/ros2_user_pkg/share/ros2_user_pkg/environment/path.sh\n'}
[1.897696] (ros2_user_pkg) StdoutLine: {'line': b'-- Up-to-date symlink: /home/tan/Documents/workspace/ROS2_py_ws/install/ros2_user_pkg/share/ros2_user_pkg/environment/path.dsv\n'}
[1.897947] (ros2_user_pkg) StdoutLine: {'line': b'-- Up-to-date symlink: /home/tan/Documents/workspace/ROS2_py_ws/install/ros2_user_pkg/share/ros2_user_pkg/local_setup.bash\n'}
[1.898204] (ros2_user_pkg) StdoutLine: {'line': b'-- Up-to-date symlink: /home/tan/Documents/workspace/ROS2_py_ws/install/ros2_user_pkg/share/ros2_user_pkg/local_setup.sh\n'}
[1.898336] (ros2_user_pkg) StdoutLine: {'line': b'-- Up-to-date symlink: /home/tan/Documents/workspace/ROS2_py_ws/install/ros2_user_pkg/share/ros2_user_pkg/local_setup.zsh\n'}
[1.898466] (ros2_user_pkg) StdoutLine: {'line': b'-- Up-to-date symlink: /home/tan/Documents/workspace/ROS2_py_ws/install/ros2_user_pkg/share/ros2_user_pkg/local_setup.dsv\n'}
[1.898738] (ros2_user_pkg) StdoutLine: {'line': b'-- Symlinking: /home/tan/Documents/workspace/ROS2_py_ws/install/ros2_user_pkg/share/ros2_user_pkg/package.dsv\n'}
[1.910303] (-) TimerEvent: {}
[1.922151] (ros2_user_pkg) StdoutLine: {'line': b'-- Up-to-date symlink: /home/tan/Documents/workspace/ROS2_py_ws/install/ros2_user_pkg/share/ament_index/resource_index/packages/ros2_user_pkg\n'}
[1.922587] (ros2_user_pkg) StdoutLine: {'line': b'-- Up-to-date symlink: /home/tan/Documents/workspace/ROS2_py_ws/install/ros2_user_pkg/share/ros2_user_pkg/cmake/rosidl_cmake-extras.cmake\n'}
[1.922756] (ros2_user_pkg) StdoutLine: {'line': b'-- Up-to-date symlink: /home/tan/Documents/workspace/ROS2_py_ws/install/ros2_user_pkg/share/ros2_user_pkg/cmake/ament_cmake_export_dependencies-extras.cmake\n'}
[1.923026] (ros2_user_pkg) StdoutLine: {'line': b'-- Up-to-date symlink: /home/tan/Documents/workspace/ROS2_py_ws/install/ros2_user_pkg/share/ros2_user_pkg/cmake/ament_cmake_export_include_directories-extras.cmake\n'}
[1.923221] (ros2_user_pkg) StdoutLine: {'line': b'-- Up-to-date symlink: /home/tan/Documents/workspace/ROS2_py_ws/install/ros2_user_pkg/share/ros2_user_pkg/cmake/ament_cmake_export_libraries-extras.cmake\n'}
[1.924529] (ros2_user_pkg) StdoutLine: {'line': b'-- Up-to-date symlink: /home/tan/Documents/workspace/ROS2_py_ws/install/ros2_user_pkg/share/ros2_user_pkg/cmake/ament_cmake_export_targets-extras.cmake\n'}
[1.925423] (ros2_user_pkg) StdoutLine: {'line': b'-- Up-to-date symlink: /home/tan/Documents/workspace/ROS2_py_ws/install/ros2_user_pkg/share/ros2_user_pkg/cmake/rosidl_cmake_export_typesupport_targets-extras.cmake\n'}
[1.927018] (ros2_user_pkg) StdoutLine: {'line': b'-- Up-to-date symlink: /home/tan/Documents/workspace/ROS2_py_ws/install/ros2_user_pkg/share/ros2_user_pkg/cmake/rosidl_cmake_export_typesupport_libraries-extras.cmake\n'}
[1.927885] (ros2_user_pkg) StdoutLine: {'line': b'-- Up-to-date symlink: /home/tan/Documents/workspace/ROS2_py_ws/install/ros2_user_pkg/share/ros2_user_pkg/cmake/ros2_user_pkgConfig.cmake\n'}
[1.928663] (ros2_user_pkg) StdoutLine: {'line': b'-- Up-to-date symlink: /home/tan/Documents/workspace/ROS2_py_ws/install/ros2_user_pkg/share/ros2_user_pkg/cmake/ros2_user_pkgConfig-version.cmake\n'}
[1.929530] (ros2_user_pkg) StdoutLine: {'line': b'-- Up-to-date symlink: /home/tan/Documents/workspace/ROS2_py_ws/install/ros2_user_pkg/share/ros2_user_pkg/package.xml\n'}
[1.930697] (ros2_user_pkg) StdoutLine: {'line': b'-- Up-to-date: /home/tan/Documents/workspace/ROS2_py_ws/install/ros2_user_pkg/lib/libros2_user_pkg__rosidl_generator_c.so\n'}
[1.935469] (ros2_user_pkg) StdoutLine: {'line': b'-- Up-to-date: /home/tan/Documents/workspace/ROS2_py_ws/install/ros2_user_pkg/lib/libros2_user_pkg__rosidl_typesupport_fastrtps_c.so\n'}
[1.937606] (ros2_user_pkg) StdoutLine: {'line': b'-- Up-to-date: /home/tan/Documents/workspace/ROS2_py_ws/install/ros2_user_pkg/lib/libros2_user_pkg__rosidl_typesupport_fastrtps_cpp.so\n'}
[1.939236] (ros2_user_pkg) StdoutLine: {'line': b'-- Up-to-date: /home/tan/Documents/workspace/ROS2_py_ws/install/ros2_user_pkg/lib/libros2_user_pkg__rosidl_typesupport_introspection_c.so\n'}
[1.940943] (ros2_user_pkg) StdoutLine: {'line': b'-- Up-to-date: /home/tan/Documents/workspace/ROS2_py_ws/install/ros2_user_pkg/lib/libros2_user_pkg__rosidl_typesupport_c.so\n'}
[1.942802] (ros2_user_pkg) StdoutLine: {'line': b'-- Up-to-date: /home/tan/Documents/workspace/ROS2_py_ws/install/ros2_user_pkg/lib/libros2_user_pkg__rosidl_typesupport_introspection_cpp.so\n'}
[1.945978] (ros2_user_pkg) StdoutLine: {'line': b'-- Up-to-date: /home/tan/Documents/workspace/ROS2_py_ws/install/ros2_user_pkg/lib/libros2_user_pkg__rosidl_typesupport_cpp.so\n'}
[2.010955] (-) TimerEvent: {}
[2.052550] (ros2_user_pkg) StdoutLine: {'line': b"Listing '/home/tan/Documents/workspace/ROS2_py_ws/install/ros2_user_pkg/local/lib/python3.10/dist-packages/ros2_user_pkg'...\n"}
[2.052982] (ros2_user_pkg) StdoutLine: {'line': b"Listing '/home/tan/Documents/workspace/ROS2_py_ws/install/ros2_user_pkg/local/lib/python3.10/dist-packages/ros2_user_pkg/action'...\n"}
[2.053156] (ros2_user_pkg) StdoutLine: {'line': b"Listing '/home/tan/Documents/workspace/ROS2_py_ws/install/ros2_user_pkg/local/lib/python3.10/dist-packages/ros2_user_pkg/srv'...\n"}
[2.071484] (ros2_user_pkg) StdoutLine: {'line': b'-- Up-to-date: /home/tan/Documents/workspace/ROS2_py_ws/install/ros2_user_pkg/lib/libros2_user_pkg__rosidl_generator_py.so\n'}
[2.111427] (-) TimerEvent: {}
[2.146808] (ros2_user_pkg) StdoutLine: {'line': b"Listing '/home/tan/Documents/workspace/ROS2_py_ws/install/ros2_user_pkg/local/lib/python3.10/dist-packages/scripts'...\n"}
[2.158771] (ros2_user_pkg) StdoutLine: {'line': b'-- Up-to-date: /home/tan/Documents/workspace/ROS2_py_ws/install/ros2_user_pkg/share/ros2_user_pkg/cmake/export_ros2_user_pkg__rosidl_generator_cExport.cmake\n'}
[2.159743] (ros2_user_pkg) StdoutLine: {'line': b'-- Up-to-date: /home/tan/Documents/workspace/ROS2_py_ws/install/ros2_user_pkg/share/ros2_user_pkg/cmake/export_ros2_user_pkg__rosidl_generator_cExport-noconfig.cmake\n'}
[2.160637] (ros2_user_pkg) StdoutLine: {'line': b'-- Up-to-date: /home/tan/Documents/workspace/ROS2_py_ws/install/ros2_user_pkg/share/ros2_user_pkg/cmake/export_ros2_user_pkg__rosidl_typesupport_fastrtps_cExport.cmake\n'}
[2.162311] (ros2_user_pkg) StdoutLine: {'line': b'-- Up-to-date: /home/tan/Documents/workspace/ROS2_py_ws/install/ros2_user_pkg/share/ros2_user_pkg/cmake/export_ros2_user_pkg__rosidl_typesupport_fastrtps_cExport-noconfig.cmake\n'}
[2.163669] (ros2_user_pkg) StdoutLine: {'line': b'-- Up-to-date: /home/tan/Documents/workspace/ROS2_py_ws/install/ros2_user_pkg/share/ros2_user_pkg/cmake/export_ros2_user_pkg__rosidl_generator_cppExport.cmake\n'}
[2.164025] (ros2_user_pkg) StdoutLine: {'line': b'-- Up-to-date: /home/tan/Documents/workspace/ROS2_py_ws/install/ros2_user_pkg/share/ros2_user_pkg/cmake/export_ros2_user_pkg__rosidl_typesupport_fastrtps_cppExport.cmake\n'}
[2.164213] (ros2_user_pkg) StdoutLine: {'line': b'-- Up-to-date: /home/tan/Documents/workspace/ROS2_py_ws/install/ros2_user_pkg/share/ros2_user_pkg/cmake/export_ros2_user_pkg__rosidl_typesupport_fastrtps_cppExport-noconfig.cmake\n'}
[2.165340] (ros2_user_pkg) StdoutLine: {'line': b'-- Up-to-date: /home/tan/Documents/workspace/ROS2_py_ws/install/ros2_user_pkg/share/ros2_user_pkg/cmake/ros2_user_pkg__rosidl_typesupport_introspection_cExport.cmake\n'}
[2.166934] (ros2_user_pkg) StdoutLine: {'line': b'-- Up-to-date: /home/tan/Documents/workspace/ROS2_py_ws/install/ros2_user_pkg/share/ros2_user_pkg/cmake/ros2_user_pkg__rosidl_typesupport_introspection_cExport-noconfig.cmake\n'}
[2.167275] (ros2_user_pkg) StdoutLine: {'line': b'-- Up-to-date: /home/tan/Documents/workspace/ROS2_py_ws/install/ros2_user_pkg/share/ros2_user_pkg/cmake/ros2_user_pkg__rosidl_typesupport_cExport.cmake\n'}
[2.168437] (ros2_user_pkg) StdoutLine: {'line': b'-- Up-to-date: /home/tan/Documents/workspace/ROS2_py_ws/install/ros2_user_pkg/share/ros2_user_pkg/cmake/ros2_user_pkg__rosidl_typesupport_cExport-noconfig.cmake\n'}
[2.168630] (ros2_user_pkg) StdoutLine: {'line': b'-- Up-to-date: /home/tan/Documents/workspace/ROS2_py_ws/install/ros2_user_pkg/share/ros2_user_pkg/cmake/ros2_user_pkg__rosidl_typesupport_introspection_cppExport.cmake\n'}
[2.168808] (ros2_user_pkg) StdoutLine: {'line': b'-- Up-to-date: /home/tan/Documents/workspace/ROS2_py_ws/install/ros2_user_pkg/share/ros2_user_pkg/cmake/ros2_user_pkg__rosidl_typesupport_introspection_cppExport-noconfig.cmake\n'}
[2.169348] (ros2_user_pkg) StdoutLine: {'line': b'-- Up-to-date: /home/tan/Documents/workspace/ROS2_py_ws/install/ros2_user_pkg/share/ros2_user_pkg/cmake/ros2_user_pkg__rosidl_typesupport_cppExport.cmake\n'}
[2.170171] (ros2_user_pkg) StdoutLine: {'line': b'-- Up-to-date: /home/tan/Documents/workspace/ROS2_py_ws/install/ros2_user_pkg/share/ros2_user_pkg/cmake/ros2_user_pkg__rosidl_typesupport_cppExport-noconfig.cmake\n'}
[2.171617] (ros2_user_pkg) StdoutLine: {'line': b'-- Up-to-date: /home/tan/Documents/workspace/ROS2_py_ws/install/ros2_user_pkg/share/ros2_user_pkg/cmake/export_ros2_user_pkg__rosidl_generator_pyExport.cmake\n'}
[2.171782] (ros2_user_pkg) StdoutLine: {'line': b'-- Up-to-date: /home/tan/Documents/workspace/ROS2_py_ws/install/ros2_user_pkg/share/ros2_user_pkg/cmake/export_ros2_user_pkg__rosidl_generator_pyExport-noconfig.cmake\n'}
[2.178805] (ros2_user_pkg) CommandEnded: {'returncode': 0}
[2.211654] (-) TimerEvent: {}
[2.313365] (-) TimerEvent: {}
[2.414062] (-) TimerEvent: {}
[2.515242] (-) TimerEvent: {}
[2.615822] (-) TimerEvent: {}
[2.718862] (-) TimerEvent: {}
[2.819849] (-) TimerEvent: {}
[2.897187] (ros2_user_pkg) JobEnded: {'identifier': 'ros2_user_pkg', 'rc': 0}
[2.902183] (-) EventReactorShutdown: {}
