[0.244s] Invoking command in '/home/tan/Documents/workspace/ROS2_py_ws/build/my_robot_description': CMAKE_PREFIX_PATH=${CMAKE_PREFIX_PATH}:/opt/ros/humble /usr/bin/cmake --build /home/tan/Documents/workspace/ROS2_py_ws/build/my_robot_description -- -j4 -l4
[0.397s] Invoked command in '/home/tan/Documents/workspace/ROS2_py_ws/build/my_robot_description' returned '0': CMAKE_PREFIX_PATH=${CMAKE_PREFIX_PATH}:/opt/ros/humble /usr/bin/cmake --build /home/tan/Documents/workspace/ROS2_py_ws/build/my_robot_description -- -j4 -l4
[0.581s] Invoking command in '/home/tan/Documents/workspace/ROS2_py_ws/build/my_robot_description': CMAKE_PREFIX_PATH=${CMAKE_PREFIX_PATH}:/opt/ros/humble /usr/bin/cmake --install /home/tan/Documents/workspace/ROS2_py_ws/build/my_robot_description
[0.602s] -- Install configuration: ""
[0.607s] -- Execute custom install script
[0.608s] -- Up-to-date symlink: /home/tan/Documents/workspace/ROS2_py_ws/install/my_robot_description/share/my_robot_description/urdf/common_properties.xacro
[0.609s] -- Up-to-date symlink: /home/tan/Documents/workspace/ROS2_py_ws/install/my_robot_description/share/my_robot_description/urdf/mobile_base.xacro
[0.611s] -- Up-to-date symlink: /home/tan/Documents/workspace/ROS2_py_ws/install/my_robot_description/share/my_robot_description/urdf/my_robot.urdf.xacro
[0.653s] -- Up-to-date symlink: /home/tan/Documents/workspace/ROS2_py_ws/install/my_robot_description/share/my_robot_description/launch/display.launch.py
[0.653s] -- Up-to-date symlink: /home/tan/Documents/workspace/ROS2_py_ws/install/my_robot_description/share/my_robot_description/launch/display.launch.xml
[0.654s] -- Up-to-date symlink: /home/tan/Documents/workspace/ROS2_py_ws/install/my_robot_description/share/my_robot_description/rviz/urdf_config.rviz
[0.655s] -- Up-to-date symlink: /home/tan/Documents/workspace/ROS2_py_ws/install/my_robot_description/share/ament_index/resource_index/package_run_dependencies/my_robot_description
[0.656s] -- Up-to-date symlink: /home/tan/Documents/workspace/ROS2_py_ws/install/my_robot_description/share/ament_index/resource_index/parent_prefix_path/my_robot_description
[0.656s] -- Up-to-date symlink: /home/tan/Documents/workspace/ROS2_py_ws/install/my_robot_description/share/my_robot_description/environment/ament_prefix_path.sh
[0.657s] -- Up-to-date symlink: /home/tan/Documents/workspace/ROS2_py_ws/install/my_robot_description/share/my_robot_description/environment/ament_prefix_path.dsv
[0.658s] -- Up-to-date symlink: /home/tan/Documents/workspace/ROS2_py_ws/install/my_robot_description/share/my_robot_description/environment/path.sh
[0.658s] -- Up-to-date symlink: /home/tan/Documents/workspace/ROS2_py_ws/install/my_robot_description/share/my_robot_description/environment/path.dsv
[0.659s] -- Up-to-date symlink: /home/tan/Documents/workspace/ROS2_py_ws/install/my_robot_description/share/my_robot_description/local_setup.bash
[0.660s] -- Up-to-date symlink: /home/tan/Documents/workspace/ROS2_py_ws/install/my_robot_description/share/my_robot_description/local_setup.sh
[0.660s] -- Up-to-date symlink: /home/tan/Documents/workspace/ROS2_py_ws/install/my_robot_description/share/my_robot_description/local_setup.zsh
[0.660s] -- Up-to-date symlink: /home/tan/Documents/workspace/ROS2_py_ws/install/my_robot_description/share/my_robot_description/local_setup.dsv
[0.660s] -- Symlinking: /home/tan/Documents/workspace/ROS2_py_ws/install/my_robot_description/share/my_robot_description/package.dsv
[0.660s] -- Up-to-date symlink: /home/tan/Documents/workspace/ROS2_py_ws/install/my_robot_description/share/ament_index/resource_index/packages/my_robot_description
[0.660s] -- Up-to-date symlink: /home/tan/Documents/workspace/ROS2_py_ws/install/my_robot_description/share/my_robot_description/cmake/my_robot_descriptionConfig.cmake
[0.661s] -- Up-to-date symlink: /home/tan/Documents/workspace/ROS2_py_ws/install/my_robot_description/share/my_robot_description/cmake/my_robot_descriptionConfig-version.cmake
[0.664s] -- Up-to-date symlink: /home/tan/Documents/workspace/ROS2_py_ws/install/my_robot_description/share/my_robot_description/package.xml
[0.665s] Invoked command in '/home/tan/Documents/workspace/ROS2_py_ws/build/my_robot_description' returned '0': CMAKE_PREFIX_PATH=${CMAKE_PREFIX_PATH}:/opt/ros/humble /usr/bin/cmake --install /home/tan/Documents/workspace/ROS2_py_ws/build/my_robot_description
