[1.616s] DEBUG:colcon:Command line arguments: ['/usr/bin/colcon', 'build', '--symlink-install']
[1.616s] DEBUG:colcon:Parsed command line arguments: Namespace(log_base=None, log_level=None, verb_name='build', build_base='build', install_base='install', merge_install=False, symlink_install=True, test_result_base=None, continue_on_error=False, executor='parallel', parallel_workers=4, event_handlers=None, ignore_user_meta=False, metas=['./colcon.meta'], base_paths=['.'], packages_ignore=None, packages_ignore_regex=None, paths=None, packages_up_to=None, packages_up_to_regex=None, packages_above=None, packages_above_and_dependencies=None, packages_above_depth=None, packages_select_by_dep=None, packages_skip_by_dep=None, packages_skip_up_to=None, packages_select_build_failed=False, packages_skip_build_finished=False, packages_select_test_failures=False, packages_skip_test_passed=False, packages_select=None, packages_skip=None, packages_select_regex=None, packages_skip_regex=None, packages_start=None, packages_end=None, allow_overriding=[], cmake_args=None, cmake_target=None, cmake_target_skip_unavailable=False, cmake_clean_cache=False, cmake_clean_first=False, cmake_force_configure=False, ament_cmake_args=None, catkin_cmake_args=None, catkin_skip_building_tests=False, verb_parser=<colcon_defaults.argument_parser.defaults.DefaultArgumentsDecorator object at 0x7f96fb19bf40>, verb_extension=<colcon_core.verb.build.BuildVerb object at 0x7f96fb198e80>, main=<bound method BuildVerb.main of <colcon_core.verb.build.BuildVerb object at 0x7f96fb198e80>>)
[1.699s] Level 1:colcon.colcon_core.package_discovery:discover_packages(colcon_meta) check parameters
[1.700s] Level 1:colcon.colcon_core.package_discovery:discover_packages(recursive) check parameters
[1.700s] Level 1:colcon.colcon_core.package_discovery:discover_packages(ignore) check parameters
[1.700s] Level 1:colcon.colcon_core.package_discovery:discover_packages(path) check parameters
[1.700s] Level 1:colcon.colcon_core.package_discovery:discover_packages(colcon_meta) discover
[1.700s] Level 1:colcon.colcon_core.package_discovery:discover_packages(recursive) discover
[1.700s] INFO:colcon.colcon_core.package_discovery:Crawling recursively for packages in '/home/tan/Documents/workspace/ROS2_py_ws'
[1.700s] Level 1:colcon.colcon_core.package_identification:_identify(.) by extensions ['ignore', 'ignore_ament_install']
[1.701s] Level 1:colcon.colcon_core.package_identification:_identify(.) by extension 'ignore'
[1.701s] Level 1:colcon.colcon_core.package_identification:_identify(.) by extension 'ignore_ament_install'
[1.701s] Level 1:colcon.colcon_core.package_identification:_identify(.) by extensions ['colcon_pkg']
[1.701s] Level 1:colcon.colcon_core.package_identification:_identify(.) by extension 'colcon_pkg'
[1.701s] Level 1:colcon.colcon_core.package_identification:_identify(.) by extensions ['colcon_meta']
[1.701s] Level 1:colcon.colcon_core.package_identification:_identify(.) by extension 'colcon_meta'
[1.701s] Level 1:colcon.colcon_core.package_identification:_identify(.) by extensions ['ros']
[1.701s] Level 1:colcon.colcon_core.package_identification:_identify(.) by extension 'ros'
[1.720s] Level 1:colcon.colcon_core.package_identification:_identify(.) by extensions ['cmake', 'python']
[1.720s] Level 1:colcon.colcon_core.package_identification:_identify(.) by extension 'cmake'
[1.721s] Level 1:colcon.colcon_core.package_identification:_identify(.) by extension 'python'
[1.721s] Level 1:colcon.colcon_core.package_identification:_identify(.) by extensions ['python_setup_py']
[1.721s] Level 1:colcon.colcon_core.package_identification:_identify(.) by extension 'python_setup_py'
[1.721s] Level 1:colcon.colcon_core.package_identification:_identify(build) by extensions ['ignore', 'ignore_ament_install']
[1.721s] Level 1:colcon.colcon_core.package_identification:_identify(build) by extension 'ignore'
[1.721s] Level 1:colcon.colcon_core.package_identification:_identify(build) ignored
[1.722s] Level 1:colcon.colcon_core.package_identification:_identify(install) by extensions ['ignore', 'ignore_ament_install']
[1.722s] Level 1:colcon.colcon_core.package_identification:_identify(install) by extension 'ignore'
[1.722s] Level 1:colcon.colcon_core.package_identification:_identify(install) ignored
[1.722s] Level 1:colcon.colcon_core.package_identification:_identify(log) by extensions ['ignore', 'ignore_ament_install']
[1.723s] Level 1:colcon.colcon_core.package_identification:_identify(log) by extension 'ignore'
[1.723s] Level 1:colcon.colcon_core.package_identification:_identify(log) ignored
[1.723s] Level 1:colcon.colcon_core.package_identification:_identify(src) by extensions ['ignore', 'ignore_ament_install']
[1.723s] Level 1:colcon.colcon_core.package_identification:_identify(src) by extension 'ignore'
[1.723s] Level 1:colcon.colcon_core.package_identification:_identify(src) by extension 'ignore_ament_install'
[1.724s] Level 1:colcon.colcon_core.package_identification:_identify(src) by extensions ['colcon_pkg']
[1.724s] Level 1:colcon.colcon_core.package_identification:_identify(src) by extension 'colcon_pkg'
[1.724s] Level 1:colcon.colcon_core.package_identification:_identify(src) by extensions ['colcon_meta']
[1.724s] Level 1:colcon.colcon_core.package_identification:_identify(src) by extension 'colcon_meta'
[1.724s] Level 1:colcon.colcon_core.package_identification:_identify(src) by extensions ['ros']
[1.724s] Level 1:colcon.colcon_core.package_identification:_identify(src) by extension 'ros'
[1.724s] Level 1:colcon.colcon_core.package_identification:_identify(src) by extensions ['cmake', 'python']
[1.724s] Level 1:colcon.colcon_core.package_identification:_identify(src) by extension 'cmake'
[1.724s] Level 1:colcon.colcon_core.package_identification:_identify(src) by extension 'python'
[1.725s] Level 1:colcon.colcon_core.package_identification:_identify(src) by extensions ['python_setup_py']
[1.725s] Level 1:colcon.colcon_core.package_identification:_identify(src) by extension 'python_setup_py'
[1.725s] Level 1:colcon.colcon_core.package_identification:_identify(src/my_robot_bringup) by extensions ['ignore', 'ignore_ament_install']
[1.726s] Level 1:colcon.colcon_core.package_identification:_identify(src/my_robot_bringup) by extension 'ignore'
[1.726s] Level 1:colcon.colcon_core.package_identification:_identify(src/my_robot_bringup) by extension 'ignore_ament_install'
[1.726s] Level 1:colcon.colcon_core.package_identification:_identify(src/my_robot_bringup) by extensions ['colcon_pkg']
[1.727s] Level 1:colcon.colcon_core.package_identification:_identify(src/my_robot_bringup) by extension 'colcon_pkg'
[1.727s] Level 1:colcon.colcon_core.package_identification:_identify(src/my_robot_bringup) by extensions ['colcon_meta']
[1.727s] Level 1:colcon.colcon_core.package_identification:_identify(src/my_robot_bringup) by extension 'colcon_meta'
[1.728s] Level 1:colcon.colcon_core.package_identification:_identify(src/my_robot_bringup) by extensions ['ros']
[1.728s] Level 1:colcon.colcon_core.package_identification:_identify(src/my_robot_bringup) by extension 'ros'
[1.735s] DEBUG:colcon.colcon_core.package_identification:Package 'src/my_robot_bringup' with type 'ros.ament_cmake' and name 'my_robot_bringup'
[1.735s] Level 1:colcon.colcon_core.package_identification:_identify(src/my_robot_description) by extensions ['ignore', 'ignore_ament_install']
[1.735s] Level 1:colcon.colcon_core.package_identification:_identify(src/my_robot_description) by extension 'ignore'
[1.736s] Level 1:colcon.colcon_core.package_identification:_identify(src/my_robot_description) by extension 'ignore_ament_install'
[1.736s] Level 1:colcon.colcon_core.package_identification:_identify(src/my_robot_description) by extensions ['colcon_pkg']
[1.736s] Level 1:colcon.colcon_core.package_identification:_identify(src/my_robot_description) by extension 'colcon_pkg'
[1.736s] Level 1:colcon.colcon_core.package_identification:_identify(src/my_robot_description) by extensions ['colcon_meta']
[1.736s] Level 1:colcon.colcon_core.package_identification:_identify(src/my_robot_description) by extension 'colcon_meta'
[1.736s] Level 1:colcon.colcon_core.package_identification:_identify(src/my_robot_description) by extensions ['ros']
[1.736s] Level 1:colcon.colcon_core.package_identification:_identify(src/my_robot_description) by extension 'ros'
[1.737s] DEBUG:colcon.colcon_core.package_identification:Package 'src/my_robot_description' with type 'ros.ament_cmake' and name 'my_robot_description'
[1.737s] Level 1:colcon.colcon_core.package_identification:_identify(src/ros2_user_pkg) by extensions ['ignore', 'ignore_ament_install']
[1.737s] Level 1:colcon.colcon_core.package_identification:_identify(src/ros2_user_pkg) by extension 'ignore'
[1.737s] Level 1:colcon.colcon_core.package_identification:_identify(src/ros2_user_pkg) by extension 'ignore_ament_install'
[1.738s] Level 1:colcon.colcon_core.package_identification:_identify(src/ros2_user_pkg) by extensions ['colcon_pkg']
[1.738s] Level 1:colcon.colcon_core.package_identification:_identify(src/ros2_user_pkg) by extension 'colcon_pkg'
[1.738s] Level 1:colcon.colcon_core.package_identification:_identify(src/ros2_user_pkg) by extensions ['colcon_meta']
[1.738s] Level 1:colcon.colcon_core.package_identification:_identify(src/ros2_user_pkg) by extension 'colcon_meta'
[1.738s] Level 1:colcon.colcon_core.package_identification:_identify(src/ros2_user_pkg) by extensions ['ros']
[1.738s] Level 1:colcon.colcon_core.package_identification:_identify(src/ros2_user_pkg) by extension 'ros'
[1.740s] DEBUG:colcon.colcon_core.package_identification:Package 'src/ros2_user_pkg' with type 'ros.ament_cmake' and name 'ros2_user_pkg'
[1.740s] Level 1:colcon.colcon_core.package_discovery:discover_packages(recursive) using defaults
[1.740s] Level 1:colcon.colcon_core.package_discovery:discover_packages(ignore) discover
[1.740s] Level 1:colcon.colcon_core.package_discovery:discover_packages(ignore) using defaults
[1.740s] Level 1:colcon.colcon_core.package_discovery:discover_packages(path) discover
[1.740s] Level 1:colcon.colcon_core.package_discovery:discover_packages(path) using defaults
[1.893s] Level 1:colcon.colcon_core.package_discovery:discover_packages(prefix_path) check parameters
[1.893s] Level 1:colcon.colcon_core.package_discovery:discover_packages(prefix_path) discover
[1.949s] DEBUG:colcon.colcon_installed_package_information.package_discovery:Found 3 installed packages in /home/tan/Documents/workspace/ROS2_py_ws/install
[1.975s] DEBUG:colcon.colcon_installed_package_information.package_discovery:Found 316 installed packages in /opt/ros/humble
[1.976s] Level 1:colcon.colcon_core.package_discovery:discover_packages(prefix_path) using defaults
[2.115s] Level 5:colcon.colcon_core.verb:set package 'my_robot_description' build argument 'cmake_args' from command line to 'None'
[2.115s] Level 5:colcon.colcon_core.verb:set package 'my_robot_description' build argument 'cmake_target' from command line to 'None'
[2.115s] Level 5:colcon.colcon_core.verb:set package 'my_robot_description' build argument 'cmake_target_skip_unavailable' from command line to 'False'
[2.115s] Level 5:colcon.colcon_core.verb:set package 'my_robot_description' build argument 'cmake_clean_cache' from command line to 'False'
[2.115s] Level 5:colcon.colcon_core.verb:set package 'my_robot_description' build argument 'cmake_clean_first' from command line to 'False'
[2.115s] Level 5:colcon.colcon_core.verb:set package 'my_robot_description' build argument 'cmake_force_configure' from command line to 'False'
[2.115s] Level 5:colcon.colcon_core.verb:set package 'my_robot_description' build argument 'ament_cmake_args' from command line to 'None'
[2.116s] Level 5:colcon.colcon_core.verb:set package 'my_robot_description' build argument 'catkin_cmake_args' from command line to 'None'
[2.116s] Level 5:colcon.colcon_core.verb:set package 'my_robot_description' build argument 'catkin_skip_building_tests' from command line to 'False'
[2.116s] DEBUG:colcon.colcon_core.verb:Building package 'my_robot_description' with the following arguments: {'ament_cmake_args': None, 'build_base': '/home/tan/Documents/workspace/ROS2_py_ws/build/my_robot_description', 'catkin_cmake_args': None, 'catkin_skip_building_tests': False, 'cmake_args': None, 'cmake_clean_cache': False, 'cmake_clean_first': False, 'cmake_force_configure': False, 'cmake_target': None, 'cmake_target_skip_unavailable': False, 'install_base': '/home/tan/Documents/workspace/ROS2_py_ws/install/my_robot_description', 'merge_install': False, 'path': '/home/tan/Documents/workspace/ROS2_py_ws/src/my_robot_description', 'symlink_install': True, 'test_result_base': None}
[2.138s] Level 5:colcon.colcon_core.verb:set package 'ros2_user_pkg' build argument 'cmake_args' from command line to 'None'
[2.138s] Level 5:colcon.colcon_core.verb:set package 'ros2_user_pkg' build argument 'cmake_target' from command line to 'None'
[2.138s] Level 5:colcon.colcon_core.verb:set package 'ros2_user_pkg' build argument 'cmake_target_skip_unavailable' from command line to 'False'
[2.138s] Level 5:colcon.colcon_core.verb:set package 'ros2_user_pkg' build argument 'cmake_clean_cache' from command line to 'False'
[2.138s] Level 5:colcon.colcon_core.verb:set package 'ros2_user_pkg' build argument 'cmake_clean_first' from command line to 'False'
[2.138s] Level 5:colcon.colcon_core.verb:set package 'ros2_user_pkg' build argument 'cmake_force_configure' from command line to 'False'
[2.138s] Level 5:colcon.colcon_core.verb:set package 'ros2_user_pkg' build argument 'ament_cmake_args' from command line to 'None'
[2.138s] Level 5:colcon.colcon_core.verb:set package 'ros2_user_pkg' build argument 'catkin_cmake_args' from command line to 'None'
[2.138s] Level 5:colcon.colcon_core.verb:set package 'ros2_user_pkg' build argument 'catkin_skip_building_tests' from command line to 'False'
[2.138s] DEBUG:colcon.colcon_core.verb:Building package 'ros2_user_pkg' with the following arguments: {'ament_cmake_args': None, 'build_base': '/home/tan/Documents/workspace/ROS2_py_ws/build/ros2_user_pkg', 'catkin_cmake_args': None, 'catkin_skip_building_tests': False, 'cmake_args': None, 'cmake_clean_cache': False, 'cmake_clean_first': False, 'cmake_force_configure': False, 'cmake_target': None, 'cmake_target_skip_unavailable': False, 'install_base': '/home/tan/Documents/workspace/ROS2_py_ws/install/ros2_user_pkg', 'merge_install': False, 'path': '/home/tan/Documents/workspace/ROS2_py_ws/src/ros2_user_pkg', 'symlink_install': True, 'test_result_base': None}
[2.158s] Level 5:colcon.colcon_core.verb:set package 'my_robot_bringup' build argument 'cmake_args' from command line to 'None'
[2.158s] Level 5:colcon.colcon_core.verb:set package 'my_robot_bringup' build argument 'cmake_target' from command line to 'None'
[2.158s] Level 5:colcon.colcon_core.verb:set package 'my_robot_bringup' build argument 'cmake_target_skip_unavailable' from command line to 'False'
[2.158s] Level 5:colcon.colcon_core.verb:set package 'my_robot_bringup' build argument 'cmake_clean_cache' from command line to 'False'
[2.158s] Level 5:colcon.colcon_core.verb:set package 'my_robot_bringup' build argument 'cmake_clean_first' from command line to 'False'
[2.158s] Level 5:colcon.colcon_core.verb:set package 'my_robot_bringup' build argument 'cmake_force_configure' from command line to 'False'
[2.158s] Level 5:colcon.colcon_core.verb:set package 'my_robot_bringup' build argument 'ament_cmake_args' from command line to 'None'
[2.158s] Level 5:colcon.colcon_core.verb:set package 'my_robot_bringup' build argument 'catkin_cmake_args' from command line to 'None'
[2.158s] Level 5:colcon.colcon_core.verb:set package 'my_robot_bringup' build argument 'catkin_skip_building_tests' from command line to 'False'
[2.158s] DEBUG:colcon.colcon_core.verb:Building package 'my_robot_bringup' with the following arguments: {'ament_cmake_args': None, 'build_base': '/home/tan/Documents/workspace/ROS2_py_ws/build/my_robot_bringup', 'catkin_cmake_args': None, 'catkin_skip_building_tests': False, 'cmake_args': None, 'cmake_clean_cache': False, 'cmake_clean_first': False, 'cmake_force_configure': False, 'cmake_target': None, 'cmake_target_skip_unavailable': False, 'install_base': '/home/tan/Documents/workspace/ROS2_py_ws/install/my_robot_bringup', 'merge_install': False, 'path': '/home/tan/Documents/workspace/ROS2_py_ws/src/my_robot_bringup', 'symlink_install': True, 'test_result_base': None}
[2.180s] INFO:colcon.colcon_core.executor:Executing jobs using 'parallel' executor
[2.204s] DEBUG:colcon.colcon_parallel_executor.executor.parallel:run_until_complete
[2.204s] INFO:colcon.colcon_ros.task.ament_cmake.build:Building ROS package in '/home/tan/Documents/workspace/ROS2_py_ws/src/my_robot_description' with build type 'ament_cmake'
[2.205s] INFO:colcon.colcon_cmake.task.cmake.build:Building CMake package in '/home/tan/Documents/workspace/ROS2_py_ws/src/my_robot_description'
[2.249s] INFO:colcon.colcon_core.plugin_system:Skipping extension 'colcon_core.shell.bat': Not used on non-Windows systems
[2.250s] INFO:colcon.colcon_core.shell:Skip shell extension 'powershell' for command environment: Not usable outside of PowerShell
[2.250s] DEBUG:colcon.colcon_core.shell:Skip shell extension 'dsv' for command environment
[2.331s] INFO:colcon.colcon_ros.task.ament_cmake.build:Building ROS package in '/home/tan/Documents/workspace/ROS2_py_ws/src/ros2_user_pkg' with build type 'ament_cmake'
[2.332s] INFO:colcon.colcon_cmake.task.cmake.build:Building CMake package in '/home/tan/Documents/workspace/ROS2_py_ws/src/ros2_user_pkg'
[2.369s] INFO:colcon.colcon_core.shell:Skip shell extension 'powershell' for command environment: Not usable outside of PowerShell
[2.369s] DEBUG:colcon.colcon_core.shell:Skip shell extension 'dsv' for command environment
[2.466s] DEBUG:colcon.colcon_core.event_handler.log_command:Invoking command in '/home/tan/Documents/workspace/ROS2_py_ws/build/my_robot_description': CMAKE_PREFIX_PATH=${CMAKE_PREFIX_PATH}:/opt/ros/humble /usr/bin/cmake --build /home/tan/Documents/workspace/ROS2_py_ws/build/my_robot_description -- -j4 -l4
[2.486s] DEBUG:colcon.colcon_core.event_handler.log_command:Invoking command in '/home/tan/Documents/workspace/ROS2_py_ws/build/ros2_user_pkg': CMAKE_PREFIX_PATH=${CMAKE_PREFIX_PATH}:/opt/ros/humble /usr/bin/cmake --build /home/tan/Documents/workspace/ROS2_py_ws/build/ros2_user_pkg -- -j4 -l4
[2.644s] DEBUG:colcon.colcon_core.event_handler.log_command:Invoked command in '/home/tan/Documents/workspace/ROS2_py_ws/build/my_robot_description' returned '0': CMAKE_PREFIX_PATH=${CMAKE_PREFIX_PATH}:/opt/ros/humble /usr/bin/cmake --build /home/tan/Documents/workspace/ROS2_py_ws/build/my_robot_description -- -j4 -l4
[2.824s] DEBUG:colcon.colcon_core.event_handler.log_command:Invoking command in '/home/tan/Documents/workspace/ROS2_py_ws/build/my_robot_description': CMAKE_PREFIX_PATH=${CMAKE_PREFIX_PATH}:/opt/ros/humble /usr/bin/cmake --install /home/tan/Documents/workspace/ROS2_py_ws/build/my_robot_description
[2.990s] Level 1:colcon.colcon_core.environment:create_environment_scripts_only(my_robot_description)
[2.997s] DEBUG:colcon.colcon_core.event_handler.log_command:Invoked command in '/home/tan/Documents/workspace/ROS2_py_ws/build/my_robot_description' returned '0': CMAKE_PREFIX_PATH=${CMAKE_PREFIX_PATH}:/opt/ros/humble /usr/bin/cmake --install /home/tan/Documents/workspace/ROS2_py_ws/build/my_robot_description
[3.077s] Level 1:colcon.colcon_core.environment:checking '/home/tan/Documents/workspace/ROS2_py_ws/install/my_robot_description' for CMake module files
[3.084s] Level 1:colcon.colcon_core.environment:checking '/home/tan/Documents/workspace/ROS2_py_ws/install/my_robot_description' for CMake config files
[3.087s] Level 1:colcon.colcon_core.shell:create_environment_hook('my_robot_description', 'cmake_prefix_path')
[3.132s] INFO:colcon.colcon_core.shell:Creating environment hook '/home/tan/Documents/workspace/ROS2_py_ws/install/my_robot_description/share/my_robot_description/hook/cmake_prefix_path.ps1'
[3.136s] INFO:colcon.colcon_core.shell:Creating environment descriptor '/home/tan/Documents/workspace/ROS2_py_ws/install/my_robot_description/share/my_robot_description/hook/cmake_prefix_path.dsv'
[3.143s] INFO:colcon.colcon_core.shell:Creating environment hook '/home/tan/Documents/workspace/ROS2_py_ws/install/my_robot_description/share/my_robot_description/hook/cmake_prefix_path.sh'
[3.152s] Level 1:colcon.colcon_core.environment:checking '/home/tan/Documents/workspace/ROS2_py_ws/install/my_robot_description/bin'
[3.152s] Level 1:colcon.colcon_core.environment:checking '/home/tan/Documents/workspace/ROS2_py_ws/install/my_robot_description/lib/pkgconfig/my_robot_description.pc'
[3.155s] Level 1:colcon.colcon_core.environment:checking '/home/tan/Documents/workspace/ROS2_py_ws/install/my_robot_description/lib/python3.10/site-packages'
[3.156s] Level 1:colcon.colcon_core.environment:checking '/home/tan/Documents/workspace/ROS2_py_ws/install/my_robot_description/bin'
[3.194s] INFO:colcon.colcon_core.shell:Creating package script '/home/tan/Documents/workspace/ROS2_py_ws/install/my_robot_description/share/my_robot_description/package.ps1'
[3.198s] INFO:colcon.colcon_core.shell:Creating package descriptor '/home/tan/Documents/workspace/ROS2_py_ws/install/my_robot_description/share/my_robot_description/package.dsv'
[3.201s] INFO:colcon.colcon_core.shell:Creating package script '/home/tan/Documents/workspace/ROS2_py_ws/install/my_robot_description/share/my_robot_description/package.sh'
[3.204s] INFO:colcon.colcon_core.shell:Creating package script '/home/tan/Documents/workspace/ROS2_py_ws/install/my_robot_description/share/my_robot_description/package.bash'
[3.208s] INFO:colcon.colcon_core.shell:Creating package script '/home/tan/Documents/workspace/ROS2_py_ws/install/my_robot_description/share/my_robot_description/package.zsh'
[3.213s] Level 1:colcon.colcon_core.environment:create_file_with_runtime_dependencies(/home/tan/Documents/workspace/ROS2_py_ws/install/my_robot_description/share/colcon-core/packages/my_robot_description)
[3.443s] Level 1:colcon.colcon_core.environment:create_environment_scripts_only(my_robot_description)
[3.487s] Level 1:colcon.colcon_core.environment:checking '/home/tan/Documents/workspace/ROS2_py_ws/install/my_robot_description' for CMake module files
[3.488s] Level 1:colcon.colcon_core.environment:checking '/home/tan/Documents/workspace/ROS2_py_ws/install/my_robot_description' for CMake config files
[3.489s] Level 1:colcon.colcon_core.shell:create_environment_hook('my_robot_description', 'cmake_prefix_path')
[3.514s] INFO:colcon.colcon_core.shell:Creating environment hook '/home/tan/Documents/workspace/ROS2_py_ws/install/my_robot_description/share/my_robot_description/hook/cmake_prefix_path.ps1'
[3.516s] INFO:colcon.colcon_core.shell:Creating environment descriptor '/home/tan/Documents/workspace/ROS2_py_ws/install/my_robot_description/share/my_robot_description/hook/cmake_prefix_path.dsv'
[3.517s] INFO:colcon.colcon_core.shell:Creating environment hook '/home/tan/Documents/workspace/ROS2_py_ws/install/my_robot_description/share/my_robot_description/hook/cmake_prefix_path.sh'
[3.520s] Level 1:colcon.colcon_core.environment:checking '/home/tan/Documents/workspace/ROS2_py_ws/install/my_robot_description/bin'
[3.520s] Level 1:colcon.colcon_core.environment:checking '/home/tan/Documents/workspace/ROS2_py_ws/install/my_robot_description/lib/pkgconfig/my_robot_description.pc'
[3.520s] Level 1:colcon.colcon_core.environment:checking '/home/tan/Documents/workspace/ROS2_py_ws/install/my_robot_description/lib/python3.10/site-packages'
[3.520s] Level 1:colcon.colcon_core.environment:checking '/home/tan/Documents/workspace/ROS2_py_ws/install/my_robot_description/bin'
[3.549s] INFO:colcon.colcon_core.shell:Creating package script '/home/tan/Documents/workspace/ROS2_py_ws/install/my_robot_description/share/my_robot_description/package.ps1'
[3.550s] INFO:colcon.colcon_core.shell:Creating package descriptor '/home/tan/Documents/workspace/ROS2_py_ws/install/my_robot_description/share/my_robot_description/package.dsv'
[3.553s] INFO:colcon.colcon_core.shell:Creating package script '/home/tan/Documents/workspace/ROS2_py_ws/install/my_robot_description/share/my_robot_description/package.sh'
[3.556s] INFO:colcon.colcon_core.shell:Creating package script '/home/tan/Documents/workspace/ROS2_py_ws/install/my_robot_description/share/my_robot_description/package.bash'
[3.558s] INFO:colcon.colcon_core.shell:Creating package script '/home/tan/Documents/workspace/ROS2_py_ws/install/my_robot_description/share/my_robot_description/package.zsh'
[3.560s] Level 1:colcon.colcon_core.environment:create_file_with_runtime_dependencies(/home/tan/Documents/workspace/ROS2_py_ws/install/my_robot_description/share/colcon-core/packages/my_robot_description)
[3.564s] INFO:colcon.colcon_ros.task.ament_cmake.build:Building ROS package in '/home/tan/Documents/workspace/ROS2_py_ws/src/my_robot_bringup' with build type 'ament_cmake'
[3.565s] INFO:colcon.colcon_cmake.task.cmake.build:Building CMake package in '/home/tan/Documents/workspace/ROS2_py_ws/src/my_robot_bringup'
[3.613s] INFO:colcon.colcon_core.shell:Skip shell extension 'powershell' for command environment: Not usable outside of PowerShell
[3.613s] DEBUG:colcon.colcon_core.shell:Skip shell extension 'dsv' for command environment
[3.906s] DEBUG:colcon.colcon_core.event_handler.log_command:Invoking command in '/home/tan/Documents/workspace/ROS2_py_ws/build/my_robot_bringup': CMAKE_PREFIX_PATH=/home/tan/Documents/workspace/ROS2_py_ws/install/my_robot_description:/home/tan/Documents/workspace/ROS2_py_ws/install/ros2_user_pkg:/home/tan/Documents/workspace/ROS2_py_ws/install/my_robot_bringup:/opt/ros/humble /usr/bin/cmake --build /home/tan/Documents/workspace/ROS2_py_ws/build/my_robot_bringup -- -j4 -l4
[4.056s] DEBUG:colcon.colcon_core.event_handler.log_command:Invoked command in '/home/tan/Documents/workspace/ROS2_py_ws/build/my_robot_bringup' returned '0': CMAKE_PREFIX_PATH=/home/tan/Documents/workspace/ROS2_py_ws/install/my_robot_description:/home/tan/Documents/workspace/ROS2_py_ws/install/ros2_user_pkg:/home/tan/Documents/workspace/ROS2_py_ws/install/my_robot_bringup:/opt/ros/humble /usr/bin/cmake --build /home/tan/Documents/workspace/ROS2_py_ws/build/my_robot_bringup -- -j4 -l4
[4.100s] DEBUG:colcon.colcon_core.event_handler.log_command:Invoked command in '/home/tan/Documents/workspace/ROS2_py_ws/build/ros2_user_pkg' returned '0': CMAKE_PREFIX_PATH=${CMAKE_PREFIX_PATH}:/opt/ros/humble /usr/bin/cmake --build /home/tan/Documents/workspace/ROS2_py_ws/build/ros2_user_pkg -- -j4 -l4
[4.199s] DEBUG:colcon.colcon_core.event_handler.log_command:Invoking command in '/home/tan/Documents/workspace/ROS2_py_ws/build/my_robot_bringup': CMAKE_PREFIX_PATH=/home/tan/Documents/workspace/ROS2_py_ws/install/my_robot_description:/home/tan/Documents/workspace/ROS2_py_ws/install/ros2_user_pkg:/home/tan/Documents/workspace/ROS2_py_ws/install/my_robot_bringup:/opt/ros/humble /usr/bin/cmake --install /home/tan/Documents/workspace/ROS2_py_ws/build/my_robot_bringup
[4.272s] Level 1:colcon.colcon_core.environment:create_environment_scripts_only(my_robot_bringup)
[4.285s] DEBUG:colcon.colcon_core.event_handler.log_command:Invoked command in '/home/tan/Documents/workspace/ROS2_py_ws/build/my_robot_bringup' returned '0': CMAKE_PREFIX_PATH=/home/tan/Documents/workspace/ROS2_py_ws/install/my_robot_description:/home/tan/Documents/workspace/ROS2_py_ws/install/ros2_user_pkg:/home/tan/Documents/workspace/ROS2_py_ws/install/my_robot_bringup:/opt/ros/humble /usr/bin/cmake --install /home/tan/Documents/workspace/ROS2_py_ws/build/my_robot_bringup
[4.314s] Level 1:colcon.colcon_core.environment:checking '/home/tan/Documents/workspace/ROS2_py_ws/install/my_robot_bringup' for CMake module files
[4.317s] Level 1:colcon.colcon_core.environment:checking '/home/tan/Documents/workspace/ROS2_py_ws/install/my_robot_bringup' for CMake config files
[4.317s] Level 1:colcon.colcon_core.shell:create_environment_hook('my_robot_bringup', 'cmake_prefix_path')
[4.361s] INFO:colcon.colcon_core.shell:Creating environment hook '/home/tan/Documents/workspace/ROS2_py_ws/install/my_robot_bringup/share/my_robot_bringup/hook/cmake_prefix_path.ps1'
[4.364s] INFO:colcon.colcon_core.shell:Creating environment descriptor '/home/tan/Documents/workspace/ROS2_py_ws/install/my_robot_bringup/share/my_robot_bringup/hook/cmake_prefix_path.dsv'
[4.367s] INFO:colcon.colcon_core.shell:Creating environment hook '/home/tan/Documents/workspace/ROS2_py_ws/install/my_robot_bringup/share/my_robot_bringup/hook/cmake_prefix_path.sh'
[4.376s] Level 1:colcon.colcon_core.environment:checking '/home/tan/Documents/workspace/ROS2_py_ws/install/my_robot_bringup/bin'
[4.377s] Level 1:colcon.colcon_core.environment:checking '/home/tan/Documents/workspace/ROS2_py_ws/install/my_robot_bringup/lib/pkgconfig/my_robot_bringup.pc'
[4.377s] Level 1:colcon.colcon_core.environment:checking '/home/tan/Documents/workspace/ROS2_py_ws/install/my_robot_bringup/lib/python3.10/site-packages'
[4.378s] Level 1:colcon.colcon_core.environment:checking '/home/tan/Documents/workspace/ROS2_py_ws/install/my_robot_bringup/bin'
[4.462s] INFO:colcon.colcon_core.shell:Creating package script '/home/tan/Documents/workspace/ROS2_py_ws/install/my_robot_bringup/share/my_robot_bringup/package.ps1'
[4.466s] INFO:colcon.colcon_core.shell:Creating package descriptor '/home/tan/Documents/workspace/ROS2_py_ws/install/my_robot_bringup/share/my_robot_bringup/package.dsv'
[4.467s] INFO:colcon.colcon_core.shell:Creating package script '/home/tan/Documents/workspace/ROS2_py_ws/install/my_robot_bringup/share/my_robot_bringup/package.sh'
[4.468s] INFO:colcon.colcon_core.shell:Creating package script '/home/tan/Documents/workspace/ROS2_py_ws/install/my_robot_bringup/share/my_robot_bringup/package.bash'
[4.469s] INFO:colcon.colcon_core.shell:Creating package script '/home/tan/Documents/workspace/ROS2_py_ws/install/my_robot_bringup/share/my_robot_bringup/package.zsh'
[4.470s] Level 1:colcon.colcon_core.environment:create_file_with_runtime_dependencies(/home/tan/Documents/workspace/ROS2_py_ws/install/my_robot_bringup/share/colcon-core/packages/my_robot_bringup)
[4.634s] Level 1:colcon.colcon_core.environment:create_environment_scripts_only(my_robot_bringup)
[4.681s] Level 1:colcon.colcon_core.environment:checking '/home/tan/Documents/workspace/ROS2_py_ws/install/my_robot_bringup' for CMake module files
[4.682s] Level 1:colcon.colcon_core.environment:checking '/home/tan/Documents/workspace/ROS2_py_ws/install/my_robot_bringup' for CMake config files
[4.682s] Level 1:colcon.colcon_core.shell:create_environment_hook('my_robot_bringup', 'cmake_prefix_path')
[4.735s] INFO:colcon.colcon_core.shell:Creating environment hook '/home/tan/Documents/workspace/ROS2_py_ws/install/my_robot_bringup/share/my_robot_bringup/hook/cmake_prefix_path.ps1'
[4.736s] INFO:colcon.colcon_core.shell:Creating environment descriptor '/home/tan/Documents/workspace/ROS2_py_ws/install/my_robot_bringup/share/my_robot_bringup/hook/cmake_prefix_path.dsv'
[4.737s] INFO:colcon.colcon_core.shell:Creating environment hook '/home/tan/Documents/workspace/ROS2_py_ws/install/my_robot_bringup/share/my_robot_bringup/hook/cmake_prefix_path.sh'
[4.742s] Level 1:colcon.colcon_core.environment:checking '/home/tan/Documents/workspace/ROS2_py_ws/install/my_robot_bringup/bin'
[4.742s] Level 1:colcon.colcon_core.environment:checking '/home/tan/Documents/workspace/ROS2_py_ws/install/my_robot_bringup/lib/pkgconfig/my_robot_bringup.pc'
[4.744s] Level 1:colcon.colcon_core.environment:checking '/home/tan/Documents/workspace/ROS2_py_ws/install/my_robot_bringup/lib/python3.10/site-packages'
[4.744s] Level 1:colcon.colcon_core.environment:checking '/home/tan/Documents/workspace/ROS2_py_ws/install/my_robot_bringup/bin'
[4.791s] INFO:colcon.colcon_core.shell:Creating package script '/home/tan/Documents/workspace/ROS2_py_ws/install/my_robot_bringup/share/my_robot_bringup/package.ps1'
[4.792s] INFO:colcon.colcon_core.shell:Creating package descriptor '/home/tan/Documents/workspace/ROS2_py_ws/install/my_robot_bringup/share/my_robot_bringup/package.dsv'
[4.797s] INFO:colcon.colcon_core.shell:Creating package script '/home/tan/Documents/workspace/ROS2_py_ws/install/my_robot_bringup/share/my_robot_bringup/package.sh'
[4.799s] INFO:colcon.colcon_core.shell:Creating package script '/home/tan/Documents/workspace/ROS2_py_ws/install/my_robot_bringup/share/my_robot_bringup/package.bash'
[4.803s] INFO:colcon.colcon_core.shell:Creating package script '/home/tan/Documents/workspace/ROS2_py_ws/install/my_robot_bringup/share/my_robot_bringup/package.zsh'
[4.804s] Level 1:colcon.colcon_core.environment:create_file_with_runtime_dependencies(/home/tan/Documents/workspace/ROS2_py_ws/install/my_robot_bringup/share/colcon-core/packages/my_robot_bringup)
[4.827s] DEBUG:colcon.colcon_core.event_handler.log_command:Invoking command in '/home/tan/Documents/workspace/ROS2_py_ws/build/ros2_user_pkg': CMAKE_PREFIX_PATH=${CMAKE_PREFIX_PATH}:/opt/ros/humble /usr/bin/cmake --install /home/tan/Documents/workspace/ROS2_py_ws/build/ros2_user_pkg
[5.218s] Level 1:colcon.colcon_core.environment:create_environment_scripts_only(ros2_user_pkg)
[5.219s] DEBUG:colcon.colcon_core.event_handler.log_command:Invoked command in '/home/tan/Documents/workspace/ROS2_py_ws/build/ros2_user_pkg' returned '0': CMAKE_PREFIX_PATH=${CMAKE_PREFIX_PATH}:/opt/ros/humble /usr/bin/cmake --install /home/tan/Documents/workspace/ROS2_py_ws/build/ros2_user_pkg
[5.245s] Level 1:colcon.colcon_core.environment:checking '/home/tan/Documents/workspace/ROS2_py_ws/install/ros2_user_pkg' for CMake module files
[5.247s] Level 1:colcon.colcon_core.environment:checking '/home/tan/Documents/workspace/ROS2_py_ws/install/ros2_user_pkg' for CMake config files
[5.248s] Level 1:colcon.colcon_core.shell:create_environment_hook('ros2_user_pkg', 'cmake_prefix_path')
[5.276s] INFO:colcon.colcon_core.shell:Creating environment hook '/home/tan/Documents/workspace/ROS2_py_ws/install/ros2_user_pkg/share/ros2_user_pkg/hook/cmake_prefix_path.ps1'
[5.277s] INFO:colcon.colcon_core.shell:Creating environment descriptor '/home/tan/Documents/workspace/ROS2_py_ws/install/ros2_user_pkg/share/ros2_user_pkg/hook/cmake_prefix_path.dsv'
[5.278s] INFO:colcon.colcon_core.shell:Creating environment hook '/home/tan/Documents/workspace/ROS2_py_ws/install/ros2_user_pkg/share/ros2_user_pkg/hook/cmake_prefix_path.sh'
[5.280s] Level 1:colcon.colcon_core.environment:checking '/home/tan/Documents/workspace/ROS2_py_ws/install/ros2_user_pkg/lib'
[5.281s] Level 1:colcon.colcon_core.shell:create_environment_hook('ros2_user_pkg', 'ld_library_path_lib')
[5.304s] INFO:colcon.colcon_core.shell:Creating environment hook '/home/tan/Documents/workspace/ROS2_py_ws/install/ros2_user_pkg/share/ros2_user_pkg/hook/ld_library_path_lib.ps1'
[5.305s] INFO:colcon.colcon_core.shell:Creating environment descriptor '/home/tan/Documents/workspace/ROS2_py_ws/install/ros2_user_pkg/share/ros2_user_pkg/hook/ld_library_path_lib.dsv'
[5.306s] INFO:colcon.colcon_core.shell:Creating environment hook '/home/tan/Documents/workspace/ROS2_py_ws/install/ros2_user_pkg/share/ros2_user_pkg/hook/ld_library_path_lib.sh'
[5.308s] Level 1:colcon.colcon_core.environment:checking '/home/tan/Documents/workspace/ROS2_py_ws/install/ros2_user_pkg/bin'
[5.308s] Level 1:colcon.colcon_core.environment:checking '/home/tan/Documents/workspace/ROS2_py_ws/install/ros2_user_pkg/lib/pkgconfig/ros2_user_pkg.pc'
[5.309s] Level 1:colcon.colcon_core.environment:checking '/home/tan/Documents/workspace/ROS2_py_ws/install/ros2_user_pkg/lib/python3.10/site-packages'
[5.309s] Level 1:colcon.colcon_core.environment:checking '/home/tan/Documents/workspace/ROS2_py_ws/install/ros2_user_pkg/bin'
[5.345s] INFO:colcon.colcon_core.shell:Creating package script '/home/tan/Documents/workspace/ROS2_py_ws/install/ros2_user_pkg/share/ros2_user_pkg/package.ps1'
[5.347s] INFO:colcon.colcon_core.shell:Creating package descriptor '/home/tan/Documents/workspace/ROS2_py_ws/install/ros2_user_pkg/share/ros2_user_pkg/package.dsv'
[5.348s] INFO:colcon.colcon_core.shell:Creating package script '/home/tan/Documents/workspace/ROS2_py_ws/install/ros2_user_pkg/share/ros2_user_pkg/package.sh'
[5.349s] INFO:colcon.colcon_core.shell:Creating package script '/home/tan/Documents/workspace/ROS2_py_ws/install/ros2_user_pkg/share/ros2_user_pkg/package.bash'
[5.350s] INFO:colcon.colcon_core.shell:Creating package script '/home/tan/Documents/workspace/ROS2_py_ws/install/ros2_user_pkg/share/ros2_user_pkg/package.zsh'
[5.350s] Level 1:colcon.colcon_core.environment:create_file_with_runtime_dependencies(/home/tan/Documents/workspace/ROS2_py_ws/install/ros2_user_pkg/share/colcon-core/packages/ros2_user_pkg)
[5.841s] Level 1:colcon.colcon_core.environment:create_environment_scripts_only(ros2_user_pkg)
[5.866s] Level 1:colcon.colcon_core.environment:checking '/home/tan/Documents/workspace/ROS2_py_ws/install/ros2_user_pkg' for CMake module files
[5.869s] Level 1:colcon.colcon_core.environment:checking '/home/tan/Documents/workspace/ROS2_py_ws/install/ros2_user_pkg' for CMake config files
[5.870s] Level 1:colcon.colcon_core.shell:create_environment_hook('ros2_user_pkg', 'cmake_prefix_path')
[5.902s] INFO:colcon.colcon_core.shell:Creating environment hook '/home/tan/Documents/workspace/ROS2_py_ws/install/ros2_user_pkg/share/ros2_user_pkg/hook/cmake_prefix_path.ps1'
[5.903s] INFO:colcon.colcon_core.shell:Creating environment descriptor '/home/tan/Documents/workspace/ROS2_py_ws/install/ros2_user_pkg/share/ros2_user_pkg/hook/cmake_prefix_path.dsv'
[5.905s] INFO:colcon.colcon_core.shell:Creating environment hook '/home/tan/Documents/workspace/ROS2_py_ws/install/ros2_user_pkg/share/ros2_user_pkg/hook/cmake_prefix_path.sh'
[5.908s] Level 1:colcon.colcon_core.environment:checking '/home/tan/Documents/workspace/ROS2_py_ws/install/ros2_user_pkg/lib'
[5.909s] Level 1:colcon.colcon_core.shell:create_environment_hook('ros2_user_pkg', 'ld_library_path_lib')
[5.942s] INFO:colcon.colcon_core.shell:Creating environment hook '/home/tan/Documents/workspace/ROS2_py_ws/install/ros2_user_pkg/share/ros2_user_pkg/hook/ld_library_path_lib.ps1'
[5.943s] INFO:colcon.colcon_core.shell:Creating environment descriptor '/home/tan/Documents/workspace/ROS2_py_ws/install/ros2_user_pkg/share/ros2_user_pkg/hook/ld_library_path_lib.dsv'
[5.945s] INFO:colcon.colcon_core.shell:Creating environment hook '/home/tan/Documents/workspace/ROS2_py_ws/install/ros2_user_pkg/share/ros2_user_pkg/hook/ld_library_path_lib.sh'
[5.946s] Level 1:colcon.colcon_core.environment:checking '/home/tan/Documents/workspace/ROS2_py_ws/install/ros2_user_pkg/bin'
[5.947s] Level 1:colcon.colcon_core.environment:checking '/home/tan/Documents/workspace/ROS2_py_ws/install/ros2_user_pkg/lib/pkgconfig/ros2_user_pkg.pc'
[5.948s] Level 1:colcon.colcon_core.environment:checking '/home/tan/Documents/workspace/ROS2_py_ws/install/ros2_user_pkg/lib/python3.10/site-packages'
[5.948s] Level 1:colcon.colcon_core.environment:checking '/home/tan/Documents/workspace/ROS2_py_ws/install/ros2_user_pkg/bin'
[5.984s] INFO:colcon.colcon_core.shell:Creating package script '/home/tan/Documents/workspace/ROS2_py_ws/install/ros2_user_pkg/share/ros2_user_pkg/package.ps1'
[5.985s] INFO:colcon.colcon_core.shell:Creating package descriptor '/home/tan/Documents/workspace/ROS2_py_ws/install/ros2_user_pkg/share/ros2_user_pkg/package.dsv'
[5.986s] INFO:colcon.colcon_core.shell:Creating package script '/home/tan/Documents/workspace/ROS2_py_ws/install/ros2_user_pkg/share/ros2_user_pkg/package.sh'
[5.987s] INFO:colcon.colcon_core.shell:Creating package script '/home/tan/Documents/workspace/ROS2_py_ws/install/ros2_user_pkg/share/ros2_user_pkg/package.bash'
[5.989s] INFO:colcon.colcon_core.shell:Creating package script '/home/tan/Documents/workspace/ROS2_py_ws/install/ros2_user_pkg/share/ros2_user_pkg/package.zsh'
[5.992s] Level 1:colcon.colcon_core.environment:create_file_with_runtime_dependencies(/home/tan/Documents/workspace/ROS2_py_ws/install/ros2_user_pkg/share/colcon-core/packages/ros2_user_pkg)
[5.995s] DEBUG:colcon.colcon_parallel_executor.executor.parallel:closing loop
[5.996s] DEBUG:colcon.colcon_parallel_executor.executor.parallel:loop closed
[5.996s] DEBUG:colcon.colcon_parallel_executor.executor.parallel:run_until_complete finished with '0'
[5.996s] DEBUG:colcon.colcon_core.event_reactor:joining thread
[6.052s] INFO:colcon.colcon_core.plugin_system:Skipping extension 'colcon_notification.desktop_notification.terminal_notifier': Not used on non-Darwin systems
[6.053s] INFO:colcon.colcon_core.plugin_system:Skipping extension 'colcon_notification.desktop_notification.win32': Not used on non-Windows systems
[6.053s] INFO:colcon.colcon_notification.desktop_notification:Sending desktop notification using 'notify2'
[6.088s] DEBUG:colcon.colcon_core.event_reactor:joined thread
[6.144s] INFO:colcon.colcon_core.shell:Creating prefix script '/home/tan/Documents/workspace/ROS2_py_ws/install/local_setup.ps1'
[6.147s] INFO:colcon.colcon_core.shell:Creating prefix util module '/home/tan/Documents/workspace/ROS2_py_ws/install/_local_setup_util_ps1.py'
[6.155s] INFO:colcon.colcon_core.shell:Creating prefix chain script '/home/tan/Documents/workspace/ROS2_py_ws/install/setup.ps1'
[6.217s] INFO:colcon.colcon_core.shell:Creating prefix script '/home/tan/Documents/workspace/ROS2_py_ws/install/local_setup.sh'
[6.220s] INFO:colcon.colcon_core.shell:Creating prefix util module '/home/tan/Documents/workspace/ROS2_py_ws/install/_local_setup_util_sh.py'
[6.222s] INFO:colcon.colcon_core.shell:Creating prefix chain script '/home/tan/Documents/workspace/ROS2_py_ws/install/setup.sh'
[6.257s] INFO:colcon.colcon_core.shell:Creating prefix script '/home/tan/Documents/workspace/ROS2_py_ws/install/local_setup.bash'
[6.260s] INFO:colcon.colcon_core.shell:Creating prefix chain script '/home/tan/Documents/workspace/ROS2_py_ws/install/setup.bash'
[6.306s] INFO:colcon.colcon_core.shell:Creating prefix script '/home/tan/Documents/workspace/ROS2_py_ws/install/local_setup.zsh'
[6.311s] INFO:colcon.colcon_core.shell:Creating prefix chain script '/home/tan/Documents/workspace/ROS2_py_ws/install/setup.zsh'
