[0.000000] (-) TimerEvent: {}
[0.002039] (my_robot_description) JobQueued: {'identifier': 'my_robot_description', 'dependencies': OrderedDict()}
[0.002200] (ros2_user_pkg) JobQueued: {'identifier': 'ros2_user_pkg', 'dependencies': OrderedDict()}
[0.002279] (my_robot_description) JobStarted: {'identifier': 'my_robot_description'}
[0.097806] (ros2_user_pkg) JobStarted: {'identifier': 'ros2_user_pkg'}
[0.099669] (-) TimerEvent: {}
[0.195489] (my_robot_description) JobProgress: {'identifier': 'my_robot_description', 'progress': 'cmake'}
[0.197150] (my_robot_description) JobProgress: {'identifier': 'my_robot_description', 'progress': 'build'}
[0.198426] (my_robot_description) Command: {'cmd': ['/usr/bin/cmake', '--build', '/home/tan/Documents/workspace/ROS2_py_ws/build/my_robot_description', '--', '-j4', '-l4'], 'cwd': '/home/tan/Documents/workspace/ROS2_py_ws/build/my_robot_description', 'env': OrderedDict([('GJS_DEBUG_TOPICS', 'JS ERROR;JS LOG'), ('LESSOPEN', '| /usr/bin/lesspipe %s'), ('LANGUAGE', 'en_US:'), ('USER', 'tan'), ('LC_TIME', 'vi_VN'), ('GIO_MODULE_DIR', '/home/tan/snap/code/common/.cache/gio-modules'), ('XDG_SESSION_TYPE', 'wayland'), ('GTK_EXE_PREFIX_VSCODE_SNAP_ORIG', ''), ('GDK_BACKEND_VSCODE_SNAP_ORIG', ''), ('SHLVL', '1'), ('LD_LIBRARY_PATH', '/home/tan/Documents/workspace/ROS2_py_ws/install/ros2_user_pkg/lib:/opt/ros/humble/opt/rviz_ogre_vendor/lib:/opt/ros/humble/lib/x86_64-linux-gnu:/opt/ros/humble/lib'), ('HOME', '/home/tan'), ('CHROME_DESKTOP', 'code-url-handler.desktop'), ('LOCPATH_VSCODE_SNAP_ORIG', ''), ('TERM_PROGRAM_VERSION', '1.83.1'), ('DESKTOP_SESSION', 'ubuntu'), ('GTK_PATH', '/snap/code/143/usr/lib/x86_64-linux-gnu/gtk-3.0'), ('GTK_IM_MODULE_FILE', '/home/tan/snap/code/common/.cache/immodules/immodules.cache'), ('GIO_LAUNCHED_DESKTOP_FILE', '/var/lib/snapd/desktop/applications/code_code.desktop'), ('ROS_PYTHON_VERSION', '3'), ('GNOME_SHELL_SESSION_MODE', 'ubuntu'), ('GTK_MODULES', 'gail:atk-bridge'), ('GSETTINGS_SCHEMA_DIR_VSCODE_SNAP_ORIG', ''), ('LC_MONETARY', 'vi_VN'), ('MANAGERPID', '1012'), ('SYSTEMD_EXEC_PID', '1195'), ('IM_CONFIG_CHECK_ENV', '1'), ('DBUS_SESSION_BUS_ADDRESS', 'unix:path=/run/user/1000/bus'), ('COLORTERM', 'truecolor'), ('GIO_LAUNCHED_DESKTOP_FILE_PID', '2247'), ('IM_CONFIG_PHASE', '1'), ('WAYLAND_DISPLAY', 'wayland-0'), ('COLCON_PREFIX_PATH', '/home/tan/Documents/workspace/ROS2_py_ws/install'), ('ROS_DISTRO', 'humble'), ('LOGNAME', 'tan'), ('JOURNAL_STREAM', '8:30344'), ('_', '/usr/bin/colcon'), ('ROS_VERSION', '2'), ('XDG_CONFIG_DIRS_VSCODE_SNAP_ORIG', '/etc/xdg/xdg-ubuntu:/etc/xdg'), ('XDG_SESSION_CLASS', 'user'), ('XDG_DATA_DIRS_VSCODE_SNAP_ORIG', '/usr/share/ubuntu:/usr/local/share/:/usr/share/:/var/lib/snapd/desktop'), ('USERNAME', 'tan'), ('TERM', 'xterm-256color'), ('GNOME_DESKTOP_SESSION_ID', 'this-is-deprecated'), ('ROS_LOCALHOST_ONLY', '0'), ('PATH', '/opt/ros/humble/bin:/usr/local/sbin:/usr/local/bin:/usr/sbin:/usr/bin:/sbin:/bin:/usr/games:/usr/local/games:/snap/bin:/snap/bin'), ('SESSION_MANAGER', 'local/tan-virtual-machine:@/tmp/.ICE-unix/1176,unix/tan-virtual-machine:/tmp/.ICE-unix/1176'), ('GTK_EXE_PREFIX', '/snap/code/143/usr'), ('INVOCATION_ID', '9770b2aa3e4a4b9db006186fb775401c'), ('XDG_MENU_PREFIX', 'gnome-'), ('LC_ADDRESS', 'vi_VN'), ('BAMF_DESKTOP_FILE_HINT', '/var/lib/snapd/desktop/applications/code_code.desktop'), ('GNOME_SETUP_DISPLAY', ':1'), ('XDG_RUNTIME_DIR', '/run/user/1000'), ('GDK_BACKEND', 'x11'), ('DISPLAY', ':0'), ('LOCPATH', '/snap/code/143/usr/lib/locale'), ('LANG', 'en_US.UTF-8'), ('XDG_CURRENT_DESKTOP', 'Unity'), ('LC_TELEPHONE', 'vi_VN'), ('GIO_MODULE_DIR_VSCODE_SNAP_ORIG', ''), ('XMODIFIERS', '@im=ibus'), ('XDG_SESSION_DESKTOP', 'ubuntu'), ('XAUTHORITY', '/run/user/1000/.mutter-Xwaylandauth.ZOAKC2'), ('LS_COLORS', ''), ('TERM_PROGRAM', 'vscode'), ('SSH_AGENT_LAUNCHER', 'gnome-keyring'), ('SSH_AUTH_SOCK', '/run/user/1000/keyring/ssh'), ('GSETTINGS_SCHEMA_DIR', '/home/tan/snap/code/143/.local/share/glib-2.0/schemas'), ('AMENT_PREFIX_PATH', '/home/tan/Documents/workspace/ROS2_py_ws/install/ros2_user_pkg:/home/tan/Documents/workspace/ROS2_py_ws/install/my_robot_description:/opt/ros/humble'), ('ORIGINAL_XDG_CURRENT_DESKTOP', 'ubuntu:GNOME'), ('SHELL', '/bin/bash'), ('LC_NAME', 'vi_VN'), ('QT_ACCESSIBILITY', '1'), ('GDMSESSION', 'ubuntu'), ('LESSCLOSE', '/usr/bin/lesspipe %s %s'), ('GTK_PATH_VSCODE_SNAP_ORIG', ''), ('GTK_IM_MODULE_FILE_VSCODE_SNAP_ORIG', ''), ('LC_MEASUREMENT', 'vi_VN'), ('GJS_DEBUG_OUTPUT', 'stderr'), ('LC_IDENTIFICATION', 'vi_VN'), ('QT_IM_MODULE', 'ibus'), ('PWD', '/home/tan/Documents/workspace/ROS2_py_ws/build/my_robot_description'), ('LC_ALL', 'en_US.UTF-8'), ('XDG_CONFIG_DIRS', '/etc/xdg/xdg-ubuntu:/etc/xdg'), ('XDG_DATA_DIRS', '/home/tan/snap/code/143/.local/share:/home/tan/snap/code/143:/snap/code/143/usr/share:/usr/share/ubuntu:/usr/local/share/:/usr/share/:/var/lib/snapd/desktop'), ('PYTHONPATH', '/home/tan/Documents/workspace/ROS2_py_ws/install/ros2_user_pkg/local/lib/python3.10/dist-packages:/opt/ros/humble/lib/python3.10/site-packages:/opt/ros/humble/local/lib/python3.10/dist-packages'), ('LC_NUMERIC', 'vi_VN'), ('LC_PAPER', 'vi_VN'), ('COLCON', '1'), ('CMAKE_PREFIX_PATH', '/home/tan/Documents/workspace/ROS2_py_ws/install/ros2_user_pkg:/home/tan/Documents/workspace/ROS2_py_ws/install/my_robot_description:/opt/ros/humble')]), 'shell': False}
[0.203666] (-) TimerEvent: {}
[0.209203] (ros2_user_pkg) JobProgress: {'identifier': 'ros2_user_pkg', 'progress': 'cmake'}
[0.213066] (ros2_user_pkg) JobProgress: {'identifier': 'ros2_user_pkg', 'progress': 'build'}
[0.213384] (ros2_user_pkg) Command: {'cmd': ['/usr/bin/cmake', '--build', '/home/tan/Documents/workspace/ROS2_py_ws/build/ros2_user_pkg', '--', '-j4', '-l4'], 'cwd': '/home/tan/Documents/workspace/ROS2_py_ws/build/ros2_user_pkg', 'env': OrderedDict([('GJS_DEBUG_TOPICS', 'JS ERROR;JS LOG'), ('LESSOPEN', '| /usr/bin/lesspipe %s'), ('LANGUAGE', 'en_US:'), ('USER', 'tan'), ('LC_TIME', 'vi_VN'), ('GIO_MODULE_DIR', '/home/tan/snap/code/common/.cache/gio-modules'), ('XDG_SESSION_TYPE', 'wayland'), ('GTK_EXE_PREFIX_VSCODE_SNAP_ORIG', ''), ('GDK_BACKEND_VSCODE_SNAP_ORIG', ''), ('SHLVL', '1'), ('LD_LIBRARY_PATH', '/home/tan/Documents/workspace/ROS2_py_ws/install/ros2_user_pkg/lib:/opt/ros/humble/opt/rviz_ogre_vendor/lib:/opt/ros/humble/lib/x86_64-linux-gnu:/opt/ros/humble/lib'), ('HOME', '/home/tan'), ('CHROME_DESKTOP', 'code-url-handler.desktop'), ('LOCPATH_VSCODE_SNAP_ORIG', ''), ('TERM_PROGRAM_VERSION', '1.83.1'), ('DESKTOP_SESSION', 'ubuntu'), ('GTK_PATH', '/snap/code/143/usr/lib/x86_64-linux-gnu/gtk-3.0'), ('GTK_IM_MODULE_FILE', '/home/tan/snap/code/common/.cache/immodules/immodules.cache'), ('GIO_LAUNCHED_DESKTOP_FILE', '/var/lib/snapd/desktop/applications/code_code.desktop'), ('ROS_PYTHON_VERSION', '3'), ('GNOME_SHELL_SESSION_MODE', 'ubuntu'), ('GTK_MODULES', 'gail:atk-bridge'), ('GSETTINGS_SCHEMA_DIR_VSCODE_SNAP_ORIG', ''), ('LC_MONETARY', 'vi_VN'), ('MANAGERPID', '1012'), ('SYSTEMD_EXEC_PID', '1195'), ('IM_CONFIG_CHECK_ENV', '1'), ('DBUS_SESSION_BUS_ADDRESS', 'unix:path=/run/user/1000/bus'), ('COLORTERM', 'truecolor'), ('GIO_LAUNCHED_DESKTOP_FILE_PID', '2247'), ('IM_CONFIG_PHASE', '1'), ('WAYLAND_DISPLAY', 'wayland-0'), ('COLCON_PREFIX_PATH', '/home/tan/Documents/workspace/ROS2_py_ws/install'), ('ROS_DISTRO', 'humble'), ('LOGNAME', 'tan'), ('JOURNAL_STREAM', '8:30344'), ('_', '/usr/bin/colcon'), ('ROS_VERSION', '2'), ('XDG_CONFIG_DIRS_VSCODE_SNAP_ORIG', '/etc/xdg/xdg-ubuntu:/etc/xdg'), ('XDG_SESSION_CLASS', 'user'), ('XDG_DATA_DIRS_VSCODE_SNAP_ORIG', '/usr/share/ubuntu:/usr/local/share/:/usr/share/:/var/lib/snapd/desktop'), ('USERNAME', 'tan'), ('TERM', 'xterm-256color'), ('GNOME_DESKTOP_SESSION_ID', 'this-is-deprecated'), ('ROS_LOCALHOST_ONLY', '0'), ('PATH', '/opt/ros/humble/bin:/usr/local/sbin:/usr/local/bin:/usr/sbin:/usr/bin:/sbin:/bin:/usr/games:/usr/local/games:/snap/bin:/snap/bin'), ('SESSION_MANAGER', 'local/tan-virtual-machine:@/tmp/.ICE-unix/1176,unix/tan-virtual-machine:/tmp/.ICE-unix/1176'), ('GTK_EXE_PREFIX', '/snap/code/143/usr'), ('INVOCATION_ID', '9770b2aa3e4a4b9db006186fb775401c'), ('XDG_MENU_PREFIX', 'gnome-'), ('LC_ADDRESS', 'vi_VN'), ('BAMF_DESKTOP_FILE_HINT', '/var/lib/snapd/desktop/applications/code_code.desktop'), ('GNOME_SETUP_DISPLAY', ':1'), ('XDG_RUNTIME_DIR', '/run/user/1000'), ('GDK_BACKEND', 'x11'), ('DISPLAY', ':0'), ('LOCPATH', '/snap/code/143/usr/lib/locale'), ('LANG', 'en_US.UTF-8'), ('XDG_CURRENT_DESKTOP', 'Unity'), ('LC_TELEPHONE', 'vi_VN'), ('GIO_MODULE_DIR_VSCODE_SNAP_ORIG', ''), ('XMODIFIERS', '@im=ibus'), ('XDG_SESSION_DESKTOP', 'ubuntu'), ('XAUTHORITY', '/run/user/1000/.mutter-Xwaylandauth.ZOAKC2'), ('LS_COLORS', ''), ('TERM_PROGRAM', 'vscode'), ('SSH_AGENT_LAUNCHER', 'gnome-keyring'), ('SSH_AUTH_SOCK', '/run/user/1000/keyring/ssh'), ('GSETTINGS_SCHEMA_DIR', '/home/tan/snap/code/143/.local/share/glib-2.0/schemas'), ('AMENT_PREFIX_PATH', '/home/tan/Documents/workspace/ROS2_py_ws/install/ros2_user_pkg:/home/tan/Documents/workspace/ROS2_py_ws/install/my_robot_description:/opt/ros/humble'), ('ORIGINAL_XDG_CURRENT_DESKTOP', 'ubuntu:GNOME'), ('SHELL', '/bin/bash'), ('LC_NAME', 'vi_VN'), ('QT_ACCESSIBILITY', '1'), ('GDMSESSION', 'ubuntu'), ('LESSCLOSE', '/usr/bin/lesspipe %s %s'), ('GTK_PATH_VSCODE_SNAP_ORIG', ''), ('GTK_IM_MODULE_FILE_VSCODE_SNAP_ORIG', ''), ('LC_MEASUREMENT', 'vi_VN'), ('GJS_DEBUG_OUTPUT', 'stderr'), ('LC_IDENTIFICATION', 'vi_VN'), ('QT_IM_MODULE', 'ibus'), ('PWD', '/home/tan/Documents/workspace/ROS2_py_ws/build/ros2_user_pkg'), ('LC_ALL', 'en_US.UTF-8'), ('XDG_CONFIG_DIRS', '/etc/xdg/xdg-ubuntu:/etc/xdg'), ('XDG_DATA_DIRS', '/home/tan/snap/code/143/.local/share:/home/tan/snap/code/143:/snap/code/143/usr/share:/usr/share/ubuntu:/usr/local/share/:/usr/share/:/var/lib/snapd/desktop'), ('PYTHONPATH', '/home/tan/Documents/workspace/ROS2_py_ws/install/ros2_user_pkg/local/lib/python3.10/dist-packages:/opt/ros/humble/lib/python3.10/site-packages:/opt/ros/humble/local/lib/python3.10/dist-packages'), ('LC_NUMERIC', 'vi_VN'), ('LC_PAPER', 'vi_VN'), ('COLCON', '1'), ('CMAKE_PREFIX_PATH', '/home/tan/Documents/workspace/ROS2_py_ws/install/ros2_user_pkg:/home/tan/Documents/workspace/ROS2_py_ws/install/my_robot_description:/opt/ros/humble')]), 'shell': False}
[0.258541] (my_robot_description) StdoutLine: {'line': b'-- Found ament_cmake: 1.3.5 (/opt/ros/humble/share/ament_cmake/cmake)\n'}
[0.304025] (-) TimerEvent: {}
[0.338106] (ros2_user_pkg) StdoutLine: {'line': b'\x1b[35m\x1b[1mConsolidate compiler generated dependencies of target ros2_user_pkg__rosidl_generator_c\x1b[0m\n'}
[0.382554] (ros2_user_pkg) StdoutLine: {'line': b'[ 10%] Built target ros2_user_pkg__rosidl_generator_c\n'}
[0.390788] (ros2_user_pkg) StdoutLine: {'line': b'[ 12%] Built target ros2_user_pkg__cpp\n'}
[0.393364] (ros2_user_pkg) StdoutLine: {'line': b'[ 12%] Built target ament_cmake_python_symlink_ros2_user_pkg\n'}
[0.404186] (-) TimerEvent: {}
[0.413224] (ros2_user_pkg) StdoutLine: {'line': b'[ 12%] Built target ament_cmake_python_symlink_scripts\n'}
[0.423305] (ros2_user_pkg) StdoutLine: {'line': b'\x1b[35m\x1b[1mConsolidate compiler generated dependencies of target ros2_user_pkg__rosidl_typesupport_fastrtps_c\x1b[0m\n'}
[0.440700] (ros2_user_pkg) StdoutLine: {'line': b'\x1b[35m\x1b[1mConsolidate compiler generated dependencies of target ros2_user_pkg__rosidl_typesupport_introspection_c\x1b[0m\n'}
[0.460000] (ros2_user_pkg) StdoutLine: {'line': b'\x1b[35m\x1b[1mConsolidate compiler generated dependencies of target ros2_user_pkg__rosidl_typesupport_c\x1b[0m\n'}
[0.467093] (ros2_user_pkg) StdoutLine: {'line': b'\x1b[35m\x1b[1mConsolidate compiler generated dependencies of target ros2_user_pkg__rosidl_typesupport_introspection_cpp\x1b[0m\n'}
[0.508668] (ros2_user_pkg) StdoutLine: {'line': b'[ 23%] Built target ros2_user_pkg__rosidl_typesupport_introspection_c\n'}
[0.509362] (-) TimerEvent: {}
[0.516300] (ros2_user_pkg) StdoutLine: {'line': b'[ 34%] Built target ros2_user_pkg__rosidl_typesupport_fastrtps_c\n'}
[0.530721] (ros2_user_pkg) StdoutLine: {'line': b'[ 44%] Built target ros2_user_pkg__rosidl_typesupport_c\n'}
[0.583194] (ros2_user_pkg) StdoutLine: {'line': b'[ 55%] Built target ros2_user_pkg__rosidl_typesupport_introspection_cpp\n'}
[0.601630] (my_robot_description) StdoutLine: {'line': b'-- Override CMake install command with custom implementation using symlinks instead of copying resources\n'}
[0.601976] (ros2_user_pkg) StdoutLine: {'line': b'\x1b[35m\x1b[1mConsolidate compiler generated dependencies of target ros2_user_pkg__rosidl_typesupport_cpp\x1b[0m\n'}
[0.609604] (-) TimerEvent: {}
[0.658570] (ros2_user_pkg) StdoutLine: {'line': b'\x1b[35m\x1b[1mConsolidate compiler generated dependencies of target ros2_user_pkg__rosidl_typesupport_fastrtps_cpp\x1b[0m\n'}
[0.697023] (ros2_user_pkg) StdoutLine: {'line': b'[ 65%] Built target ros2_user_pkg__rosidl_typesupport_cpp\n'}
[0.710737] (-) TimerEvent: {}
[0.740112] (ros2_user_pkg) StdoutLine: {'line': b'[ 76%] Built target ros2_user_pkg__rosidl_typesupport_fastrtps_cpp\n'}
[0.803336] (ros2_user_pkg) StdoutLine: {'line': b'[ 76%] Built target ros2_user_pkg\n'}
[0.810918] (-) TimerEvent: {}
[0.812003] (my_robot_description) StdoutLine: {'line': b'-- Configuring done\n'}
[0.831519] (my_robot_description) StdoutLine: {'line': b'-- Generating done\n'}
[0.835740] (my_robot_description) StdoutLine: {'line': b'-- Build files have been written to: /home/tan/Documents/workspace/ROS2_py_ws/build/my_robot_description\n'}
[0.907028] (ros2_user_pkg) StdoutLine: {'line': b'[ 78%] Built target ros2_user_pkg__py\n'}
[0.912974] (-) TimerEvent: {}
[0.942558] (my_robot_description) CommandEnded: {'returncode': 0}
[0.988613] (ros2_user_pkg) StdoutLine: {'line': b'\x1b[35m\x1b[1mConsolidate compiler generated dependencies of target ros2_user_pkg__rosidl_generator_py\x1b[0m\n'}
[1.036276] (-) TimerEvent: {}
[1.036540] (my_robot_description) JobProgress: {'identifier': 'my_robot_description', 'progress': 'install'}
[1.069412] (my_robot_description) Command: {'cmd': ['/usr/bin/cmake', '--install', '/home/tan/Documents/workspace/ROS2_py_ws/build/my_robot_description'], 'cwd': '/home/tan/Documents/workspace/ROS2_py_ws/build/my_robot_description', 'env': OrderedDict([('GJS_DEBUG_TOPICS', 'JS ERROR;JS LOG'), ('LESSOPEN', '| /usr/bin/lesspipe %s'), ('LANGUAGE', 'en_US:'), ('USER', 'tan'), ('LC_TIME', 'vi_VN'), ('GIO_MODULE_DIR', '/home/tan/snap/code/common/.cache/gio-modules'), ('XDG_SESSION_TYPE', 'wayland'), ('GTK_EXE_PREFIX_VSCODE_SNAP_ORIG', ''), ('GDK_BACKEND_VSCODE_SNAP_ORIG', ''), ('SHLVL', '1'), ('LD_LIBRARY_PATH', '/home/tan/Documents/workspace/ROS2_py_ws/install/ros2_user_pkg/lib:/opt/ros/humble/opt/rviz_ogre_vendor/lib:/opt/ros/humble/lib/x86_64-linux-gnu:/opt/ros/humble/lib'), ('HOME', '/home/tan'), ('CHROME_DESKTOP', 'code-url-handler.desktop'), ('LOCPATH_VSCODE_SNAP_ORIG', ''), ('TERM_PROGRAM_VERSION', '1.83.1'), ('DESKTOP_SESSION', 'ubuntu'), ('GTK_PATH', '/snap/code/143/usr/lib/x86_64-linux-gnu/gtk-3.0'), ('GTK_IM_MODULE_FILE', '/home/tan/snap/code/common/.cache/immodules/immodules.cache'), ('GIO_LAUNCHED_DESKTOP_FILE', '/var/lib/snapd/desktop/applications/code_code.desktop'), ('ROS_PYTHON_VERSION', '3'), ('GNOME_SHELL_SESSION_MODE', 'ubuntu'), ('GTK_MODULES', 'gail:atk-bridge'), ('GSETTINGS_SCHEMA_DIR_VSCODE_SNAP_ORIG', ''), ('LC_MONETARY', 'vi_VN'), ('MANAGERPID', '1012'), ('SYSTEMD_EXEC_PID', '1195'), ('IM_CONFIG_CHECK_ENV', '1'), ('DBUS_SESSION_BUS_ADDRESS', 'unix:path=/run/user/1000/bus'), ('COLORTERM', 'truecolor'), ('GIO_LAUNCHED_DESKTOP_FILE_PID', '2247'), ('IM_CONFIG_PHASE', '1'), ('WAYLAND_DISPLAY', 'wayland-0'), ('COLCON_PREFIX_PATH', '/home/tan/Documents/workspace/ROS2_py_ws/install'), ('ROS_DISTRO', 'humble'), ('LOGNAME', 'tan'), ('JOURNAL_STREAM', '8:30344'), ('_', '/usr/bin/colcon'), ('ROS_VERSION', '2'), ('XDG_CONFIG_DIRS_VSCODE_SNAP_ORIG', '/etc/xdg/xdg-ubuntu:/etc/xdg'), ('XDG_SESSION_CLASS', 'user'), ('XDG_DATA_DIRS_VSCODE_SNAP_ORIG', '/usr/share/ubuntu:/usr/local/share/:/usr/share/:/var/lib/snapd/desktop'), ('USERNAME', 'tan'), ('TERM', 'xterm-256color'), ('GNOME_DESKTOP_SESSION_ID', 'this-is-deprecated'), ('ROS_LOCALHOST_ONLY', '0'), ('PATH', '/opt/ros/humble/bin:/usr/local/sbin:/usr/local/bin:/usr/sbin:/usr/bin:/sbin:/bin:/usr/games:/usr/local/games:/snap/bin:/snap/bin'), ('SESSION_MANAGER', 'local/tan-virtual-machine:@/tmp/.ICE-unix/1176,unix/tan-virtual-machine:/tmp/.ICE-unix/1176'), ('GTK_EXE_PREFIX', '/snap/code/143/usr'), ('INVOCATION_ID', '9770b2aa3e4a4b9db006186fb775401c'), ('XDG_MENU_PREFIX', 'gnome-'), ('LC_ADDRESS', 'vi_VN'), ('BAMF_DESKTOP_FILE_HINT', '/var/lib/snapd/desktop/applications/code_code.desktop'), ('GNOME_SETUP_DISPLAY', ':1'), ('XDG_RUNTIME_DIR', '/run/user/1000'), ('GDK_BACKEND', 'x11'), ('DISPLAY', ':0'), ('LOCPATH', '/snap/code/143/usr/lib/locale'), ('LANG', 'en_US.UTF-8'), ('XDG_CURRENT_DESKTOP', 'Unity'), ('LC_TELEPHONE', 'vi_VN'), ('GIO_MODULE_DIR_VSCODE_SNAP_ORIG', ''), ('XMODIFIERS', '@im=ibus'), ('XDG_SESSION_DESKTOP', 'ubuntu'), ('XAUTHORITY', '/run/user/1000/.mutter-Xwaylandauth.ZOAKC2'), ('LS_COLORS', ''), ('TERM_PROGRAM', 'vscode'), ('SSH_AGENT_LAUNCHER', 'gnome-keyring'), ('SSH_AUTH_SOCK', '/run/user/1000/keyring/ssh'), ('GSETTINGS_SCHEMA_DIR', '/home/tan/snap/code/143/.local/share/glib-2.0/schemas'), ('AMENT_PREFIX_PATH', '/home/tan/Documents/workspace/ROS2_py_ws/install/ros2_user_pkg:/home/tan/Documents/workspace/ROS2_py_ws/install/my_robot_description:/opt/ros/humble'), ('ORIGINAL_XDG_CURRENT_DESKTOP', 'ubuntu:GNOME'), ('SHELL', '/bin/bash'), ('LC_NAME', 'vi_VN'), ('QT_ACCESSIBILITY', '1'), ('GDMSESSION', 'ubuntu'), ('LESSCLOSE', '/usr/bin/lesspipe %s %s'), ('GTK_PATH_VSCODE_SNAP_ORIG', ''), ('GTK_IM_MODULE_FILE_VSCODE_SNAP_ORIG', ''), ('LC_MEASUREMENT', 'vi_VN'), ('GJS_DEBUG_OUTPUT', 'stderr'), ('LC_IDENTIFICATION', 'vi_VN'), ('QT_IM_MODULE', 'ibus'), ('PWD', '/home/tan/Documents/workspace/ROS2_py_ws/build/my_robot_description'), ('LC_ALL', 'en_US.UTF-8'), ('XDG_CONFIG_DIRS', '/etc/xdg/xdg-ubuntu:/etc/xdg'), ('XDG_DATA_DIRS', '/home/tan/snap/code/143/.local/share:/home/tan/snap/code/143:/snap/code/143/usr/share:/usr/share/ubuntu:/usr/local/share/:/usr/share/:/var/lib/snapd/desktop'), ('PYTHONPATH', '/home/tan/Documents/workspace/ROS2_py_ws/install/ros2_user_pkg/local/lib/python3.10/dist-packages:/opt/ros/humble/lib/python3.10/site-packages:/opt/ros/humble/local/lib/python3.10/dist-packages'), ('LC_NUMERIC', 'vi_VN'), ('LC_PAPER', 'vi_VN'), ('COLCON', '1'), ('CMAKE_PREFIX_PATH', '/home/tan/Documents/workspace/ROS2_py_ws/install/ros2_user_pkg:/home/tan/Documents/workspace/ROS2_py_ws/install/my_robot_description:/opt/ros/humble')]), 'shell': False}
[1.078957] (ros2_user_pkg) StdoutLine: {'line': b'[ 87%] Built target ros2_user_pkg__rosidl_generator_py\n'}
[1.094044] (my_robot_description) StdoutLine: {'line': b'-- Install configuration: ""\n'}
[1.094365] (my_robot_description) StdoutLine: {'line': b'-- Execute custom install script\n'}
[1.094531] (my_robot_description) StdoutLine: {'line': b'-- Symlinking: /home/tan/Documents/workspace/ROS2_py_ws/install/my_robot_description/share/my_robot_description/urdf/my_robot.urdf\n'}
[1.128604] (my_robot_description) StdoutLine: {'line': b'-- Symlinking: /home/tan/Documents/workspace/ROS2_py_ws/install/my_robot_description/share/my_robot_description/launch/display.launch.py\n'}
[1.136445] (-) TimerEvent: {}
[1.140682] (my_robot_description) StdoutLine: {'line': b'-- Symlinking: /home/tan/Documents/workspace/ROS2_py_ws/install/my_robot_description/share/my_robot_description/launch/display.launch.xml\n'}
[1.150043] (ros2_user_pkg) StdoutLine: {'line': b'\x1b[35m\x1b[1mConsolidate compiler generated dependencies of target ros2_user_pkg__rosidl_typesupport_fastrtps_c__pyext\x1b[0m\n'}
[1.154252] (ros2_user_pkg) StdoutLine: {'line': b'running egg_info\n'}
[1.155648] (ros2_user_pkg) StdoutLine: {'line': b'writing ros2_user_pkg.egg-info/PKG-INFO\n'}
[1.156285] (ros2_user_pkg) StdoutLine: {'line': b'writing dependency_links to ros2_user_pkg.egg-info/dependency_links.txt\n'}
[1.157488] (ros2_user_pkg) StdoutLine: {'line': b'writing top-level names to ros2_user_pkg.egg-info/top_level.txt\n'}
[1.160052] (ros2_user_pkg) StdoutLine: {'line': b"reading manifest file 'ros2_user_pkg.egg-info/SOURCES.txt'\n"}
[1.176953] (ros2_user_pkg) StdoutLine: {'line': b"writing manifest file 'ros2_user_pkg.egg-info/SOURCES.txt'\n"}
[1.181757] (ros2_user_pkg) StdoutLine: {'line': b'\x1b[35m\x1b[1mConsolidate compiler generated dependencies of target ros2_user_pkg__rosidl_typesupport_introspection_c__pyext\x1b[0m\n'}
[1.198972] (my_robot_description) StdoutLine: {'line': b'-- Up-to-date symlink: /home/tan/Documents/workspace/ROS2_py_ws/install/my_robot_description/share/ament_index/resource_index/package_run_dependencies/my_robot_description\n'}
[1.199196] (my_robot_description) StdoutLine: {'line': b'-- Up-to-date symlink: /home/tan/Documents/workspace/ROS2_py_ws/install/my_robot_description/share/ament_index/resource_index/parent_prefix_path/my_robot_description\n'}
[1.199366] (my_robot_description) StdoutLine: {'line': b'-- Up-to-date symlink: /home/tan/Documents/workspace/ROS2_py_ws/install/my_robot_description/share/my_robot_description/environment/ament_prefix_path.sh\n'}
[1.199455] (my_robot_description) StdoutLine: {'line': b'-- Up-to-date symlink: /home/tan/Documents/workspace/ROS2_py_ws/install/my_robot_description/share/my_robot_description/environment/ament_prefix_path.dsv\n'}
[1.202216] (my_robot_description) StdoutLine: {'line': b'-- Up-to-date symlink: /home/tan/Documents/workspace/ROS2_py_ws/install/my_robot_description/share/my_robot_description/environment/path.sh\n'}
[1.207872] (my_robot_description) StdoutLine: {'line': b'-- Up-to-date symlink: /home/tan/Documents/workspace/ROS2_py_ws/install/my_robot_description/share/my_robot_description/environment/path.dsv\n'}
[1.208124] (my_robot_description) StdoutLine: {'line': b'-- Up-to-date symlink: /home/tan/Documents/workspace/ROS2_py_ws/install/my_robot_description/share/my_robot_description/local_setup.bash\n'}
[1.208328] (my_robot_description) StdoutLine: {'line': b'-- Up-to-date symlink: /home/tan/Documents/workspace/ROS2_py_ws/install/my_robot_description/share/my_robot_description/local_setup.sh\n'}
[1.208458] (my_robot_description) StdoutLine: {'line': b'-- Up-to-date symlink: /home/tan/Documents/workspace/ROS2_py_ws/install/my_robot_description/share/my_robot_description/local_setup.zsh\n'}
[1.217473] (my_robot_description) StdoutLine: {'line': b'-- Up-to-date symlink: /home/tan/Documents/workspace/ROS2_py_ws/install/my_robot_description/share/my_robot_description/local_setup.dsv\n'}
[1.217746] (my_robot_description) StdoutLine: {'line': b'-- Symlinking: /home/tan/Documents/workspace/ROS2_py_ws/install/my_robot_description/share/my_robot_description/package.dsv\n'}
[1.236615] (-) TimerEvent: {}
[1.264598] (my_robot_description) StdoutLine: {'line': b'-- Up-to-date symlink: /home/tan/Documents/workspace/ROS2_py_ws/install/my_robot_description/share/ament_index/resource_index/packages/my_robot_description\n'}
[1.264958] (my_robot_description) StdoutLine: {'line': b'-- Up-to-date symlink: /home/tan/Documents/workspace/ROS2_py_ws/install/my_robot_description/share/my_robot_description/cmake/my_robot_descriptionConfig.cmake\n'}
[1.265098] (my_robot_description) StdoutLine: {'line': b'-- Up-to-date symlink: /home/tan/Documents/workspace/ROS2_py_ws/install/my_robot_description/share/my_robot_description/cmake/my_robot_descriptionConfig-version.cmake\n'}
[1.265325] (my_robot_description) StdoutLine: {'line': b'-- Up-to-date symlink: /home/tan/Documents/workspace/ROS2_py_ws/install/my_robot_description/share/my_robot_description/package.xml\n'}
[1.272673] (ros2_user_pkg) StdoutLine: {'line': b'[ 91%] Built target ros2_user_pkg__rosidl_typesupport_fastrtps_c__pyext\n'}
[1.287360] (my_robot_description) CommandEnded: {'returncode': 0}
[1.296907] (ros2_user_pkg) StdoutLine: {'line': b'[ 91%] Built target ament_cmake_python_build_ros2_user_pkg_egg\n'}
[1.304616] (ros2_user_pkg) StdoutLine: {'line': b'[ 95%] Built target ros2_user_pkg__rosidl_typesupport_introspection_c__pyext\n'}
[1.315027] (ros2_user_pkg) StdoutLine: {'line': b'\x1b[35m\x1b[1mConsolidate compiler generated dependencies of target ros2_user_pkg__rosidl_typesupport_c__pyext\x1b[0m\n'}
[1.322415] (ros2_user_pkg) StdoutLine: {'line': b'running egg_info\n'}
[1.323689] (ros2_user_pkg) StdoutLine: {'line': b'writing scripts.egg-info/PKG-INFO\n'}
[1.324024] (ros2_user_pkg) StdoutLine: {'line': b'writing dependency_links to scripts.egg-info/dependency_links.txt\n'}
[1.324425] (ros2_user_pkg) StdoutLine: {'line': b'writing top-level names to scripts.egg-info/top_level.txt\n'}
[1.329155] (ros2_user_pkg) StdoutLine: {'line': b"reading manifest file 'scripts.egg-info/SOURCES.txt'\n"}
[1.336793] (-) TimerEvent: {}
[1.350315] (ros2_user_pkg) StdoutLine: {'line': b"writing manifest file 'scripts.egg-info/SOURCES.txt'\n"}
[1.366833] (ros2_user_pkg) StdoutLine: {'line': b'[100%] Built target ros2_user_pkg__rosidl_typesupport_c__pyext\n'}
[1.437325] (ros2_user_pkg) StdoutLine: {'line': b'[100%] Built target ament_cmake_python_build_scripts_egg\n'}
[1.437980] (-) TimerEvent: {}
[1.486807] (ros2_user_pkg) CommandEnded: {'returncode': 0}
[1.538451] (-) TimerEvent: {}
[1.677043] (-) TimerEvent: {}
[1.738630] (my_robot_description) JobEnded: {'identifier': 'my_robot_description', 'rc': 0}
[1.777299] (-) TimerEvent: {}
[1.878188] (-) TimerEvent: {}
[1.938946] (ros2_user_pkg) JobProgress: {'identifier': 'ros2_user_pkg', 'progress': 'install'}
[1.943591] (ros2_user_pkg) Command: {'cmd': ['/usr/bin/cmake', '--install', '/home/tan/Documents/workspace/ROS2_py_ws/build/ros2_user_pkg'], 'cwd': '/home/tan/Documents/workspace/ROS2_py_ws/build/ros2_user_pkg', 'env': OrderedDict([('GJS_DEBUG_TOPICS', 'JS ERROR;JS LOG'), ('LESSOPEN', '| /usr/bin/lesspipe %s'), ('LANGUAGE', 'en_US:'), ('USER', 'tan'), ('LC_TIME', 'vi_VN'), ('GIO_MODULE_DIR', '/home/tan/snap/code/common/.cache/gio-modules'), ('XDG_SESSION_TYPE', 'wayland'), ('GTK_EXE_PREFIX_VSCODE_SNAP_ORIG', ''), ('GDK_BACKEND_VSCODE_SNAP_ORIG', ''), ('SHLVL', '1'), ('LD_LIBRARY_PATH', '/home/tan/Documents/workspace/ROS2_py_ws/install/ros2_user_pkg/lib:/opt/ros/humble/opt/rviz_ogre_vendor/lib:/opt/ros/humble/lib/x86_64-linux-gnu:/opt/ros/humble/lib'), ('HOME', '/home/tan'), ('CHROME_DESKTOP', 'code-url-handler.desktop'), ('LOCPATH_VSCODE_SNAP_ORIG', ''), ('TERM_PROGRAM_VERSION', '1.83.1'), ('DESKTOP_SESSION', 'ubuntu'), ('GTK_PATH', '/snap/code/143/usr/lib/x86_64-linux-gnu/gtk-3.0'), ('GTK_IM_MODULE_FILE', '/home/tan/snap/code/common/.cache/immodules/immodules.cache'), ('GIO_LAUNCHED_DESKTOP_FILE', '/var/lib/snapd/desktop/applications/code_code.desktop'), ('ROS_PYTHON_VERSION', '3'), ('GNOME_SHELL_SESSION_MODE', 'ubuntu'), ('GTK_MODULES', 'gail:atk-bridge'), ('GSETTINGS_SCHEMA_DIR_VSCODE_SNAP_ORIG', ''), ('LC_MONETARY', 'vi_VN'), ('MANAGERPID', '1012'), ('SYSTEMD_EXEC_PID', '1195'), ('IM_CONFIG_CHECK_ENV', '1'), ('DBUS_SESSION_BUS_ADDRESS', 'unix:path=/run/user/1000/bus'), ('COLORTERM', 'truecolor'), ('GIO_LAUNCHED_DESKTOP_FILE_PID', '2247'), ('IM_CONFIG_PHASE', '1'), ('WAYLAND_DISPLAY', 'wayland-0'), ('COLCON_PREFIX_PATH', '/home/tan/Documents/workspace/ROS2_py_ws/install'), ('ROS_DISTRO', 'humble'), ('LOGNAME', 'tan'), ('JOURNAL_STREAM', '8:30344'), ('_', '/usr/bin/colcon'), ('ROS_VERSION', '2'), ('XDG_CONFIG_DIRS_VSCODE_SNAP_ORIG', '/etc/xdg/xdg-ubuntu:/etc/xdg'), ('XDG_SESSION_CLASS', 'user'), ('XDG_DATA_DIRS_VSCODE_SNAP_ORIG', '/usr/share/ubuntu:/usr/local/share/:/usr/share/:/var/lib/snapd/desktop'), ('USERNAME', 'tan'), ('TERM', 'xterm-256color'), ('GNOME_DESKTOP_SESSION_ID', 'this-is-deprecated'), ('ROS_LOCALHOST_ONLY', '0'), ('PATH', '/opt/ros/humble/bin:/usr/local/sbin:/usr/local/bin:/usr/sbin:/usr/bin:/sbin:/bin:/usr/games:/usr/local/games:/snap/bin:/snap/bin'), ('SESSION_MANAGER', 'local/tan-virtual-machine:@/tmp/.ICE-unix/1176,unix/tan-virtual-machine:/tmp/.ICE-unix/1176'), ('GTK_EXE_PREFIX', '/snap/code/143/usr'), ('INVOCATION_ID', '9770b2aa3e4a4b9db006186fb775401c'), ('XDG_MENU_PREFIX', 'gnome-'), ('LC_ADDRESS', 'vi_VN'), ('BAMF_DESKTOP_FILE_HINT', '/var/lib/snapd/desktop/applications/code_code.desktop'), ('GNOME_SETUP_DISPLAY', ':1'), ('XDG_RUNTIME_DIR', '/run/user/1000'), ('GDK_BACKEND', 'x11'), ('DISPLAY', ':0'), ('LOCPATH', '/snap/code/143/usr/lib/locale'), ('LANG', 'en_US.UTF-8'), ('XDG_CURRENT_DESKTOP', 'Unity'), ('LC_TELEPHONE', 'vi_VN'), ('GIO_MODULE_DIR_VSCODE_SNAP_ORIG', ''), ('XMODIFIERS', '@im=ibus'), ('XDG_SESSION_DESKTOP', 'ubuntu'), ('XAUTHORITY', '/run/user/1000/.mutter-Xwaylandauth.ZOAKC2'), ('LS_COLORS', ''), ('TERM_PROGRAM', 'vscode'), ('SSH_AGENT_LAUNCHER', 'gnome-keyring'), ('SSH_AUTH_SOCK', '/run/user/1000/keyring/ssh'), ('GSETTINGS_SCHEMA_DIR', '/home/tan/snap/code/143/.local/share/glib-2.0/schemas'), ('AMENT_PREFIX_PATH', '/home/tan/Documents/workspace/ROS2_py_ws/install/ros2_user_pkg:/home/tan/Documents/workspace/ROS2_py_ws/install/my_robot_description:/opt/ros/humble'), ('ORIGINAL_XDG_CURRENT_DESKTOP', 'ubuntu:GNOME'), ('SHELL', '/bin/bash'), ('LC_NAME', 'vi_VN'), ('QT_ACCESSIBILITY', '1'), ('GDMSESSION', 'ubuntu'), ('LESSCLOSE', '/usr/bin/lesspipe %s %s'), ('GTK_PATH_VSCODE_SNAP_ORIG', ''), ('GTK_IM_MODULE_FILE_VSCODE_SNAP_ORIG', ''), ('LC_MEASUREMENT', 'vi_VN'), ('GJS_DEBUG_OUTPUT', 'stderr'), ('LC_IDENTIFICATION', 'vi_VN'), ('QT_IM_MODULE', 'ibus'), ('PWD', '/home/tan/Documents/workspace/ROS2_py_ws/build/ros2_user_pkg'), ('LC_ALL', 'en_US.UTF-8'), ('XDG_CONFIG_DIRS', '/etc/xdg/xdg-ubuntu:/etc/xdg'), ('XDG_DATA_DIRS', '/home/tan/snap/code/143/.local/share:/home/tan/snap/code/143:/snap/code/143/usr/share:/usr/share/ubuntu:/usr/local/share/:/usr/share/:/var/lib/snapd/desktop'), ('PYTHONPATH', '/home/tan/Documents/workspace/ROS2_py_ws/install/ros2_user_pkg/local/lib/python3.10/dist-packages:/opt/ros/humble/lib/python3.10/site-packages:/opt/ros/humble/local/lib/python3.10/dist-packages'), ('LC_NUMERIC', 'vi_VN'), ('LC_PAPER', 'vi_VN'), ('COLCON', '1'), ('CMAKE_PREFIX_PATH', '/home/tan/Documents/workspace/ROS2_py_ws/install/ros2_user_pkg:/home/tan/Documents/workspace/ROS2_py_ws/install/my_robot_description:/opt/ros/humble')]), 'shell': False}
[1.960709] (ros2_user_pkg) StdoutLine: {'line': b'-- Install configuration: ""\n'}
[1.961030] (ros2_user_pkg) StdoutLine: {'line': b'-- Execute custom install script\n'}
[1.962094] (ros2_user_pkg) StdoutLine: {'line': b'-- Up-to-date symlink: /home/tan/Documents/workspace/ROS2_py_ws/install/ros2_user_pkg/share/ament_index/resource_index/rosidl_interfaces/ros2_user_pkg\n'}
[1.963815] (ros2_user_pkg) StdoutLine: {'line': b'-- Up-to-date symlink: /home/tan/Documents/workspace/ROS2_py_ws/install/ros2_user_pkg/include/ros2_user_pkg/ros2_user_pkg/action/detail/navigate__functions.h\n'}
[1.964059] (ros2_user_pkg) StdoutLine: {'line': b'-- Up-to-date symlink: /home/tan/Documents/workspace/ROS2_py_ws/install/ros2_user_pkg/include/ros2_user_pkg/ros2_user_pkg/action/detail/navigate__struct.h\n'}
[1.964158] (ros2_user_pkg) StdoutLine: {'line': b'-- Up-to-date symlink: /home/tan/Documents/workspace/ROS2_py_ws/install/ros2_user_pkg/include/ros2_user_pkg/ros2_user_pkg/action/detail/navigate__type_support.h\n'}
[1.964431] (ros2_user_pkg) StdoutLine: {'line': b'-- Up-to-date symlink: /home/tan/Documents/workspace/ROS2_py_ws/install/ros2_user_pkg/include/ros2_user_pkg/ros2_user_pkg/action/navigate.h\n'}
[1.967679] (ros2_user_pkg) StdoutLine: {'line': b'-- Up-to-date symlink: /home/tan/Documents/workspace/ROS2_py_ws/install/ros2_user_pkg/include/ros2_user_pkg/ros2_user_pkg/msg/rosidl_generator_c__visibility_control.h\n'}
[1.968492] (ros2_user_pkg) StdoutLine: {'line': b'-- Up-to-date symlink: /home/tan/Documents/workspace/ROS2_py_ws/install/ros2_user_pkg/include/ros2_user_pkg/ros2_user_pkg/srv/detail/image_service__functions.h\n'}
[1.968767] (ros2_user_pkg) StdoutLine: {'line': b'-- Up-to-date symlink: /home/tan/Documents/workspace/ROS2_py_ws/install/ros2_user_pkg/include/ros2_user_pkg/ros2_user_pkg/srv/detail/image_service__struct.h\n'}
[1.968901] (ros2_user_pkg) StdoutLine: {'line': b'-- Up-to-date symlink: /home/tan/Documents/workspace/ROS2_py_ws/install/ros2_user_pkg/include/ros2_user_pkg/ros2_user_pkg/srv/detail/image_service__type_support.h\n'}
[1.969002] (ros2_user_pkg) StdoutLine: {'line': b'-- Up-to-date symlink: /home/tan/Documents/workspace/ROS2_py_ws/install/ros2_user_pkg/include/ros2_user_pkg/ros2_user_pkg/srv/detail/odd_even_check__functions.h\n'}
[1.969081] (ros2_user_pkg) StdoutLine: {'line': b'-- Up-to-date symlink: /home/tan/Documents/workspace/ROS2_py_ws/install/ros2_user_pkg/include/ros2_user_pkg/ros2_user_pkg/srv/detail/odd_even_check__struct.h\n'}
[1.969352] (ros2_user_pkg) StdoutLine: {'line': b'-- Up-to-date symlink: /home/tan/Documents/workspace/ROS2_py_ws/install/ros2_user_pkg/include/ros2_user_pkg/ros2_user_pkg/srv/detail/odd_even_check__type_support.h\n'}
[1.969438] (ros2_user_pkg) StdoutLine: {'line': b'-- Up-to-date symlink: /home/tan/Documents/workspace/ROS2_py_ws/install/ros2_user_pkg/include/ros2_user_pkg/ros2_user_pkg/srv/image_service.h\n'}
[1.971554] (ros2_user_pkg) StdoutLine: {'line': b'-- Up-to-date symlink: /home/tan/Documents/workspace/ROS2_py_ws/install/ros2_user_pkg/include/ros2_user_pkg/ros2_user_pkg/srv/odd_even_check.h\n'}
[1.971783] (ros2_user_pkg) StdoutLine: {'line': b'-- Up-to-date symlink: /home/tan/Documents/workspace/ROS2_py_ws/install/ros2_user_pkg/share/ros2_user_pkg/environment/library_path.sh\n'}
[1.971878] (ros2_user_pkg) StdoutLine: {'line': b'-- Up-to-date symlink: /home/tan/Documents/workspace/ROS2_py_ws/install/ros2_user_pkg/share/ros2_user_pkg/environment/library_path.dsv\n'}
[1.977072] (ros2_user_pkg) StdoutLine: {'line': b'-- Up-to-date symlink: /home/tan/Documents/workspace/ROS2_py_ws/install/ros2_user_pkg/include/ros2_user_pkg/ros2_user_pkg/action/detail/navigate__rosidl_typesupport_fastrtps_c.h\n'}
[1.977366] (ros2_user_pkg) StdoutLine: {'line': b'-- Up-to-date symlink: /home/tan/Documents/workspace/ROS2_py_ws/install/ros2_user_pkg/include/ros2_user_pkg/ros2_user_pkg/msg/rosidl_typesupport_fastrtps_c__visibility_control.h\n'}
[1.977557] (ros2_user_pkg) StdoutLine: {'line': b'-- Up-to-date symlink: /home/tan/Documents/workspace/ROS2_py_ws/install/ros2_user_pkg/include/ros2_user_pkg/ros2_user_pkg/srv/detail/image_service__rosidl_typesupport_fastrtps_c.h\n'}
[1.977701] (ros2_user_pkg) StdoutLine: {'line': b'-- Up-to-date symlink: /home/tan/Documents/workspace/ROS2_py_ws/install/ros2_user_pkg/include/ros2_user_pkg/ros2_user_pkg/srv/detail/odd_even_check__rosidl_typesupport_fastrtps_c.h\n'}
[1.977783] (ros2_user_pkg) StdoutLine: {'line': b'-- Up-to-date symlink: /home/tan/Documents/workspace/ROS2_py_ws/install/ros2_user_pkg/include/ros2_user_pkg/ros2_user_pkg/action/detail/navigate__builder.hpp\n'}
[1.977929] (ros2_user_pkg) StdoutLine: {'line': b'-- Up-to-date symlink: /home/tan/Documents/workspace/ROS2_py_ws/install/ros2_user_pkg/include/ros2_user_pkg/ros2_user_pkg/action/detail/navigate__struct.hpp\n'}
[1.978012] (ros2_user_pkg) StdoutLine: {'line': b'-- Up-to-date symlink: /home/tan/Documents/workspace/ROS2_py_ws/install/ros2_user_pkg/include/ros2_user_pkg/ros2_user_pkg/action/detail/navigate__traits.hpp\n'}
[1.978093] (ros2_user_pkg) StdoutLine: {'line': b'-- Up-to-date symlink: /home/tan/Documents/workspace/ROS2_py_ws/install/ros2_user_pkg/include/ros2_user_pkg/ros2_user_pkg/action/navigate.hpp\n'}
[1.978270] (-) TimerEvent: {}
[1.978473] (ros2_user_pkg) StdoutLine: {'line': b'-- Up-to-date symlink: /home/tan/Documents/workspace/ROS2_py_ws/install/ros2_user_pkg/include/ros2_user_pkg/ros2_user_pkg/srv/detail/image_service__builder.hpp\n'}
[1.978630] (ros2_user_pkg) StdoutLine: {'line': b'-- Up-to-date symlink: /home/tan/Documents/workspace/ROS2_py_ws/install/ros2_user_pkg/include/ros2_user_pkg/ros2_user_pkg/srv/detail/image_service__struct.hpp\n'}
[1.978780] (ros2_user_pkg) StdoutLine: {'line': b'-- Up-to-date symlink: /home/tan/Documents/workspace/ROS2_py_ws/install/ros2_user_pkg/include/ros2_user_pkg/ros2_user_pkg/srv/detail/image_service__traits.hpp\n'}
[1.978868] (ros2_user_pkg) StdoutLine: {'line': b'-- Up-to-date symlink: /home/tan/Documents/workspace/ROS2_py_ws/install/ros2_user_pkg/include/ros2_user_pkg/ros2_user_pkg/srv/detail/odd_even_check__builder.hpp\n'}
[1.978985] (ros2_user_pkg) StdoutLine: {'line': b'-- Up-to-date symlink: /home/tan/Documents/workspace/ROS2_py_ws/install/ros2_user_pkg/include/ros2_user_pkg/ros2_user_pkg/srv/detail/odd_even_check__struct.hpp\n'}
[1.981480] (ros2_user_pkg) StdoutLine: {'line': b'-- Up-to-date symlink: /home/tan/Documents/workspace/ROS2_py_ws/install/ros2_user_pkg/include/ros2_user_pkg/ros2_user_pkg/srv/detail/odd_even_check__traits.hpp\n'}
[1.982303] (ros2_user_pkg) StdoutLine: {'line': b'-- Up-to-date symlink: /home/tan/Documents/workspace/ROS2_py_ws/install/ros2_user_pkg/include/ros2_user_pkg/ros2_user_pkg/srv/image_service.hpp\n'}
[1.982959] (ros2_user_pkg) StdoutLine: {'line': b'-- Up-to-date symlink: /home/tan/Documents/workspace/ROS2_py_ws/install/ros2_user_pkg/include/ros2_user_pkg/ros2_user_pkg/srv/odd_even_check.hpp\n'}
[1.985877] (ros2_user_pkg) StdoutLine: {'line': b'-- Up-to-date symlink: /home/tan/Documents/workspace/ROS2_py_ws/install/ros2_user_pkg/include/ros2_user_pkg/ros2_user_pkg/action/detail/navigate__rosidl_typesupport_fastrtps_cpp.hpp\n'}
[1.986317] (ros2_user_pkg) StdoutLine: {'line': b'-- Up-to-date symlink: /home/tan/Documents/workspace/ROS2_py_ws/install/ros2_user_pkg/include/ros2_user_pkg/ros2_user_pkg/msg/rosidl_typesupport_fastrtps_cpp__visibility_control.h\n'}
[1.987889] (ros2_user_pkg) StdoutLine: {'line': b'-- Up-to-date symlink: /home/tan/Documents/workspace/ROS2_py_ws/install/ros2_user_pkg/include/ros2_user_pkg/ros2_user_pkg/srv/detail/image_service__rosidl_typesupport_fastrtps_cpp.hpp\n'}
[1.988189] (ros2_user_pkg) StdoutLine: {'line': b'-- Up-to-date symlink: /home/tan/Documents/workspace/ROS2_py_ws/install/ros2_user_pkg/include/ros2_user_pkg/ros2_user_pkg/srv/detail/odd_even_check__rosidl_typesupport_fastrtps_cpp.hpp\n'}
[1.988650] (ros2_user_pkg) StdoutLine: {'line': b'-- Up-to-date symlink: /home/tan/Documents/workspace/ROS2_py_ws/install/ros2_user_pkg/include/ros2_user_pkg/ros2_user_pkg/action/detail/navigate__rosidl_typesupport_introspection_c.h\n'}
[1.989081] (ros2_user_pkg) StdoutLine: {'line': b'-- Up-to-date symlink: /home/tan/Documents/workspace/ROS2_py_ws/install/ros2_user_pkg/include/ros2_user_pkg/ros2_user_pkg/msg/rosidl_typesupport_introspection_c__visibility_control.h\n'}
[1.989479] (ros2_user_pkg) StdoutLine: {'line': b'-- Up-to-date symlink: /home/tan/Documents/workspace/ROS2_py_ws/install/ros2_user_pkg/include/ros2_user_pkg/ros2_user_pkg/srv/detail/image_service__rosidl_typesupport_introspection_c.h\n'}
[1.990897] (ros2_user_pkg) StdoutLine: {'line': b'-- Up-to-date symlink: /home/tan/Documents/workspace/ROS2_py_ws/install/ros2_user_pkg/include/ros2_user_pkg/ros2_user_pkg/srv/detail/odd_even_check__rosidl_typesupport_introspection_c.h\n'}
[1.991085] (ros2_user_pkg) StdoutLine: {'line': b'-- Up-to-date symlink: /home/tan/Documents/workspace/ROS2_py_ws/install/ros2_user_pkg/include/ros2_user_pkg/ros2_user_pkg/action/detail/navigate__rosidl_typesupport_introspection_cpp.hpp\n'}
[1.991298] (ros2_user_pkg) StdoutLine: {'line': b'-- Up-to-date symlink: /home/tan/Documents/workspace/ROS2_py_ws/install/ros2_user_pkg/include/ros2_user_pkg/ros2_user_pkg/srv/detail/image_service__rosidl_typesupport_introspection_cpp.hpp\n'}
[1.991962] (ros2_user_pkg) StdoutLine: {'line': b'-- Up-to-date symlink: /home/tan/Documents/workspace/ROS2_py_ws/install/ros2_user_pkg/include/ros2_user_pkg/ros2_user_pkg/srv/detail/odd_even_check__rosidl_typesupport_introspection_cpp.hpp\n'}
[1.993778] (ros2_user_pkg) StdoutLine: {'line': b'-- Up-to-date symlink: /home/tan/Documents/workspace/ROS2_py_ws/install/ros2_user_pkg/share/ros2_user_pkg/environment/pythonpath.sh\n'}
[1.994216] (ros2_user_pkg) StdoutLine: {'line': b'-- Up-to-date symlink: /home/tan/Documents/workspace/ROS2_py_ws/install/ros2_user_pkg/share/ros2_user_pkg/environment/pythonpath.dsv\n'}
[1.995267] (ros2_user_pkg) StdoutLine: {'line': b'-- Up-to-date symlink: /home/tan/Documents/workspace/ROS2_py_ws/install/ros2_user_pkg/local/lib/python3.10/dist-packages/ros2_user_pkg-0.0.0-py3.10.egg-info/PKG-INFO\n'}
[1.995703] (ros2_user_pkg) StdoutLine: {'line': b'-- Up-to-date symlink: /home/tan/Documents/workspace/ROS2_py_ws/install/ros2_user_pkg/local/lib/python3.10/dist-packages/ros2_user_pkg-0.0.0-py3.10.egg-info/SOURCES.txt\n'}
[1.996159] (ros2_user_pkg) StdoutLine: {'line': b'-- Up-to-date symlink: /home/tan/Documents/workspace/ROS2_py_ws/install/ros2_user_pkg/local/lib/python3.10/dist-packages/ros2_user_pkg-0.0.0-py3.10.egg-info/dependency_links.txt\n'}
[1.996850] (ros2_user_pkg) StdoutLine: {'line': b'-- Up-to-date symlink: /home/tan/Documents/workspace/ROS2_py_ws/install/ros2_user_pkg/local/lib/python3.10/dist-packages/ros2_user_pkg-0.0.0-py3.10.egg-info/top_level.txt\n'}
[2.002342] (ros2_user_pkg) StdoutLine: {'line': b'-- Up-to-date symlink: /home/tan/Documents/workspace/ROS2_py_ws/install/ros2_user_pkg/local/lib/python3.10/dist-packages/ros2_user_pkg/__init__.py\n'}
[2.002778] (ros2_user_pkg) StdoutLine: {'line': b'-- Up-to-date symlink: /home/tan/Documents/workspace/ROS2_py_ws/install/ros2_user_pkg/local/lib/python3.10/dist-packages/ros2_user_pkg/_ros2_user_pkg_s.ep.rosidl_typesupport_c.c\n'}
[2.003122] (ros2_user_pkg) StdoutLine: {'line': b'-- Up-to-date symlink: /home/tan/Documents/workspace/ROS2_py_ws/install/ros2_user_pkg/local/lib/python3.10/dist-packages/ros2_user_pkg/_ros2_user_pkg_s.ep.rosidl_typesupport_fastrtps_c.c\n'}
[2.005838] (ros2_user_pkg) StdoutLine: {'line': b'-- Up-to-date symlink: /home/tan/Documents/workspace/ROS2_py_ws/install/ros2_user_pkg/local/lib/python3.10/dist-packages/ros2_user_pkg/_ros2_user_pkg_s.ep.rosidl_typesupport_introspection_c.c\n'}
[2.006448] (ros2_user_pkg) StdoutLine: {'line': b'-- Up-to-date symlink: /home/tan/Documents/workspace/ROS2_py_ws/install/ros2_user_pkg/local/lib/python3.10/dist-packages/ros2_user_pkg/action/__init__.py\n'}
[2.006737] (ros2_user_pkg) StdoutLine: {'line': b'-- Up-to-date symlink: /home/tan/Documents/workspace/ROS2_py_ws/install/ros2_user_pkg/local/lib/python3.10/dist-packages/ros2_user_pkg/action/_navigate.py\n'}
[2.007151] (ros2_user_pkg) StdoutLine: {'line': b'-- Up-to-date symlink: /home/tan/Documents/workspace/ROS2_py_ws/install/ros2_user_pkg/local/lib/python3.10/dist-packages/ros2_user_pkg/action/_navigate_s.c\n'}
[2.007294] (ros2_user_pkg) StdoutLine: {'line': b'-- Up-to-date symlink: /home/tan/Documents/workspace/ROS2_py_ws/install/ros2_user_pkg/local/lib/python3.10/dist-packages/ros2_user_pkg/libros2_user_pkg__rosidl_generator_py.so\n'}
[2.007556] (ros2_user_pkg) StdoutLine: {'line': b'-- Up-to-date symlink: /home/tan/Documents/workspace/ROS2_py_ws/install/ros2_user_pkg/local/lib/python3.10/dist-packages/ros2_user_pkg/ros2_user_pkg_s__rosidl_typesupport_c.cpython-310-x86_64-linux-gnu.so\n'}
[2.007801] (ros2_user_pkg) StdoutLine: {'line': b'-- Up-to-date symlink: /home/tan/Documents/workspace/ROS2_py_ws/install/ros2_user_pkg/local/lib/python3.10/dist-packages/ros2_user_pkg/ros2_user_pkg_s__rosidl_typesupport_fastrtps_c.cpython-310-x86_64-linux-gnu.so\n'}
[2.007918] (ros2_user_pkg) StdoutLine: {'line': b'-- Up-to-date symlink: /home/tan/Documents/workspace/ROS2_py_ws/install/ros2_user_pkg/local/lib/python3.10/dist-packages/ros2_user_pkg/ros2_user_pkg_s__rosidl_typesupport_introspection_c.cpython-310-x86_64-linux-gnu.so\n'}
[2.008194] (ros2_user_pkg) StdoutLine: {'line': b'-- Up-to-date symlink: /home/tan/Documents/workspace/ROS2_py_ws/install/ros2_user_pkg/local/lib/python3.10/dist-packages/ros2_user_pkg/srv/__init__.py\n'}
[2.008308] (ros2_user_pkg) StdoutLine: {'line': b'-- Up-to-date symlink: /home/tan/Documents/workspace/ROS2_py_ws/install/ros2_user_pkg/local/lib/python3.10/dist-packages/ros2_user_pkg/srv/_image_service.py\n'}
[2.011247] (ros2_user_pkg) StdoutLine: {'line': b'-- Up-to-date symlink: /home/tan/Documents/workspace/ROS2_py_ws/install/ros2_user_pkg/local/lib/python3.10/dist-packages/ros2_user_pkg/srv/_image_service_s.c\n'}
[2.011617] (ros2_user_pkg) StdoutLine: {'line': b'-- Up-to-date symlink: /home/tan/Documents/workspace/ROS2_py_ws/install/ros2_user_pkg/local/lib/python3.10/dist-packages/ros2_user_pkg/srv/_odd_even_check.py\n'}
[2.011800] (ros2_user_pkg) StdoutLine: {'line': b'-- Up-to-date symlink: /home/tan/Documents/workspace/ROS2_py_ws/install/ros2_user_pkg/local/lib/python3.10/dist-packages/ros2_user_pkg/srv/_odd_even_check_s.c\n'}
[2.011920] (ros2_user_pkg) StdoutLine: {'line': b'-- Up-to-date symlink: /home/tan/Documents/workspace/ROS2_py_ws/install/ros2_user_pkg/local/lib/python3.10/dist-packages/ros2_user_pkg/ros2_user_pkg_s__rosidl_typesupport_fastrtps_c.cpython-310-x86_64-linux-gnu.so\n'}
[2.012007] (ros2_user_pkg) StdoutLine: {'line': b'-- Up-to-date symlink: /home/tan/Documents/workspace/ROS2_py_ws/install/ros2_user_pkg/local/lib/python3.10/dist-packages/ros2_user_pkg/ros2_user_pkg_s__rosidl_typesupport_introspection_c.cpython-310-x86_64-linux-gnu.so\n'}
[2.018111] (ros2_user_pkg) StdoutLine: {'line': b'-- Up-to-date symlink: /home/tan/Documents/workspace/ROS2_py_ws/install/ros2_user_pkg/local/lib/python3.10/dist-packages/ros2_user_pkg/ros2_user_pkg_s__rosidl_typesupport_c.cpython-310-x86_64-linux-gnu.so\n'}
[2.018586] (ros2_user_pkg) StdoutLine: {'line': b'-- Up-to-date symlink: /home/tan/Documents/workspace/ROS2_py_ws/install/ros2_user_pkg/share/ros2_user_pkg/srv/OddEvenCheck.idl\n'}
[2.018909] (ros2_user_pkg) StdoutLine: {'line': b'-- Up-to-date symlink: /home/tan/Documents/workspace/ROS2_py_ws/install/ros2_user_pkg/share/ros2_user_pkg/srv/ImageService.idl\n'}
[2.019186] (ros2_user_pkg) StdoutLine: {'line': b'-- Up-to-date symlink: /home/tan/Documents/workspace/ROS2_py_ws/install/ros2_user_pkg/share/ros2_user_pkg/action/Navigate.idl\n'}
[2.019437] (ros2_user_pkg) StdoutLine: {'line': b'-- Up-to-date symlink: /home/tan/Documents/workspace/ROS2_py_ws/install/ros2_user_pkg/share/ros2_user_pkg/srv/OddEvenCheck.srv\n'}
[2.019683] (ros2_user_pkg) StdoutLine: {'line': b'-- Up-to-date symlink: /home/tan/Documents/workspace/ROS2_py_ws/install/ros2_user_pkg/share/ros2_user_pkg/srv/OddEvenCheck_Request.msg\n'}
[2.019958] (ros2_user_pkg) StdoutLine: {'line': b'-- Up-to-date symlink: /home/tan/Documents/workspace/ROS2_py_ws/install/ros2_user_pkg/share/ros2_user_pkg/srv/OddEvenCheck_Response.msg\n'}
[2.020118] (ros2_user_pkg) StdoutLine: {'line': b'-- Up-to-date symlink: /home/tan/Documents/workspace/ROS2_py_ws/install/ros2_user_pkg/share/ros2_user_pkg/srv/ImageService.srv\n'}
[2.021334] (ros2_user_pkg) StdoutLine: {'line': b'-- Up-to-date symlink: /home/tan/Documents/workspace/ROS2_py_ws/install/ros2_user_pkg/share/ros2_user_pkg/srv/ImageService_Request.msg\n'}
[2.021781] (ros2_user_pkg) StdoutLine: {'line': b'-- Up-to-date symlink: /home/tan/Documents/workspace/ROS2_py_ws/install/ros2_user_pkg/share/ros2_user_pkg/srv/ImageService_Response.msg\n'}
[2.022159] (ros2_user_pkg) StdoutLine: {'line': b'-- Up-to-date symlink: /home/tan/Documents/workspace/ROS2_py_ws/install/ros2_user_pkg/share/ros2_user_pkg/action/Navigate.action\n'}
[2.022473] (ros2_user_pkg) StdoutLine: {'line': b'-- Up-to-date symlink: /home/tan/Documents/workspace/ROS2_py_ws/install/ros2_user_pkg/local/lib/python3.10/dist-packages/scripts-0.0.0-py3.10.egg-info/PKG-INFO\n'}
[2.022663] (ros2_user_pkg) StdoutLine: {'line': b'-- Up-to-date symlink: /home/tan/Documents/workspace/ROS2_py_ws/install/ros2_user_pkg/local/lib/python3.10/dist-packages/scripts-0.0.0-py3.10.egg-info/SOURCES.txt\n'}
[2.022814] (ros2_user_pkg) StdoutLine: {'line': b'-- Up-to-date symlink: /home/tan/Documents/workspace/ROS2_py_ws/install/ros2_user_pkg/local/lib/python3.10/dist-packages/scripts-0.0.0-py3.10.egg-info/dependency_links.txt\n'}
[2.023342] (ros2_user_pkg) StdoutLine: {'line': b'-- Up-to-date symlink: /home/tan/Documents/workspace/ROS2_py_ws/install/ros2_user_pkg/local/lib/python3.10/dist-packages/scripts-0.0.0-py3.10.egg-info/top_level.txt\n'}
[2.023528] (ros2_user_pkg) StdoutLine: {'line': b'-- Up-to-date symlink: /home/tan/Documents/workspace/ROS2_py_ws/install/ros2_user_pkg/local/lib/python3.10/dist-packages/scripts/__init__.py\n'}
[2.023639] (ros2_user_pkg) StdoutLine: {'line': b'-- Up-to-date symlink: /home/tan/Documents/workspace/ROS2_py_ws/install/ros2_user_pkg/local/lib/python3.10/dist-packages/scripts/action_client.py\n'}
[2.023720] (ros2_user_pkg) StdoutLine: {'line': b'-- Up-to-date symlink: /home/tan/Documents/workspace/ROS2_py_ws/install/ros2_user_pkg/local/lib/python3.10/dist-packages/scripts/action_server.py\n'}
[2.023834] (ros2_user_pkg) StdoutLine: {'line': b'-- Up-to-date symlink: /home/tan/Documents/workspace/ROS2_py_ws/install/ros2_user_pkg/local/lib/python3.10/dist-packages/scripts/publisher.py\n'}
[2.024026] (ros2_user_pkg) StdoutLine: {'line': b'-- Up-to-date symlink: /home/tan/Documents/workspace/ROS2_py_ws/install/ros2_user_pkg/local/lib/python3.10/dist-packages/scripts/rpm_publisher.py\n'}
[2.024117] (ros2_user_pkg) StdoutLine: {'line': b'-- Up-to-date symlink: /home/tan/Documents/workspace/ROS2_py_ws/install/ros2_user_pkg/local/lib/python3.10/dist-packages/scripts/service_client.py\n'}
[2.024875] (ros2_user_pkg) StdoutLine: {'line': b'-- Up-to-date symlink: /home/tan/Documents/workspace/ROS2_py_ws/install/ros2_user_pkg/local/lib/python3.10/dist-packages/scripts/service_server.py\n'}
[2.025124] (ros2_user_pkg) StdoutLine: {'line': b'-- Up-to-date symlink: /home/tan/Documents/workspace/ROS2_py_ws/install/ros2_user_pkg/local/lib/python3.10/dist-packages/scripts/speed_publisher.py\n'}
[2.027504] (ros2_user_pkg) StdoutLine: {'line': b'-- Up-to-date symlink: /home/tan/Documents/workspace/ROS2_py_ws/install/ros2_user_pkg/local/lib/python3.10/dist-packages/scripts/subcriber.py\n'}
[2.027846] (ros2_user_pkg) StdoutLine: {'line': b'-- Up-to-date symlink: /home/tan/Documents/workspace/ROS2_py_ws/install/ros2_user_pkg/local/lib/python3.10/dist-packages/scripts/turn_camera_client.py\n'}
[2.027944] (ros2_user_pkg) StdoutLine: {'line': b'-- Up-to-date symlink: /home/tan/Documents/workspace/ROS2_py_ws/install/ros2_user_pkg/local/lib/python3.10/dist-packages/scripts/turn_camera_server.py\n'}
[2.028121] (ros2_user_pkg) StdoutLine: {'line': b'-- Up-to-date symlink: /home/tan/Documents/workspace/ROS2_py_ws/install/ros2_user_pkg/lib/ros2_user_pkg/publisher.py\n'}
[2.028330] (ros2_user_pkg) StdoutLine: {'line': b'-- Up-to-date symlink: /home/tan/Documents/workspace/ROS2_py_ws/install/ros2_user_pkg/lib/ros2_user_pkg/subcriber.py\n'}
[2.028414] (ros2_user_pkg) StdoutLine: {'line': b'-- Up-to-date symlink: /home/tan/Documents/workspace/ROS2_py_ws/install/ros2_user_pkg/lib/ros2_user_pkg/rpm_publisher.py\n'}
[2.028643] (ros2_user_pkg) StdoutLine: {'line': b'-- Up-to-date symlink: /home/tan/Documents/workspace/ROS2_py_ws/install/ros2_user_pkg/lib/ros2_user_pkg/speed_publisher.py\n'}
[2.031143] (ros2_user_pkg) StdoutLine: {'line': b'-- Up-to-date symlink: /home/tan/Documents/workspace/ROS2_py_ws/install/ros2_user_pkg/lib/ros2_user_pkg/turn_camera_client.py\n'}
[2.031555] (ros2_user_pkg) StdoutLine: {'line': b'-- Up-to-date symlink: /home/tan/Documents/workspace/ROS2_py_ws/install/ros2_user_pkg/lib/ros2_user_pkg/turn_camera_server.py\n'}
[2.032004] (ros2_user_pkg) StdoutLine: {'line': b'-- Up-to-date symlink: /home/tan/Documents/workspace/ROS2_py_ws/install/ros2_user_pkg/lib/ros2_user_pkg/action_server.py\n'}
[2.032364] (ros2_user_pkg) StdoutLine: {'line': b'-- Up-to-date symlink: /home/tan/Documents/workspace/ROS2_py_ws/install/ros2_user_pkg/lib/ros2_user_pkg/action_client.py\n'}
[2.032667] (ros2_user_pkg) StdoutLine: {'line': b'-- Up-to-date symlink: /home/tan/Documents/workspace/ROS2_py_ws/install/ros2_user_pkg/share/ros2_user_pkg/launch/rpm_node.launch.py\n'}
[2.033127] (ros2_user_pkg) StdoutLine: {'line': b'-- Up-to-date symlink: /home/tan/Documents/workspace/ROS2_py_ws/install/ros2_user_pkg/share/ament_index/resource_index/package_run_dependencies/ros2_user_pkg\n'}
[2.033390] (ros2_user_pkg) StdoutLine: {'line': b'-- Up-to-date symlink: /home/tan/Documents/workspace/ROS2_py_ws/install/ros2_user_pkg/share/ament_index/resource_index/parent_prefix_path/ros2_user_pkg\n'}
[2.033829] (ros2_user_pkg) StdoutLine: {'line': b'-- Up-to-date symlink: /home/tan/Documents/workspace/ROS2_py_ws/install/ros2_user_pkg/share/ros2_user_pkg/environment/ament_prefix_path.sh\n'}
[2.035933] (ros2_user_pkg) StdoutLine: {'line': b'-- Up-to-date symlink: /home/tan/Documents/workspace/ROS2_py_ws/install/ros2_user_pkg/share/ros2_user_pkg/environment/ament_prefix_path.dsv\n'}
[2.036417] (ros2_user_pkg) StdoutLine: {'line': b'-- Up-to-date symlink: /home/tan/Documents/workspace/ROS2_py_ws/install/ros2_user_pkg/share/ros2_user_pkg/environment/path.sh\n'}
[2.036719] (ros2_user_pkg) StdoutLine: {'line': b'-- Up-to-date symlink: /home/tan/Documents/workspace/ROS2_py_ws/install/ros2_user_pkg/share/ros2_user_pkg/environment/path.dsv\n'}
[2.036930] (ros2_user_pkg) StdoutLine: {'line': b'-- Up-to-date symlink: /home/tan/Documents/workspace/ROS2_py_ws/install/ros2_user_pkg/share/ros2_user_pkg/local_setup.bash\n'}
[2.037310] (ros2_user_pkg) StdoutLine: {'line': b'-- Up-to-date symlink: /home/tan/Documents/workspace/ROS2_py_ws/install/ros2_user_pkg/share/ros2_user_pkg/local_setup.sh\n'}
[2.037484] (ros2_user_pkg) StdoutLine: {'line': b'-- Up-to-date symlink: /home/tan/Documents/workspace/ROS2_py_ws/install/ros2_user_pkg/share/ros2_user_pkg/local_setup.zsh\n'}
[2.037649] (ros2_user_pkg) StdoutLine: {'line': b'-- Up-to-date symlink: /home/tan/Documents/workspace/ROS2_py_ws/install/ros2_user_pkg/share/ros2_user_pkg/local_setup.dsv\n'}
[2.037856] (ros2_user_pkg) StdoutLine: {'line': b'-- Symlinking: /home/tan/Documents/workspace/ROS2_py_ws/install/ros2_user_pkg/share/ros2_user_pkg/package.dsv\n'}
[2.057447] (ros2_user_pkg) StdoutLine: {'line': b'-- Up-to-date symlink: /home/tan/Documents/workspace/ROS2_py_ws/install/ros2_user_pkg/share/ament_index/resource_index/packages/ros2_user_pkg\n'}
[2.058173] (ros2_user_pkg) StdoutLine: {'line': b'-- Up-to-date symlink: /home/tan/Documents/workspace/ROS2_py_ws/install/ros2_user_pkg/share/ros2_user_pkg/cmake/rosidl_cmake-extras.cmake\n'}
[2.058756] (ros2_user_pkg) StdoutLine: {'line': b'-- Up-to-date symlink: /home/tan/Documents/workspace/ROS2_py_ws/install/ros2_user_pkg/share/ros2_user_pkg/cmake/ament_cmake_export_dependencies-extras.cmake\n'}
[2.059079] (ros2_user_pkg) StdoutLine: {'line': b'-- Up-to-date symlink: /home/tan/Documents/workspace/ROS2_py_ws/install/ros2_user_pkg/share/ros2_user_pkg/cmake/ament_cmake_export_include_directories-extras.cmake\n'}
[2.059307] (ros2_user_pkg) StdoutLine: {'line': b'-- Up-to-date symlink: /home/tan/Documents/workspace/ROS2_py_ws/install/ros2_user_pkg/share/ros2_user_pkg/cmake/ament_cmake_export_libraries-extras.cmake\n'}
[2.059544] (ros2_user_pkg) StdoutLine: {'line': b'-- Up-to-date symlink: /home/tan/Documents/workspace/ROS2_py_ws/install/ros2_user_pkg/share/ros2_user_pkg/cmake/ament_cmake_export_targets-extras.cmake\n'}
[2.059795] (ros2_user_pkg) StdoutLine: {'line': b'-- Up-to-date symlink: /home/tan/Documents/workspace/ROS2_py_ws/install/ros2_user_pkg/share/ros2_user_pkg/cmake/rosidl_cmake_export_typesupport_targets-extras.cmake\n'}
[2.060238] (ros2_user_pkg) StdoutLine: {'line': b'-- Up-to-date symlink: /home/tan/Documents/workspace/ROS2_py_ws/install/ros2_user_pkg/share/ros2_user_pkg/cmake/rosidl_cmake_export_typesupport_libraries-extras.cmake\n'}
[2.060902] (ros2_user_pkg) StdoutLine: {'line': b'-- Up-to-date symlink: /home/tan/Documents/workspace/ROS2_py_ws/install/ros2_user_pkg/share/ros2_user_pkg/cmake/ros2_user_pkgConfig.cmake\n'}
[2.061404] (ros2_user_pkg) StdoutLine: {'line': b'-- Up-to-date symlink: /home/tan/Documents/workspace/ROS2_py_ws/install/ros2_user_pkg/share/ros2_user_pkg/cmake/ros2_user_pkgConfig-version.cmake\n'}
[2.061932] (ros2_user_pkg) StdoutLine: {'line': b'-- Up-to-date symlink: /home/tan/Documents/workspace/ROS2_py_ws/install/ros2_user_pkg/share/ros2_user_pkg/package.xml\n'}
[2.062405] (ros2_user_pkg) StdoutLine: {'line': b'-- Up-to-date: /home/tan/Documents/workspace/ROS2_py_ws/install/ros2_user_pkg/lib/libros2_user_pkg__rosidl_generator_c.so\n'}
[2.063219] (ros2_user_pkg) StdoutLine: {'line': b'-- Up-to-date: /home/tan/Documents/workspace/ROS2_py_ws/install/ros2_user_pkg/lib/libros2_user_pkg__rosidl_typesupport_fastrtps_c.so\n'}
[2.064161] (ros2_user_pkg) StdoutLine: {'line': b'-- Up-to-date: /home/tan/Documents/workspace/ROS2_py_ws/install/ros2_user_pkg/lib/libros2_user_pkg__rosidl_typesupport_fastrtps_cpp.so\n'}
[2.064973] (ros2_user_pkg) StdoutLine: {'line': b'-- Up-to-date: /home/tan/Documents/workspace/ROS2_py_ws/install/ros2_user_pkg/lib/libros2_user_pkg__rosidl_typesupport_introspection_c.so\n'}
[2.066183] (ros2_user_pkg) StdoutLine: {'line': b'-- Up-to-date: /home/tan/Documents/workspace/ROS2_py_ws/install/ros2_user_pkg/lib/libros2_user_pkg__rosidl_typesupport_c.so\n'}
[2.067381] (ros2_user_pkg) StdoutLine: {'line': b'-- Up-to-date: /home/tan/Documents/workspace/ROS2_py_ws/install/ros2_user_pkg/lib/libros2_user_pkg__rosidl_typesupport_introspection_cpp.so\n'}
[2.068690] (ros2_user_pkg) StdoutLine: {'line': b'-- Up-to-date: /home/tan/Documents/workspace/ROS2_py_ws/install/ros2_user_pkg/lib/libros2_user_pkg__rosidl_typesupport_cpp.so\n'}
[2.078907] (-) TimerEvent: {}
[2.135327] (ros2_user_pkg) StdoutLine: {'line': b"Listing '/home/tan/Documents/workspace/ROS2_py_ws/install/ros2_user_pkg/local/lib/python3.10/dist-packages/ros2_user_pkg'...\n"}
[2.135611] (ros2_user_pkg) StdoutLine: {'line': b"Listing '/home/tan/Documents/workspace/ROS2_py_ws/install/ros2_user_pkg/local/lib/python3.10/dist-packages/ros2_user_pkg/action'...\n"}
[2.135706] (ros2_user_pkg) StdoutLine: {'line': b"Listing '/home/tan/Documents/workspace/ROS2_py_ws/install/ros2_user_pkg/local/lib/python3.10/dist-packages/ros2_user_pkg/srv'...\n"}
[2.144041] (ros2_user_pkg) StdoutLine: {'line': b'-- Up-to-date: /home/tan/Documents/workspace/ROS2_py_ws/install/ros2_user_pkg/lib/libros2_user_pkg__rosidl_generator_py.so\n'}
[2.179050] (-) TimerEvent: {}
[2.208947] (ros2_user_pkg) StdoutLine: {'line': b"Listing '/home/tan/Documents/workspace/ROS2_py_ws/install/ros2_user_pkg/local/lib/python3.10/dist-packages/scripts'...\n"}
[2.221317] (ros2_user_pkg) StdoutLine: {'line': b'-- Up-to-date: /home/tan/Documents/workspace/ROS2_py_ws/install/ros2_user_pkg/share/ros2_user_pkg/cmake/export_ros2_user_pkg__rosidl_generator_cExport.cmake\n'}
[2.221809] (ros2_user_pkg) StdoutLine: {'line': b'-- Up-to-date: /home/tan/Documents/workspace/ROS2_py_ws/install/ros2_user_pkg/share/ros2_user_pkg/cmake/export_ros2_user_pkg__rosidl_generator_cExport-noconfig.cmake\n'}
[2.222139] (ros2_user_pkg) StdoutLine: {'line': b'-- Up-to-date: /home/tan/Documents/workspace/ROS2_py_ws/install/ros2_user_pkg/share/ros2_user_pkg/cmake/export_ros2_user_pkg__rosidl_typesupport_fastrtps_cExport.cmake\n'}
[2.222463] (ros2_user_pkg) StdoutLine: {'line': b'-- Up-to-date: /home/tan/Documents/workspace/ROS2_py_ws/install/ros2_user_pkg/share/ros2_user_pkg/cmake/export_ros2_user_pkg__rosidl_typesupport_fastrtps_cExport-noconfig.cmake\n'}
[2.222885] (ros2_user_pkg) StdoutLine: {'line': b'-- Up-to-date: /home/tan/Documents/workspace/ROS2_py_ws/install/ros2_user_pkg/share/ros2_user_pkg/cmake/export_ros2_user_pkg__rosidl_generator_cppExport.cmake\n'}
[2.223108] (ros2_user_pkg) StdoutLine: {'line': b'-- Up-to-date: /home/tan/Documents/workspace/ROS2_py_ws/install/ros2_user_pkg/share/ros2_user_pkg/cmake/export_ros2_user_pkg__rosidl_typesupport_fastrtps_cppExport.cmake\n'}
[2.223504] (ros2_user_pkg) StdoutLine: {'line': b'-- Up-to-date: /home/tan/Documents/workspace/ROS2_py_ws/install/ros2_user_pkg/share/ros2_user_pkg/cmake/export_ros2_user_pkg__rosidl_typesupport_fastrtps_cppExport-noconfig.cmake\n'}
[2.223915] (ros2_user_pkg) StdoutLine: {'line': b'-- Up-to-date: /home/tan/Documents/workspace/ROS2_py_ws/install/ros2_user_pkg/share/ros2_user_pkg/cmake/ros2_user_pkg__rosidl_typesupport_introspection_cExport.cmake\n'}
[2.225026] (ros2_user_pkg) StdoutLine: {'line': b'-- Up-to-date: /home/tan/Documents/workspace/ROS2_py_ws/install/ros2_user_pkg/share/ros2_user_pkg/cmake/ros2_user_pkg__rosidl_typesupport_introspection_cExport-noconfig.cmake\n'}
[2.225578] (ros2_user_pkg) StdoutLine: {'line': b'-- Up-to-date: /home/tan/Documents/workspace/ROS2_py_ws/install/ros2_user_pkg/share/ros2_user_pkg/cmake/ros2_user_pkg__rosidl_typesupport_cExport.cmake\n'}
[2.225838] (ros2_user_pkg) StdoutLine: {'line': b'-- Up-to-date: /home/tan/Documents/workspace/ROS2_py_ws/install/ros2_user_pkg/share/ros2_user_pkg/cmake/ros2_user_pkg__rosidl_typesupport_cExport-noconfig.cmake\n'}
[2.226071] (ros2_user_pkg) StdoutLine: {'line': b'-- Up-to-date: /home/tan/Documents/workspace/ROS2_py_ws/install/ros2_user_pkg/share/ros2_user_pkg/cmake/ros2_user_pkg__rosidl_typesupport_introspection_cppExport.cmake\n'}
[2.226359] (ros2_user_pkg) StdoutLine: {'line': b'-- Up-to-date: /home/tan/Documents/workspace/ROS2_py_ws/install/ros2_user_pkg/share/ros2_user_pkg/cmake/ros2_user_pkg__rosidl_typesupport_introspection_cppExport-noconfig.cmake\n'}
[2.228727] (ros2_user_pkg) StdoutLine: {'line': b'-- Up-to-date: /home/tan/Documents/workspace/ROS2_py_ws/install/ros2_user_pkg/share/ros2_user_pkg/cmake/ros2_user_pkg__rosidl_typesupport_cppExport.cmake\n'}
[2.229003] (ros2_user_pkg) StdoutLine: {'line': b'-- Up-to-date: /home/tan/Documents/workspace/ROS2_py_ws/install/ros2_user_pkg/share/ros2_user_pkg/cmake/ros2_user_pkg__rosidl_typesupport_cppExport-noconfig.cmake\n'}
[2.229317] (ros2_user_pkg) StdoutLine: {'line': b'-- Up-to-date: /home/tan/Documents/workspace/ROS2_py_ws/install/ros2_user_pkg/share/ros2_user_pkg/cmake/export_ros2_user_pkg__rosidl_generator_pyExport.cmake\n'}
[2.229758] (ros2_user_pkg) StdoutLine: {'line': b'-- Up-to-date: /home/tan/Documents/workspace/ROS2_py_ws/install/ros2_user_pkg/share/ros2_user_pkg/cmake/export_ros2_user_pkg__rosidl_generator_pyExport-noconfig.cmake\n'}
[2.236503] (ros2_user_pkg) CommandEnded: {'returncode': 0}
[2.279514] (-) TimerEvent: {}
[2.380289] (-) TimerEvent: {}
[2.480765] (-) TimerEvent: {}
[2.581428] (-) TimerEvent: {}
[2.682298] (-) TimerEvent: {}
[2.745658] (ros2_user_pkg) JobEnded: {'identifier': 'ros2_user_pkg', 'rc': 0}
[2.747176] (-) EventReactorShutdown: {}
