[0.122s] Invoking command in '/home/tan/Documents/workspace/ROS2_py_ws/build/ros2_user_pkg': CMAKE_PREFIX_PATH=${CMAKE_PREFIX_PATH}:/opt/ros/humble /usr/bin/cmake /home/tan/Documents/workspace/ROS2_py_ws/src/ros2_user_pkg -DAMENT_CMAKE_SYMLINK_INSTALL=1 -DCMAKE_INSTALL_PREFIX=/home/tan/Documents/workspace/ROS2_py_ws/install/ros2_user_pkg
[0.225s] -- The C compiler identification is GNU 11.4.0
[0.329s] -- The CXX compiler identification is GNU 11.4.0
[0.348s] -- Detecting C compiler ABI info
[0.489s] -- Detecting C compiler ABI info - done
[0.499s] -- Check for working C compiler: /usr/bin/cc - skipped
[0.500s] -- Detecting C compile features
[0.504s] -- Detecting C compile features - done
[0.506s] -- Detecting CXX compiler ABI info
[0.682s] -- Detecting CXX compiler ABI info - done
[0.697s] -- Check for working CXX compiler: /usr/bin/c++ - skipped
[0.700s] -- Detecting CXX compile features
[0.701s] -- Detecting CXX compile features - done
[0.711s] -- Found ament_cmake: 1.3.5 (/opt/ros/humble/share/ament_cmake/cmake)
[1.066s] -- Found Python3: /usr/bin/python3.10 (found version "3.10.12") found components: Interpreter 
[1.173s] -- Override CMake install command with custom implementation using symlinks instead of copying resources
[1.210s] -- Found rclpy: 3.3.10 (/opt/ros/humble/share/rclpy/cmake)
[1.221s] -- Found OpenCV: /usr (found version "4.5.4") 
[1.223s] -- Found cv_bridge: 3.2.1 (/opt/ros/humble/share/cv_bridge/cmake)
[1.291s] -- Found rosidl_generator_c: 3.1.5 (/opt/ros/humble/share/rosidl_generator_c/cmake)
[1.298s] -- Found rosidl_adapter: 3.1.5 (/opt/ros/humble/share/rosidl_adapter/cmake)
[1.310s] -- Found rosidl_generator_cpp: 3.1.5 (/opt/ros/humble/share/rosidl_generator_cpp/cmake)
[1.332s] -- Using all available rosidl_typesupport_c: rosidl_typesupport_fastrtps_c;rosidl_typesupport_introspection_c
[1.366s] -- Using all available rosidl_typesupport_cpp: rosidl_typesupport_fastrtps_cpp;rosidl_typesupport_introspection_cpp
[1.746s] -- Found rosidl_default_generators: 1.2.0 (/opt/ros/humble/share/rosidl_default_generators/cmake)
[2.455s] -- Found ament_cmake_ros: 0.10.0 (/opt/ros/humble/share/ament_cmake_ros/cmake)
[3.348s] -- Using all available rosidl_typesupport_c: rosidl_typesupport_fastrtps_c;rosidl_typesupport_introspection_c
[3.712s] -- Using all available rosidl_typesupport_cpp: rosidl_typesupport_fastrtps_cpp;rosidl_typesupport_introspection_cpp
[3.752s] -- Found PythonInterp: /usr/bin/python3 (found suitable version "3.10.12", minimum required is "3.6") 
[3.756s] -- Found python_cmake_module: 0.10.0 (/opt/ros/humble/share/python_cmake_module/cmake)
[3.811s] -- Found PythonLibs: /usr/lib/x86_64-linux-gnu/libpython3.10.so (found suitable version "3.10.12", minimum required is "3.5") 
[3.812s] -- Using PYTHON_EXECUTABLE: /usr/bin/python3
[3.812s] -- Using PYTHON_INCLUDE_DIRS: /usr/include/python3.10
[3.812s] -- Using PYTHON_LIBRARIES: /usr/lib/x86_64-linux-gnu/libpython3.10.so
[3.854s] -- Found PythonExtra: .so  
[4.016s] -- Found ament_lint_auto: 0.12.8 (/opt/ros/humble/share/ament_lint_auto/cmake)
[4.062s] -- Added test 'flake8' to check Python code syntax and style conventions
[4.063s] -- Added test 'lint_cmake' to check CMake code style
[4.065s] -- Added test 'pep257' to check Python code against some of the docstring style conventions in PEP 257
[4.070s] -- Added test 'xmllint' to check XML markup files
[4.081s] -- Configuring done
[4.164s] -- Generating done
[4.170s] -- Build files have been written to: /home/tan/Documents/workspace/ROS2_py_ws/build/ros2_user_pkg
[4.192s] Invoked command in '/home/tan/Documents/workspace/ROS2_py_ws/build/ros2_user_pkg' returned '0': CMAKE_PREFIX_PATH=${CMAKE_PREFIX_PATH}:/opt/ros/humble /usr/bin/cmake /home/tan/Documents/workspace/ROS2_py_ws/src/ros2_user_pkg -DAMENT_CMAKE_SYMLINK_INSTALL=1 -DCMAKE_INSTALL_PREFIX=/home/tan/Documents/workspace/ROS2_py_ws/install/ros2_user_pkg
[4.195s] Invoking command in '/home/tan/Documents/workspace/ROS2_py_ws/build/ros2_user_pkg': CMAKE_PREFIX_PATH=${CMAKE_PREFIX_PATH}:/opt/ros/humble /usr/bin/cmake --build /home/tan/Documents/workspace/ROS2_py_ws/build/ros2_user_pkg -- -j4 -l4
[4.303s] [  2%] [34m[1mGenerating C code for ROS interfaces[0m
[4.320s] [  4%] [34m[1mGenerating C++ code for ROS interfaces[0m
[4.345s] [  4%] Built target ament_cmake_python_symlink_scripts
[4.386s] [  4%] Built target ament_cmake_python_symlink_ros2_user_pkg
[5.216s] running egg_info
[5.220s] creating ros2_user_pkg.egg-info
[5.226s] writing ros2_user_pkg.egg-info/PKG-INFO
[5.226s] writing dependency_links to ros2_user_pkg.egg-info/dependency_links.txt
[5.226s] writing top-level names to ros2_user_pkg.egg-info/top_level.txt
[5.226s] writing manifest file 'ros2_user_pkg.egg-info/SOURCES.txt'
[5.233s] reading manifest file 'ros2_user_pkg.egg-info/SOURCES.txt'
[5.233s] writing manifest file 'ros2_user_pkg.egg-info/SOURCES.txt'
[5.284s] running egg_info
[5.285s] creating scripts.egg-info
[5.285s] writing scripts.egg-info/PKG-INFO
[5.286s] writing dependency_links to scripts.egg-info/dependency_links.txt
[5.288s] writing top-level names to scripts.egg-info/top_level.txt
[5.291s] writing manifest file 'scripts.egg-info/SOURCES.txt'
[5.293s] reading manifest file 'scripts.egg-info/SOURCES.txt'
[5.293s] writing manifest file 'scripts.egg-info/SOURCES.txt'
[5.333s] [  4%] Built target ament_cmake_python_build_scripts_egg
[5.337s] [  4%] Built target ament_cmake_python_build_ros2_user_pkg_egg
[5.795s] [  6%] [32mBuilding C object CMakeFiles/ros2_user_pkg__rosidl_generator_c.dir/rosidl_generator_c/ros2_user_pkg/srv/detail/odd_even_check__functions.c.o[0m
[5.796s] [  8%] [32mBuilding C object CMakeFiles/ros2_user_pkg__rosidl_generator_c.dir/rosidl_generator_c/ros2_user_pkg/srv/detail/image_service__functions.c.o[0m
[5.800s] [ 10%] [32mBuilding C object CMakeFiles/ros2_user_pkg__rosidl_generator_c.dir/rosidl_generator_c/ros2_user_pkg/action/detail/navigate__functions.c.o[0m
[5.818s] [ 10%] Built target ros2_user_pkg__cpp
[5.857s] [ 12%] [34m[1mGenerating C++ type support dispatch for ROS interfaces[0m
[5.938s] [ 14%] [34m[1mGenerating C++ type support for eProsima Fast-RTPS[0m
[5.946s] [ 17%] [34m[1mGenerating C++ introspection for ROS interfaces[0m
[6.138s] [ 19%] [32m[1mLinking C shared library libros2_user_pkg__rosidl_generator_c.so[0m
[6.295s] [ 19%] Built target ros2_user_pkg__rosidl_generator_c
[6.348s] [ 21%] [34m[1mGenerating C type support for eProsima Fast-RTPS[0m
[6.741s] [ 23%] [32mBuilding CXX object CMakeFiles/ros2_user_pkg__rosidl_typesupport_cpp.dir/rosidl_typesupport_cpp/ros2_user_pkg/srv/odd_even_check__type_support.cpp.o[0m
[7.016s] [ 25%] [32mBuilding CXX object CMakeFiles/ros2_user_pkg__rosidl_typesupport_introspection_cpp.dir/rosidl_typesupport_introspection_cpp/ros2_user_pkg/srv/detail/odd_even_check__type_support.cpp.o[0m
[7.182s] [ 27%] [32mBuilding CXX object CMakeFiles/ros2_user_pkg__rosidl_typesupport_fastrtps_cpp.dir/rosidl_typesupport_fastrtps_cpp/ros2_user_pkg/srv/detail/dds_fastrtps/odd_even_check__type_support.cpp.o[0m
[7.348s] [ 29%] [32mBuilding CXX object CMakeFiles/ros2_user_pkg__rosidl_typesupport_cpp.dir/rosidl_typesupport_cpp/ros2_user_pkg/srv/image_service__type_support.cpp.o[0m
[7.455s] [ 31%] [32mBuilding CXX object CMakeFiles/ros2_user_pkg__rosidl_typesupport_fastrtps_c.dir/rosidl_typesupport_fastrtps_c/ros2_user_pkg/srv/detail/odd_even_check__type_support_c.cpp.o[0m
[7.854s] [ 34%] [32mBuilding CXX object CMakeFiles/ros2_user_pkg__rosidl_typesupport_introspection_cpp.dir/rosidl_typesupport_introspection_cpp/ros2_user_pkg/srv/detail/image_service__type_support.cpp.o[0m
[8.093s] [ 36%] [32mBuilding CXX object CMakeFiles/ros2_user_pkg__rosidl_typesupport_cpp.dir/rosidl_typesupport_cpp/ros2_user_pkg/action/navigate__type_support.cpp.o[0m
[8.137s] [ 38%] [32mBuilding CXX object CMakeFiles/ros2_user_pkg__rosidl_typesupport_fastrtps_c.dir/rosidl_typesupport_fastrtps_c/ros2_user_pkg/srv/detail/image_service__type_support_c.cpp.o[0m
[8.327s] [ 40%] [32mBuilding CXX object CMakeFiles/ros2_user_pkg__rosidl_typesupport_fastrtps_cpp.dir/rosidl_typesupport_fastrtps_cpp/ros2_user_pkg/srv/detail/dds_fastrtps/image_service__type_support.cpp.o[0m
[8.654s] [ 42%] [32mBuilding CXX object CMakeFiles/ros2_user_pkg__rosidl_typesupport_introspection_cpp.dir/rosidl_typesupport_introspection_cpp/ros2_user_pkg/action/detail/navigate__type_support.cpp.o[0m
[8.895s] [ 44%] [32mBuilding CXX object CMakeFiles/ros2_user_pkg__rosidl_typesupport_fastrtps_c.dir/rosidl_typesupport_fastrtps_c/ros2_user_pkg/action/detail/navigate__type_support_c.cpp.o[0m
[9.113s] [ 46%] [32m[1mLinking CXX shared library libros2_user_pkg__rosidl_typesupport_cpp.so[0m
[9.215s] [ 46%] Built target ros2_user_pkg__rosidl_typesupport_cpp
[9.233s] [ 48%] [32mBuilding CXX object CMakeFiles/ros2_user_pkg__rosidl_typesupport_fastrtps_cpp.dir/rosidl_typesupport_fastrtps_cpp/ros2_user_pkg/action/detail/dds_fastrtps/navigate__type_support.cpp.o[0m
[9.245s] [ 51%] [34m[1mGenerating C introspection for ROS interfaces[0m
[9.711s] [ 53%] [32m[1mLinking CXX shared library libros2_user_pkg__rosidl_typesupport_fastrtps_c.so[0m
[9.943s] [ 55%] [32m[1mLinking CXX shared library libros2_user_pkg__rosidl_typesupport_introspection_cpp.so[0m
[9.950s] [ 55%] Built target ros2_user_pkg__rosidl_typesupport_fastrtps_c
[9.975s] [ 57%] [34m[1mGenerating C type support dispatch for ROS interfaces[0m
[10.162s] [ 57%] Built target ros2_user_pkg__rosidl_typesupport_introspection_cpp
[10.271s] [ 59%] [32mBuilding C object CMakeFiles/ros2_user_pkg__rosidl_typesupport_introspection_c.dir/rosidl_typesupport_introspection_c/ros2_user_pkg/srv/detail/odd_even_check__type_support.c.o[0m
[10.280s] [ 61%] [32mBuilding C object CMakeFiles/ros2_user_pkg__rosidl_typesupport_introspection_c.dir/rosidl_typesupport_introspection_c/ros2_user_pkg/srv/detail/image_service__type_support.c.o[0m
[10.408s] [ 63%] [32mBuilding C object CMakeFiles/ros2_user_pkg__rosidl_typesupport_introspection_c.dir/rosidl_typesupport_introspection_c/ros2_user_pkg/action/detail/navigate__type_support.c.o[0m
[10.442s] [ 65%] [32m[1mLinking CXX shared library libros2_user_pkg__rosidl_typesupport_fastrtps_cpp.so[0m
[10.501s] [ 68%] [32m[1mLinking C shared library libros2_user_pkg__rosidl_typesupport_introspection_c.so[0m
[10.592s] [ 68%] Built target ros2_user_pkg__rosidl_typesupport_introspection_c
[10.624s] [ 68%] Built target ros2_user_pkg__rosidl_typesupport_fastrtps_cpp
[10.750s] [ 70%] [32mBuilding CXX object CMakeFiles/ros2_user_pkg__rosidl_typesupport_c.dir/rosidl_typesupport_c/ros2_user_pkg/srv/odd_even_check__type_support.cpp.o[0m
[10.755s] [ 72%] [32mBuilding CXX object CMakeFiles/ros2_user_pkg__rosidl_typesupport_c.dir/rosidl_typesupport_c/ros2_user_pkg/srv/image_service__type_support.cpp.o[0m
[10.762s] [ 74%] [32mBuilding CXX object CMakeFiles/ros2_user_pkg__rosidl_typesupport_c.dir/rosidl_typesupport_c/ros2_user_pkg/action/navigate__type_support.cpp.o[0m
[10.861s] [ 76%] [32m[1mLinking CXX shared library libros2_user_pkg__rosidl_typesupport_c.so[0m
[10.935s] [ 76%] Built target ros2_user_pkg__rosidl_typesupport_c
[10.973s] [ 76%] Built target ros2_user_pkg
[11.010s] [ 78%] [34m[1mGenerating Python code for ROS interfaces[0m
[12.680s] [ 78%] Built target ros2_user_pkg__py
[12.727s] [ 80%] [32mBuilding C object CMakeFiles/ros2_user_pkg__rosidl_generator_py.dir/rosidl_generator_py/ros2_user_pkg/srv/_odd_even_check_s.c.o[0m
[12.729s] [ 82%] [32mBuilding C object CMakeFiles/ros2_user_pkg__rosidl_generator_py.dir/rosidl_generator_py/ros2_user_pkg/srv/_image_service_s.c.o[0m
[12.735s] [ 85%] [32mBuilding C object CMakeFiles/ros2_user_pkg__rosidl_generator_py.dir/rosidl_generator_py/ros2_user_pkg/action/_navigate_s.c.o[0m
[13.008s] [ 87%] [32m[1mLinking C shared library rosidl_generator_py/ros2_user_pkg/libros2_user_pkg__rosidl_generator_py.so[0m
[13.091s] [ 87%] Built target ros2_user_pkg__rosidl_generator_py
[13.135s] [ 89%] [32mBuilding C object CMakeFiles/ros2_user_pkg__rosidl_typesupport_introspection_c__pyext.dir/rosidl_generator_py/ros2_user_pkg/_ros2_user_pkg_s.ep.rosidl_typesupport_introspection_c.c.o[0m
[13.136s] [ 91%] [32mBuilding C object CMakeFiles/ros2_user_pkg__rosidl_typesupport_c__pyext.dir/rosidl_generator_py/ros2_user_pkg/_ros2_user_pkg_s.ep.rosidl_typesupport_c.c.o[0m
[13.138s] [ 93%] [32mBuilding C object CMakeFiles/ros2_user_pkg__rosidl_typesupport_fastrtps_c__pyext.dir/rosidl_generator_py/ros2_user_pkg/_ros2_user_pkg_s.ep.rosidl_typesupport_fastrtps_c.c.o[0m
[13.427s] [ 95%] [32m[1mLinking C shared library rosidl_generator_py/ros2_user_pkg/ros2_user_pkg_s__rosidl_typesupport_fastrtps_c.cpython-310-x86_64-linux-gnu.so[0m
[13.438s] [ 97%] [32m[1mLinking C shared library rosidl_generator_py/ros2_user_pkg/ros2_user_pkg_s__rosidl_typesupport_introspection_c.cpython-310-x86_64-linux-gnu.so[0m
[13.492s] [100%] [32m[1mLinking C shared library rosidl_generator_py/ros2_user_pkg/ros2_user_pkg_s__rosidl_typesupport_c.cpython-310-x86_64-linux-gnu.so[0m
[13.553s] [100%] Built target ros2_user_pkg__rosidl_typesupport_fastrtps_c__pyext
[13.578s] [100%] Built target ros2_user_pkg__rosidl_typesupport_introspection_c__pyext
[13.621s] [100%] Built target ros2_user_pkg__rosidl_typesupport_c__pyext
[13.647s] Invoked command in '/home/tan/Documents/workspace/ROS2_py_ws/build/ros2_user_pkg' returned '0': CMAKE_PREFIX_PATH=${CMAKE_PREFIX_PATH}:/opt/ros/humble /usr/bin/cmake --build /home/tan/Documents/workspace/ROS2_py_ws/build/ros2_user_pkg -- -j4 -l4
[13.919s] Invoking command in '/home/tan/Documents/workspace/ROS2_py_ws/build/ros2_user_pkg': CMAKE_PREFIX_PATH=${CMAKE_PREFIX_PATH}:/opt/ros/humble /usr/bin/cmake --install /home/tan/Documents/workspace/ROS2_py_ws/build/ros2_user_pkg
[13.933s] -- Install configuration: ""
[13.935s] -- Execute custom install script
[13.936s] -- Symlinking: /home/tan/Documents/workspace/ROS2_py_ws/install/ros2_user_pkg/share/ament_index/resource_index/rosidl_interfaces/ros2_user_pkg
[13.957s] -- Symlinking: /home/tan/Documents/workspace/ROS2_py_ws/install/ros2_user_pkg/include/ros2_user_pkg/ros2_user_pkg/action/detail/navigate__functions.h
[13.971s] -- Symlinking: /home/tan/Documents/workspace/ROS2_py_ws/install/ros2_user_pkg/include/ros2_user_pkg/ros2_user_pkg/action/detail/navigate__struct.h
[13.985s] -- Symlinking: /home/tan/Documents/workspace/ROS2_py_ws/install/ros2_user_pkg/include/ros2_user_pkg/ros2_user_pkg/action/detail/navigate__type_support.h
[14.001s] -- Symlinking: /home/tan/Documents/workspace/ROS2_py_ws/install/ros2_user_pkg/include/ros2_user_pkg/ros2_user_pkg/action/navigate.h
[14.018s] -- Symlinking: /home/tan/Documents/workspace/ROS2_py_ws/install/ros2_user_pkg/include/ros2_user_pkg/ros2_user_pkg/msg/rosidl_generator_c__visibility_control.h
[14.034s] -- Symlinking: /home/tan/Documents/workspace/ROS2_py_ws/install/ros2_user_pkg/include/ros2_user_pkg/ros2_user_pkg/srv/detail/image_service__functions.h
[14.053s] -- Symlinking: /home/tan/Documents/workspace/ROS2_py_ws/install/ros2_user_pkg/include/ros2_user_pkg/ros2_user_pkg/srv/detail/image_service__struct.h
[14.071s] -- Symlinking: /home/tan/Documents/workspace/ROS2_py_ws/install/ros2_user_pkg/include/ros2_user_pkg/ros2_user_pkg/srv/detail/image_service__type_support.h
[14.086s] -- Symlinking: /home/tan/Documents/workspace/ROS2_py_ws/install/ros2_user_pkg/include/ros2_user_pkg/ros2_user_pkg/srv/detail/odd_even_check__functions.h
[14.100s] -- Symlinking: /home/tan/Documents/workspace/ROS2_py_ws/install/ros2_user_pkg/include/ros2_user_pkg/ros2_user_pkg/srv/detail/odd_even_check__struct.h
[14.113s] -- Symlinking: /home/tan/Documents/workspace/ROS2_py_ws/install/ros2_user_pkg/include/ros2_user_pkg/ros2_user_pkg/srv/detail/odd_even_check__type_support.h
[14.129s] -- Symlinking: /home/tan/Documents/workspace/ROS2_py_ws/install/ros2_user_pkg/include/ros2_user_pkg/ros2_user_pkg/srv/image_service.h
[14.144s] -- Symlinking: /home/tan/Documents/workspace/ROS2_py_ws/install/ros2_user_pkg/include/ros2_user_pkg/ros2_user_pkg/srv/odd_even_check.h
[14.158s] -- Symlinking: /home/tan/Documents/workspace/ROS2_py_ws/install/ros2_user_pkg/share/ros2_user_pkg/environment/library_path.sh
[14.179s] -- Symlinking: /home/tan/Documents/workspace/ROS2_py_ws/install/ros2_user_pkg/share/ros2_user_pkg/environment/library_path.dsv
[14.198s] -- Symlinking: /home/tan/Documents/workspace/ROS2_py_ws/install/ros2_user_pkg/include/ros2_user_pkg/ros2_user_pkg/action/detail/navigate__rosidl_typesupport_fastrtps_c.h
[14.217s] -- Symlinking: /home/tan/Documents/workspace/ROS2_py_ws/install/ros2_user_pkg/include/ros2_user_pkg/ros2_user_pkg/msg/rosidl_typesupport_fastrtps_c__visibility_control.h
[14.235s] -- Symlinking: /home/tan/Documents/workspace/ROS2_py_ws/install/ros2_user_pkg/include/ros2_user_pkg/ros2_user_pkg/srv/detail/image_service__rosidl_typesupport_fastrtps_c.h
[14.255s] -- Symlinking: /home/tan/Documents/workspace/ROS2_py_ws/install/ros2_user_pkg/include/ros2_user_pkg/ros2_user_pkg/srv/detail/odd_even_check__rosidl_typesupport_fastrtps_c.h
[14.275s] -- Symlinking: /home/tan/Documents/workspace/ROS2_py_ws/install/ros2_user_pkg/include/ros2_user_pkg/ros2_user_pkg/action/detail/navigate__builder.hpp
[14.298s] -- Symlinking: /home/tan/Documents/workspace/ROS2_py_ws/install/ros2_user_pkg/include/ros2_user_pkg/ros2_user_pkg/action/detail/navigate__struct.hpp
[14.316s] -- Symlinking: /home/tan/Documents/workspace/ROS2_py_ws/install/ros2_user_pkg/include/ros2_user_pkg/ros2_user_pkg/action/detail/navigate__traits.hpp
[14.330s] -- Symlinking: /home/tan/Documents/workspace/ROS2_py_ws/install/ros2_user_pkg/include/ros2_user_pkg/ros2_user_pkg/action/navigate.hpp
[14.346s] -- Symlinking: /home/tan/Documents/workspace/ROS2_py_ws/install/ros2_user_pkg/include/ros2_user_pkg/ros2_user_pkg/srv/detail/image_service__builder.hpp
[14.360s] -- Symlinking: /home/tan/Documents/workspace/ROS2_py_ws/install/ros2_user_pkg/include/ros2_user_pkg/ros2_user_pkg/srv/detail/image_service__struct.hpp
[14.375s] -- Symlinking: /home/tan/Documents/workspace/ROS2_py_ws/install/ros2_user_pkg/include/ros2_user_pkg/ros2_user_pkg/srv/detail/image_service__traits.hpp
[14.396s] -- Symlinking: /home/tan/Documents/workspace/ROS2_py_ws/install/ros2_user_pkg/include/ros2_user_pkg/ros2_user_pkg/srv/detail/odd_even_check__builder.hpp
[14.415s] -- Symlinking: /home/tan/Documents/workspace/ROS2_py_ws/install/ros2_user_pkg/include/ros2_user_pkg/ros2_user_pkg/srv/detail/odd_even_check__struct.hpp
[14.432s] -- Symlinking: /home/tan/Documents/workspace/ROS2_py_ws/install/ros2_user_pkg/include/ros2_user_pkg/ros2_user_pkg/srv/detail/odd_even_check__traits.hpp
[14.450s] -- Symlinking: /home/tan/Documents/workspace/ROS2_py_ws/install/ros2_user_pkg/include/ros2_user_pkg/ros2_user_pkg/srv/image_service.hpp
[14.466s] -- Symlinking: /home/tan/Documents/workspace/ROS2_py_ws/install/ros2_user_pkg/include/ros2_user_pkg/ros2_user_pkg/srv/odd_even_check.hpp
[14.484s] -- Symlinking: /home/tan/Documents/workspace/ROS2_py_ws/install/ros2_user_pkg/include/ros2_user_pkg/ros2_user_pkg/action/detail/navigate__rosidl_typesupport_fastrtps_cpp.hpp
[14.499s] -- Symlinking: /home/tan/Documents/workspace/ROS2_py_ws/install/ros2_user_pkg/include/ros2_user_pkg/ros2_user_pkg/msg/rosidl_typesupport_fastrtps_cpp__visibility_control.h
[14.518s] -- Symlinking: /home/tan/Documents/workspace/ROS2_py_ws/install/ros2_user_pkg/include/ros2_user_pkg/ros2_user_pkg/srv/detail/image_service__rosidl_typesupport_fastrtps_cpp.hpp
[14.535s] -- Symlinking: /home/tan/Documents/workspace/ROS2_py_ws/install/ros2_user_pkg/include/ros2_user_pkg/ros2_user_pkg/srv/detail/odd_even_check__rosidl_typesupport_fastrtps_cpp.hpp
[14.554s] -- Symlinking: /home/tan/Documents/workspace/ROS2_py_ws/install/ros2_user_pkg/include/ros2_user_pkg/ros2_user_pkg/action/detail/navigate__rosidl_typesupport_introspection_c.h
[14.574s] -- Symlinking: /home/tan/Documents/workspace/ROS2_py_ws/install/ros2_user_pkg/include/ros2_user_pkg/ros2_user_pkg/msg/rosidl_typesupport_introspection_c__visibility_control.h
[14.593s] -- Symlinking: /home/tan/Documents/workspace/ROS2_py_ws/install/ros2_user_pkg/include/ros2_user_pkg/ros2_user_pkg/srv/detail/image_service__rosidl_typesupport_introspection_c.h
[14.617s] -- Symlinking: /home/tan/Documents/workspace/ROS2_py_ws/install/ros2_user_pkg/include/ros2_user_pkg/ros2_user_pkg/srv/detail/odd_even_check__rosidl_typesupport_introspection_c.h
[14.632s] -- Symlinking: /home/tan/Documents/workspace/ROS2_py_ws/install/ros2_user_pkg/include/ros2_user_pkg/ros2_user_pkg/action/detail/navigate__rosidl_typesupport_introspection_cpp.hpp
[14.650s] -- Symlinking: /home/tan/Documents/workspace/ROS2_py_ws/install/ros2_user_pkg/include/ros2_user_pkg/ros2_user_pkg/srv/detail/image_service__rosidl_typesupport_introspection_cpp.hpp
[14.670s] -- Symlinking: /home/tan/Documents/workspace/ROS2_py_ws/install/ros2_user_pkg/include/ros2_user_pkg/ros2_user_pkg/srv/detail/odd_even_check__rosidl_typesupport_introspection_cpp.hpp
[14.686s] -- Symlinking: /home/tan/Documents/workspace/ROS2_py_ws/install/ros2_user_pkg/share/ros2_user_pkg/environment/pythonpath.sh
[14.703s] -- Symlinking: /home/tan/Documents/workspace/ROS2_py_ws/install/ros2_user_pkg/share/ros2_user_pkg/environment/pythonpath.dsv
[14.719s] -- Symlinking: /home/tan/Documents/workspace/ROS2_py_ws/install/ros2_user_pkg/local/lib/python3.10/dist-packages/ros2_user_pkg-0.0.0-py3.10.egg-info/PKG-INFO
[14.738s] -- Symlinking: /home/tan/Documents/workspace/ROS2_py_ws/install/ros2_user_pkg/local/lib/python3.10/dist-packages/ros2_user_pkg-0.0.0-py3.10.egg-info/SOURCES.txt
[14.760s] -- Symlinking: /home/tan/Documents/workspace/ROS2_py_ws/install/ros2_user_pkg/local/lib/python3.10/dist-packages/ros2_user_pkg-0.0.0-py3.10.egg-info/dependency_links.txt
[14.781s] -- Symlinking: /home/tan/Documents/workspace/ROS2_py_ws/install/ros2_user_pkg/local/lib/python3.10/dist-packages/ros2_user_pkg-0.0.0-py3.10.egg-info/top_level.txt
[14.799s] -- Symlinking: /home/tan/Documents/workspace/ROS2_py_ws/install/ros2_user_pkg/local/lib/python3.10/dist-packages/ros2_user_pkg/__init__.py
[14.814s] -- Symlinking: /home/tan/Documents/workspace/ROS2_py_ws/install/ros2_user_pkg/local/lib/python3.10/dist-packages/ros2_user_pkg/_ros2_user_pkg_s.ep.rosidl_typesupport_c.c
[14.827s] -- Symlinking: /home/tan/Documents/workspace/ROS2_py_ws/install/ros2_user_pkg/local/lib/python3.10/dist-packages/ros2_user_pkg/_ros2_user_pkg_s.ep.rosidl_typesupport_fastrtps_c.c
[14.853s] -- Symlinking: /home/tan/Documents/workspace/ROS2_py_ws/install/ros2_user_pkg/local/lib/python3.10/dist-packages/ros2_user_pkg/_ros2_user_pkg_s.ep.rosidl_typesupport_introspection_c.c
[14.878s] -- Symlinking: /home/tan/Documents/workspace/ROS2_py_ws/install/ros2_user_pkg/local/lib/python3.10/dist-packages/ros2_user_pkg/action/__init__.py
[14.907s] -- Symlinking: /home/tan/Documents/workspace/ROS2_py_ws/install/ros2_user_pkg/local/lib/python3.10/dist-packages/ros2_user_pkg/action/_navigate.py
[14.930s] -- Symlinking: /home/tan/Documents/workspace/ROS2_py_ws/install/ros2_user_pkg/local/lib/python3.10/dist-packages/ros2_user_pkg/action/_navigate_s.c
[14.948s] -- Symlinking: /home/tan/Documents/workspace/ROS2_py_ws/install/ros2_user_pkg/local/lib/python3.10/dist-packages/ros2_user_pkg/libros2_user_pkg__rosidl_generator_py.so
[14.972s] -- Symlinking: /home/tan/Documents/workspace/ROS2_py_ws/install/ros2_user_pkg/local/lib/python3.10/dist-packages/ros2_user_pkg/ros2_user_pkg_s__rosidl_typesupport_c.cpython-310-x86_64-linux-gnu.so
[14.991s] -- Symlinking: /home/tan/Documents/workspace/ROS2_py_ws/install/ros2_user_pkg/local/lib/python3.10/dist-packages/ros2_user_pkg/ros2_user_pkg_s__rosidl_typesupport_fastrtps_c.cpython-310-x86_64-linux-gnu.so
[15.010s] -- Symlinking: /home/tan/Documents/workspace/ROS2_py_ws/install/ros2_user_pkg/local/lib/python3.10/dist-packages/ros2_user_pkg/ros2_user_pkg_s__rosidl_typesupport_introspection_c.cpython-310-x86_64-linux-gnu.so
[15.030s] -- Symlinking: /home/tan/Documents/workspace/ROS2_py_ws/install/ros2_user_pkg/local/lib/python3.10/dist-packages/ros2_user_pkg/srv/__init__.py
[15.046s] -- Symlinking: /home/tan/Documents/workspace/ROS2_py_ws/install/ros2_user_pkg/local/lib/python3.10/dist-packages/ros2_user_pkg/srv/_image_service.py
[15.063s] -- Symlinking: /home/tan/Documents/workspace/ROS2_py_ws/install/ros2_user_pkg/local/lib/python3.10/dist-packages/ros2_user_pkg/srv/_image_service_s.c
[15.081s] -- Symlinking: /home/tan/Documents/workspace/ROS2_py_ws/install/ros2_user_pkg/local/lib/python3.10/dist-packages/ros2_user_pkg/srv/_odd_even_check.py
[15.101s] -- Symlinking: /home/tan/Documents/workspace/ROS2_py_ws/install/ros2_user_pkg/local/lib/python3.10/dist-packages/ros2_user_pkg/srv/_odd_even_check_s.c
[15.121s] -- Up-to-date symlink: /home/tan/Documents/workspace/ROS2_py_ws/install/ros2_user_pkg/local/lib/python3.10/dist-packages/ros2_user_pkg/ros2_user_pkg_s__rosidl_typesupport_fastrtps_c.cpython-310-x86_64-linux-gnu.so
[15.121s] -- Up-to-date symlink: /home/tan/Documents/workspace/ROS2_py_ws/install/ros2_user_pkg/local/lib/python3.10/dist-packages/ros2_user_pkg/ros2_user_pkg_s__rosidl_typesupport_introspection_c.cpython-310-x86_64-linux-gnu.so
[15.121s] -- Up-to-date symlink: /home/tan/Documents/workspace/ROS2_py_ws/install/ros2_user_pkg/local/lib/python3.10/dist-packages/ros2_user_pkg/ros2_user_pkg_s__rosidl_typesupport_c.cpython-310-x86_64-linux-gnu.so
[15.121s] -- Symlinking: /home/tan/Documents/workspace/ROS2_py_ws/install/ros2_user_pkg/share/ros2_user_pkg/srv/OddEvenCheck.idl
[15.138s] -- Symlinking: /home/tan/Documents/workspace/ROS2_py_ws/install/ros2_user_pkg/share/ros2_user_pkg/srv/ImageService.idl
[15.157s] -- Symlinking: /home/tan/Documents/workspace/ROS2_py_ws/install/ros2_user_pkg/share/ros2_user_pkg/action/Navigate.idl
[15.181s] -- Symlinking: /home/tan/Documents/workspace/ROS2_py_ws/install/ros2_user_pkg/share/ros2_user_pkg/srv/OddEvenCheck.srv
[15.206s] -- Symlinking: /home/tan/Documents/workspace/ROS2_py_ws/install/ros2_user_pkg/share/ros2_user_pkg/srv/OddEvenCheck_Request.msg
[15.231s] -- Symlinking: /home/tan/Documents/workspace/ROS2_py_ws/install/ros2_user_pkg/share/ros2_user_pkg/srv/OddEvenCheck_Response.msg
[15.249s] -- Symlinking: /home/tan/Documents/workspace/ROS2_py_ws/install/ros2_user_pkg/share/ros2_user_pkg/srv/ImageService.srv
[15.269s] -- Symlinking: /home/tan/Documents/workspace/ROS2_py_ws/install/ros2_user_pkg/share/ros2_user_pkg/srv/ImageService_Request.msg
[15.286s] -- Symlinking: /home/tan/Documents/workspace/ROS2_py_ws/install/ros2_user_pkg/share/ros2_user_pkg/srv/ImageService_Response.msg
[15.303s] -- Symlinking: /home/tan/Documents/workspace/ROS2_py_ws/install/ros2_user_pkg/share/ros2_user_pkg/action/Navigate.action
[15.326s] -- Symlinking: /home/tan/Documents/workspace/ROS2_py_ws/install/ros2_user_pkg/local/lib/python3.10/dist-packages/scripts-0.0.0-py3.10.egg-info/PKG-INFO
[15.354s] -- Symlinking: /home/tan/Documents/workspace/ROS2_py_ws/install/ros2_user_pkg/local/lib/python3.10/dist-packages/scripts-0.0.0-py3.10.egg-info/SOURCES.txt
[15.377s] -- Symlinking: /home/tan/Documents/workspace/ROS2_py_ws/install/ros2_user_pkg/local/lib/python3.10/dist-packages/scripts-0.0.0-py3.10.egg-info/dependency_links.txt
[15.392s] -- Symlinking: /home/tan/Documents/workspace/ROS2_py_ws/install/ros2_user_pkg/local/lib/python3.10/dist-packages/scripts-0.0.0-py3.10.egg-info/top_level.txt
[15.407s] -- Symlinking: /home/tan/Documents/workspace/ROS2_py_ws/install/ros2_user_pkg/local/lib/python3.10/dist-packages/scripts/__init__.py
[15.420s] -- Symlinking: /home/tan/Documents/workspace/ROS2_py_ws/install/ros2_user_pkg/local/lib/python3.10/dist-packages/scripts/action_client.py
[15.435s] -- Symlinking: /home/tan/Documents/workspace/ROS2_py_ws/install/ros2_user_pkg/local/lib/python3.10/dist-packages/scripts/action_server.py
[15.458s] -- Symlinking: /home/tan/Documents/workspace/ROS2_py_ws/install/ros2_user_pkg/local/lib/python3.10/dist-packages/scripts/publisher.py
[15.479s] -- Symlinking: /home/tan/Documents/workspace/ROS2_py_ws/install/ros2_user_pkg/local/lib/python3.10/dist-packages/scripts/rpm_publisher.py
[15.498s] -- Symlinking: /home/tan/Documents/workspace/ROS2_py_ws/install/ros2_user_pkg/local/lib/python3.10/dist-packages/scripts/service_client.py
[15.512s] -- Symlinking: /home/tan/Documents/workspace/ROS2_py_ws/install/ros2_user_pkg/local/lib/python3.10/dist-packages/scripts/service_server.py
[15.531s] -- Symlinking: /home/tan/Documents/workspace/ROS2_py_ws/install/ros2_user_pkg/local/lib/python3.10/dist-packages/scripts/speed_publisher.py
[15.546s] -- Symlinking: /home/tan/Documents/workspace/ROS2_py_ws/install/ros2_user_pkg/local/lib/python3.10/dist-packages/scripts/subcriber.py
[15.563s] -- Symlinking: /home/tan/Documents/workspace/ROS2_py_ws/install/ros2_user_pkg/local/lib/python3.10/dist-packages/scripts/turn_camera_client.py
[15.583s] -- Symlinking: /home/tan/Documents/workspace/ROS2_py_ws/install/ros2_user_pkg/local/lib/python3.10/dist-packages/scripts/turn_camera_server.py
[15.600s] -- Symlinking: /home/tan/Documents/workspace/ROS2_py_ws/install/ros2_user_pkg/lib/ros2_user_pkg/publisher.py
[15.619s] -- Symlinking: /home/tan/Documents/workspace/ROS2_py_ws/install/ros2_user_pkg/lib/ros2_user_pkg/subcriber.py
[15.634s] -- Symlinking: /home/tan/Documents/workspace/ROS2_py_ws/install/ros2_user_pkg/lib/ros2_user_pkg/rpm_publisher.py
[15.647s] -- Symlinking: /home/tan/Documents/workspace/ROS2_py_ws/install/ros2_user_pkg/lib/ros2_user_pkg/speed_publisher.py
[15.662s] -- Symlinking: /home/tan/Documents/workspace/ROS2_py_ws/install/ros2_user_pkg/lib/ros2_user_pkg/turn_camera_client.py
[15.684s] -- Symlinking: /home/tan/Documents/workspace/ROS2_py_ws/install/ros2_user_pkg/lib/ros2_user_pkg/turn_camera_server.py
[15.702s] -- Symlinking: /home/tan/Documents/workspace/ROS2_py_ws/install/ros2_user_pkg/lib/ros2_user_pkg/action_server.py
[15.719s] -- Symlinking: /home/tan/Documents/workspace/ROS2_py_ws/install/ros2_user_pkg/lib/ros2_user_pkg/action_client.py
[15.735s] -- Symlinking: /home/tan/Documents/workspace/ROS2_py_ws/install/ros2_user_pkg/share/ros2_user_pkg/launch/rpm_node.launch.py
[15.751s] -- Symlinking: /home/tan/Documents/workspace/ROS2_py_ws/install/ros2_user_pkg/share/ament_index/resource_index/package_run_dependencies/ros2_user_pkg
[15.768s] -- Symlinking: /home/tan/Documents/workspace/ROS2_py_ws/install/ros2_user_pkg/share/ament_index/resource_index/parent_prefix_path/ros2_user_pkg
[15.793s] -- Symlinking: /home/tan/Documents/workspace/ROS2_py_ws/install/ros2_user_pkg/share/ros2_user_pkg/environment/ament_prefix_path.sh
[15.810s] -- Symlinking: /home/tan/Documents/workspace/ROS2_py_ws/install/ros2_user_pkg/share/ros2_user_pkg/environment/ament_prefix_path.dsv
[15.829s] -- Symlinking: /home/tan/Documents/workspace/ROS2_py_ws/install/ros2_user_pkg/share/ros2_user_pkg/environment/path.sh
[15.843s] -- Symlinking: /home/tan/Documents/workspace/ROS2_py_ws/install/ros2_user_pkg/share/ros2_user_pkg/environment/path.dsv
[15.858s] -- Symlinking: /home/tan/Documents/workspace/ROS2_py_ws/install/ros2_user_pkg/share/ros2_user_pkg/local_setup.bash
[15.876s] -- Symlinking: /home/tan/Documents/workspace/ROS2_py_ws/install/ros2_user_pkg/share/ros2_user_pkg/local_setup.sh
[15.893s] -- Symlinking: /home/tan/Documents/workspace/ROS2_py_ws/install/ros2_user_pkg/share/ros2_user_pkg/local_setup.zsh
[15.910s] -- Symlinking: /home/tan/Documents/workspace/ROS2_py_ws/install/ros2_user_pkg/share/ros2_user_pkg/local_setup.dsv
[15.929s] -- Symlinking: /home/tan/Documents/workspace/ROS2_py_ws/install/ros2_user_pkg/share/ros2_user_pkg/package.dsv
[15.944s] -- Symlinking: /home/tan/Documents/workspace/ROS2_py_ws/install/ros2_user_pkg/share/ament_index/resource_index/packages/ros2_user_pkg
[15.960s] -- Symlinking: /home/tan/Documents/workspace/ROS2_py_ws/install/ros2_user_pkg/share/ros2_user_pkg/cmake/rosidl_cmake-extras.cmake
[15.980s] -- Symlinking: /home/tan/Documents/workspace/ROS2_py_ws/install/ros2_user_pkg/share/ros2_user_pkg/cmake/ament_cmake_export_dependencies-extras.cmake
[15.996s] -- Symlinking: /home/tan/Documents/workspace/ROS2_py_ws/install/ros2_user_pkg/share/ros2_user_pkg/cmake/ament_cmake_export_include_directories-extras.cmake
[16.012s] -- Symlinking: /home/tan/Documents/workspace/ROS2_py_ws/install/ros2_user_pkg/share/ros2_user_pkg/cmake/ament_cmake_export_libraries-extras.cmake
[16.031s] -- Symlinking: /home/tan/Documents/workspace/ROS2_py_ws/install/ros2_user_pkg/share/ros2_user_pkg/cmake/ament_cmake_export_targets-extras.cmake
[16.052s] -- Symlinking: /home/tan/Documents/workspace/ROS2_py_ws/install/ros2_user_pkg/share/ros2_user_pkg/cmake/rosidl_cmake_export_typesupport_targets-extras.cmake
[16.070s] -- Symlinking: /home/tan/Documents/workspace/ROS2_py_ws/install/ros2_user_pkg/share/ros2_user_pkg/cmake/rosidl_cmake_export_typesupport_libraries-extras.cmake
[16.093s] -- Symlinking: /home/tan/Documents/workspace/ROS2_py_ws/install/ros2_user_pkg/share/ros2_user_pkg/cmake/ros2_user_pkgConfig.cmake
[16.112s] -- Symlinking: /home/tan/Documents/workspace/ROS2_py_ws/install/ros2_user_pkg/share/ros2_user_pkg/cmake/ros2_user_pkgConfig-version.cmake
[16.131s] -- Symlinking: /home/tan/Documents/workspace/ROS2_py_ws/install/ros2_user_pkg/share/ros2_user_pkg/package.xml
[16.148s] -- Installing: /home/tan/Documents/workspace/ROS2_py_ws/install/ros2_user_pkg/lib/libros2_user_pkg__rosidl_generator_c.so
[16.150s] -- Set runtime path of "/home/tan/Documents/workspace/ROS2_py_ws/install/ros2_user_pkg/lib/libros2_user_pkg__rosidl_generator_c.so" to ""
[16.150s] -- Installing: /home/tan/Documents/workspace/ROS2_py_ws/install/ros2_user_pkg/lib/libros2_user_pkg__rosidl_typesupport_fastrtps_c.so
[16.152s] -- Set runtime path of "/home/tan/Documents/workspace/ROS2_py_ws/install/ros2_user_pkg/lib/libros2_user_pkg__rosidl_typesupport_fastrtps_c.so" to ""
[16.152s] -- Installing: /home/tan/Documents/workspace/ROS2_py_ws/install/ros2_user_pkg/lib/libros2_user_pkg__rosidl_typesupport_fastrtps_cpp.so
[16.153s] -- Set runtime path of "/home/tan/Documents/workspace/ROS2_py_ws/install/ros2_user_pkg/lib/libros2_user_pkg__rosidl_typesupport_fastrtps_cpp.so" to ""
[16.153s] -- Installing: /home/tan/Documents/workspace/ROS2_py_ws/install/ros2_user_pkg/lib/libros2_user_pkg__rosidl_typesupport_introspection_c.so
[16.155s] -- Set runtime path of "/home/tan/Documents/workspace/ROS2_py_ws/install/ros2_user_pkg/lib/libros2_user_pkg__rosidl_typesupport_introspection_c.so" to ""
[16.155s] -- Installing: /home/tan/Documents/workspace/ROS2_py_ws/install/ros2_user_pkg/lib/libros2_user_pkg__rosidl_typesupport_c.so
[16.156s] -- Set runtime path of "/home/tan/Documents/workspace/ROS2_py_ws/install/ros2_user_pkg/lib/libros2_user_pkg__rosidl_typesupport_c.so" to ""
[16.156s] -- Installing: /home/tan/Documents/workspace/ROS2_py_ws/install/ros2_user_pkg/lib/libros2_user_pkg__rosidl_typesupport_introspection_cpp.so
[16.158s] -- Set runtime path of "/home/tan/Documents/workspace/ROS2_py_ws/install/ros2_user_pkg/lib/libros2_user_pkg__rosidl_typesupport_introspection_cpp.so" to ""
[16.159s] -- Installing: /home/tan/Documents/workspace/ROS2_py_ws/install/ros2_user_pkg/lib/libros2_user_pkg__rosidl_typesupport_cpp.so
[16.160s] -- Set runtime path of "/home/tan/Documents/workspace/ROS2_py_ws/install/ros2_user_pkg/lib/libros2_user_pkg__rosidl_typesupport_cpp.so" to ""
[16.237s] Listing '/home/tan/Documents/workspace/ROS2_py_ws/install/ros2_user_pkg/local/lib/python3.10/dist-packages/ros2_user_pkg'...
[16.237s] Compiling '/home/tan/Documents/workspace/ROS2_py_ws/install/ros2_user_pkg/local/lib/python3.10/dist-packages/ros2_user_pkg/__init__.py'...
[16.237s] Listing '/home/tan/Documents/workspace/ROS2_py_ws/install/ros2_user_pkg/local/lib/python3.10/dist-packages/ros2_user_pkg/action'...
[16.237s] Compiling '/home/tan/Documents/workspace/ROS2_py_ws/install/ros2_user_pkg/local/lib/python3.10/dist-packages/ros2_user_pkg/action/__init__.py'...
[16.238s] Compiling '/home/tan/Documents/workspace/ROS2_py_ws/install/ros2_user_pkg/local/lib/python3.10/dist-packages/ros2_user_pkg/action/_navigate.py'...
[16.238s] Listing '/home/tan/Documents/workspace/ROS2_py_ws/install/ros2_user_pkg/local/lib/python3.10/dist-packages/ros2_user_pkg/srv'...
[16.238s] Compiling '/home/tan/Documents/workspace/ROS2_py_ws/install/ros2_user_pkg/local/lib/python3.10/dist-packages/ros2_user_pkg/srv/__init__.py'...
[16.238s] Compiling '/home/tan/Documents/workspace/ROS2_py_ws/install/ros2_user_pkg/local/lib/python3.10/dist-packages/ros2_user_pkg/srv/_image_service.py'...
[16.238s] Compiling '/home/tan/Documents/workspace/ROS2_py_ws/install/ros2_user_pkg/local/lib/python3.10/dist-packages/ros2_user_pkg/srv/_odd_even_check.py'...
[16.243s] -- Installing: /home/tan/Documents/workspace/ROS2_py_ws/install/ros2_user_pkg/lib/libros2_user_pkg__rosidl_generator_py.so
[16.244s] -- Set runtime path of "/home/tan/Documents/workspace/ROS2_py_ws/install/ros2_user_pkg/lib/libros2_user_pkg__rosidl_generator_py.so" to ""
[16.309s] Listing '/home/tan/Documents/workspace/ROS2_py_ws/install/ros2_user_pkg/local/lib/python3.10/dist-packages/scripts'...
[16.310s] Compiling '/home/tan/Documents/workspace/ROS2_py_ws/install/ros2_user_pkg/local/lib/python3.10/dist-packages/scripts/__init__.py'...
[16.310s] Compiling '/home/tan/Documents/workspace/ROS2_py_ws/install/ros2_user_pkg/local/lib/python3.10/dist-packages/scripts/action_client.py'...
[16.310s] Compiling '/home/tan/Documents/workspace/ROS2_py_ws/install/ros2_user_pkg/local/lib/python3.10/dist-packages/scripts/action_server.py'...
[16.310s] Compiling '/home/tan/Documents/workspace/ROS2_py_ws/install/ros2_user_pkg/local/lib/python3.10/dist-packages/scripts/publisher.py'...
[16.310s] Compiling '/home/tan/Documents/workspace/ROS2_py_ws/install/ros2_user_pkg/local/lib/python3.10/dist-packages/scripts/rpm_publisher.py'...
[16.310s] Compiling '/home/tan/Documents/workspace/ROS2_py_ws/install/ros2_user_pkg/local/lib/python3.10/dist-packages/scripts/service_client.py'...
[16.310s] Compiling '/home/tan/Documents/workspace/ROS2_py_ws/install/ros2_user_pkg/local/lib/python3.10/dist-packages/scripts/service_server.py'...
[16.310s] Compiling '/home/tan/Documents/workspace/ROS2_py_ws/install/ros2_user_pkg/local/lib/python3.10/dist-packages/scripts/speed_publisher.py'...
[16.310s] Compiling '/home/tan/Documents/workspace/ROS2_py_ws/install/ros2_user_pkg/local/lib/python3.10/dist-packages/scripts/subcriber.py'...
[16.310s] Compiling '/home/tan/Documents/workspace/ROS2_py_ws/install/ros2_user_pkg/local/lib/python3.10/dist-packages/scripts/turn_camera_client.py'...
[16.311s] Compiling '/home/tan/Documents/workspace/ROS2_py_ws/install/ros2_user_pkg/local/lib/python3.10/dist-packages/scripts/turn_camera_server.py'...
[16.315s] -- Installing: /home/tan/Documents/workspace/ROS2_py_ws/install/ros2_user_pkg/share/ros2_user_pkg/cmake/export_ros2_user_pkg__rosidl_generator_cExport.cmake
[16.316s] -- Installing: /home/tan/Documents/workspace/ROS2_py_ws/install/ros2_user_pkg/share/ros2_user_pkg/cmake/export_ros2_user_pkg__rosidl_generator_cExport-noconfig.cmake
[16.316s] -- Installing: /home/tan/Documents/workspace/ROS2_py_ws/install/ros2_user_pkg/share/ros2_user_pkg/cmake/export_ros2_user_pkg__rosidl_typesupport_fastrtps_cExport.cmake
[16.317s] -- Installing: /home/tan/Documents/workspace/ROS2_py_ws/install/ros2_user_pkg/share/ros2_user_pkg/cmake/export_ros2_user_pkg__rosidl_typesupport_fastrtps_cExport-noconfig.cmake
[16.317s] -- Installing: /home/tan/Documents/workspace/ROS2_py_ws/install/ros2_user_pkg/share/ros2_user_pkg/cmake/export_ros2_user_pkg__rosidl_generator_cppExport.cmake
[16.317s] -- Installing: /home/tan/Documents/workspace/ROS2_py_ws/install/ros2_user_pkg/share/ros2_user_pkg/cmake/export_ros2_user_pkg__rosidl_typesupport_fastrtps_cppExport.cmake
[16.318s] -- Installing: /home/tan/Documents/workspace/ROS2_py_ws/install/ros2_user_pkg/share/ros2_user_pkg/cmake/export_ros2_user_pkg__rosidl_typesupport_fastrtps_cppExport-noconfig.cmake
[16.318s] -- Installing: /home/tan/Documents/workspace/ROS2_py_ws/install/ros2_user_pkg/share/ros2_user_pkg/cmake/ros2_user_pkg__rosidl_typesupport_introspection_cExport.cmake
[16.319s] -- Installing: /home/tan/Documents/workspace/ROS2_py_ws/install/ros2_user_pkg/share/ros2_user_pkg/cmake/ros2_user_pkg__rosidl_typesupport_introspection_cExport-noconfig.cmake
[16.319s] -- Installing: /home/tan/Documents/workspace/ROS2_py_ws/install/ros2_user_pkg/share/ros2_user_pkg/cmake/ros2_user_pkg__rosidl_typesupport_cExport.cmake
[16.320s] -- Installing: /home/tan/Documents/workspace/ROS2_py_ws/install/ros2_user_pkg/share/ros2_user_pkg/cmake/ros2_user_pkg__rosidl_typesupport_cExport-noconfig.cmake
[16.320s] -- Installing: /home/tan/Documents/workspace/ROS2_py_ws/install/ros2_user_pkg/share/ros2_user_pkg/cmake/ros2_user_pkg__rosidl_typesupport_introspection_cppExport.cmake
[16.320s] -- Installing: /home/tan/Documents/workspace/ROS2_py_ws/install/ros2_user_pkg/share/ros2_user_pkg/cmake/ros2_user_pkg__rosidl_typesupport_introspection_cppExport-noconfig.cmake
[16.321s] -- Installing: /home/tan/Documents/workspace/ROS2_py_ws/install/ros2_user_pkg/share/ros2_user_pkg/cmake/ros2_user_pkg__rosidl_typesupport_cppExport.cmake
[16.321s] -- Installing: /home/tan/Documents/workspace/ROS2_py_ws/install/ros2_user_pkg/share/ros2_user_pkg/cmake/ros2_user_pkg__rosidl_typesupport_cppExport-noconfig.cmake
[16.322s] -- Installing: /home/tan/Documents/workspace/ROS2_py_ws/install/ros2_user_pkg/share/ros2_user_pkg/cmake/export_ros2_user_pkg__rosidl_generator_pyExport.cmake
[16.323s] -- Installing: /home/tan/Documents/workspace/ROS2_py_ws/install/ros2_user_pkg/share/ros2_user_pkg/cmake/export_ros2_user_pkg__rosidl_generator_pyExport-noconfig.cmake
[16.331s] Invoked command in '/home/tan/Documents/workspace/ROS2_py_ws/build/ros2_user_pkg' returned '0': CMAKE_PREFIX_PATH=${CMAKE_PREFIX_PATH}:/opt/ros/humble /usr/bin/cmake --install /home/tan/Documents/workspace/ROS2_py_ws/build/ros2_user_pkg
